Log file open, 07/11/16 12:47:00
LogInit:Display: Running engine for game: Shooter_MP
LogPlatformFile: Not using cached read wrapper
LogInit:Display: RandInit(-1506738456) SRandInit(-1506738453).
LogTaskGraph: Started task graph with 4 named threads and 7 total threads with 1 sets of task threads.
LogStats: Stats thread started at 0.063738
LogInit: Version: 4.12.5-3039270+++UE4+Release-4.12
LogInit: API Version: 2992821
LogInit: Net Version: 3039270
LogDevObjectVersion: Number of dev versions registered: 13
LogDevObjectVersion:   Dev-Blueprints (B0D832E4-1F89-4F0D-ACCF-7EB736FD4AA2): 3
LogDevObjectVersion:   Dev-Build (E1C64328-A22C-4D53-A36C-8E866417BD8C): 0
LogDevObjectVersion:   Dev-Core (375EC13C-06E4-48FB-B500-84F0262A717E): 1
LogDevObjectVersion:   Dev-Editor (E4B068ED-F494-42E9-A231-DA0B2E46BB41): 2
LogDevObjectVersion:   Dev-Framework (CFFC743F-43B0-4480-9391-14DF171D2073): 6
LogDevObjectVersion:   Dev-Mobile (B02B49B5-BB20-44E9-A304-32B752E40360): 0
LogDevObjectVersion:   Dev-Networking (A4E4105C-59A1-49B5-A7C5-40C4547EDFEE): 0
LogDevObjectVersion:   Dev-Online (39C831C9-5AE6-47DC-9A44-9C173E1C8E7C): 0
LogDevObjectVersion:   Dev-Physics (78F01B33-EBEA-4F98-B9B4-84EACCB95AA2): 0
LogDevObjectVersion:   Dev-Platform (6631380F-2D4D-43E0-8009-CF276956A95A): 0
LogDevObjectVersion:   Dev-Rendering (12F88B9F-8875-4AFC-A67C-D90C383ABD29): 2
LogDevObjectVersion:   Dev-Sequencer (7B5AE74C-D270-4C10-A958-57980B212A5A): 0
LogDevObjectVersion:   Dev-VR (D7296918-1DD6-4BDD-9DE2-64A83CC13884): 0
LogInit: Compiled (64-bit): Jul  6 2016 09:09:46
LogInit: Compiled with Visual C++: 19.00.23026.00
LogInit: Build Configuration: Development
LogInit: Branch Name: ++UE4+Release-4.12
LogInit: Command line: -EpicPortal 
LogInit: Base directory: C:/Program Files (x86)/Epic Games/4.12/Engine/Binaries/Win64/
LogInit: Installed Engine Build: 1
LogInit: Using libcurl 7.41.0
LogInit:  - built for x86_64-pc-win32
LogInit:  - supports SSL with WinSSL
LogInit:  - other features:
LogInit:      CURL_VERSION_SSL
LogInit:      CURL_VERSION_IPV6
LogInit:      CURL_VERSION_ASYNCHDNS
LogInit:      CURL_VERSION_LARGEFILE
LogInit:      CURL_VERSION_IDN
LogInit:  CurlRequestOptions (configurable via config and command line):
LogInit:  - bVerifyPeer = true  - Libcurl will verify peer certificate
LogInit:  - bUseHttpProxy = false  - Libcurl will NOT use HTTP proxy
LogInit:  - bDontReuseConnections = false  - Libcurl will reuse connections
LogInit:  - CertBundlePath = nullptr  - Libcurl will use whatever was configured at build time.
LogInit: Presizing for max 8388607 objects, including 0 objects not considered by GC, pre-allocating 0 bytes for permanent pool.
LogInit: Object subsystem initialized
[2016.07.11-10.47.00:089][  0]LogInit: Selected Device Profile: [Windows]
[2016.07.11-10.47.00:089][  0]LogInit: Applying CVar settings loaded from the selected device profile: [Windows]
[2016.07.11-10.47.00:097][  0]LogInit: Computer: ARCADE1
[2016.07.11-10.47.00:097][  0]LogInit: User: enversed
[2016.07.11-10.47.00:097][  0]LogInit: CPU Page size=65536, Cores=4
[2016.07.11-10.47.00:097][  0]LogInit: High frequency timer resolution =3.914059 MHz
[2016.07.11-10.47.00:097][  0]LogMemory: Memory total: Physical=15.9GB (16GB approx)
[2016.07.11-10.47.00:097][  0]LogMemory: Platform Memory Stats for Windows
[2016.07.11-10.47.00:097][  0]LogMemory: Process Physical Memory: 190.76 MB used, 190.76 MB peak
[2016.07.11-10.47.00:097][  0]LogMemory: Process Virtual Memory: 195.18 MB used, 195.18 MB peak
[2016.07.11-10.47.00:097][  0]LogMemory: Physical Memory: 5221.89 MB used, 16299.06 MB total
[2016.07.11-10.47.00:097][  0]LogMemory: Virtual Memory: 554.25 MB used, 134217728.00 MB total
[2016.07.11-10.47.00:116][  0]LogTextLocalizationManager: No specific translations for ('en-US') exist, so ('en') translations will be used.
[2016.07.11-10.47.00:388][  0]LogD3D11RHI: D3D11 adapters:
[2016.07.11-10.47.00:407][  0]LogD3D11RHI:    0. 'NVIDIA GeForce GTX 1080' (Feature Level 11_0)
[2016.07.11-10.47.00:407][  0]LogD3D11RHI:       8084/0/8149 MB DedicatedVideo/DedicatedSystem/SharedSystem, Outputs:1, VendorId:0x10de
[2016.07.11-10.47.00:408][  0]LogD3D11RHI:    1. 'Microsoft Basic Render Driver' (Feature Level 11_0)
[2016.07.11-10.47.00:408][  0]LogD3D11RHI:       0/0/8149 MB DedicatedVideo/DedicatedSystem/SharedSystem, Outputs:0, VendorId:0x1414
[2016.07.11-10.47.00:408][  0]LogD3D11RHI: Chosen D3D11 Adapter: 0
[2016.07.11-10.47.00:411][  0]LogD3D11RHI: Creating new Direct3DDevice
[2016.07.11-10.47.00:411][  0]LogD3D11RHI:     GPU DeviceId: 0x1b80 (for the marketing name, search the web for "GPU Device Id")
[2016.07.11-10.47.00:411][  0]LogWindows: EnumDisplayDevices:
[2016.07.11-10.47.00:411][  0]LogWindows:    0. 'NVIDIA GeForce GTX 1080' (P:1 D:1)
[2016.07.11-10.47.00:411][  0]LogWindows:    1. 'NVIDIA GeForce GTX 1080' (P:0 D:0)
[2016.07.11-10.47.00:412][  0]LogWindows:    2. 'NVIDIA GeForce GTX 1080' (P:0 D:0)
[2016.07.11-10.47.00:412][  0]LogWindows:    3. 'NVIDIA GeForce GTX 1080' (P:0 D:0)
[2016.07.11-10.47.00:412][  0]LogWindows: DebugString: FoundDriverCount:4 
[2016.07.11-10.47.00:412][  0]LogD3D11RHI:     Adapter Name: NVIDIA GeForce GTX 1080
[2016.07.11-10.47.00:412][  0]LogD3D11RHI:   Driver Version: 368.39 (internal:10.18.13.6839, unified:368.39)
[2016.07.11-10.47.00:412][  0]LogD3D11RHI:      Driver Date: 6-2-2016
[2016.07.11-10.47.00:412][  0]LogRHI: Texture pool is 1361 MB (70% of 1945 MB)
[2016.07.11-10.47.00:423][  0]LogD3D11RHI: Async texture creation enabled
[2016.07.11-10.47.00:431][  0]LogD3D11RHI: GPU Timing Frequency: 1000.000000 (Debug: 2 1)
[2016.07.11-10.47.00:432][  0]LogShaderCompilers: Guid format shader working directory is -15 characters bigger than the processId version (../../../../../../Users/enversed/Documents/GitHub/MPS/Shooter_MP/Intermediate/Shaders/WorkingDirectory/1172/).
[2016.07.11-10.47.00:432][  0]LogShaderCompilers: Cleaned the shader compiler working directory 'C:/Users/enversed/AppData/Local/Temp/UnrealShaderWorkingDir/33F8966B4BD01F0497F9EFBC4F9AE6FB/'.
[2016.07.11-10.47.00:432][  0]LogShaderCompilers:Display: Using Local Shader Compiler.
[2016.07.11-10.47.01:086][  0]LogTemp:Display: Loaded TP AllDesktopTargetPlatform
[2016.07.11-10.47.01:092][  0]LogTemp:Display: Loaded TP WindowsClientTargetPlatform
[2016.07.11-10.47.01:099][  0]LogTemp:Display: Loaded TP WindowsNoEditorTargetPlatform
[2016.07.11-10.47.01:105][  0]LogTemp:Display: Loaded TP WindowsServerTargetPlatform
[2016.07.11-10.47.01:112][  0]LogTemp:Display: Loaded TP WindowsTargetPlatform
[2016.07.11-10.47.01:118][  0]LogTemp:Display: Loaded TP AndroidTargetPlatform
[2016.07.11-10.47.01:124][  0]LogTemp:Display: Loaded TP Android_ASTCTargetPlatform
[2016.07.11-10.47.01:130][  0]LogTemp:Display: Loaded TP Android_ATCTargetPlatform
[2016.07.11-10.47.01:135][  0]LogTemp:Display: Loaded TP Android_DXTTargetPlatform
[2016.07.11-10.47.01:141][  0]LogTemp:Display: Loaded TP Android_ETC1TargetPlatform
[2016.07.11-10.47.01:147][  0]LogTemp:Display: Loaded TP Android_ETC2TargetPlatform
[2016.07.11-10.47.01:158][  0]LogTemp:Display: Loaded TP Android_MultiTargetPlatform
[2016.07.11-10.47.01:158][  0]LogTemp:Display: Loaded TP Android_PVRTCTargetPlatform
[2016.07.11-10.47.01:159][  0]LogTemp:Display: Loaded TP HTML5TargetPlatform
[2016.07.11-10.47.01:177][  0]LogTemp:Display: Loaded TP IOSTargetPlatform
[2016.07.11-10.47.01:182][  0]LogTemp:Display: Loaded TP TVOSTargetPlatform
[2016.07.11-10.47.01:188][  0]LogTemp:Display: Loaded TP LinuxNoEditorTargetPlatform
[2016.07.11-10.47.01:194][  0]LogTemp:Display: Loaded TP LinuxServerTargetPlatform
[2016.07.11-10.47.01:200][  0]LogTemp:Display: Loaded TP LinuxTargetPlatform
[2016.07.11-10.47.01:200][  0]LogTargetPlatformManager:Display: Building Assets For Windows
[2016.07.11-10.47.01:244][  0]LogDerivedDataCache:Display: Max Cache Size: 512 MB
[2016.07.11-10.47.01:277][  0]LogDerivedDataCache: Loaded boot cache 0.03s 48MB C:/Users/enversed/AppData/Local/UnrealEngine/4.12/DerivedDataCache/Boot.ddc.
[2016.07.11-10.47.01:277][  0]LogDerivedDataCache:Display: Loaded Boot cache: C:/Users/enversed/AppData/Local/UnrealEngine/4.12/DerivedDataCache/Boot.ddc
[2016.07.11-10.47.01:277][  0]LogDerivedDataCache: FDerivedDataBackendGraph:  Pak pak cache file ../../../../../../Users/enversed/Documents/GitHub/MPS/Shooter_MP/DerivedDataCache/DDC.ddp not found, will not use a pak cache.
[2016.07.11-10.47.01:277][  0]LogDerivedDataCache: Unable to find inner node Pak for hierarchical cache Hierarchy.
[2016.07.11-10.47.01:277][  0]LogDerivedDataCache: FDerivedDataBackendGraph:  CompressedPak pak cache file ../../../../../../Users/enversed/Documents/GitHub/MPS/Shooter_MP/DerivedDataCache/Compressed.ddp not found, will not use a pak cache.
[2016.07.11-10.47.01:277][  0]LogDerivedDataCache: Unable to find inner node CompressedPak for hierarchical cache Hierarchy.
[2016.07.11-10.47.01:289][  0]LogDerivedDataCache:Display: Pak cache opened for reading ../../../Engine/DerivedDataCache/Compressed.ddp.
[2016.07.11-10.47.01:301][  0]LogDerivedDataCache: Using Local data cache path C:/Users/enversed/AppData/Local/UnrealEngine/Common/DerivedDataCache: Writable
[2016.07.11-10.47.01:419][  0]LogInit: Selected Device Profile: [Windows]
[2016.07.11-10.47.01:420][  0]LogContentStreaming: Texture pool size is 0.00 MB
[2016.07.11-10.47.01:522][  0]LogMeshUtilities: No automatic mesh reduction module available
[2016.07.11-10.47.01:522][  0]LogMeshUtilities: No automatic mesh merging module available
[2016.07.11-10.47.01:522][  0]LogMeshUtilities: No distributed automatic mesh merging module available
[2016.07.11-10.47.01:686][  0]LogAssetRegistry: FAssetRegistry took 0.0213 seconds to start up
[2016.07.11-10.47.01:705][  0]LogPackageLocalizationCache: Processed 3 localized package path(s) for 2 prioritized culture(s) in 0.017326 seconds
[2016.07.11-10.47.01:708][  0]LogUObjectArray: 28739 objects as part of root set at end of initial load.
[2016.07.11-10.47.01:708][  0]LogUObjectAllocator: 5855632 out of 0 bytes used by permanent object pool.
[2016.07.11-10.47.01:708][  0]LogUObjectArray: CloseDisregardForGC: 0/0 objects in disregard for GC pool
[2016.07.11-10.47.01:712][  0]LogInit: WinSock: version 1.1 (2.2), MaxSocks=32767, MaxUdp=65467
[2016.07.11-10.47.01:820][  0]LogSlate: SlateFontCache - WITH_FREETYPE: 1, WITH_HARFBUZZ: 1
[2016.07.11-10.47.01:820][  0]LogSlate: SlateFontCache - WITH_FREETYPE: 1, WITH_HARFBUZZ: 1
[2016.07.11-10.47.02:243][  0]LogUdpMessaging: Initializing bridge on interface 0.0.0.0:0 to multicast group 230.0.0.1:6666.
[2016.07.11-10.47.02:396][  0]SourceControl: Info Source control is disabled
[2016.07.11-10.47.02:415][  0]SourceControl: Info Source control is disabled
[2016.07.11-10.47.02:420][  0]SourceControl: Info Source control is disabled
[2016.07.11-10.47.02:425][  0]SourceControl: Info Source control is disabled
[2016.07.11-10.47.02:542][  0]LogEngine: Initializing Engine...
[2016.07.11-10.47.02:556][  0]LogHMD: SteamVR initialized.  Driver: lighthouse  Display: LHR-7C3980D9
[2016.07.11-10.47.02:568][  0]LogHMD: SteamVR initialized.  Driver: lighthouse  Display: LHR-7C3980D9
[2016.07.11-10.47.02:662][  0]LogAIModule: Creating AISystem for world NewWorld
[2016.07.11-10.47.02:670][  0]LogInit: XAudio2 using 'Speakers (3- USB Audio Device)' : 2 channels at 44.1 kHz using 16 bits per sample (channel mask 0x3)
[2016.07.11-10.47.02:676][  0]LogInit: FAudioDevice initialized.
[2016.07.11-10.47.02:693][  0]LogDerivedDataCache: Saved boot cache 0.02s 48MB C:/Users/enversed/AppData/Local/UnrealEngine/4.12/DerivedDataCache/Boot.ddc.
[2016.07.11-10.47.02:698][  0]LogInit: Texture streaming: Enabled
[2016.07.11-10.47.02:711][  0]LogInit: Transaction tracking system initialized
[2016.07.11-10.47.02:726][  0]BlueprintLog: New page: Editor Load
[2016.07.11-10.47.02:769][  0]LocalizationService: Info Localization service is disabled
[2016.07.11-10.47.02:809][  0]LogConsoleResponse:Display: 
[2016.07.11-10.47.02:876][  0]LogCook:Display: Max memory allowance for cook 8192mb
[2016.07.11-10.47.02:876][  0]LogCook:Display: Mobile HDR setting 1
[2016.07.11-10.47.02:930][  0]LogFileCache: Scanning file cache for directory 'C:/Users/enversed/Documents/GitHub/MPS/Shooter_MP/Content/' took 0.01s
[2016.07.11-10.47.02:930][  0]SourceControl: Info Source control is disabled
[2016.07.11-10.47.02:930][  0]Cmd: MAP LOAD FILE="../../../../../../Users/enversed/Documents/GitHub/MPS/Shooter_MP/Content/Levels/Menu.umap" TEMPLATE=0 SHOWPROGRESS=1 FEATURELEVEL=3
[2016.07.11-10.47.02:930][  0]LightingResults: New page: Lighting Build
[2016.07.11-10.47.02:932][  0]MapCheck: New page: Map Check
[2016.07.11-10.47.02:932][  0]LightingResults: New page: Lighting Build
[2016.07.11-10.47.02:953][  0]LogAIModule: Creating AISystem for world Menu
[2016.07.11-10.47.02:956][  0]LogEditorServer: Finished looking for orphan Actors (0.000 secs)
[2016.07.11-10.47.02:956][  0]Cmd: MAP CHECKDEP NOCLEARLOG
[2016.07.11-10.47.02:978][  0]MapCheck: Info Map check complete: 0 Error(s), 0 Warning(s), took 21.838ms to complete.
[2016.07.11-10.47.02:978][  0]LogFileHelpers: Loading map 'Menu' took 0.047
[2016.07.11-10.47.03:076][  0]LogCollectionManager: Loaded 0 collections in 0.001150 seconds
[2016.07.11-10.47.03:113][  0]LogFileCache: Scanning file cache for directory 'C:/Users/enversed/Documents/GitHub/MPS/Shooter_MP/Saved/Collections/' took 0.01s
[2016.07.11-10.47.03:113][  0]LogFileCache: Scanning file cache for directory 'C:/Users/enversed/Documents/GitHub/MPS/Shooter_MP/Content/Developers/enversed/Collections/' took 0.01s
[2016.07.11-10.47.03:113][  0]LogFileCache: Scanning file cache for directory 'C:/Users/enversed/Documents/GitHub/MPS/Shooter_MP/Content/Collections/' took 0.01s
[2016.07.11-10.47.03:113][  0]LogCollectionManager: Rebuilt the GUID cache for 0 collections in 0.000002 seconds
[2016.07.11-10.47.03:118][  0]LogContentBrowser: Native class hierarchy populated in 0.0055 seconds. Added 2047 classes and 369 folders.
[2016.07.11-10.47.03:121][  0]LogStats: UGameplayTagsManager::ConstructGameplayTagTree: Construct from data asset -  0.000 s
[2016.07.11-10.47.03:121][  0]LogStats: UGameplayTagsManager::ConstructGameplayTagTree: GameplayTagTreeChangedEvent.Broadcast -  0.000 s
[2016.07.11-10.47.03:121][  0]LogContentBrowser: Native class hierarchy updated for 'GameplayTags' in 0.0003 seconds. Added 12 classes and 0 folders.
[2016.07.11-10.47.03:124][  0]LogContentBrowser: Native class hierarchy updated for 'WidgetCarousel' in 0.0002 seconds. Added 0 classes and 0 folders.
[2016.07.11-10.47.03:127][  0]LogContentBrowser: Native class hierarchy updated for 'AddContentDialog' in 0.0003 seconds. Added 0 classes and 0 folders.
[2016.07.11-10.47.03:129][  0]LogContentBrowser: Native class hierarchy updated for 'SceneOutliner' in 0.0003 seconds. Added 1 classes and 2 folders.
[2016.07.11-10.47.03:138][  0]LogCrashTracker: Crashtracker disabled due to settings.
[2016.07.11-10.47.03:142][  0]LogUObjectGlobals:Warning: Failed to find object 'Class None.'
[2016.07.11-10.47.03:165][  0]LogContentBrowser: Native class hierarchy updated for 'HierarchicalLODOutliner' in 0.0003 seconds. Added 1 classes and 2 folders.
[2016.07.11-10.47.03:165][  0]LogLoad: Full Startup: 3.58 seconds (BP compile: 0.00 seconds)
[2016.07.11-10.47.03:165][  0]LogExternalProfiler: Found external profiler: VSPerf
[2016.07.11-10.47.03:165][  0]LogExternalProfiler: Using external profiler: VSPerf
[2016.07.11-10.47.03:174][  0]LogWindowsTextInputMethodSystem:Display: IME system now deactivated.
[2016.07.11-10.47.03:174][  0]LogOcInput: OculusInput pre-init called
[2016.07.11-10.47.03:192][  0]LogContentStreaming: Texture pool size now 1000 MB
[2016.07.11-10.47.03:301][  0]LogRenderer: Reallocating scene render targets to support 1208x576 (Frame:2).
[2016.07.11-10.47.03:351][  1]LogAssetRegistry: Asset discovery search completed in 1.6858 seconds
[2016.07.11-10.47.03:351][  1]LogCollectionManager: Rebuilt the object cache for 0 collections in 0.000000 seconds (found 0 objects)
[2016.07.11-10.47.03:351][  1]LogCollectionManager: Fixed up redirectors for 0 collections in 0.000034 seconds (updated 0 objects)
[2016.07.11-10.47.08:479][615]LogBlueprintUserMessages: Early PlayInEditor Detection: Level '/Game/Levels/Menu.Menu:PersistentLevel' has LevelScriptBlueprint '/Game/Levels/Menu.Menu:PersistentLevel.Menu' with GeneratedClass '/Game/Levels/Menu.Menu_C' with ClassGeneratedBy '/Game/Levels/Menu.Menu:PersistentLevel.Menu'
[2016.07.11-10.47.08:479][615]LogPlayLevel: PlayLevel: No blueprints needed recompiling
[2016.07.11-10.47.08:480][615]PIE: New page: PIE session: Menu (Jul 11, 2016, 1:47:08 PM)
[2016.07.11-10.47.08:480][615]LogPlayLevel: Creating play world package: /Game/Levels/UEDPIE_0_Menu
[2016.07.11-10.47.08:481][615]LogPlayLevel: PIE: StaticDuplicateObject took: (0.001248s)
[2016.07.11-10.47.08:481][615]LogAIModule: Creating AISystem for world Menu
[2016.07.11-10.47.08:482][615]LogPlayLevel: PIE: World Init took: (0.000375s)
[2016.07.11-10.47.08:482][615]LogPlayLevel: PIE: Created PIE world by copying editor world from /Game/Levels/Menu.Menu to /Game/Levels/UEDPIE_0_Menu.Menu (0.001754s)
[2016.07.11-10.47.08:495][615]LogInit: XAudio2 using 'Speakers (3- USB Audio Device)' : 2 channels at 44.1 kHz using 16 bits per sample (channel mask 0x3)
[2016.07.11-10.47.08:500][615]LogInit: FAudioDevice initialized.
[2016.07.11-10.47.08:644][615]LogWorld: Game class is 'GM_MPShooter_C'
[2016.07.11-10.47.08:646][615]LogWorld: Bringing World /Game/Levels/UEDPIE_0_Menu.Menu up for play (max tick rate 0) at 2016.07.11-12.47.08
[2016.07.11-10.47.08:646][615]LogWorld: Bringing up level for play took: 0.001336
[2016.07.11-10.47.08:649][615]LogContentBrowser: Native class hierarchy updated for 'MovieSceneCapture' in 0.0003 seconds. Added 11 classes and 0 folders.
[2016.07.11-10.47.08:668][615]PIE: Info Play in editor start time for /Game/Levels/UEDPIE_0_Menu -0.197
[2016.07.11-10.47.08:669][615]LogBlueprintUserMessages: Late PlayInEditor Detection: Level '/Game/Levels/Menu.Menu:PersistentLevel' has LevelScriptBlueprint '/Game/Levels/Menu.Menu:PersistentLevel.Menu' with GeneratedClass '/Game/Levels/Menu.Menu_C' with ClassGeneratedBy '/Game/Levels/Menu.Menu:PersistentLevel.Menu'
[2016.07.11-10.47.08:672][616]LogRenderer: Reallocating scene render targets to support 3024x1680 (Frame:610).
[2016.07.11-10.47.32:763][767]LogNet: Browse: /Game/Levels/Test?listen
[2016.07.11-10.47.32:774][767]LogLoad: LoadMap: /Game/Levels/Test?listen
[2016.07.11-10.47.32:782][767]Cmd: MEM
[2016.07.11-10.47.32:788][767]LogMemory: Platform Memory Stats for Windows
[2016.07.11-10.47.32:788][767]LogMemory: Process Physical Memory: 777.81 MB used, 810.37 MB peak
[2016.07.11-10.47.32:788][767]LogMemory: Process Virtual Memory: 1650.31 MB used, 1838.21 MB peak
[2016.07.11-10.47.32:788][767]LogMemory: Physical Memory: 5077.28 MB used, 16299.06 MB total
[2016.07.11-10.47.32:788][767]LogMemory: Virtual Memory: 2520.92 MB used, 134217728.00 MB total
[2016.07.11-10.47.32:788][767]LogMemory: 
[2016.07.11-10.47.32:788][767]Allocator Stats for TBB: (not implemented)
[2016.07.11-10.47.32:827][767]LogAIModule: Creating AISystem for world Test
[2016.07.11-10.47.32:827][767]LogWorld: Game class is 'GM_MPShooter_C'
[2016.07.11-10.47.32:827][767]LogInit: WinSock: Socket queue 131072 / 131072
[2016.07.11-10.47.32:828][767]LogInit: WinSock: I am arcade1 (192.168.1.140:0)
[2016.07.11-10.47.32:828][767]PacketHandlerLog: Loaded PacketHandler component: Engine.EngineHandlerComponentFactory (StatelessConnectHandlerComponent)
[2016.07.11-10.47.32:828][767]LogNet: GameNetDriver IpNetDriver_0 IpNetDriver listening on port 7777
[2016.07.11-10.47.32:830][767]LogWorld: Bringing World /Game/Levels/UEDPIE_0_Test.Test up for play (max tick rate 0) at 2016.07.11-12.47.32
[2016.07.11-10.47.32:830][767]LogWorld: Bringing up level for play took: 0.001262
[2016.07.11-10.47.32:831][767]LogLoad: Took 0.057308 seconds to LoadMap(/Game/Levels/Test)
[2016.07.11-10.48.43:291][ 72]LogBlueprintUserMessages: Early EndPlayMap Detection: Level '/Game/Levels/Menu.Menu:PersistentLevel' has LevelScriptBlueprint '/Game/Levels/Menu.Menu:PersistentLevel.Menu' with GeneratedClass '/Game/Levels/Menu.Menu_C' with ClassGeneratedBy '/Game/Levels/Menu.Menu:PersistentLevel.Menu'
[2016.07.11-10.48.43:396][ 72]LogBlueprintUserMessages: Late EndPlayMap Detection: Level '/Game/Levels/Menu.Menu:PersistentLevel' has LevelScriptBlueprint '/Game/Levels/Menu.Menu:PersistentLevel.Menu' with GeneratedClass '/Game/Levels/Menu.Menu_C' with ClassGeneratedBy '/Game/Levels/Menu.Menu:PersistentLevel.Menu'
[2016.07.11-10.48.43:403][ 72]LogExit: GameNetDriver None shut down
[2016.07.11-10.48.50:673][792]LogContentBrowser: Native class hierarchy updated for 'BlueprintGraph' in 0.0005 seconds. Added 111 classes and 0 folders.
[2016.07.11-10.49.16:237][778]BlueprintLog: New page: Compile BP_VivePawn
[2016.07.11-10.49.16:314][778]BlueprintEditorCompileResults: Info [0136.73] Compile of BP_VivePawn successful! [in 77 ms] (/Game/Blueprints/BP_VivePawn.BP_VivePawn)
[2016.07.11-10.50.07:010][846]BlueprintLog: New page: Compile BP_VivePawn
[2016.07.11-10.50.07:080][846]BlueprintEditorCompileResults: Info [0187.49] Compile of BP_VivePawn successful! [in 69 ms] (/Game/Blueprints/BP_VivePawn.BP_VivePawn)
[2016.07.11-10.50.08:680][ 33]LogBlueprintUserMessages: Early PlayInEditor Detection: Level '/Game/Levels/Menu.Menu:PersistentLevel' has LevelScriptBlueprint '/Game/Levels/Menu.Menu:PersistentLevel.Menu' with GeneratedClass '/Game/Levels/Menu.Menu_C' with ClassGeneratedBy '/Game/Levels/Menu.Menu:PersistentLevel.Menu'
[2016.07.11-10.50.08:681][ 33]LogPlayLevel: PlayLevel: No blueprints needed recompiling
[2016.07.11-10.50.08:681][ 33]PIE: New page: PIE session: Menu (Jul 11, 2016, 1:50:08 PM)
[2016.07.11-10.50.08:681][ 33]LogPlayLevel: Creating play world package: /Game/Levels/UEDPIE_0_Menu
[2016.07.11-10.50.08:682][ 33]LogPlayLevel: PIE: StaticDuplicateObject took: (0.001173s)
[2016.07.11-10.50.08:682][ 33]LogAIModule: Creating AISystem for world Menu
[2016.07.11-10.50.08:682][ 33]LogPlayLevel: PIE: World Init took: (0.000423s)
[2016.07.11-10.50.08:682][ 33]LogPlayLevel: PIE: Created PIE world by copying editor world from /Game/Levels/Menu.Menu to /Game/Levels/UEDPIE_0_Menu.Menu (0.001717s)
[2016.07.11-10.50.08:701][ 33]LogInit: XAudio2 using 'Speakers (3- USB Audio Device)' : 2 channels at 44.1 kHz using 16 bits per sample (channel mask 0x3)
[2016.07.11-10.50.08:705][ 33]LogInit: FAudioDevice initialized.
[2016.07.11-10.50.08:802][ 33]LogWorld: Game class is 'GM_MPShooter_C'
[2016.07.11-10.50.08:804][ 33]LogWorld: Bringing World /Game/Levels/UEDPIE_0_Menu.Menu up for play (max tick rate 0) at 2016.07.11-12.50.08
[2016.07.11-10.50.08:804][ 33]LogWorld: Bringing up level for play took: 0.001459
[2016.07.11-10.50.08:852][ 33]PIE: Info Play in editor start time for /Game/Levels/UEDPIE_0_Menu -0.013
[2016.07.11-10.50.08:852][ 33]LogBlueprintUserMessages: Late PlayInEditor Detection: Level '/Game/Levels/Menu.Menu:PersistentLevel' has LevelScriptBlueprint '/Game/Levels/Menu.Menu:PersistentLevel.Menu' with GeneratedClass '/Game/Levels/Menu.Menu_C' with ClassGeneratedBy '/Game/Levels/Menu.Menu:PersistentLevel.Menu'
[2016.07.11-10.50.32:935][184]LogNet: Browse: /Game/Levels/Test?listen
[2016.07.11-10.50.32:946][184]LogLoad: LoadMap: /Game/Levels/Test?listen
[2016.07.11-10.50.32:958][184]Cmd: MEM
[2016.07.11-10.50.32:968][184]LogMemory: Platform Memory Stats for Windows
[2016.07.11-10.50.32:968][184]LogMemory: Process Physical Memory: 904.61 MB used, 913.80 MB peak
[2016.07.11-10.50.32:968][184]LogMemory: Process Virtual Memory: 2173.03 MB used, 2408.18 MB peak
[2016.07.11-10.50.32:968][184]LogMemory: Physical Memory: 5177.55 MB used, 16299.06 MB total
[2016.07.11-10.50.32:968][184]LogMemory: Virtual Memory: 3168.38 MB used, 134217728.00 MB total
[2016.07.11-10.50.32:968][184]LogMemory: 
[2016.07.11-10.50.32:968][184]Allocator Stats for TBB: (not implemented)
[2016.07.11-10.50.32:979][184]LogAIModule: Creating AISystem for world Test
[2016.07.11-10.50.32:979][184]LogWorld: Game class is 'GM_MPShooter_C'
[2016.07.11-10.50.32:980][184]LogInit: WinSock: Socket queue 131072 / 131072
[2016.07.11-10.50.32:980][184]PacketHandlerLog: Loaded PacketHandler component: Engine.EngineHandlerComponentFactory (StatelessConnectHandlerComponent)
[2016.07.11-10.50.32:980][184]LogNet: GameNetDriver IpNetDriver_1 IpNetDriver listening on port 7777
[2016.07.11-10.50.32:982][184]LogWorld: Bringing World /Game/Levels/UEDPIE_0_Test.Test up for play (max tick rate 0) at 2016.07.11-12.50.32
[2016.07.11-10.50.32:982][184]LogWorld: Bringing up level for play took: 0.001325
[2016.07.11-10.50.32:983][184]LogLoad: Took 0.036547 seconds to LoadMap(/Game/Levels/Test)
[2016.07.11-10.51.35:744][800]LogBlueprintUserMessages: Early EndPlayMap Detection: Level '/Game/Levels/Menu.Menu:PersistentLevel' has LevelScriptBlueprint '/Game/Levels/Menu.Menu:PersistentLevel.Menu' with GeneratedClass '/Game/Levels/Menu.Menu_C' with ClassGeneratedBy '/Game/Levels/Menu.Menu:PersistentLevel.Menu'
[2016.07.11-10.51.35:854][800]LogBlueprintUserMessages: Late EndPlayMap Detection: Level '/Game/Levels/Menu.Menu:PersistentLevel' has LevelScriptBlueprint '/Game/Levels/Menu.Menu:PersistentLevel.Menu' with GeneratedClass '/Game/Levels/Menu.Menu_C' with ClassGeneratedBy '/Game/Levels/Menu.Menu:PersistentLevel.Menu'
[2016.07.11-10.51.35:865][800]LogExit: GameNetDriver None shut down
[2016.07.11-10.52.27:893][354]Cmd: OBJ SAVEPACKAGE PACKAGE="/Game/Blueprints/BP_VivePawn" FILE="../../../../../../Users/enversed/Documents/GitHub/MPS/Shooter_MP/Content/Blueprints/BP_VivePawn.uasset" SILENT=true
[2016.07.11-10.52.27:934][354]LogSavePackage: Save=37.15ms
[2016.07.11-10.52.27:934][354]LogSavePackage: Moving '../../../../../../Users/enversed/Documents/GitHub/MPS/Shooter_MP/Saved/BP_VivePawnA81FF6FE436074FA6EB7439A851E2012.tmp' to '../../../../../../Users/enversed/Documents/GitHub/MPS/Shooter_MP/Content/Blueprints/BP_VivePawn.uasset'
[2016.07.11-10.52.27:936][354]LogSavePackage:Display: Finished SavePackage ../../../../../../Users/enversed/Documents/GitHub/MPS/Shooter_MP/Content/Blueprints/BP_VivePawn.uasset
[2016.07.11-10.55.54:339][969]LogText:Warning: Failed to parse argument "GameModeName" as a number (using "0" as a fallback). Please check your format string for errors: "GameMode: Edit {GameModeName}".
[2016.07.11-10.57.46:983][123]BlueprintLog: New page: Compile Menu
[2016.07.11-10.57.47:037][123]BlueprintEditorCompileResults: Info [0647.45] Compile of PersistentLevel.Menu successful! [in 53 ms] (/Game/Levels/Menu.Menu:PersistentLevel.Menu)
[2016.07.11-10.57.47:752][203]Cmd: OBJ SAVEPACKAGE PACKAGE="/Game/Levels/Menu" FILE="../../../../../../Users/enversed/Documents/GitHub/MPS/Shooter_MP/Content/Levels/Menu.umap" SILENT=true AUTOSAVING=false KEEPDIRTY=false
[2016.07.11-10.57.47:830][203]LogSavePackage: Save=63.80ms
[2016.07.11-10.57.47:831][203]LogSavePackage: Moving '../../../../../../Users/enversed/Documents/GitHub/MPS/Shooter_MP/Saved/Menu4743CAEC4BD0DF5AE5586EA695690EDC.tmp' to '../../../../../../Users/enversed/Documents/GitHub/MPS/Shooter_MP/Content/Levels/Menu.umap'
[2016.07.11-10.57.47:832][203]LogSavePackage:Display: Finished SavePackage ../../../../../../Users/enversed/Documents/GitHub/MPS/Shooter_MP/Content/Levels/Menu.umap
[2016.07.11-10.57.47:851][203]LogFileHelpers: Saving map 'Menu' took 0.127
[2016.07.11-10.58.04:453][186]Cmd: OBJ SAVEPACKAGE PACKAGE="/Game/Levels/Menu" FILE="../../../../../../Users/enversed/Documents/GitHub/MPS/Shooter_MP/Content/Levels/Menu.umap" SILENT=true AUTOSAVING=false KEEPDIRTY=false
[2016.07.11-10.58.04:528][186]LogSavePackage: Save=63.34ms
[2016.07.11-10.58.04:528][186]LogSavePackage: Moving '../../../../../../Users/enversed/Documents/GitHub/MPS/Shooter_MP/Saved/Menu6A1781434BCDA5B5A1BC22BE8B5993A0.tmp' to '../../../../../../Users/enversed/Documents/GitHub/MPS/Shooter_MP/Content/Levels/Menu.umap'
[2016.07.11-10.58.04:530][186]LogSavePackage:Display: Finished SavePackage ../../../../../../Users/enversed/Documents/GitHub/MPS/Shooter_MP/Content/Levels/Menu.umap
[2016.07.11-10.58.04:550][186]LogFileHelpers: Saving map 'Menu' took 0.126
[2016.07.11-10.58.10:094][851]BlueprintLog: New page: Compile Menu
[2016.07.11-10.58.10:147][851]BlueprintEditorCompileResults: Info [0670.56] Compile of PersistentLevel.Menu successful! [in 52 ms] (/Game/Levels/Menu.Menu:PersistentLevel.Menu)
[2016.07.11-10.58.17:168][686]Cmd: OBJ SAVEPACKAGE PACKAGE="/Game/Levels/Menu" FILE="../../../../../../Users/enversed/Documents/GitHub/MPS/Shooter_MP/Content/Levels/Menu.umap" SILENT=true AUTOSAVING=false KEEPDIRTY=false
[2016.07.11-10.58.17:243][686]LogSavePackage: Save=62.49ms
[2016.07.11-10.58.17:243][686]LogSavePackage: Moving '../../../../../../Users/enversed/Documents/GitHub/MPS/Shooter_MP/Saved/Menu7F4868CA47B454105ECFA292001B152B.tmp' to '../../../../../../Users/enversed/Documents/GitHub/MPS/Shooter_MP/Content/Levels/Menu.umap'
[2016.07.11-10.58.17:245][686]LogSavePackage:Display: Finished SavePackage ../../../../../../Users/enversed/Documents/GitHub/MPS/Shooter_MP/Content/Levels/Menu.umap
[2016.07.11-10.58.17:263][686]LogFileHelpers: Saving map 'Menu' took 0.122
[2016.07.11-10.58.28:590][ 45]LogEditorViewport: Clicking on Actor (LMB): StaticMeshActor (Cube3)
[2016.07.11-10.58.29:376][137]LogEditorViewport: Clicking on Actor (LMB): StaticMeshActor (Cube3)
[2016.07.11-10.58.29:448][145]LogEditorViewport: Clicking on Component (LMB): StaticMeshComponent (StaticMeshComponent0)
[2016.07.11-10.58.29:885][196]LogEditorViewport: Clicking on Component (LMB): StaticMeshComponent (StaticMeshComponent0)
[2016.07.11-10.58.30:253][240]LogEditorViewport: Clicking on Actor (double click): StaticMeshActor (Cube3)
[2016.07.11-10.58.32:254][477]Cmd: DUPLICATE
[2016.07.11-10.58.32:254][477]Cmd: ACTOR DUPLICATE
[2016.07.11-10.58.54:394][858]LogEditorViewport: Clicking on Actor (LMB): StaticMeshActor (Cube3)
[2016.07.11-10.58.55:688][ 11]LogEditorViewport: Clicking on Actor (LMB): StaticMeshActor (Cube3)
[2016.07.11-10.58.56:173][ 69]LogEditorViewport: Clicking on Actor (LMB): StaticMeshActor (Cube3)
[2016.07.11-10.58.57:960][283]LogEditorViewport: Clicking on Actor (LMB): TextRenderActor (TextRenderActor)
[2016.07.11-10.59.14:689][209]LogEditorViewport: Clicking on Actor (LMB): StaticMeshActor (Cube3)
[2016.07.11-10.59.15:192][267]LogEditorViewport: Clicking on Actor (LMB): StaticMeshActor (Cube3)
[2016.07.11-10.59.16:536][428]LogEditorViewport: Clicking on Actor (LMB): StaticMeshActor (Cube3)
[2016.07.11-10.59.16:989][482]LogEditorViewport: Clicking on Actor (LMB): TextRenderActor (TextRenderActor5)
[2016.07.11-10.59.23:605][274]LogEditorViewport: Clicking on Actor (LMB): StaticMeshActor (Cube4)
[2016.07.11-10.59.24:101][331]LogEditorViewport: Clicking on Actor (LMB): StaticMeshActor (Cube4)
[2016.07.11-10.59.24:494][378]LogEditorViewport: Clicking on Actor (LMB): StaticMeshActor (Cube4)
[2016.07.11-10.59.24:813][416]LogEditorViewport: Clicking on Actor (LMB): TextRenderActor (TextRenderActor2)
[2016.07.11-10.59.26:079][566]Cmd: DELETE
[2016.07.11-10.59.26:079][566]Cmd: ACTOR DELETE
[2016.07.11-10.59.26:080][566]LogEditorActor: Deleted Actor: TextRenderActor
[2016.07.11-10.59.26:092][566]LogEditorActor: Deleted 1 Actors (0.012 secs)
[2016.07.11-10.59.26:656][633]LogEditorActor: Deleted Actor: TextRenderActor
[2016.07.11-10.59.26:667][633]LogEditorActor: Deleted 1 Actors (0.011 secs)
[2016.07.11-10.59.27:298][708]LogEditorActor: Deleted Actor: TextRenderActor
[2016.07.11-10.59.27:309][708]LogEditorActor: Deleted 1 Actors (0.011 secs)
[2016.07.11-10.59.28:821][883]Cmd: OBJ SAVEPACKAGE PACKAGE="/Game/Levels/Menu" FILE="../../../../../../Users/enversed/Documents/GitHub/MPS/Shooter_MP/Content/Levels/Menu.umap" SILENT=true AUTOSAVING=false KEEPDIRTY=false
[2016.07.11-10.59.28:896][883]LogSavePackage: Save=62.73ms
[2016.07.11-10.59.28:896][883]LogSavePackage: Moving '../../../../../../Users/enversed/Documents/GitHub/MPS/Shooter_MP/Saved/Menu3CE04E2F43F17595A5C470B06C8B19D5.tmp' to '../../../../../../Users/enversed/Documents/GitHub/MPS/Shooter_MP/Content/Levels/Menu.umap'
[2016.07.11-10.59.28:897][883]LogSavePackage:Display: Finished SavePackage ../../../../../../Users/enversed/Documents/GitHub/MPS/Shooter_MP/Content/Levels/Menu.umap
[2016.07.11-10.59.28:915][883]LogFileHelpers: Saving map 'Menu' took 0.123
[2016.07.11-10.59.43:954][528]LogBlueprintUserMessages: Early PlayInEditor Detection: Level '/Game/Levels/Menu.Menu:PersistentLevel' has LevelScriptBlueprint '/Game/Levels/Menu.Menu:PersistentLevel.Menu' with GeneratedClass '/Game/Levels/Menu.Menu_C' with ClassGeneratedBy '/Game/Levels/Menu.Menu:PersistentLevel.Menu'
[2016.07.11-10.59.43:954][528]LogPlayLevel: PlayLevel: No blueprints needed recompiling
[2016.07.11-10.59.43:954][528]PIE: New page: PIE session: Menu (Jul 11, 2016, 1:59:43 PM)
[2016.07.11-10.59.43:954][528]LogPlayLevel: Creating play world package: /Game/Levels/UEDPIE_0_Menu
[2016.07.11-10.59.43:955][528]LogPlayLevel: PIE: StaticDuplicateObject took: (0.001165s)
[2016.07.11-10.59.43:956][528]LogAIModule: Creating AISystem for world Menu
[2016.07.11-10.59.43:956][528]LogPlayLevel: PIE: World Init took: (0.000412s)
[2016.07.11-10.59.43:956][528]LogPlayLevel: PIE: Created PIE world by copying editor world from /Game/Levels/Menu.Menu to /Game/Levels/UEDPIE_0_Menu.Menu (0.001699s)
[2016.07.11-10.59.43:973][528]LogInit: XAudio2 using 'Speakers (3- USB Audio Device)' : 2 channels at 44.1 kHz using 16 bits per sample (channel mask 0x3)
[2016.07.11-10.59.43:978][528]LogInit: FAudioDevice initialized.
[2016.07.11-10.59.44:072][528]LogWorld: Game class is 'GM_MPShooter_C'
[2016.07.11-10.59.44:073][528]LogWorld: Bringing World /Game/Levels/UEDPIE_0_Menu.Menu up for play (max tick rate 0) at 2016.07.11-12.59.44
[2016.07.11-10.59.44:074][528]LogWorld: Bringing up level for play took: 0.001352
[2016.07.11-10.59.44:105][528]PIE: Info Play in editor start time for /Game/Levels/UEDPIE_0_Menu -0.76
[2016.07.11-10.59.44:106][528]LogBlueprintUserMessages: Late PlayInEditor Detection: Level '/Game/Levels/Menu.Menu:PersistentLevel' has LevelScriptBlueprint '/Game/Levels/Menu.Menu:PersistentLevel.Menu' with GeneratedClass '/Game/Levels/Menu.Menu_C' with ClassGeneratedBy '/Game/Levels/Menu.Menu:PersistentLevel.Menu'
[2016.07.11-10.59.49:605][ 17]Cmd: Travel Test?Listen
[2016.07.11-10.59.49:616][ 18]LogNet: Browse: /Game/Levels/Test?Listen
[2016.07.11-10.59.49:627][ 18]LogLoad: LoadMap: /Game/Levels/Test?Listen
[2016.07.11-10.59.49:638][ 18]Cmd: MEM
[2016.07.11-10.59.49:650][ 18]LogMemory: Platform Memory Stats for Windows
[2016.07.11-10.59.49:650][ 18]LogMemory: Process Physical Memory: 999.36 MB used, 1016.46 MB peak
[2016.07.11-10.59.49:650][ 18]LogMemory: Process Virtual Memory: 2403.37 MB used, 2714.63 MB peak
[2016.07.11-10.59.49:650][ 18]LogMemory: Physical Memory: 5273.71 MB used, 16299.06 MB total
[2016.07.11-10.59.49:650][ 18]LogMemory: Virtual Memory: 3671.14 MB used, 134217728.00 MB total
[2016.07.11-10.59.49:650][ 18]LogMemory: 
[2016.07.11-10.59.49:650][ 18]Allocator Stats for TBB: (not implemented)
[2016.07.11-10.59.49:658][ 18]LogAIModule: Creating AISystem for world Test
[2016.07.11-10.59.49:658][ 18]LogWorld: Game class is 'GM_MPShooter_C'
[2016.07.11-10.59.49:658][ 18]LogInit: WinSock: Socket queue 131072 / 131072
[2016.07.11-10.59.49:659][ 18]PacketHandlerLog: Loaded PacketHandler component: Engine.EngineHandlerComponentFactory (StatelessConnectHandlerComponent)
[2016.07.11-10.59.49:659][ 18]LogNet: GameNetDriver IpNetDriver_2 IpNetDriver listening on port 7777
[2016.07.11-10.59.49:660][ 18]LogWorld: Bringing World /Game/Levels/UEDPIE_0_Test.Test up for play (max tick rate 0) at 2016.07.11-12.59.49
[2016.07.11-10.59.49:660][ 18]LogWorld: Bringing up level for play took: 0.001354
[2016.07.11-10.59.49:661][ 18]LogLoad: Took 0.034866 seconds to LoadMap(/Game/Levels/Test)
[2016.07.11-10.59.54:072][410]LogBlueprintUserMessages: Early EndPlayMap Detection: Level '/Game/Levels/Menu.Menu:PersistentLevel' has LevelScriptBlueprint '/Game/Levels/Menu.Menu:PersistentLevel.Menu' with GeneratedClass '/Game/Levels/Menu.Menu_C' with ClassGeneratedBy '/Game/Levels/Menu.Menu:PersistentLevel.Menu'
[2016.07.11-10.59.54:181][410]LogBlueprintUserMessages: Late EndPlayMap Detection: Level '/Game/Levels/Menu.Menu:PersistentLevel' has LevelScriptBlueprint '/Game/Levels/Menu.Menu:PersistentLevel.Menu' with GeneratedClass '/Game/Levels/Menu.Menu_C' with ClassGeneratedBy '/Game/Levels/Menu.Menu:PersistentLevel.Menu'
[2016.07.11-10.59.54:192][410]LogExit: GameNetDriver None shut down
[2016.07.11-10.59.59:932][ 97]LogEditorViewport: Clicking Background
[2016.07.11-11.01.12:986][627]Cmd: OBJ SAVEPACKAGE PACKAGE="/Game/Blueprints/BP_VivePawn" FILE="../../../../../../Users/enversed/Documents/GitHub/MPS/Shooter_MP/Content/Blueprints/BP_VivePawn.uasset" SILENT=true
[2016.07.11-11.01.13:030][627]LogSavePackage: Save=39.04ms
[2016.07.11-11.01.13:030][627]LogSavePackage: Moving '../../../../../../Users/enversed/Documents/GitHub/MPS/Shooter_MP/Saved/BP_VivePawnE0FEF5384F46F1D8C63A1DB0AF7DA38B.tmp' to '../../../../../../Users/enversed/Documents/GitHub/MPS/Shooter_MP/Content/Blueprints/BP_VivePawn.uasset'
[2016.07.11-11.01.13:032][627]LogSavePackage:Display: Finished SavePackage ../../../../../../Users/enversed/Documents/GitHub/MPS/Shooter_MP/Content/Blueprints/BP_VivePawn.uasset
[2016.07.11-11.01.13:957][738]BlueprintLog: New page: Compile BP_VivePawn
[2016.07.11-11.01.14:029][738]BlueprintEditorCompileResults: Info [0854.44] Compile of BP_VivePawn successful! [in 71 ms] (/Game/Blueprints/BP_VivePawn.BP_VivePawn)
[2016.07.11-11.01.16:539][ 33]Cmd: OBJ SAVEPACKAGE PACKAGE="/Game/Blueprints/BP_VivePawn" FILE="../../../../../../Users/enversed/Documents/GitHub/MPS/Shooter_MP/Content/Blueprints/BP_VivePawn.uasset" SILENT=true
[2016.07.11-11.01.16:579][ 33]LogSavePackage: Save=38.03ms
[2016.07.11-11.01.16:579][ 33]LogSavePackage: Moving '../../../../../../Users/enversed/Documents/GitHub/MPS/Shooter_MP/Saved/BP_VivePawn4A60D6E04AEBC473AB604DB61A568B1C.tmp' to '../../../../../../Users/enversed/Documents/GitHub/MPS/Shooter_MP/Content/Blueprints/BP_VivePawn.uasset'
[2016.07.11-11.01.16:580][ 33]LogSavePackage:Display: Finished SavePackage ../../../../../../Users/enversed/Documents/GitHub/MPS/Shooter_MP/Content/Blueprints/BP_VivePawn.uasset
[2016.07.11-11.01.21:175][583]LogBlueprintUserMessages: Early PlayInEditor Detection: Level '/Game/Levels/Menu.Menu:PersistentLevel' has LevelScriptBlueprint '/Game/Levels/Menu.Menu:PersistentLevel.Menu' with GeneratedClass '/Game/Levels/Menu.Menu_C' with ClassGeneratedBy '/Game/Levels/Menu.Menu:PersistentLevel.Menu'
[2016.07.11-11.01.21:175][583]LogPlayLevel: PlayLevel: No blueprints needed recompiling
[2016.07.11-11.01.21:175][583]PIE: New page: PIE session: Menu (Jul 11, 2016, 2:01:21 PM)
[2016.07.11-11.01.21:175][583]LogPlayLevel: Creating play world package: /Game/Levels/UEDPIE_0_Menu
[2016.07.11-11.01.21:177][583]LogPlayLevel: PIE: StaticDuplicateObject took: (0.001204s)
[2016.07.11-11.01.21:177][583]LogAIModule: Creating AISystem for world Menu
[2016.07.11-11.01.21:177][583]LogPlayLevel: PIE: World Init took: (0.000418s)
[2016.07.11-11.01.21:177][583]LogPlayLevel: PIE: Created PIE world by copying editor world from /Game/Levels/Menu.Menu to /Game/Levels/UEDPIE_0_Menu.Menu (0.001761s)
[2016.07.11-11.01.21:195][583]LogInit: XAudio2 using 'Speakers (3- USB Audio Device)' : 2 channels at 44.1 kHz using 16 bits per sample (channel mask 0x3)
[2016.07.11-11.01.21:199][583]LogInit: FAudioDevice initialized.
[2016.07.11-11.01.21:292][583]LogWorld: Game class is 'GM_MPShooter_C'
[2016.07.11-11.01.21:295][583]LogWorld: Bringing World /Game/Levels/UEDPIE_0_Menu.Menu up for play (max tick rate 0) at 2016.07.11-13.01.21
[2016.07.11-11.01.21:295][583]LogWorld: Bringing up level for play took: 0.001512
[2016.07.11-11.01.21:333][583]PIE: Info Play in editor start time for /Game/Levels/UEDPIE_0_Menu 0.467
[2016.07.11-11.01.21:333][583]LogBlueprintUserMessages: Late PlayInEditor Detection: Level '/Game/Levels/Menu.Menu:PersistentLevel' has LevelScriptBlueprint '/Game/Levels/Menu.Menu:PersistentLevel.Menu' with GeneratedClass '/Game/Levels/Menu.Menu_C' with ClassGeneratedBy '/Game/Levels/Menu.Menu:PersistentLevel.Menu'
[2016.07.11-11.01.44:030][610]Cmd: Travel Test?Listen
[2016.07.11-11.01.44:042][611]LogNet: Browse: /Game/Levels/Test?Listen
[2016.07.11-11.01.44:052][611]LogLoad: LoadMap: /Game/Levels/Test?Listen
[2016.07.11-11.01.44:064][611]Cmd: MEM
[2016.07.11-11.01.44:075][611]LogMemory: Platform Memory Stats for Windows
[2016.07.11-11.01.44:075][611]LogMemory: Process Physical Memory: 999.02 MB used, 1016.46 MB peak
[2016.07.11-11.01.44:075][611]LogMemory: Process Virtual Memory: 2399.33 MB used, 2736.14 MB peak
[2016.07.11-11.01.44:075][611]LogMemory: Physical Memory: 5185.07 MB used, 16299.06 MB total
[2016.07.11-11.01.44:075][611]LogMemory: Virtual Memory: 3681.73 MB used, 134217728.00 MB total
[2016.07.11-11.01.44:075][611]LogMemory: 
[2016.07.11-11.01.44:075][611]Allocator Stats for TBB: (not implemented)
[2016.07.11-11.01.44:083][611]LogAIModule: Creating AISystem for world Test
[2016.07.11-11.01.44:083][611]LogWorld: Game class is 'GM_MPShooter_C'
[2016.07.11-11.01.44:083][611]LogInit: WinSock: Socket queue 131072 / 131072
[2016.07.11-11.01.44:083][611]PacketHandlerLog: Loaded PacketHandler component: Engine.EngineHandlerComponentFactory (StatelessConnectHandlerComponent)
[2016.07.11-11.01.44:083][611]LogNet: GameNetDriver IpNetDriver_3 IpNetDriver listening on port 7777
[2016.07.11-11.01.44:085][611]LogWorld: Bringing World /Game/Levels/UEDPIE_0_Test.Test up for play (max tick rate 0) at 2016.07.11-13.01.44
[2016.07.11-11.01.44:085][611]LogWorld: Bringing up level for play took: 0.001312
[2016.07.11-11.01.44:086][611]LogLoad: Took 0.034134 seconds to LoadMap(/Game/Levels/Test)
[2016.07.11-11.02.20:098][832]LogBlueprintUserMessages: Early EndPlayMap Detection: Level '/Game/Levels/Menu.Menu:PersistentLevel' has LevelScriptBlueprint '/Game/Levels/Menu.Menu:PersistentLevel.Menu' with GeneratedClass '/Game/Levels/Menu.Menu_C' with ClassGeneratedBy '/Game/Levels/Menu.Menu:PersistentLevel.Menu'
[2016.07.11-11.02.20:207][832]LogBlueprintUserMessages: Late EndPlayMap Detection: Level '/Game/Levels/Menu.Menu:PersistentLevel' has LevelScriptBlueprint '/Game/Levels/Menu.Menu:PersistentLevel.Menu' with GeneratedClass '/Game/Levels/Menu.Menu_C' with ClassGeneratedBy '/Game/Levels/Menu.Menu:PersistentLevel.Menu'
[2016.07.11-11.02.20:219][832]LogExit: GameNetDriver None shut down
[2016.07.11-11.03.13:376][920]BlueprintLog: New page: Compile BP_VivePawn
[2016.07.11-11.03.13:447][920]BlueprintEditorCompileResults: Info [0973.86] Compile of BP_VivePawn successful! [in 71 ms] (/Game/Blueprints/BP_VivePawn.BP_VivePawn)
[2016.07.11-11.03.14:289][ 15]Cmd: OBJ SAVEPACKAGE PACKAGE="/Game/Blueprints/BP_VivePawn" FILE="../../../../../../Users/enversed/Documents/GitHub/MPS/Shooter_MP/Content/Blueprints/BP_VivePawn.uasset" SILENT=true
[2016.07.11-11.03.14:329][ 15]LogSavePackage: Save=38.04ms
[2016.07.11-11.03.14:329][ 15]LogSavePackage: Moving '../../../../../../Users/enversed/Documents/GitHub/MPS/Shooter_MP/Saved/BP_VivePawn34DF084A46504264F20C689C6FC228C2.tmp' to '../../../../../../Users/enversed/Documents/GitHub/MPS/Shooter_MP/Content/Blueprints/BP_VivePawn.uasset'
[2016.07.11-11.03.14:331][ 15]LogSavePackage:Display: Finished SavePackage ../../../../../../Users/enversed/Documents/GitHub/MPS/Shooter_MP/Content/Blueprints/BP_VivePawn.uasset
[2016.07.11-11.03.16:881][318]Cmd: OBJ SAVEPACKAGE PACKAGE="/Game/Blueprints/BP_VivePawn" FILE="../../../../../../Users/enversed/Documents/GitHub/MPS/Shooter_MP/Content/Blueprints/BP_VivePawn.uasset" SILENT=true
[2016.07.11-11.03.16:916][318]LogSavePackage: Save=33.29ms
[2016.07.11-11.03.16:916][318]LogSavePackage: Moving '../../../../../../Users/enversed/Documents/GitHub/MPS/Shooter_MP/Saved/BP_VivePawn0D5B662A45EAD2166128A7A84A1EFBB2.tmp' to '../../../../../../Users/enversed/Documents/GitHub/MPS/Shooter_MP/Content/Blueprints/BP_VivePawn.uasset'
[2016.07.11-11.03.16:917][318]LogSavePackage:Display: Finished SavePackage ../../../../../../Users/enversed/Documents/GitHub/MPS/Shooter_MP/Content/Blueprints/BP_VivePawn.uasset
[2016.07.11-11.03.18:206][471]LogBlueprintUserMessages: Early PlayInEditor Detection: Level '/Game/Levels/Menu.Menu:PersistentLevel' has LevelScriptBlueprint '/Game/Levels/Menu.Menu:PersistentLevel.Menu' with GeneratedClass '/Game/Levels/Menu.Menu_C' with ClassGeneratedBy '/Game/Levels/Menu.Menu:PersistentLevel.Menu'
[2016.07.11-11.03.18:206][471]LogPlayLevel: PlayLevel: No blueprints needed recompiling
[2016.07.11-11.03.18:206][471]PIE: New page: PIE session: Menu (Jul 11, 2016, 2:03:18 PM)
[2016.07.11-11.03.18:206][471]LogPlayLevel: Creating play world package: /Game/Levels/UEDPIE_0_Menu
[2016.07.11-11.03.18:208][471]LogPlayLevel: PIE: StaticDuplicateObject took: (0.001139s)
[2016.07.11-11.03.18:208][471]LogAIModule: Creating AISystem for world Menu
[2016.07.11-11.03.18:208][471]LogPlayLevel: PIE: World Init took: (0.000384s)
[2016.07.11-11.03.18:208][471]LogPlayLevel: PIE: Created PIE world by copying editor world from /Game/Levels/Menu.Menu to /Game/Levels/UEDPIE_0_Menu.Menu (0.001651s)
[2016.07.11-11.03.18:227][471]LogInit: XAudio2 using 'Speakers (3- USB Audio Device)' : 2 channels at 44.1 kHz using 16 bits per sample (channel mask 0x3)
[2016.07.11-11.03.18:231][471]LogInit: FAudioDevice initialized.
[2016.07.11-11.03.18:333][471]LogWorld: Game class is 'GM_MPShooter_C'
[2016.07.11-11.03.18:335][471]LogWorld: Bringing World /Game/Levels/UEDPIE_0_Menu.Menu up for play (max tick rate 0) at 2016.07.11-13.03.18
[2016.07.11-11.03.18:336][471]LogWorld: Bringing up level for play took: 0.001370
[2016.07.11-11.03.18:389][471]PIE: Info Play in editor start time for /Game/Levels/UEDPIE_0_Menu -0.476
[2016.07.11-11.03.18:389][471]LogBlueprintUserMessages: Late PlayInEditor Detection: Level '/Game/Levels/Menu.Menu:PersistentLevel' has LevelScriptBlueprint '/Game/Levels/Menu.Menu:PersistentLevel.Menu' with GeneratedClass '/Game/Levels/Menu.Menu_C' with ClassGeneratedBy '/Game/Levels/Menu.Menu:PersistentLevel.Menu'
[2016.07.11-11.03.41:695][553]Cmd: Travel Test?Listen
[2016.07.11-11.03.41:706][554]LogNet: Browse: /Game/Levels/Test?Listen
[2016.07.11-11.03.41:717][554]LogLoad: LoadMap: /Game/Levels/Test?Listen
[2016.07.11-11.03.41:730][554]Cmd: MEM
[2016.07.11-11.03.41:742][554]LogMemory: Platform Memory Stats for Windows
[2016.07.11-11.03.41:742][554]LogMemory: Process Physical Memory: 1000.91 MB used, 1026.26 MB peak
[2016.07.11-11.03.41:742][554]LogMemory: Process Virtual Memory: 2394.64 MB used, 2736.14 MB peak
[2016.07.11-11.03.41:742][554]LogMemory: Physical Memory: 5188.70 MB used, 16299.06 MB total
[2016.07.11-11.03.41:742][554]LogMemory: Virtual Memory: 3719.86 MB used, 134217728.00 MB total
[2016.07.11-11.03.41:742][554]LogMemory: 
[2016.07.11-11.03.41:742][554]Allocator Stats for TBB: (not implemented)
[2016.07.11-11.03.41:750][554]LogAIModule: Creating AISystem for world Test
[2016.07.11-11.03.41:750][554]LogWorld: Game class is 'GM_MPShooter_C'
[2016.07.11-11.03.41:750][554]LogInit: WinSock: Socket queue 131072 / 131072
[2016.07.11-11.03.41:750][554]PacketHandlerLog: Loaded PacketHandler component: Engine.EngineHandlerComponentFactory (StatelessConnectHandlerComponent)
[2016.07.11-11.03.41:750][554]LogNet: GameNetDriver IpNetDriver_4 IpNetDriver listening on port 7777
[2016.07.11-11.03.41:752][554]LogWorld: Bringing World /Game/Levels/UEDPIE_0_Test.Test up for play (max tick rate 0) at 2016.07.11-13.03.41
[2016.07.11-11.03.41:752][554]LogWorld: Bringing up level for play took: 0.001321
[2016.07.11-11.03.41:753][554]LogLoad: Took 0.036467 seconds to LoadMap(/Game/Levels/Test)
[2016.07.11-11.04.28:799][763]LogBlueprintUserMessages: Early EndPlayMap Detection: Level '/Game/Levels/Menu.Menu:PersistentLevel' has LevelScriptBlueprint '/Game/Levels/Menu.Menu:PersistentLevel.Menu' with GeneratedClass '/Game/Levels/Menu.Menu_C' with ClassGeneratedBy '/Game/Levels/Menu.Menu:PersistentLevel.Menu'
[2016.07.11-11.04.28:914][763]LogBlueprintUserMessages: Late EndPlayMap Detection: Level '/Game/Levels/Menu.Menu:PersistentLevel' has LevelScriptBlueprint '/Game/Levels/Menu.Menu:PersistentLevel.Menu' with GeneratedClass '/Game/Levels/Menu.Menu_C' with ClassGeneratedBy '/Game/Levels/Menu.Menu:PersistentLevel.Menu'
[2016.07.11-11.04.28:926][763]LogExit: GameNetDriver None shut down
[2016.07.11-11.05.05:085][ 81]LogWindowsTextInputMethodSystem:Display: IME system now deactivated.
[2016.07.11-11.05.05:224][ 82]Cmd: QUIT_EDITOR
[2016.07.11-11.05.06:120][ 82]LogExit: Preparing to exit.
[2016.07.11-11.05.06:606][ 82]LogExit: Editor shut down
[2016.07.11-11.05.06:606][ 82]LogExit: Transaction tracking system shut down
[2016.07.11-11.05.06:695][ 82]LogObj: Freed 0b from 0 cluster array pools.
[2016.07.11-11.05.06:695][ 82]LogExit: Object subsystem successfully closed.
[2016.07.11-11.05.06:710][ 82]LogD3D11RHI: Shutdown
[2016.07.11-11.05.06:710][ 82]LogD3D11RHI: CleanupD3DDevice
[2016.07.11-11.05.06:710][ 82]LogD3D11RHI: ~FD3D11DynamicRHI
[2016.07.11-11.05.06:719][ 82]LogModuleManager: Shutting down and abandoning module BlueprintGraph (216)
[2016.07.11-11.05.06:719][ 82]LogModuleManager: Shutting down and abandoning module MovieSceneCapture (214)
[2016.07.11-11.05.06:719][ 82]LogModuleManager: Shutting down and abandoning module HierarchicalLODOutliner (213)
[2016.07.11-11.05.06:719][ 82]LogModuleManager: Shutting down and abandoning module CrashTracker (212)
[2016.07.11-11.05.06:719][ 82]LogModuleManager: Shutting down and abandoning module SceneOutliner (211)
[2016.07.11-11.05.06:719][ 82]LogModuleManager: Shutting down and abandoning module WidgetCarousel (210)
[2016.07.11-11.05.06:719][ 82]LogModuleManager: Shutting down and abandoning module AddContentDialog (209)
[2016.07.11-11.05.06:719][ 82]LogModuleManager: Shutting down and abandoning module GameplayTags (208)
[2016.07.11-11.05.06:719][ 82]LogModuleManager: Shutting down and abandoning module EditorWidgets (207)
[2016.07.11-11.05.06:719][ 82]LogModuleManager: Shutting down and abandoning module CollectionManager (206)
[2016.07.11-11.05.06:719][ 82]LogModuleManager: Shutting down and abandoning module StatsViewer (205)
[2016.07.11-11.05.06:719][ 82]LogModuleManager: Shutting down and abandoning module FoliageEdit (204)
[2016.07.11-11.05.06:719][ 82]LogModuleManager: Shutting down and abandoning module LandscapeEditor (203)
[2016.07.11-11.05.06:719][ 82]LogModuleManager: Shutting down and abandoning module SceneDepthPickerMode (202)
[2016.07.11-11.05.06:719][ 82]LogModuleManager: Shutting down and abandoning module ActorPickerMode (201)
[2016.07.11-11.05.06:719][ 82]LogModuleManager: Shutting down and abandoning module GeometryMode (200)
[2016.07.11-11.05.06:719][ 82]LogModuleManager: Shutting down and abandoning module TextureAlignMode (199)
[2016.07.11-11.05.06:719][ 82]LogModuleManager: Shutting down and abandoning module BspMode (198)
[2016.07.11-11.05.06:719][ 82]LogModuleManager: Shutting down and abandoning module HardwareSurvey (197)
[2016.07.11-11.05.06:719][ 82]LogModuleManager: Shutting down and abandoning module SequenceRecorderSections (196)
[2016.07.11-11.05.06:719][ 82]LogModuleManager: Shutting down and abandoning module SequenceRecorder (195)
[2016.07.11-11.05.06:719][ 82]LogModuleManager: Shutting down and abandoning module AutomationWorker (194)
[2016.07.11-11.05.06:719][ 82]LogModuleManager: Shutting down and abandoning module MatineeToLevelSequence (193)
[2016.07.11-11.05.06:719][ 82]LogModuleManager: Shutting down and abandoning module PlacementMode (192)
[2016.07.11-11.05.06:719][ 82]LogModuleManager: Shutting down and abandoning module LevelSequenceEditor (191)
[2016.07.11-11.05.06:719][ 82]LogModuleManager: Shutting down and abandoning module CharacterAI (190)
[2016.07.11-11.05.06:719][ 82]LogModuleManager: Shutting down and abandoning module SmartSnapping (189)
[2016.07.11-11.05.06:719][ 82]LogModuleManager: Shutting down and abandoning module SessionServices (188)
[2016.07.11-11.05.06:719][ 82]LogModuleManager: Shutting down and abandoning module ViewportSnapping (187)
[2016.07.11-11.05.06:720][ 82]LogModuleManager: Shutting down and abandoning module LogVisualizer (186)
[2016.07.11-11.05.06:720][ 82]LogModuleManager: Shutting down and abandoning module GameProjectGeneration (185)
[2016.07.11-11.05.06:720][ 82]LogModuleManager: Shutting down and abandoning module IntroTutorials (184)
[2016.07.11-11.05.06:720][ 82]LogModuleManager: Shutting down and abandoning module EditorLiveStreaming (183)
[2016.07.11-11.05.06:720][ 82]LogModuleManager: Shutting down and abandoning module IOSPlatformEditor (182)
[2016.07.11-11.05.06:720][ 82]LogModuleManager: Shutting down and abandoning module HTML5PlatformEditor (181)
[2016.07.11-11.05.06:720][ 82]LogModuleManager: Shutting down and abandoning module AndroidDeviceDetection (180)
[2016.07.11-11.05.07:025][ 82]LogModuleManager: Shutting down and abandoning module AndroidPlatformEditor (179)
[2016.07.11-11.05.07:025][ 82]LogModuleManager: Shutting down and abandoning module IOSRuntimeSettings (178)
[2016.07.11-11.05.07:025][ 82]LogModuleManager: Shutting down and abandoning module AndroidRuntimeSettings (177)
[2016.07.11-11.05.07:025][ 82]LogModuleManager: Shutting down and abandoning module MergeActors (176)
[2016.07.11-11.05.07:025][ 82]LogModuleManager: Shutting down and abandoning module SizeMap (175)
[2016.07.11-11.05.07:025][ 82]LogModuleManager: Shutting down and abandoning module TreeMap (174)
[2016.07.11-11.05.07:025][ 82]LogModuleManager: Shutting down and abandoning module ReferenceViewer (173)
[2016.07.11-11.05.07:025][ 82]LogModuleManager: Shutting down and abandoning module LocalizationService (172)
[2016.07.11-11.05.07:025][ 82]LogModuleManager: Shutting down and abandoning module LocalizationDashboard (171)
[2016.07.11-11.05.07:025][ 82]LogModuleManager: Shutting down and abandoning module HardwareTargeting (170)
[2016.07.11-11.05.07:025][ 82]LogModuleManager: Shutting down and abandoning module DeviceProfileEditor (169)
[2016.07.11-11.05.07:025][ 82]LogModuleManager: Shutting down and abandoning module UndoHistory (168)
[2016.07.11-11.05.07:025][ 82]LogModuleManager: Shutting down and abandoning module UserFeedback (167)
[2016.07.11-11.05.07:025][ 82]LogModuleManager: Shutting down and abandoning module XmlParser (166)
[2016.07.11-11.05.07:025][ 82]LogModuleManager: Shutting down and abandoning module Blutility (165)
[2016.07.11-11.05.07:026][ 82]LogModuleManager: Shutting down and abandoning module ProjectTargetPlatformEditor (164)
[2016.07.11-11.05.07:026][ 82]LogModuleManager: Shutting down and abandoning module ProjectSettingsViewer (163)
[2016.07.11-11.05.07:026][ 82]LogModuleManager: Shutting down and abandoning module InputBindingEditor (162)
[2016.07.11-11.05.07:026][ 82]LogModuleManager: Shutting down and abandoning module EditorSettingsViewer (161)
[2016.07.11-11.05.07:026][ 82]LogModuleManager: Shutting down and abandoning module SettingsEditor (160)
[2016.07.11-11.05.07:026][ 82]LogModuleManager: Shutting down and abandoning module ProjectLauncher (159)
[2016.07.11-11.05.07:026][ 82]LogModuleManager: Shutting down and abandoning module SessionFrontend (158)
[2016.07.11-11.05.07:026][ 82]LogModuleManager: Shutting down and abandoning module ProfilerClient (157)
[2016.07.11-11.05.07:026][ 82]LogModuleManager: Shutting down and abandoning module TargetDeviceServices (156)
[2016.07.11-11.05.07:026][ 82]LogModuleManager: Shutting down and abandoning module DeviceManager (155)
[2016.07.11-11.05.07:067][ 82]LogModuleManager: Shutting down and abandoning module AutomationController (154)
[2016.07.11-11.05.07:067][ 82]LogModuleManager: Shutting down and abandoning module AutomationWindow (153)
[2016.07.11-11.05.07:067][ 82]LogModuleManager: Shutting down and abandoning module Layers (152)
[2016.07.11-11.05.07:067][ 82]LogModuleManager: Shutting down and abandoning module ComponentVisualizers (151)
[2016.07.11-11.05.07:067][ 82]LogModuleManager: Shutting down and abandoning module DetailCustomizations (150)
[2016.07.11-11.05.07:067][ 82]LogModuleManager: Shutting down and abandoning module PackagesDialog (149)
[2016.07.11-11.05.07:067][ 82]LogModuleManager: Shutting down and abandoning module Persona (148)
[2016.07.11-11.05.07:067][ 82]LogModuleManager: Shutting down and abandoning module Kismet (147)
[2016.07.11-11.05.07:067][ 82]LogModuleManager: Shutting down and abandoning module GraphEditor (146)
[2016.07.11-11.05.07:067][ 82]LogModuleManager: Shutting down and abandoning module ClassViewer (145)
[2016.07.11-11.05.07:067][ 82]LogModuleManager: Shutting down and abandoning module Toolbox (144)
[2016.07.11-11.05.07:067][ 82]LogModuleManager: Shutting down and abandoning module ModuleUI (143)
[2016.07.11-11.05.07:067][ 82]LogModuleManager: Shutting down and abandoning module MovieSceneTools (142)
[2016.07.11-11.05.07:067][ 82]LogModuleManager: Shutting down and abandoning module OutputLog (141)
[2016.07.11-11.05.07:067][ 82]LogModuleManager: Shutting down and abandoning module GammaUI (140)
[2016.07.11-11.05.07:067][ 82]LogModuleManager: Shutting down and abandoning module Documentation (139)
[2016.07.11-11.05.07:067][ 82]LogModuleManager: Shutting down and abandoning module StreamingPauseRendering (138)
[2016.07.11-11.05.07:067][ 82]LogModuleManager: Shutting down and abandoning module AnalyticsET (137)
[2016.07.11-11.05.07:067][ 82]LogModuleManager: Shutting down and abandoning module Analytics (136)
[2016.07.11-11.05.07:067][ 82]LogModuleManager: Shutting down and abandoning module PortalServices (135)
[2016.07.11-11.05.07:067][ 82]LogModuleManager: Shutting down and abandoning module PortalRpc (134)
[2016.07.11-11.05.07:067][ 82]LogModuleManager: Shutting down and abandoning module MessagingRpc (133)
[2016.07.11-11.05.07:067][ 82]LogModuleManager: Shutting down and abandoning module GameplayDebugger (132)
[2016.07.11-11.05.07:067][ 82]LogModuleManager: Shutting down and abandoning module AITestSuite (131)
[2016.07.11-11.05.07:067][ 82]LogModuleManager: Shutting down and abandoning module AIModule (130)
[2016.07.11-11.05.07:067][ 82]LogModuleManager: Shutting down and abandoning module ProfilerService (129)
[2016.07.11-11.05.07:312][ 82]LogModuleManager: Shutting down and abandoning module TaskGraph (128)
[2016.07.11-11.05.07:312][ 82]LogModuleManager: Shutting down and abandoning module SlateRemote (127)
[2016.07.11-11.05.07:312][ 82]LogModuleManager: Shutting down and abandoning module SteamVRController (126)
[2016.07.11-11.05.07:312][ 82]LogModuleManager: Shutting down and abandoning module SteamVR (125)
[2016.07.11-11.05.07:312][ 82]LogModuleManager: Shutting down and abandoning module ProceduralMeshComponent (124)
[2016.07.11-11.05.07:312][ 82]LogModuleManager: Shutting down and abandoning module OculusLibrary (123)
[2016.07.11-11.05.07:312][ 82]LogModuleManager: Shutting down and abandoning module OculusInput (122)
[2016.07.11-11.05.07:312][ 82]LogModuleManager: Shutting down and abandoning module CustomMeshComponent (121)
[2016.07.11-11.05.07:312][ 82]LogModuleManager: Shutting down and abandoning module CableComponent (120)
[2016.07.11-11.05.07:312][ 82]LogModuleManager: Shutting down and abandoning module ArchVisCharacter (119)
[2016.07.11-11.05.07:312][ 82]LogModuleManager: Shutting down and abandoning module MediaPlayerEditor (118)
[2016.07.11-11.05.07:312][ 82]LogModuleManager: Shutting down and abandoning module HTML5Networking (117)
[2016.07.11-11.05.07:312][ 82]LogModuleManager: Shutting down and abandoning module SuperSearch (116)
[2016.07.11-11.05.07:312][ 82]LogModuleManager: Shutting down and abandoning module SuperSearchEditor (115)
[2016.07.11-11.05.07:312][ 82]LogModuleManager: Shutting down and abandoning module SpeedTreeImporter (114)
[2016.07.11-11.05.07:312][ 82]LogModuleManager: Shutting down and abandoning module PluginBrowser (113)
[2016.07.11-11.05.07:312][ 82]LogModuleManager: Shutting down and abandoning module EpicSurvey (112)
[2016.07.11-11.05.07:312][ 82]LogModuleManager: Shutting down and abandoning module DesktopPlatform (111)
[2016.07.11-11.05.07:312][ 82]LogModuleManager: Shutting down and abandoning module VisualStudioSourceCodeAccess (110)
[2016.07.11-11.05.07:312][ 82]LogModuleManager: Shutting down and abandoning module UObjectPlugin (109)
[2016.07.11-11.05.07:312][ 82]LogModuleManager: Shutting down and abandoning module SubversionSourceControl (108)
[2016.07.11-11.05.07:312][ 82]LogModuleManager: Shutting down and abandoning module PerforceSourceControl (107)
[2016.07.11-11.05.07:312][ 82]LogModuleManager: Shutting down and abandoning module SourceControl (106)
[2016.07.11-11.05.07:312][ 82]LogModuleManager: Shutting down and abandoning module GitSourceControl (105)
[2016.07.11-11.05.07:312][ 82]LogModuleManager: Shutting down and abandoning module LightPropagationVolumeEditor (104)
[2016.07.11-11.05.07:312][ 82]LogModuleManager: Shutting down and abandoning module PaperTiledImporter (103)
[2016.07.11-11.05.07:312][ 82]LogModuleManager: Shutting down and abandoning module PaperSpriteSheetImporter (102)
[2016.07.11-11.05.07:312][ 82]LogModuleManager: Shutting down and abandoning module MeshPaint (101)
[2016.07.11-11.05.07:312][ 82]LogModuleManager: Shutting down and abandoning module PixelInspectorModule (100)
[2016.07.11-11.05.07:312][ 82]LogModuleManager: Shutting down and abandoning module HotReload (99)
[2016.07.11-11.05.07:313][ 82]LogModuleManager: Shutting down and abandoning module MainFrame (98)
[2016.07.11-11.05.07:313][ 82]LogModuleManager: Shutting down and abandoning module LevelEditor (97)
[2016.07.11-11.05.07:313][ 82]LogModuleManager: Shutting down and abandoning module ContentBrowser (96)
[2016.07.11-11.05.07:313][ 82]LogModuleManager: Shutting down and abandoning module Paper2DEditor (95)
[2016.07.11-11.05.07:313][ 82]LogModuleManager: Shutting down and abandoning module UdpMessaging (94)
[2016.07.11-11.05.07:414][ 82]LogModuleManager: Shutting down and abandoning module LightPropagationVolumeRuntime (93)
[2016.07.11-11.05.07:414][ 82]LogModuleManager: Shutting down and abandoning module Paper2D (92)
[2016.07.11-11.05.07:414][ 82]LogModuleManager: Shutting down and abandoning module WindowsMoviePlayer (91)
[2016.07.11-11.05.07:414][ 82]LogModuleManager: Shutting down and abandoning module Media (90)
[2016.07.11-11.05.07:414][ 82]LogModuleManager: Shutting down and abandoning module WmfMedia (89)
[2016.07.11-11.05.07:414][ 82]LogModuleManager: Shutting down and abandoning module MediaAssets (88)
[2016.07.11-11.05.07:414][ 82]LogModuleManager: Shutting down and abandoning module GameLiveStreaming (87)
[2016.07.11-11.05.07:414][ 82]LogModuleManager: Shutting down and abandoning module GameplayTagsEditor (86)
[2016.07.11-11.05.07:414][ 82]LogModuleManager: Shutting down and abandoning module OnlineBlueprintSupport (85)
[2016.07.11-11.05.07:414][ 82]LogModuleManager: Shutting down and abandoning module VREditor (84)
[2016.07.11-11.05.07:414][ 82]LogModuleManager: Shutting down and abandoning module GameplayTasksEditor (83)
[2016.07.11-11.05.07:414][ 82]LogModuleManager: Shutting down and abandoning module PropertyEditor (82)
[2016.07.11-11.05.07:414][ 82]LogModuleManager: Shutting down and abandoning module BehaviorTreeEditor (81)
[2016.07.11-11.05.07:414][ 82]LogModuleManager: Shutting down and abandoning module FunctionalTesting (80)
[2016.07.11-11.05.07:414][ 82]LogModuleManager: Shutting down and abandoning module CollisionAnalyzer (79)
[2016.07.11-11.05.07:414][ 82]LogModuleManager: Shutting down and abandoning module Sequencer (78)
[2016.07.11-11.05.07:414][ 82]LogModuleManager: Shutting down and abandoning module WorkspaceMenuStructure (77)
[2016.07.11-11.05.07:414][ 82]LogModuleManager: Shutting down and abandoning module MessageLog (76)
[2016.07.11-11.05.07:414][ 82]LogModuleManager: Shutting down and abandoning module AssetTools (75)
[2016.07.11-11.05.07:414][ 82]LogModuleManager: Shutting down and abandoning module UMGEditor (74)
[2016.07.11-11.05.07:414][ 82]LogModuleManager: Shutting down and abandoning module UMG (73)
[2016.07.11-11.05.07:414][ 82]LogModuleManager: Shutting down and abandoning module SlateReflector (72)
[2016.07.11-11.05.07:414][ 82]LogModuleManager: Shutting down and abandoning module Slate (71)
[2016.07.11-11.05.07:415][ 82]LogModuleManager: Shutting down and abandoning module EditorStyle (70)
[2016.07.11-11.05.07:416][ 82]LogModuleManager: Shutting down and abandoning module SourceCodeAccess (69)
[2016.07.11-11.05.07:416][ 82]LogModuleManager: Shutting down and abandoning module HeadMountedDisplay (68)
[2016.07.11-11.05.07:416][ 82]LogModuleManager: Shutting down and abandoning module XAudio2 (67)
[2016.07.11-11.05.07:416][ 82]LogModuleManager: Shutting down and abandoning module Networking (65)
[2016.07.11-11.05.07:416][ 82]LogModuleManager: Shutting down and abandoning module Core (64)
[2016.07.11-11.05.07:416][ 82]LogModuleManager: Shutting down and abandoning module DirectoryWatcher (63)
[2016.07.11-11.05.07:416][ 82]LogModuleManager: Shutting down and abandoning module AssetRegistry (62)
[2016.07.11-11.05.07:531][ 82]LogModuleManager: Shutting down and abandoning module KismetCompiler (61)
[2016.07.11-11.05.07:531][ 82]LogModuleManager: Shutting down and abandoning module PhysXFormats (60)
[2016.07.11-11.05.07:531][ 82]LogModuleManager: Shutting down and abandoning module MeshUtilities (59)
[2016.07.11-11.05.07:531][ 82]LogModuleManager: Shutting down and abandoning module DerivedDataCache (58)
[2016.07.11-11.05.07:619][ 82]LogDerivedDataCache: Shutdown
[2016.07.11-11.05.07:619][ 82]LogModuleManager: Shutting down and abandoning module VulkanShaderFormat (57)
[2016.07.11-11.05.07:619][ 82]LogModuleManager: Shutting down and abandoning module ShaderFormatOpenGL (56)
[2016.07.11-11.05.07:619][ 82]LogModuleManager: Shutting down and abandoning module ShaderFormatD3D (55)
[2016.07.11-11.05.07:619][ 82]LogModuleManager: Shutting down and abandoning module MetalShaderFormat (54)
[2016.07.11-11.05.07:619][ 82]LogModuleManager: Shutting down and abandoning module TextureFormatUncompressed (53)
[2016.07.11-11.05.07:619][ 82]LogModuleManager: Shutting down and abandoning module TextureFormatPVR (52)
[2016.07.11-11.05.07:619][ 82]LogModuleManager: Shutting down and abandoning module TextureFormatIntelISPCTexComp (51)
[2016.07.11-11.05.07:619][ 82]LogModuleManager: Shutting down and abandoning module TextureFormatDXT (50)
[2016.07.11-11.05.07:619][ 82]LogModuleManager: Shutting down and abandoning module ImageWrapper (49)
[2016.07.11-11.05.07:619][ 82]LogModuleManager: Shutting down and abandoning module TextureFormatASTC (48)
[2016.07.11-11.05.07:619][ 82]LogModuleManager: Shutting down and abandoning module TextureFormatAndroid (47)
[2016.07.11-11.05.07:619][ 82]LogModuleManager: Shutting down and abandoning module AudioFormatOpus (46)
[2016.07.11-11.05.07:619][ 82]LogModuleManager: Shutting down and abandoning module AudioFormatOgg (45)
[2016.07.11-11.05.07:619][ 82]LogModuleManager: Shutting down and abandoning module AudioFormatADPCM (44)
[2016.07.11-11.05.07:619][ 82]LogModuleManager: Shutting down and abandoning module LinuxTargetPlatform (43)
[2016.07.11-11.05.07:619][ 82]LogModuleManager: Shutting down and abandoning module LinuxServerTargetPlatform (42)
[2016.07.11-11.05.07:619][ 82]LogModuleManager: Shutting down and abandoning module LinuxNoEditorTargetPlatform (41)
[2016.07.11-11.05.07:619][ 82]LogModuleManager: Shutting down and abandoning module TVOSTargetPlatform (40)
[2016.07.11-11.05.07:619][ 82]LogModuleManager: Shutting down and abandoning module Messaging (39)
[2016.07.11-11.05.07:619][ 82]LogModuleManager: Shutting down and abandoning module IOSTargetPlatform (38)
[2016.07.11-11.05.07:619][ 82]LogModuleManager: Shutting down and abandoning module HTML5TargetPlatform (37)
[2016.07.11-11.05.07:619][ 82]LogModuleManager: Shutting down and abandoning module Android_PVRTCTargetPlatform (36)
[2016.07.11-11.05.07:619][ 82]LogModuleManager: Shutting down and abandoning module Android_MultiTargetPlatform (35)
[2016.07.11-11.05.07:619][ 82]LogModuleManager: Shutting down and abandoning module Android_ETC2TargetPlatform (34)
[2016.07.11-11.05.07:619][ 82]LogModuleManager: Shutting down and abandoning module Android_ETC1TargetPlatform (33)
[2016.07.11-11.05.07:619][ 82]LogModuleManager: Shutting down and abandoning module Android_DXTTargetPlatform (32)
[2016.07.11-11.05.07:619][ 82]LogModuleManager: Shutting down and abandoning module Android_ATCTargetPlatform (31)
[2016.07.11-11.05.07:619][ 82]LogModuleManager: Shutting down and abandoning module Android_ASTCTargetPlatform (30)
[2016.07.11-11.05.07:619][ 82]LogModuleManager: Shutting down and abandoning module AndroidTargetPlatform (29)
[2016.07.11-11.05.07:619][ 82]LogModuleManager: Shutting down and abandoning module WindowsTargetPlatform (28)
[2016.07.11-11.05.07:619][ 82]LogModuleManager: Shutting down and abandoning module WindowsServerTargetPlatform (27)
[2016.07.11-11.05.07:619][ 82]LogModuleManager: Shutting down and abandoning module WindowsNoEditorTargetPlatform (26)
[2016.07.11-11.05.07:619][ 82]LogModuleManager: Shutting down and abandoning module WindowsClientTargetPlatform (25)
[2016.07.11-11.05.07:619][ 82]LogModuleManager: Shutting down and abandoning module AllDesktopTargetPlatform (24)
[2016.07.11-11.05.07:619][ 82]LogModuleManager: Shutting down and abandoning module TargetPlatform (23)
[2016.07.11-11.05.07:619][ 82]LogModuleManager: Shutting down and abandoning module InputCore (22)
[2016.07.11-11.05.07:619][ 82]LogModuleManager: Shutting down and abandoning module Settings (21)
[2016.07.11-11.05.07:619][ 82]LogModuleManager: Shutting down and abandoning module OnlineSubsystem (19)
[2016.07.11-11.05.07:619][ 82]LogModuleManager: Shutting down and abandoning module HTTP (18)
[2016.07.11-11.05.09:120][ 82]LogModuleManager: Shutting down and abandoning module XMPP (17)
[2016.07.11-11.05.09:120][ 82]LogModuleManager: Shutting down and abandoning module OculusRift (16)
[2016.07.11-11.05.09:120][ 82]LogModuleManager: Shutting down and abandoning module ExampleDeviceProfileSelector (15)
[2016.07.11-11.05.09:120][ 82]LogModuleManager: Shutting down and abandoning module TextureCompressor (14)
[2016.07.11-11.05.09:121][ 82]LogModuleManager: Shutting down and abandoning module ShaderCore (13)
[2016.07.11-11.05.09:121][ 82]LogModuleManager: Shutting down and abandoning module Landscape (12)
[2016.07.11-11.05.09:121][ 82]LogModuleManager: Shutting down and abandoning module SlateRHIRenderer (11)
[2016.07.11-11.05.09:122][ 82]LogModuleManager: Shutting down and abandoning module OpenGLDrv (10)
[2016.07.11-11.05.09:122][ 82]LogModuleManager: Shutting down and abandoning module D3D11RHI (9)
[2016.07.11-11.05.09:122][ 82]LogModuleManager: Shutting down and abandoning module AnimGraphRuntime (8)
[2016.07.11-11.05.09:122][ 82]LogModuleManager: Shutting down and abandoning module Renderer (7)
[2016.07.11-11.05.09:122][ 82]LogModuleManager: Shutting down and abandoning module Engine (6)
[2016.07.11-11.05.09:122][ 82]LogModuleManager: Shutting down and abandoning module CoreUObject (5)
[2016.07.11-11.05.09:122][ 82]LogModuleManager: Shutting down and abandoning module NetworkFile (4)
[2016.07.11-11.05.09:122][ 82]LogModuleManager: Shutting down and abandoning module StreamingFile (3)
[2016.07.11-11.05.09:122][ 82]LogModuleManager: Shutting down and abandoning module SandboxFile (2)
[2016.07.11-11.05.09:122][ 82]LogModuleManager: Shutting down and abandoning module PakFile (1)
[2016.07.11-11.05.09:123][ 82]LogExit: Exiting.
[2016.07.11-11.05.09:125][ 82]Log file closed, 07/11/16 13:05:09
