Log file open, 07/11/16 15:36:44
LogInit:Display: Running engine for game: Shooter_MP
LogPlatformFile: Not using cached read wrapper
LogInit:Display: RandInit(-297353177) SRandInit(-297353176).
LogTaskGraph: Started task graph with 4 named threads and 7 total threads with 1 sets of task threads.
LogStats: Stats thread started at 0.061668
LogInit: Version: 4.12.5-3039270+++UE4+Release-4.12
LogInit: API Version: 2992821
LogInit: Net Version: 3039270
LogDevObjectVersion: Number of dev versions registered: 13
LogDevObjectVersion:   Dev-Blueprints (B0D832E4-1F89-4F0D-ACCF-7EB736FD4AA2): 3
LogDevObjectVersion:   Dev-Build (E1C64328-A22C-4D53-A36C-8E866417BD8C): 0
LogDevObjectVersion:   Dev-Core (375EC13C-06E4-48FB-B500-84F0262A717E): 1
LogDevObjectVersion:   Dev-Editor (E4B068ED-F494-42E9-A231-DA0B2E46BB41): 2
LogDevObjectVersion:   Dev-Framework (CFFC743F-43B0-4480-9391-14DF171D2073): 6
LogDevObjectVersion:   Dev-Mobile (B02B49B5-BB20-44E9-A304-32B752E40360): 0
LogDevObjectVersion:   Dev-Networking (A4E4105C-59A1-49B5-A7C5-40C4547EDFEE): 0
LogDevObjectVersion:   Dev-Online (39C831C9-5AE6-47DC-9A44-9C173E1C8E7C): 0
LogDevObjectVersion:   Dev-Physics (78F01B33-EBEA-4F98-B9B4-84EACCB95AA2): 0
LogDevObjectVersion:   Dev-Platform (6631380F-2D4D-43E0-8009-CF276956A95A): 0
LogDevObjectVersion:   Dev-Rendering (12F88B9F-8875-4AFC-A67C-D90C383ABD29): 2
LogDevObjectVersion:   Dev-Sequencer (7B5AE74C-D270-4C10-A958-57980B212A5A): 0
LogDevObjectVersion:   Dev-VR (D7296918-1DD6-4BDD-9DE2-64A83CC13884): 0
LogInit: Compiled (64-bit): Jul  6 2016 09:09:46
LogInit: Compiled with Visual C++: 19.00.23026.00
LogInit: Build Configuration: Development
LogInit: Branch Name: ++UE4+Release-4.12
LogInit: Command line:  ?listen -server
LogInit: Base directory: C:/Program Files (x86)/Epic Games/4.12/Engine/Binaries/Win64/
LogInit: Installed Engine Build: 1
LogInit: Using libcurl 7.41.0
LogInit:  - built for x86_64-pc-win32
LogInit:  - supports SSL with WinSSL
LogInit:  - other features:
LogInit:      CURL_VERSION_SSL
LogInit:      CURL_VERSION_IPV6
LogInit:      CURL_VERSION_ASYNCHDNS
LogInit:      CURL_VERSION_LARGEFILE
LogInit:      CURL_VERSION_IDN
LogInit:  CurlRequestOptions (configurable via config and command line):
LogInit:  - bVerifyPeer = true  - Libcurl will verify peer certificate
LogInit:  - bUseHttpProxy = false  - Libcurl will NOT use HTTP proxy
LogInit:  - bDontReuseConnections = false  - Libcurl will reuse connections
LogInit:  - CertBundlePath = nullptr  - Libcurl will use whatever was configured at build time.
LogInit: Presizing for max 8388607 objects, including 0 objects not considered by GC, pre-allocating 0 bytes for permanent pool.
LogInit: Object subsystem initialized
[2016.07.11-13.36.44:914][  0]LogInit: Selected Device Profile: [Windows]
[2016.07.11-13.36.44:914][  0]LogInit: Applying CVar settings loaded from the selected device profile: [Windows]
[2016.07.11-13.36.44:921][  0]LogInit: Computer: ARCADE1
[2016.07.11-13.36.44:921][  0]LogInit: User: enversed
[2016.07.11-13.36.44:921][  0]LogInit: CPU Page size=65536, Cores=4
[2016.07.11-13.36.44:921][  0]LogInit: High frequency timer resolution =3.914059 MHz
[2016.07.11-13.36.44:921][  0]LogMemory: Memory total: Physical=15.9GB (16GB approx)
[2016.07.11-13.36.44:921][  0]LogMemory: Platform Memory Stats for Windows
[2016.07.11-13.36.44:921][  0]LogMemory: Process Physical Memory: 190.19 MB used, 190.19 MB peak
[2016.07.11-13.36.44:921][  0]LogMemory: Process Virtual Memory: 194.99 MB used, 194.99 MB peak
[2016.07.11-13.36.44:921][  0]LogMemory: Physical Memory: 5049.13 MB used, 16299.06 MB total
[2016.07.11-13.36.44:921][  0]LogMemory: Virtual Memory: 551.02 MB used, 134217728.00 MB total
[2016.07.11-13.36.44:941][  0]LogTextLocalizationManager: No specific translations for ('en-US') exist, so ('en') translations will be used.
[2016.07.11-13.36.45:193][  0]LogShaderCompilers: Guid format shader working directory is -15 characters bigger than the processId version (../../../../../../Users/enversed/Documents/GitHub/MPS/Shooter_MP/Intermediate/Shaders/WorkingDirectory/1844/).
[2016.07.11-13.36.45:193][  0]LogShaderCompilers: Cleaned the shader compiler working directory 'C:/Users/enversed/AppData/Local/Temp/UnrealShaderWorkingDir/C28B6CEE4272E7DA04F6E2AC0F1A6C59/'.
[2016.07.11-13.36.45:193][  0]LogShaderCompilers:Display: Using Local Shader Compiler.
[2016.07.11-13.36.45:462][  0]LogDerivedDataCache:Display: Max Cache Size: 512 MB
[2016.07.11-13.36.45:494][  0]LogDerivedDataCache: Loaded boot cache 0.03s 48MB C:/Users/enversed/AppData/Local/UnrealEngine/4.12/DerivedDataCache/Boot.ddc.
[2016.07.11-13.36.45:494][  0]LogDerivedDataCache:Display: Loaded Boot cache: C:/Users/enversed/AppData/Local/UnrealEngine/4.12/DerivedDataCache/Boot.ddc
[2016.07.11-13.36.45:494][  0]LogDerivedDataCache: FDerivedDataBackendGraph:  Pak pak cache file ../../../../../../Users/enversed/Documents/GitHub/MPS/Shooter_MP/DerivedDataCache/DDC.ddp not found, will not use a pak cache.
[2016.07.11-13.36.45:494][  0]LogDerivedDataCache: Unable to find inner node Pak for hierarchical cache Hierarchy.
[2016.07.11-13.36.45:494][  0]LogDerivedDataCache: FDerivedDataBackendGraph:  CompressedPak pak cache file ../../../../../../Users/enversed/Documents/GitHub/MPS/Shooter_MP/DerivedDataCache/Compressed.ddp not found, will not use a pak cache.
[2016.07.11-13.36.45:494][  0]LogDerivedDataCache: Unable to find inner node CompressedPak for hierarchical cache Hierarchy.
[2016.07.11-13.36.45:506][  0]LogDerivedDataCache:Display: Pak cache opened for reading ../../../Engine/DerivedDataCache/Compressed.ddp.
[2016.07.11-13.36.45:517][  0]LogDerivedDataCache: Using Local data cache path C:/Users/enversed/AppData/Local/UnrealEngine/Common/DerivedDataCache: Writable
[2016.07.11-13.36.45:626][  0]LogAssetRegistry: FAssetRegistry took 0.0001 seconds to start up
[2016.07.11-13.36.45:639][  0]LogPackageLocalizationCache: Processed 3 localized package path(s) for 2 prioritized culture(s) in 0.012752 seconds
[2016.07.11-13.36.45:916][  0]LogTemp:Display: Loaded TP AllDesktopTargetPlatform
[2016.07.11-13.36.45:922][  0]LogTemp:Display: Loaded TP WindowsClientTargetPlatform
[2016.07.11-13.36.45:929][  0]LogTemp:Display: Loaded TP WindowsNoEditorTargetPlatform
[2016.07.11-13.36.45:935][  0]LogTemp:Display: Loaded TP WindowsServerTargetPlatform
[2016.07.11-13.36.45:941][  0]LogTemp:Display: Loaded TP WindowsTargetPlatform
[2016.07.11-13.36.45:947][  0]LogTemp:Display: Loaded TP AndroidTargetPlatform
[2016.07.11-13.36.45:952][  0]LogTemp:Display: Loaded TP Android_ASTCTargetPlatform
[2016.07.11-13.36.45:957][  0]LogTemp:Display: Loaded TP Android_ATCTargetPlatform
[2016.07.11-13.36.45:963][  0]LogTemp:Display: Loaded TP Android_DXTTargetPlatform
[2016.07.11-13.36.45:968][  0]LogTemp:Display: Loaded TP Android_ETC1TargetPlatform
[2016.07.11-13.36.45:974][  0]LogTemp:Display: Loaded TP Android_ETC2TargetPlatform
[2016.07.11-13.36.45:984][  0]LogTemp:Display: Loaded TP Android_MultiTargetPlatform
[2016.07.11-13.36.45:984][  0]LogTemp:Display: Loaded TP Android_PVRTCTargetPlatform
[2016.07.11-13.36.45:985][  0]LogTemp:Display: Loaded TP HTML5TargetPlatform
[2016.07.11-13.36.46:002][  0]LogTemp:Display: Loaded TP IOSTargetPlatform
[2016.07.11-13.36.46:007][  0]LogTemp:Display: Loaded TP TVOSTargetPlatform
[2016.07.11-13.36.46:013][  0]LogTemp:Display: Loaded TP LinuxNoEditorTargetPlatform
[2016.07.11-13.36.46:018][  0]LogTemp:Display: Loaded TP LinuxServerTargetPlatform
[2016.07.11-13.36.46:024][  0]LogTemp:Display: Loaded TP LinuxTargetPlatform
[2016.07.11-13.36.46:024][  0]LogTargetPlatformManager:Display: Building Assets For Windows
[2016.07.11-13.36.46:060][  0]LogInit: Selected Device Profile: [Windows]
[2016.07.11-13.36.46:097][  0]LogMeshUtilities: No automatic mesh reduction module available
[2016.07.11-13.36.46:097][  0]LogMeshUtilities: No automatic mesh merging module available
[2016.07.11-13.36.46:097][  0]LogMeshUtilities: No distributed automatic mesh merging module available
[2016.07.11-13.36.46:144][  0]LogInit: WinSock: version 1.1 (2.2), MaxSocks=32767, MaxUdp=65467
[2016.07.11-13.36.46:211][  0]SourceControl: Info Source control is disabled
[2016.07.11-13.36.46:211][  0]SourceControl: Info Source control is disabled
[2016.07.11-13.36.46:215][  0]SourceControl: Info Source control is disabled
[2016.07.11-13.36.46:271][  0]LogUObjectArray: 30341 objects as part of root set at end of initial load.
[2016.07.11-13.36.46:271][  0]LogUObjectAllocator: 6373488 out of 0 bytes used by permanent object pool.
[2016.07.11-13.36.46:271][  0]LogUObjectArray: CloseDisregardForGC: 0/0 objects in disregard for GC pool
[2016.07.11-13.36.46:300][  0]LogEngine: Initializing Engine...
[2016.07.11-13.36.46:324][  0]LogDerivedDataCache: Saved boot cache 0.02s 47MB C:/Users/enversed/AppData/Local/UnrealEngine/4.12/DerivedDataCache/Boot.ddc.
[2016.07.11-13.36.46:329][  0]LogInit: Texture streaming: Disabled
[2016.07.11-13.36.46:343][  0]LogNet: Browse: /Engine/Maps/Entry?Name=Player?listen
[2016.07.11-13.36.46:343][  0]LogLoad: LoadMap: /Engine/Maps/Entry?Name=Player?listen
[2016.07.11-13.36.46:359][  0]LogMemory: Platform Memory Stats for Windows
[2016.07.11-13.36.46:359][  0]LogMemory: Process Physical Memory: 491.52 MB used, 518.50 MB peak
[2016.07.11-13.36.46:359][  0]LogMemory: Process Virtual Memory: 459.68 MB used, 490.34 MB peak
[2016.07.11-13.36.46:359][  0]LogMemory: Physical Memory: 5348.34 MB used, 16299.06 MB total
[2016.07.11-13.36.46:359][  0]LogMemory: Virtual Memory: 929.22 MB used, 134217728.00 MB total
[2016.07.11-13.36.46:359][  0]LogMemory: 
[2016.07.11-13.36.46:359][  0]Allocator Stats for TBB: (not implemented)
[2016.07.11-13.36.46:365][  0]LogAIModule: Creating AISystem for world TheWorld
[2016.07.11-13.36.46:391][  0]LogWorld: Game class is 'GM_MPShooter_C'
[2016.07.11-13.36.46:391][  0]LogInit: WinSock: Socket queue 131072 / 131072
[2016.07.11-13.36.46:394][  0]LogInit: WinSock: I am arcade1 (192.168.1.140:0)
[2016.07.11-13.36.46:394][  0]PacketHandlerLog: Loaded PacketHandler component: Engine.EngineHandlerComponentFactory (StatelessConnectHandlerComponent)
[2016.07.11-13.36.46:394][  0]LogNet: GameNetDriver IpNetDriver_0 IpNetDriver listening on port 7778
[2016.07.11-13.36.46:394][  0]LogWorld: Bringing World /Engine/Maps/Entry.TheWorld up for play (max tick rate 30) at 2016.07.11-15.36.46
[2016.07.11-13.36.46:395][  0]LogWorld: Bringing up level for play took: 0.000538
[2016.07.11-13.36.46:395][  0]LogLoad: Took 0.051862 seconds to LoadMap(/Engine/Maps/Entry)
[2016.07.11-13.36.46:395][  0]LogInit:Display: Game Engine Initialized.
[2016.07.11-13.36.46:407][  0]LogLoad: Full Startup: 1.97 seconds (BP compile: 0.01 seconds)
[2016.07.11-13.36.46:407][  0]LogExternalProfiler: Found external profiler: VSPerf
[2016.07.11-13.36.46:407][  0]LogExternalProfiler: Using external profiler: VSPerf
