Log file open, 07/11/16 11:35:04
LogInit:Display: Running engine for game: Shooter_MP
LogPlatformFile: Not using cached read wrapper
LogInit:Display: RandInit(-1216531679) SRandInit(-1216531677).
LogTaskGraph: Started task graph with 4 named threads and 7 total threads with 1 sets of task threads.
LogStats: Stats thread started at 0.063897
LogInit: Version: 4.12.5-3039270+++UE4+Release-4.12
LogInit: API Version: 2992821
LogInit: Net Version: 3039270
LogDevObjectVersion: Number of dev versions registered: 13
LogDevObjectVersion:   Dev-Blueprints (B0D832E4-1F89-4F0D-ACCF-7EB736FD4AA2): 3
LogDevObjectVersion:   Dev-Build (E1C64328-A22C-4D53-A36C-8E866417BD8C): 0
LogDevObjectVersion:   Dev-Core (375EC13C-06E4-48FB-B500-84F0262A717E): 1
LogDevObjectVersion:   Dev-Editor (E4B068ED-F494-42E9-A231-DA0B2E46BB41): 2
LogDevObjectVersion:   Dev-Framework (CFFC743F-43B0-4480-9391-14DF171D2073): 6
LogDevObjectVersion:   Dev-Mobile (B02B49B5-BB20-44E9-A304-32B752E40360): 0
LogDevObjectVersion:   Dev-Networking (A4E4105C-59A1-49B5-A7C5-40C4547EDFEE): 0
LogDevObjectVersion:   Dev-Online (39C831C9-5AE6-47DC-9A44-9C173E1C8E7C): 0
LogDevObjectVersion:   Dev-Physics (78F01B33-EBEA-4F98-B9B4-84EACCB95AA2): 0
LogDevObjectVersion:   Dev-Platform (6631380F-2D4D-43E0-8009-CF276956A95A): 0
LogDevObjectVersion:   Dev-Rendering (12F88B9F-8875-4AFC-A67C-D90C383ABD29): 2
LogDevObjectVersion:   Dev-Sequencer (7B5AE74C-D270-4C10-A958-57980B212A5A): 0
LogDevObjectVersion:   Dev-VR (D7296918-1DD6-4BDD-9DE2-64A83CC13884): 0
LogInit: Compiled (64-bit): Jul  6 2016 09:09:46
LogInit: Compiled with Visual C++: 19.00.23026.00
LogInit: Build Configuration: Development
LogInit: Branch Name: ++UE4+Release-4.12
LogInit: Command line: -EpicPortal 
LogInit: Base directory: C:/Program Files (x86)/Epic Games/4.12/Engine/Binaries/Win64/
LogInit: Installed Engine Build: 1
LogInit: Using libcurl 7.41.0
LogInit:  - built for x86_64-pc-win32
LogInit:  - supports SSL with WinSSL
LogInit:  - other features:
LogInit:      CURL_VERSION_SSL
LogInit:      CURL_VERSION_IPV6
LogInit:      CURL_VERSION_ASYNCHDNS
LogInit:      CURL_VERSION_LARGEFILE
LogInit:      CURL_VERSION_IDN
LogInit:  CurlRequestOptions (configurable via config and command line):
LogInit:  - bVerifyPeer = true  - Libcurl will verify peer certificate
LogInit:  - bUseHttpProxy = false  - Libcurl will NOT use HTTP proxy
LogInit:  - bDontReuseConnections = false  - Libcurl will reuse connections
LogInit:  - CertBundlePath = nullptr  - Libcurl will use whatever was configured at build time.
LogInit: Presizing for max 8388607 objects, including 0 objects not considered by GC, pre-allocating 0 bytes for permanent pool.
LogInit: Object subsystem initialized
[2016.07.11-09.35.04:936][  0]LogInit: Selected Device Profile: [Windows]
[2016.07.11-09.35.04:936][  0]LogInit: Applying CVar settings loaded from the selected device profile: [Windows]
[2016.07.11-09.35.04:944][  0]LogInit: Computer: ARCADE1
[2016.07.11-09.35.04:944][  0]LogInit: User: enversed
[2016.07.11-09.35.04:944][  0]LogInit: CPU Page size=65536, Cores=4
[2016.07.11-09.35.04:944][  0]LogInit: High frequency timer resolution =3.914059 MHz
[2016.07.11-09.35.04:944][  0]LogMemory: Memory total: Physical=15.9GB (16GB approx)
[2016.07.11-09.35.04:944][  0]LogMemory: Platform Memory Stats for Windows
[2016.07.11-09.35.04:944][  0]LogMemory: Process Physical Memory: 189.82 MB used, 189.82 MB peak
[2016.07.11-09.35.04:944][  0]LogMemory: Process Virtual Memory: 195.16 MB used, 195.16 MB peak
[2016.07.11-09.35.04:944][  0]LogMemory: Physical Memory: 5038.61 MB used, 16299.06 MB total
[2016.07.11-09.35.04:944][  0]LogMemory: Virtual Memory: 554.25 MB used, 134217728.00 MB total
[2016.07.11-09.35.04:964][  0]LogTextLocalizationManager: No specific translations for ('en-US') exist, so ('en') translations will be used.
[2016.07.11-09.35.05:214][  0]LogD3D11RHI: D3D11 adapters:
[2016.07.11-09.35.05:235][  0]LogD3D11RHI:    0. 'NVIDIA GeForce GTX 1080' (Feature Level 11_0)
[2016.07.11-09.35.05:235][  0]LogD3D11RHI:       8084/0/8149 MB DedicatedVideo/DedicatedSystem/SharedSystem, Outputs:1, VendorId:0x10de
[2016.07.11-09.35.05:236][  0]LogD3D11RHI:    1. 'Microsoft Basic Render Driver' (Feature Level 11_0)
[2016.07.11-09.35.05:236][  0]LogD3D11RHI:       0/0/8149 MB DedicatedVideo/DedicatedSystem/SharedSystem, Outputs:0, VendorId:0x1414
[2016.07.11-09.35.05:236][  0]LogD3D11RHI: Chosen D3D11 Adapter: 0
[2016.07.11-09.35.05:239][  0]LogD3D11RHI: Creating new Direct3DDevice
[2016.07.11-09.35.05:239][  0]LogD3D11RHI:     GPU DeviceId: 0x1b80 (for the marketing name, search the web for "GPU Device Id")
[2016.07.11-09.35.05:239][  0]LogWindows: EnumDisplayDevices:
[2016.07.11-09.35.05:239][  0]LogWindows:    0. 'NVIDIA GeForce GTX 1080' (P:1 D:1)
[2016.07.11-09.35.05:239][  0]LogWindows:    1. 'NVIDIA GeForce GTX 1080' (P:0 D:0)
[2016.07.11-09.35.05:239][  0]LogWindows:    2. 'NVIDIA GeForce GTX 1080' (P:0 D:0)
[2016.07.11-09.35.05:239][  0]LogWindows:    3. 'NVIDIA GeForce GTX 1080' (P:0 D:0)
[2016.07.11-09.35.05:239][  0]LogWindows: DebugString: FoundDriverCount:4 
[2016.07.11-09.35.05:239][  0]LogD3D11RHI:     Adapter Name: NVIDIA GeForce GTX 1080
[2016.07.11-09.35.05:239][  0]LogD3D11RHI:   Driver Version: 368.39 (internal:10.18.13.6839, unified:368.39)
[2016.07.11-09.35.05:239][  0]LogD3D11RHI:      Driver Date: 6-2-2016
[2016.07.11-09.35.05:239][  0]LogRHI: Texture pool is 1361 MB (70% of 1945 MB)
[2016.07.11-09.35.05:251][  0]LogD3D11RHI: Async texture creation enabled
[2016.07.11-09.35.05:265][  0]LogD3D11RHI: GPU Timing Frequency: 1000.000000 (Debug: 2 2)
[2016.07.11-09.35.05:265][  0]LogShaderCompilers: Guid format shader working directory is -15 characters bigger than the processId version (../../../../../../Users/enversed/Documents/GitHub/MPS/Shooter_MP/Intermediate/Shaders/WorkingDirectory/2204/).
[2016.07.11-09.35.05:265][  0]LogShaderCompilers: Cleaned the shader compiler working directory 'C:/Users/enversed/AppData/Local/Temp/UnrealShaderWorkingDir/32D8173E44761A1D048082947CF398AB/'.
[2016.07.11-09.35.05:265][  0]LogShaderCompilers:Display: Using Local Shader Compiler.
[2016.07.11-09.35.05:904][  0]LogTemp:Display: Loaded TP AllDesktopTargetPlatform
[2016.07.11-09.35.05:910][  0]LogTemp:Display: Loaded TP WindowsClientTargetPlatform
[2016.07.11-09.35.05:917][  0]LogTemp:Display: Loaded TP WindowsNoEditorTargetPlatform
[2016.07.11-09.35.05:923][  0]LogTemp:Display: Loaded TP WindowsServerTargetPlatform
[2016.07.11-09.35.05:929][  0]LogTemp:Display: Loaded TP WindowsTargetPlatform
[2016.07.11-09.35.05:935][  0]LogTemp:Display: Loaded TP AndroidTargetPlatform
[2016.07.11-09.35.05:941][  0]LogTemp:Display: Loaded TP Android_ASTCTargetPlatform
[2016.07.11-09.35.05:946][  0]LogTemp:Display: Loaded TP Android_ATCTargetPlatform
[2016.07.11-09.35.05:951][  0]LogTemp:Display: Loaded TP Android_DXTTargetPlatform
[2016.07.11-09.35.05:956][  0]LogTemp:Display: Loaded TP Android_ETC1TargetPlatform
[2016.07.11-09.35.05:962][  0]LogTemp:Display: Loaded TP Android_ETC2TargetPlatform
[2016.07.11-09.35.05:973][  0]LogTemp:Display: Loaded TP Android_MultiTargetPlatform
[2016.07.11-09.35.05:973][  0]LogTemp:Display: Loaded TP Android_PVRTCTargetPlatform
[2016.07.11-09.35.05:973][  0]LogTemp:Display: Loaded TP HTML5TargetPlatform
[2016.07.11-09.35.05:991][  0]LogTemp:Display: Loaded TP IOSTargetPlatform
[2016.07.11-09.35.05:996][  0]LogTemp:Display: Loaded TP TVOSTargetPlatform
[2016.07.11-09.35.06:001][  0]LogTemp:Display: Loaded TP LinuxNoEditorTargetPlatform
[2016.07.11-09.35.06:006][  0]LogTemp:Display: Loaded TP LinuxServerTargetPlatform
[2016.07.11-09.35.06:011][  0]LogTemp:Display: Loaded TP LinuxTargetPlatform
[2016.07.11-09.35.06:011][  0]LogTargetPlatformManager:Display: Building Assets For Windows
[2016.07.11-09.35.06:054][  0]LogDerivedDataCache:Display: Max Cache Size: 512 MB
[2016.07.11-09.35.06:087][  0]LogDerivedDataCache: Loaded boot cache 0.03s 49MB C:/Users/enversed/AppData/Local/UnrealEngine/4.12/DerivedDataCache/Boot.ddc.
[2016.07.11-09.35.06:087][  0]LogDerivedDataCache:Display: Loaded Boot cache: C:/Users/enversed/AppData/Local/UnrealEngine/4.12/DerivedDataCache/Boot.ddc
[2016.07.11-09.35.06:087][  0]LogDerivedDataCache: FDerivedDataBackendGraph:  Pak pak cache file ../../../../../../Users/enversed/Documents/GitHub/MPS/Shooter_MP/DerivedDataCache/DDC.ddp not found, will not use a pak cache.
[2016.07.11-09.35.06:087][  0]LogDerivedDataCache: Unable to find inner node Pak for hierarchical cache Hierarchy.
[2016.07.11-09.35.06:087][  0]LogDerivedDataCache: FDerivedDataBackendGraph:  CompressedPak pak cache file ../../../../../../Users/enversed/Documents/GitHub/MPS/Shooter_MP/DerivedDataCache/Compressed.ddp not found, will not use a pak cache.
[2016.07.11-09.35.06:087][  0]LogDerivedDataCache: Unable to find inner node CompressedPak for hierarchical cache Hierarchy.
[2016.07.11-09.35.06:099][  0]LogDerivedDataCache:Display: Pak cache opened for reading ../../../Engine/DerivedDataCache/Compressed.ddp.
[2016.07.11-09.35.06:111][  0]LogDerivedDataCache: Using Local data cache path C:/Users/enversed/AppData/Local/UnrealEngine/Common/DerivedDataCache: Writable
[2016.07.11-09.35.06:224][  0]LogInit: Selected Device Profile: [Windows]
[2016.07.11-09.35.06:224][  0]LogContentStreaming: Texture pool size is 0.00 MB
[2016.07.11-09.35.06:324][  0]LogMeshUtilities: No automatic mesh reduction module available
[2016.07.11-09.35.06:324][  0]LogMeshUtilities: No automatic mesh merging module available
[2016.07.11-09.35.06:324][  0]LogMeshUtilities: No distributed automatic mesh merging module available
[2016.07.11-09.35.06:482][  0]LogAssetRegistry: FAssetRegistry took 0.0209 seconds to start up
[2016.07.11-09.35.06:500][  0]LogPackageLocalizationCache: Processed 3 localized package path(s) for 2 prioritized culture(s) in 0.015749 seconds
[2016.07.11-09.35.06:503][  0]LogUObjectArray: 28739 objects as part of root set at end of initial load.
[2016.07.11-09.35.06:503][  0]LogUObjectAllocator: 5855624 out of 0 bytes used by permanent object pool.
[2016.07.11-09.35.06:503][  0]LogUObjectArray: CloseDisregardForGC: 0/0 objects in disregard for GC pool
[2016.07.11-09.35.06:507][  0]LogInit: WinSock: version 1.1 (2.2), MaxSocks=32767, MaxUdp=65467
[2016.07.11-09.35.06:609][  0]LogSlate: SlateFontCache - WITH_FREETYPE: 1, WITH_HARFBUZZ: 1
[2016.07.11-09.35.06:609][  0]LogSlate: SlateFontCache - WITH_FREETYPE: 1, WITH_HARFBUZZ: 1
[2016.07.11-09.35.07:024][  0]LogUdpMessaging: Initializing bridge on interface 0.0.0.0:0 to multicast group 230.0.0.1:6666.
[2016.07.11-09.35.07:169][  0]SourceControl: Info Source control is disabled
[2016.07.11-09.35.07:190][  0]SourceControl: Info Source control is disabled
[2016.07.11-09.35.07:195][  0]SourceControl: Info Source control is disabled
[2016.07.11-09.35.07:199][  0]SourceControl: Info Source control is disabled
[2016.07.11-09.35.07:310][  0]LogEngine: Initializing Engine...
[2016.07.11-09.35.07:323][  0]LogHMD: SteamVR initialized.  Driver: lighthouse  Display: LHR-7C3980D9
[2016.07.11-09.35.07:334][  0]LogHMD: SteamVR initialized.  Driver: lighthouse  Display: LHR-7C3980D9
[2016.07.11-09.35.07:425][  0]LogAIModule: Creating AISystem for world NewWorld
[2016.07.11-09.35.07:433][  0]LogInit: XAudio2 using 'Speakers (3- USB Audio Device)' : 2 channels at 44.1 kHz using 16 bits per sample (channel mask 0x3)
[2016.07.11-09.35.07:440][  0]LogInit: FAudioDevice initialized.
[2016.07.11-09.35.07:457][  0]LogDerivedDataCache: Saved boot cache 0.02s 48MB C:/Users/enversed/AppData/Local/UnrealEngine/4.12/DerivedDataCache/Boot.ddc.
[2016.07.11-09.35.07:462][  0]LogInit: Texture streaming: Enabled
[2016.07.11-09.35.07:476][  0]LogInit: Transaction tracking system initialized
[2016.07.11-09.35.07:489][  0]BlueprintLog: New page: Editor Load
[2016.07.11-09.35.07:529][  0]LocalizationService: Info Localization service is disabled
[2016.07.11-09.35.07:567][  0]LogConsoleResponse:Display: 
[2016.07.11-09.35.07:632][  0]LogFileCache: Scanning file cache for directory 'C:/Users/enversed/Documents/GitHub/MPS/Shooter_MP/Content/' took 0.01s
[2016.07.11-09.35.07:632][  0]LogCook:Display: Max memory allowance for cook 8192mb
[2016.07.11-09.35.07:632][  0]LogCook:Display: Mobile HDR setting 1
[2016.07.11-09.35.07:682][  0]SourceControl: Info Source control is disabled
[2016.07.11-09.35.07:773][  0]LogCollectionManager: Loaded 0 collections in 0.001316 seconds
[2016.07.11-09.35.07:810][  0]LogFileCache: Scanning file cache for directory 'C:/Users/enversed/Documents/GitHub/MPS/Shooter_MP/Saved/Collections/' took 0.01s
[2016.07.11-09.35.07:810][  0]LogFileCache: Scanning file cache for directory 'C:/Users/enversed/Documents/GitHub/MPS/Shooter_MP/Content/Developers/enversed/Collections/' took 0.01s
[2016.07.11-09.35.07:810][  0]LogFileCache: Scanning file cache for directory 'C:/Users/enversed/Documents/GitHub/MPS/Shooter_MP/Content/Collections/' took 0.01s
[2016.07.11-09.35.07:810][  0]LogCollectionManager: Rebuilt the GUID cache for 0 collections in 0.000002 seconds
[2016.07.11-09.35.07:815][  0]LogContentBrowser: Native class hierarchy populated in 0.0053 seconds. Added 2047 classes and 369 folders.
[2016.07.11-09.35.07:817][  0]LogStats: UGameplayTagsManager::ConstructGameplayTagTree: Construct from data asset -  0.000 s
[2016.07.11-09.35.07:817][  0]LogStats: UGameplayTagsManager::ConstructGameplayTagTree: GameplayTagTreeChangedEvent.Broadcast -  0.000 s
[2016.07.11-09.35.07:818][  0]LogContentBrowser: Native class hierarchy updated for 'GameplayTags' in 0.0003 seconds. Added 12 classes and 0 folders.
[2016.07.11-09.35.07:820][  0]LogContentBrowser: Native class hierarchy updated for 'WidgetCarousel' in 0.0002 seconds. Added 0 classes and 0 folders.
[2016.07.11-09.35.07:828][  0]LogContentBrowser: Native class hierarchy updated for 'AddContentDialog' in 0.0003 seconds. Added 0 classes and 0 folders.
[2016.07.11-09.35.07:831][  0]LogContentBrowser: Native class hierarchy updated for 'SceneOutliner' in 0.0002 seconds. Added 1 classes and 2 folders.
[2016.07.11-09.35.07:840][  0]LogCrashTracker: Crashtracker disabled due to settings.
[2016.07.11-09.35.07:843][  0]LogUObjectGlobals:Warning: Failed to find object 'Class None.'
[2016.07.11-09.35.07:867][  0]LogContentBrowser: Native class hierarchy updated for 'HierarchicalLODOutliner' in 0.0003 seconds. Added 1 classes and 2 folders.
[2016.07.11-09.35.07:867][  0]LogLoad: Full Startup: 3.41 seconds (BP compile: 0.00 seconds)
[2016.07.11-09.35.07:867][  0]LogExternalProfiler: Found external profiler: VSPerf
[2016.07.11-09.35.07:867][  0]LogExternalProfiler: Using external profiler: VSPerf
[2016.07.11-09.35.07:876][  0]LogWindowsTextInputMethodSystem:Display: IME system now deactivated.
[2016.07.11-09.35.07:876][  0]LogOcInput: OculusInput pre-init called
[2016.07.11-09.35.07:891][  0]LogAssetRegistry: Asset discovery search completed in 1.4293 seconds
[2016.07.11-09.35.07:891][  0]LogCollectionManager: Rebuilt the object cache for 0 collections in 0.000001 seconds (found 0 objects)
[2016.07.11-09.35.07:891][  0]LogCollectionManager: Fixed up redirectors for 0 collections in 0.000014 seconds (updated 0 objects)
[2016.07.11-09.35.07:892][  0]LogContentStreaming: Texture pool size now 1000 MB
[2016.07.11-09.35.08:007][  0]LogRenderer: Reallocating scene render targets to support 1208x576 (Frame:2).
[2016.07.11-09.35.11:089][344]LogAIModule: Creating AISystem for world Test
[2016.07.11-09.35.11:102][344]Cmd: MAP LOAD FILE="../../../../../../Users/enversed/Documents/GitHub/MPS/Shooter_MP/Content/Test.umap" TEMPLATE=0 SHOWPROGRESS=1 FEATURELEVEL=3
[2016.07.11-09.35.11:102][344]LightingResults: New page: Lighting Build
[2016.07.11-09.35.11:103][344]LogContentBrowser: Native class hierarchy updated for 'StatsViewer' in 0.0003 seconds. Added 5 classes and 0 folders.
[2016.07.11-09.35.11:104][344]LoadErrors: New page: Loading map: Test.umap
[2016.07.11-09.35.11:104][344]MapCheck: New page: Map Check
[2016.07.11-09.35.11:104][344]LightingResults: New page: Lighting Build
[2016.07.11-09.35.11:112][344]LogEditorServer: Finished looking for orphan Actors (0.000 secs)
[2016.07.11-09.35.11:124][344]Cmd: MAP CHECKDEP NOCLEARLOG
[2016.07.11-09.35.11:146][344]MapCheck: Info Map check complete: 0 Error(s), 0 Warning(s), took 21.705ms to complete.
[2016.07.11-09.35.11:146][344]LogFileHelpers: Loading map 'Test' took 0.045
[2016.07.11-09.35.14:682][767]LogEditorViewport: Clicking on Actor (LMB): StaticMeshActor (Cube4)
[2016.07.11-09.35.15:409][851]LogEditorViewport: Clicking on Actor (LMB): PlayerStart (PlayerStart)
[2016.07.11-09.35.22:783][734]LogNavigationPoint: PostEditMove Clear paths rebuilt
[2016.07.11-09.35.24:137][896]LogPlayLevel: PlayLevel: No blueprints needed recompiling
[2016.07.11-09.35.24:137][896]PIE: New page: PIE session: Test (Jul 11, 2016, 12:35:24 PM)
[2016.07.11-09.35.24:137][896]LogPlayLevel: Creating play world package: /Game/UEDPIE_0_Test
[2016.07.11-09.35.24:138][896]LogPlayLevel: PIE: StaticDuplicateObject took: (0.000932s)
[2016.07.11-09.35.24:139][896]LogAIModule: Creating AISystem for world Test
[2016.07.11-09.35.24:139][896]LogPlayLevel: PIE: World Init took: (0.000420s)
[2016.07.11-09.35.24:139][896]LogPlayLevel: PIE: Created PIE world by copying editor world from /Game/Test.Test to /Game/UEDPIE_0_Test.Test (0.001483s)
[2016.07.11-09.35.24:152][896]LogInit: XAudio2 using 'Speakers (3- USB Audio Device)' : 2 channels at 44.1 kHz using 16 bits per sample (channel mask 0x3)
[2016.07.11-09.35.24:156][896]LogInit: FAudioDevice initialized.
[2016.07.11-09.35.24:285][896]LogWorld: Game class is 'GM_MPShooter_C'
[2016.07.11-09.35.24:287][896]LogWorld: Bringing World /Game/UEDPIE_0_Test.Test up for play (max tick rate 0) at 2016.07.11-11.35.24
[2016.07.11-09.35.24:287][896]LogWorld: Bringing up level for play took: 0.001071
[2016.07.11-09.35.24:289][896]LogContentBrowser: Native class hierarchy updated for 'MovieSceneCapture' in 0.0003 seconds. Added 11 classes and 0 folders.
[2016.07.11-09.35.24:308][896]PIE: Info Play in editor start time for /Game/UEDPIE_0_Test -0.558
[2016.07.11-09.35.24:319][897]LogRenderer: Reallocating scene render targets to support 3024x1680 (Frame:1871).
[2016.07.11-09.36.00:942][811]Cmd: OBJ SAVEPACKAGE PACKAGE="/Game/Levels/Test" FILE="../../../../../../Users/enversed/Documents/GitHub/MPS/Shooter_MP/Content/Levels/Test.umap" SILENT=true AUTOSAVING=false KEEPDIRTY=false
[2016.07.11-09.36.00:966][811]LogSavePackage: Save=17.40ms
[2016.07.11-09.36.00:966][811]LogSavePackage: Moving '../../../../../../Users/enversed/Documents/GitHub/MPS/Shooter_MP/Saved/Test19C4BAF34A7F703563D92A8941F374E9.tmp' to '../../../../../../Users/enversed/Documents/GitHub/MPS/Shooter_MP/Content/Levels/Test.umap'
[2016.07.11-09.36.00:968][811]LogSavePackage:Display: Finished SavePackage ../../../../../../Users/enversed/Documents/GitHub/MPS/Shooter_MP/Content/Levels/Test.umap
[2016.07.11-09.36.01:008][811]LogFileHelpers: Saving map 'Test' took 0.089
[2016.07.11-09.47.09:620][265]Cmd: OBJ SAVEPACKAGE PACKAGE="/Game/Levels/Menu" FILE="../../../../../../Users/enversed/Documents/GitHub/MPS/Shooter_MP/Content/Levels/Menu.umap" SILENT=true AUTOSAVING=false KEEPDIRTY=false
[2016.07.11-09.47.09:634][265]LogSavePackage: Save=6.42ms
[2016.07.11-09.47.09:634][265]LogSavePackage: Moving '../../../../../../Users/enversed/Documents/GitHub/MPS/Shooter_MP/Saved/Menu26C1B0FB4F3E09CD573AE992F264CAB2.tmp' to '../../../../../../Users/enversed/Documents/GitHub/MPS/Shooter_MP/Content/Levels/Menu.umap'
[2016.07.11-09.47.09:635][265]LogSavePackage:Display: Finished SavePackage ../../../../../../Users/enversed/Documents/GitHub/MPS/Shooter_MP/Content/Levels/Menu.umap
[2016.07.11-09.47.09:635][265]LogFileHelpers: Saving map 'Menu' took 0.039
[2016.07.11-09.47.09:637][265]Cmd: MAP LOAD FILE="../../../../../../Users/enversed/Documents/GitHub/MPS/Shooter_MP/Content/Levels/Menu.umap" TEMPLATE=0 SHOWPROGRESS=1 FEATURELEVEL=3
[2016.07.11-09.47.09:637][265]LightingResults: New page: Lighting Build
[2016.07.11-09.47.09:638][265]LoadErrors: New page: Loading map: Menu.umap
[2016.07.11-09.47.09:638][265]MapCheck: New page: Map Check
[2016.07.11-09.47.09:638][265]LightingResults: New page: Lighting Build
[2016.07.11-09.47.09:645][265]LogEditorServer: Finished looking for orphan Actors (0.000 secs)
[2016.07.11-09.47.09:646][265]LogAIModule: Creating AISystem for world Menu
[2016.07.11-09.47.09:666][265]Cmd: MAP CHECKDEP NOCLEARLOG
[2016.07.11-09.47.09:688][265]MapCheck: Info Map check complete: 0 Error(s), 0 Warning(s), took 22.721ms to complete.
[2016.07.11-09.47.09:689][265]LogFileHelpers: Loading map 'Menu' took 0.053
[2016.07.11-09.47.25:700][185]LogText:Warning: Failed to parse argument "GameModeName" as a number (using "0" as a fallback). Please check your format string for errors: "GameMode: Edit {GameModeName}".
[2016.07.11-09.47.32:271][939]LogContentBrowser: Native class hierarchy updated for 'BlueprintGraph' in 0.0005 seconds. Added 111 classes and 0 folders.
[2016.07.11-09.49.45:130][790]BlueprintLog: New page: Compile Menu
[2016.07.11-09.49.45:190][790]BlueprintEditorCompileResults: Info [0880.73] Compile of PersistentLevel.Menu successful! [in 60 ms] (/Game/Levels/Menu.Menu:PersistentLevel.Menu)
[2016.07.11-09.49.50:548][431]LogActorFactory: Actor Factory created Cube
[2016.07.11-09.49.50:973][482]LogActorFactory: Actor Factory created Cube
[2016.07.11-09.50.01:758][771]LogEditorViewport: Clicking on Actor (LMB): StaticMeshActor (Cube)
[2016.07.11-09.50.17:708][681]LogActorFactory: Actor Factory created Cube
[2016.07.11-09.50.19:290][870]LogActorFactory: Actor Factory created Cube
[2016.07.11-09.50.29:985][149]LogEditorViewport: Clicking Background
[2016.07.11-09.50.30:752][241]LogEditorViewport: Clicking on Actor (LMB): StaticMeshActor (Cube2)
[2016.07.11-09.51.03:599][976]0.053115
[2016.07.11-09.51.03:715][990]0.065881
[2016.07.11-09.51.03:723][991]0.089608
[2016.07.11-09.51.03:732][992]0.104167
[2016.07.11-09.51.03:740][993]0.140142
[2016.07.11-09.51.03:748][994]0.154855
[2016.07.11-09.51.03:757][995]0.162714
[2016.07.11-09.51.03:765][996]0.170846
[2016.07.11-09.51.03:831][  4]0.177389
[2016.07.11-09.51.03:840][  5]0.199010
[2016.07.11-09.51.03:848][  6]0.221461
[2016.07.11-09.51.03:856][  7]0.229403
[2016.07.11-09.51.03:865][  8]0.250867
[2016.07.11-09.51.03:882][ 10]0.288111
[2016.07.11-09.51.03:882][ 10]0.310759
[2016.07.11-09.51.03:890][ 11]0.325427
[2016.07.11-09.51.03:898][ 12]0.333496
[2016.07.11-09.51.03:924][ 15]0.341692
[2016.07.11-09.51.03:940][ 17]0.350006
[2016.07.11-09.51.03:948][ 18]0.356305
[2016.07.11-09.51.03:957][ 19]0.364583
[2016.07.11-09.51.03:982][ 22]0.381455
[2016.07.11-09.51.03:998][ 24]0.390034
[2016.07.11-09.51.04:007][ 25]0.407450
[2016.07.11-09.51.04:015][ 26]0.421843
[2016.07.11-09.51.04:023][ 27]0.430626
[2016.07.11-09.51.04:032][ 28]0.448401
[2016.07.11-09.51.04:040][ 29]0.457385
[2016.07.11-09.51.04:048][ 30]0.471635
[2016.07.11-09.51.04:056][ 31]0.480636
[2016.07.11-09.51.04:065][ 32]0.503891
[2016.07.11-09.51.04:081][ 34]0.536231
[2016.07.11-09.51.04:082][ 34]0.559502
[2016.07.11-09.51.04:090][ 35]0.591920
[2016.07.11-09.51.04:099][ 36]0.601106
[2016.07.11-09.51.04:107][ 37]0.610331
[2016.07.11-09.51.04:115][ 38]0.628894
[2016.07.11-09.51.04:132][ 40]0.638228
[2016.07.11-09.51.04:140][ 41]0.656994
[2016.07.11-09.51.04:182][ 46]0.666422
[2016.07.11-09.51.04:190][ 47]0.675880
[2016.07.11-09.51.04:215][ 50]0.694878
[2016.07.11-09.51.04:223][ 51]0.704416
[2016.07.11-09.51.04:240][ 53]0.723565
[2016.07.11-09.51.04:248][ 54]0.733174
[2016.07.11-09.51.04:723][111]0.742804
[2016.07.11-09.51.04:757][115]0.752456
[2016.07.11-09.51.04:806][121]0.762127
[2016.07.11-09.51.04:823][123]0.771818
[2016.07.11-09.51.04:832][124]0.781528
[2016.07.11-09.51.04:840][125]0.791255
[2016.07.11-09.51.04:857][127]0.801000
[2016.07.11-09.51.04:865][128]0.810762
[2016.07.11-09.51.04:890][131]0.820540
[2016.07.11-09.51.04:915][134]0.830333
[2016.07.11-09.51.04:932][136]0.840141
[2016.07.11-09.51.05:024][147]0.849964
[2016.07.11-09.51.05:032][148]0.859801
[2016.07.11-09.51.05:040][149]0.873076
[2016.07.11-09.51.05:048][150]0.882901
[2016.07.11-09.51.05:115][158]0.892739
[2016.07.11-09.51.05:123][159]0.896197
[2016.07.11-09.51.05:140][161]0.909537
[2016.07.11-09.51.05:224][171]0.919326
[2016.07.11-09.51.10:025][747]LogEditorViewport: Clicking on Actor (LMB): TextRenderActor (TextRenderActor)
[2016.07.11-09.51.14:104][236]LogEditorViewport: Clicking on Actor (LMB): StaticMeshActor (Cube2)
[2016.07.11-09.51.24:653][499]LogEditorViewport: Clicking on Actor (LMB): StaticMeshActor (Cube2)
[2016.07.11-09.51.25:147][558]LogEditorViewport: Clicking on Actor (LMB): TextRenderActor (TextRenderActor)
[2016.07.11-09.51.30:314][176]Cmd: MODE GRID=0
[2016.07.11-09.51.35:056][744]LogEditorViewport: Clicking Background
[2016.07.11-09.51.37:581][ 47]LogEditorViewport: Clicking on Actor (LMB): StaticMeshActor (Cube2)
[2016.07.11-09.51.39:269][247]LogEditorViewport: Clicking on Actor (LMB): TextRenderActor (TextRenderActor)
[2016.07.11-09.51.43:749][782]LogEditorViewport: Clicking Background
[2016.07.11-09.52.01:195][873]LogNavigationPoint: PostEditMove Clear paths rebuilt
[2016.07.11-09.52.02:843][ 70]LogEditorViewport: Clicking on Actor (LMB): StaticMeshActor (Cube2)
[2016.07.11-09.52.03:654][165]Cmd: DUPLICATE
[2016.07.11-09.52.03:654][165]Cmd: ACTOR DUPLICATE
[2016.07.11-09.52.08:517][746]Cmd: TRANSACTION UNDO
[2016.07.11-09.52.08:517][746]LogEditorTransaction: Undo Move Actors
[2016.07.11-09.52.09:589][857]LogEditorViewport: Clicking on Actor (LMB): StaticMeshActor (Cube3)
[2016.07.11-09.52.10:225][933]LogEditorViewport: Clicking on Actor (LMB): StaticMeshActor (Cube3)
[2016.07.11-09.52.11:260][ 57]LogEditorViewport: Clicking on Actor (LMB): StaticMeshActor (Cube3)
[2016.07.11-09.52.17:515][805]EditorErrors: New page: Actor attachment
[2016.07.11-09.52.19:373][ 26]Cmd: DUPLICATE
[2016.07.11-09.52.19:373][ 26]Cmd: ACTOR DUPLICATE
[2016.07.11-09.52.23:302][495]Cmd: DELETE
[2016.07.11-09.52.23:302][495]Cmd: ACTOR DELETE
[2016.07.11-09.52.23:303][495]LogEditorActor: Deleted Actor: StaticMeshActor
[2016.07.11-09.52.23:314][495]LogEditorActor: Deleted 1 Actors (0.012 secs)
[2016.07.11-09.52.25:843][797]Cmd: DUPLICATE
[2016.07.11-09.52.25:843][797]Cmd: ACTOR DUPLICATE
[2016.07.11-09.52.35:232][922]Cmd: DUPLICATE
[2016.07.11-09.52.35:232][922]Cmd: ACTOR DUPLICATE
[2016.07.11-09.52.40:161][512]Cmd: DUPLICATE
[2016.07.11-09.52.40:161][512]Cmd: ACTOR DUPLICATE
[2016.07.11-09.52.42:737][820]Cmd: DUPLICATE
[2016.07.11-09.52.42:737][820]Cmd: ACTOR DUPLICATE
[2016.07.11-09.52.43:794][946]Cmd: TRANSACTION UNDO
[2016.07.11-09.52.43:794][946]LogEditorTransaction: Undo Duplicate Actors
[2016.07.11-09.53.00:329][907]LogEditorViewport: Clicking on Actor (LMB): StaticMeshActor (Cube5)
[2016.07.11-09.53.04:737][433]LogEditorViewport: Clicking on Actor (LMB): StaticMeshActor (Cube3)
[2016.07.11-09.53.09:913][ 51]LogEditorViewport: Clicking on Actor (LMB): StaticMeshActor (Cube2)
[2016.07.11-09.53.10:999][179]Cmd: DELETE
[2016.07.11-09.53.10:999][179]Cmd: ACTOR DELETE
[2016.07.11-09.53.11:000][179]LogEditorActor: Deleted Actor: StaticMeshActor
[2016.07.11-09.53.11:012][179]LogEditorActor: Deleted 1 Actors (0.013 secs)
[2016.07.11-09.53.12:783][392]LogEditorViewport: Clicking on Actor (LMB): StaticMeshActor (Cube4)
[2016.07.11-09.53.20:637][331]LogEditorViewport: Clicking Background
[2016.07.11-09.53.22:058][501]MapCheck: New page: Map Check
[2016.07.11-09.53.22:073][501]LightingResults: New page: Lighting Build - Jul 11, 2016, 12:53:22 PM
[2016.07.11-09.53.22:100][501]LogSwarmInterface: [OpenConnection] Registering TCP channel ...
[2016.07.11-09.53.22:137][501]LogSwarmInterface: [OpenConnection] Connecting to agent ...
[2016.07.11-09.53.22:143][501]LogSwarmInterface: [TryOpenConnection] Testing the Agent
[2016.07.11-09.53.22:648][501]LogSwarmInterface: [TryOpenConnection] Opening Connection to Agent
[2016.07.11-09.53.22:648][501]LogSwarmInterface: [TryOpenConnection] Local Process ID is 2204
[2016.07.11-09.53.24:630][501]LogStaticLightingSystem:Warning: No importance volume found, so the scene bounding box was used.  You can optimize your scene's quality and lighting build times by adding importance volumes.
[2016.07.11-09.53.24:630][501]LogStaticLightingSystem: Running Lightmass w/ ImmediateImport mode ENABLED
[2016.07.11-09.53.24:630][501]LogStaticLightingSystem: Running Lightmass w/ ImmediateProcess mode ENABLED
[2016.07.11-09.53.24:630][501]LogStaticLightingSystem: Running Lightmass w/ Sorting mode ENABLED
[2016.07.11-09.53.24:630][501]LogStaticLightingSystem: Running Lightmass w/ Mapping paddings ENABLED
[2016.07.11-09.53.24:630][501]LogStaticLightingSystem: Running Lightmass w/ Mapping debug paddings DISABLED
[2016.07.11-09.53.24:722][501]LogEditorBuildUtils: Build time 0:02
[2016.07.11-09.53.25:553][558]Job is a success!
[2016.07.11-09.53.25:624][560]LogTexture:Display: Building textures: HQ_Lightmap0_1 (AutoDXT)
[2016.07.11-09.53.25:624][560]LogTexture:Display: Building textures: LQ_Lightmap_0_1 (DXT1)
[2016.07.11-09.53.25:624][560]LogTexture:Display: Building textures: ShadowMapTexture2D_0 (G8)
[2016.07.11-09.53.25:648][560]Lightmass on ARCADE1: 586 ms total, 66 ms importing, 12 ms setup, 268 ms photons, 223 ms processing, 0 ms extra exporting [5/5 mappings]. Threads: 1.41 sec total, 176 ms processing.
[2016.07.11-09.53.25:652][560]LogStaticLightingSystem: Illumination: 3.56 sec (16 ms encoding lightmaps, 7 ms encoding shadowmaps)
[2016.07.11-09.53.25:652][560]LogStaticLightingSystem: Lightmap texture memory:  0.1 MB (0.1 MB streaming, 0.0 MB non-streaming), 2 textures
[2016.07.11-09.53.25:652][560]LogStaticLightingSystem: Shadowmap texture memory: 0.0 MB (0.0 MB streaming, 0.0 MB non-streaming), 1 textures
[2016.07.11-09.53.26:637][561]Cmd: MAP CHECK NOTIFYRESULTS
[2016.07.11-09.53.26:637][561]MapCheck: New page: Menu - Jul 11, 2016, 12:53:26 PM
[2016.07.11-09.53.26:666][561]MapCheck: Info Map check complete: 0 Error(s), 0 Warning(s), took 28.444ms to complete.
[2016.07.11-09.53.30:748][ 45]Cmd: OBJ SAVEPACKAGE PACKAGE="/Game/Levels/Menu" FILE="../../../../../../Users/enversed/Documents/GitHub/MPS/Shooter_MP/Content/Levels/Menu.umap" SILENT=true AUTOSAVING=false KEEPDIRTY=false
[2016.07.11-09.53.30:820][ 45]LogSavePackage: Save=58.84ms
[2016.07.11-09.53.30:820][ 45]LogSavePackage: Moving '../../../../../../Users/enversed/Documents/GitHub/MPS/Shooter_MP/Saved/Menu6440B81248DF5FF46BD5B78F97180151.tmp' to '../../../../../../Users/enversed/Documents/GitHub/MPS/Shooter_MP/Content/Levels/Menu.umap'
[2016.07.11-09.53.30:822][ 45]LogSavePackage:Display: Finished SavePackage ../../../../../../Users/enversed/Documents/GitHub/MPS/Shooter_MP/Content/Levels/Menu.umap
[2016.07.11-09.53.30:833][ 45]LogFileHelpers: Saving map 'Menu' took 0.109
[2016.07.11-09.55.18:978][494]BlueprintLog: New page: Compile Menu
[2016.07.11-09.55.19:030][494]BlueprintEditorCompileResults: Info [1214.57] Compile of PersistentLevel.Menu successful! [in 51 ms] (/Game/Levels/Menu.Menu:PersistentLevel.Menu)
[2016.07.11-09.55.22:486][908]LogBlueprintUserMessages: Early PlayInEditor Detection: Level '/Game/Levels/Menu.Menu:PersistentLevel' has LevelScriptBlueprint '/Game/Levels/Menu.Menu:PersistentLevel.Menu' with GeneratedClass '/Game/Levels/Menu.Menu_C' with ClassGeneratedBy '/Game/Levels/Menu.Menu:PersistentLevel.Menu'
[2016.07.11-09.55.22:486][908]LogPlayLevel: PlayLevel: No blueprints needed recompiling
[2016.07.11-09.55.22:486][908]PIE: New page: PIE session: Menu (Jul 11, 2016, 12:55:22 PM)
[2016.07.11-09.55.22:486][908]LogPlayLevel: Creating play world package: /Game/Levels/UEDPIE_0_Menu
[2016.07.11-09.55.22:488][908]LogPlayLevel: PIE: StaticDuplicateObject took: (0.001520s)
[2016.07.11-09.55.22:488][908]LogAIModule: Creating AISystem for world Menu
[2016.07.11-09.55.22:488][908]LogPlayLevel: PIE: World Init took: (0.000548s)
[2016.07.11-09.55.22:488][908]LogPlayLevel: PIE: Created PIE world by copying editor world from /Game/Levels/Menu.Menu to /Game/Levels/UEDPIE_0_Menu.Menu (0.002207s)
[2016.07.11-09.55.22:506][908]LogInit: XAudio2 using 'Speakers (3- USB Audio Device)' : 2 channels at 44.1 kHz using 16 bits per sample (channel mask 0x3)
[2016.07.11-09.55.22:511][908]LogInit: FAudioDevice initialized.
[2016.07.11-09.55.22:604][908]LogWorld: Game class is 'GM_MPShooter_C'
[2016.07.11-09.55.22:606][908]LogWorld: Bringing World /Game/Levels/UEDPIE_0_Menu.Menu up for play (max tick rate 0) at 2016.07.11-11.55.22
[2016.07.11-09.55.22:607][908]LogWorld: Bringing up level for play took: 0.001945
[2016.07.11-09.55.22:635][908]PIE: Info Play in editor start time for /Game/Levels/UEDPIE_0_Menu -0.23
[2016.07.11-09.55.22:635][908]LogBlueprintUserMessages: Late PlayInEditor Detection: Level '/Game/Levels/Menu.Menu:PersistentLevel' has LevelScriptBlueprint '/Game/Levels/Menu.Menu:PersistentLevel.Menu' with GeneratedClass '/Game/Levels/Menu.Menu_C' with ClassGeneratedBy '/Game/Levels/Menu.Menu:PersistentLevel.Menu'
[2016.07.11-09.55.23:752][  3]LogNet: Browse: /Game/Levels/Test?listen
[2016.07.11-09.55.23:763][  3]LogLoad: LoadMap: /Game/Levels/Test?listen
[2016.07.11-09.55.23:775][  3]Cmd: MEM
[2016.07.11-09.55.23:785][  3]LogMemory: Platform Memory Stats for Windows
[2016.07.11-09.55.23:785][  3]LogMemory: Process Physical Memory: 933.82 MB used, 1048.98 MB peak
[2016.07.11-09.55.23:785][  3]LogMemory: Process Virtual Memory: 2539.68 MB used, 2539.71 MB peak
[2016.07.11-09.55.23:785][  3]LogMemory: Physical Memory: 4811.17 MB used, 16299.06 MB total
[2016.07.11-09.55.23:785][  3]LogMemory: Virtual Memory: 4142.11 MB used, 134217728.00 MB total
[2016.07.11-09.55.23:785][  3]LogMemory: 
[2016.07.11-09.55.23:785][  3]Allocator Stats for TBB: (not implemented)
[2016.07.11-09.55.23:834][  3]LogAIModule: Creating AISystem for world Test
[2016.07.11-09.55.23:834][  3]LogWorld: Game class is 'GM_MPShooter_C'
[2016.07.11-09.55.23:836][  3]LogInit: WinSock: Socket queue 131072 / 131072
[2016.07.11-09.55.23:836][  3]LogInit: WinSock: I am arcade1 (192.168.1.140:0)
[2016.07.11-09.55.23:837][  3]PacketHandlerLog: Loaded PacketHandler component: Engine.EngineHandlerComponentFactory (StatelessConnectHandlerComponent)
[2016.07.11-09.55.23:837][  3]LogNet: GameNetDriver IpNetDriver_0 IpNetDriver listening on port 7777
[2016.07.11-09.55.23:839][  3]LogWorld: Bringing World /Game/Levels/UEDPIE_0_Test.Test up for play (max tick rate 0) at 2016.07.11-11.55.23
[2016.07.11-09.55.23:839][  3]LogWorld: Bringing up level for play took: 0.001342
[2016.07.11-09.55.23:840][  3]LogLoad: Took 0.077765 seconds to LoadMap(/Game/Levels/Test)
[2016.07.11-09.55.27:695][345]LogBlueprintUserMessages: Early EndPlayMap Detection: Level '/Game/Levels/Menu.Menu:PersistentLevel' has LevelScriptBlueprint '/Game/Levels/Menu.Menu:PersistentLevel.Menu' with GeneratedClass '/Game/Levels/Menu.Menu_C' with ClassGeneratedBy '/Game/Levels/Menu.Menu:PersistentLevel.Menu'
[2016.07.11-09.55.27:796][345]LogBlueprintUserMessages: Late EndPlayMap Detection: Level '/Game/Levels/Menu.Menu:PersistentLevel' has LevelScriptBlueprint '/Game/Levels/Menu.Menu:PersistentLevel.Menu' with GeneratedClass '/Game/Levels/Menu.Menu_C' with ClassGeneratedBy '/Game/Levels/Menu.Menu:PersistentLevel.Menu'
[2016.07.11-09.55.27:808][345]LogExit: GameNetDriver None shut down
[2016.07.11-09.55.29:199][511]LogEditorViewport: Clicking Background
[2016.07.11-09.55.32:902][950]Cmd: OBJ SAVEPACKAGE PACKAGE="/Game/Levels/Menu" FILE="../../../../../../Users/enversed/Documents/GitHub/MPS/Shooter_MP/Content/Levels/Menu.umap" SILENT=true AUTOSAVING=false KEEPDIRTY=false
[2016.07.11-09.55.32:974][950]LogSavePackage: Save=59.64ms
[2016.07.11-09.55.32:974][950]LogSavePackage: Moving '../../../../../../Users/enversed/Documents/GitHub/MPS/Shooter_MP/Saved/MenuCD7F5AE24E4C4AE81C9ED9BBF1D4B540.tmp' to '../../../../../../Users/enversed/Documents/GitHub/MPS/Shooter_MP/Content/Levels/Menu.umap'
[2016.07.11-09.55.32:976][950]LogSavePackage:Display: Finished SavePackage ../../../../../../Users/enversed/Documents/GitHub/MPS/Shooter_MP/Content/Levels/Menu.umap
[2016.07.11-09.55.32:984][950]LogFileHelpers: Saving map 'Menu' took 0.107
[2016.07.11-09.57.52:508][542]LogSavePackage: Save=59.69ms
[2016.07.11-09.57.52:508][542]LogSavePackage: Moving '../../../../../../Users/enversed/Documents/GitHub/MPS/Shooter_MP/Saved/UEDPCMenuD11F71BF49728CDAD9490FAD27F669F7.tmp' to '../../../../../../Users/enversed/Documents/GitHub/MPS/Shooter_MP/Saved/Autosaves/Game/Levels/UEDPCMenu.umap'
[2016.07.11-09.57.52:509][542]LogSavePackage:Display: Finished SavePackage ../../../../../../Users/enversed/Documents/GitHub/MPS/Shooter_MP/Saved/Autosaves/Game/Levels/UEDPCMenu.umap
[2016.07.11-09.57.52:512][542]LogEditorTransaction: Undo Spawn Play From Here Start
[2016.07.11-09.57.52:512][542]LogHMD:Warning: Standalone game VR not supported, please use VR Preview.
[2016.07.11-09.57.57:568][641]LogWindows: FPlatformMisc::RequestExit(0)
[2016.07.11-09.57.57:879][642]LogWindowsTextInputMethodSystem:Display: IME system now deactivated.
[2016.07.11-09.57.58:006][642]LogExit: Preparing to exit.
[2016.07.11-09.57.58:420][642]LogActorComponent: UnregisterComponent: (None.None) Not registered. Aborting.
[2016.07.11-09.57.58:421][642]LogActorComponent: UnregisterComponent: (None.None) Not registered. Aborting.
[2016.07.11-09.57.58:421][642]LogActorComponent: UnregisterComponent: (None.None) Not registered. Aborting.
[2016.07.11-09.57.58:421][642]LogActorComponent: UnregisterComponent: (None.None) Not registered. Aborting.
[2016.07.11-09.57.58:421][642]LogActorComponent: UnregisterComponent: (None.None) Not registered. Aborting.
[2016.07.11-09.57.58:421][642]LogActorComponent: UnregisterComponent: (None.None) Not registered. Aborting.
[2016.07.11-09.57.58:421][642]LogActorComponent: UnregisterComponent: (None.None) Not registered. Aborting.
[2016.07.11-09.57.58:449][642]LogExit: Editor shut down
[2016.07.11-09.57.58:449][642]LogExit: Transaction tracking system shut down
[2016.07.11-09.57.58:544][642]LogObj: Freed 0b from 0 cluster array pools.
[2016.07.11-09.57.58:544][642]LogExit: Object subsystem successfully closed.
[2016.07.11-09.57.58:562][642]LogD3D11RHI: Shutdown
[2016.07.11-09.57.58:562][642]LogD3D11RHI: CleanupD3DDevice
[2016.07.11-09.57.58:564][642]LogD3D11RHI: ~FD3D11DynamicRHI
[2016.07.11-09.57.58:573][642]LogModuleManager: Shutting down and abandoning module ExternalImagePicker (217)
[2016.07.11-09.57.58:573][642]LogModuleManager: Shutting down and abandoning module BlueprintGraph (215)
[2016.07.11-09.57.58:573][642]LogModuleManager: Shutting down and abandoning module MovieSceneCapture (214)
[2016.07.11-09.57.58:573][642]LogModuleManager: Shutting down and abandoning module StatsViewer (213)
[2016.07.11-09.57.58:573][642]LogModuleManager: Shutting down and abandoning module HierarchicalLODOutliner (212)
[2016.07.11-09.57.58:573][642]LogModuleManager: Shutting down and abandoning module CrashTracker (211)
[2016.07.11-09.57.58:573][642]LogModuleManager: Shutting down and abandoning module SceneOutliner (210)
[2016.07.11-09.57.58:573][642]LogModuleManager: Shutting down and abandoning module WidgetCarousel (209)
[2016.07.11-09.57.58:573][642]LogModuleManager: Shutting down and abandoning module AddContentDialog (208)
[2016.07.11-09.57.58:574][642]LogModuleManager: Shutting down and abandoning module GameplayTags (207)
[2016.07.11-09.57.58:574][642]LogModuleManager: Shutting down and abandoning module EditorWidgets (206)
[2016.07.11-09.57.58:574][642]LogModuleManager: Shutting down and abandoning module CollectionManager (205)
[2016.07.11-09.57.58:574][642]LogModuleManager: Shutting down and abandoning module FoliageEdit (204)
[2016.07.11-09.57.58:574][642]LogModuleManager: Shutting down and abandoning module LandscapeEditor (203)
[2016.07.11-09.57.58:574][642]LogModuleManager: Shutting down and abandoning module SceneDepthPickerMode (202)
[2016.07.11-09.57.58:574][642]LogModuleManager: Shutting down and abandoning module ActorPickerMode (201)
[2016.07.11-09.57.58:574][642]LogModuleManager: Shutting down and abandoning module GeometryMode (200)
[2016.07.11-09.57.58:574][642]LogModuleManager: Shutting down and abandoning module TextureAlignMode (199)
[2016.07.11-09.57.58:574][642]LogModuleManager: Shutting down and abandoning module BspMode (198)
[2016.07.11-09.57.58:574][642]LogModuleManager: Shutting down and abandoning module HardwareSurvey (197)
[2016.07.11-09.57.58:574][642]LogModuleManager: Shutting down and abandoning module SequenceRecorderSections (196)
[2016.07.11-09.57.58:574][642]LogModuleManager: Shutting down and abandoning module SequenceRecorder (195)
[2016.07.11-09.57.58:574][642]LogModuleManager: Shutting down and abandoning module AutomationWorker (194)
[2016.07.11-09.57.58:574][642]LogModuleManager: Shutting down and abandoning module MatineeToLevelSequence (193)
[2016.07.11-09.57.58:574][642]LogModuleManager: Shutting down and abandoning module PlacementMode (192)
[2016.07.11-09.57.58:574][642]LogModuleManager: Shutting down and abandoning module LevelSequenceEditor (191)
[2016.07.11-09.57.58:575][642]LogModuleManager: Shutting down and abandoning module CharacterAI (190)
[2016.07.11-09.57.58:575][642]LogModuleManager: Shutting down and abandoning module SmartSnapping (189)
[2016.07.11-09.57.58:575][642]LogModuleManager: Shutting down and abandoning module SessionServices (188)
[2016.07.11-09.57.58:575][642]LogModuleManager: Shutting down and abandoning module ViewportSnapping (187)
[2016.07.11-09.57.58:575][642]LogModuleManager: Shutting down and abandoning module LogVisualizer (186)
[2016.07.11-09.57.58:575][642]LogModuleManager: Shutting down and abandoning module GameProjectGeneration (185)
[2016.07.11-09.57.58:575][642]LogModuleManager: Shutting down and abandoning module IntroTutorials (184)
[2016.07.11-09.57.58:575][642]LogModuleManager: Shutting down and abandoning module EditorLiveStreaming (183)
[2016.07.11-09.57.58:575][642]LogModuleManager: Shutting down and abandoning module IOSPlatformEditor (182)
[2016.07.11-09.57.58:575][642]LogModuleManager: Shutting down and abandoning module HTML5PlatformEditor (181)
[2016.07.11-09.57.58:575][642]LogModuleManager: Shutting down and abandoning module AndroidDeviceDetection (180)
[2016.07.11-09.57.58:833][642]LogModuleManager: Shutting down and abandoning module AndroidPlatformEditor (179)
[2016.07.11-09.57.58:833][642]LogModuleManager: Shutting down and abandoning module IOSRuntimeSettings (178)
[2016.07.11-09.57.58:833][642]LogModuleManager: Shutting down and abandoning module AndroidRuntimeSettings (177)
[2016.07.11-09.57.58:833][642]LogModuleManager: Shutting down and abandoning module MergeActors (176)
[2016.07.11-09.57.58:833][642]LogModuleManager: Shutting down and abandoning module SizeMap (175)
[2016.07.11-09.57.58:833][642]LogModuleManager: Shutting down and abandoning module TreeMap (174)
[2016.07.11-09.57.58:833][642]LogModuleManager: Shutting down and abandoning module ReferenceViewer (173)
[2016.07.11-09.57.58:833][642]LogModuleManager: Shutting down and abandoning module LocalizationService (172)
[2016.07.11-09.57.58:833][642]LogModuleManager: Shutting down and abandoning module LocalizationDashboard (171)
[2016.07.11-09.57.58:834][642]LogModuleManager: Shutting down and abandoning module HardwareTargeting (170)
[2016.07.11-09.57.58:834][642]LogModuleManager: Shutting down and abandoning module DeviceProfileEditor (169)
[2016.07.11-09.57.58:834][642]LogModuleManager: Shutting down and abandoning module UndoHistory (168)
[2016.07.11-09.57.58:834][642]LogModuleManager: Shutting down and abandoning module UserFeedback (167)
[2016.07.11-09.57.58:834][642]LogModuleManager: Shutting down and abandoning module XmlParser (166)
[2016.07.11-09.57.58:834][642]LogModuleManager: Shutting down and abandoning module Blutility (165)
[2016.07.11-09.57.58:834][642]LogModuleManager: Shutting down and abandoning module ProjectTargetPlatformEditor (164)
[2016.07.11-09.57.58:834][642]LogModuleManager: Shutting down and abandoning module ProjectSettingsViewer (163)
[2016.07.11-09.57.58:834][642]LogModuleManager: Shutting down and abandoning module InputBindingEditor (162)
[2016.07.11-09.57.58:834][642]LogModuleManager: Shutting down and abandoning module EditorSettingsViewer (161)
[2016.07.11-09.57.58:834][642]LogModuleManager: Shutting down and abandoning module SettingsEditor (160)
[2016.07.11-09.57.58:834][642]LogModuleManager: Shutting down and abandoning module ProjectLauncher (159)
[2016.07.11-09.57.58:834][642]LogModuleManager: Shutting down and abandoning module SessionFrontend (158)
[2016.07.11-09.57.58:834][642]LogModuleManager: Shutting down and abandoning module ProfilerClient (157)
[2016.07.11-09.57.58:834][642]LogModuleManager: Shutting down and abandoning module TargetDeviceServices (156)
[2016.07.11-09.57.58:834][642]LogModuleManager: Shutting down and abandoning module DeviceManager (155)
[2016.07.11-09.57.58:875][642]LogModuleManager: Shutting down and abandoning module AutomationController (154)
[2016.07.11-09.57.58:875][642]LogModuleManager: Shutting down and abandoning module AutomationWindow (153)
[2016.07.11-09.57.58:875][642]LogModuleManager: Shutting down and abandoning module Layers (152)
[2016.07.11-09.57.58:875][642]LogModuleManager: Shutting down and abandoning module ComponentVisualizers (151)
[2016.07.11-09.57.58:875][642]LogModuleManager: Shutting down and abandoning module DetailCustomizations (150)
[2016.07.11-09.57.58:875][642]LogModuleManager: Shutting down and abandoning module PackagesDialog (149)
[2016.07.11-09.57.58:875][642]LogModuleManager: Shutting down and abandoning module Persona (148)
[2016.07.11-09.57.58:875][642]LogModuleManager: Shutting down and abandoning module Kismet (147)
[2016.07.11-09.57.58:875][642]LogModuleManager: Shutting down and abandoning module GraphEditor (146)
[2016.07.11-09.57.58:875][642]LogModuleManager: Shutting down and abandoning module ClassViewer (145)
[2016.07.11-09.57.58:875][642]LogModuleManager: Shutting down and abandoning module Toolbox (144)
[2016.07.11-09.57.58:875][642]LogModuleManager: Shutting down and abandoning module ModuleUI (143)
[2016.07.11-09.57.58:875][642]LogModuleManager: Shutting down and abandoning module MovieSceneTools (142)
[2016.07.11-09.57.58:875][642]LogModuleManager: Shutting down and abandoning module OutputLog (141)
[2016.07.11-09.57.58:875][642]LogModuleManager: Shutting down and abandoning module GammaUI (140)
[2016.07.11-09.57.58:875][642]LogModuleManager: Shutting down and abandoning module Documentation (139)
[2016.07.11-09.57.58:875][642]LogModuleManager: Shutting down and abandoning module StreamingPauseRendering (138)
[2016.07.11-09.57.58:875][642]LogModuleManager: Shutting down and abandoning module AnalyticsET (137)
[2016.07.11-09.57.58:875][642]LogModuleManager: Shutting down and abandoning module Analytics (136)
[2016.07.11-09.57.58:875][642]LogModuleManager: Shutting down and abandoning module PortalServices (135)
[2016.07.11-09.57.58:875][642]LogModuleManager: Shutting down and abandoning module PortalRpc (134)
[2016.07.11-09.57.58:875][642]LogModuleManager: Shutting down and abandoning module MessagingRpc (133)
[2016.07.11-09.57.58:875][642]LogModuleManager: Shutting down and abandoning module GameplayDebugger (132)
[2016.07.11-09.57.58:875][642]LogModuleManager: Shutting down and abandoning module AITestSuite (131)
[2016.07.11-09.57.58:875][642]LogModuleManager: Shutting down and abandoning module AIModule (130)
[2016.07.11-09.57.58:876][642]LogModuleManager: Shutting down and abandoning module ProfilerService (129)
[2016.07.11-09.57.59:030][642]LogModuleManager: Shutting down and abandoning module TaskGraph (128)
[2016.07.11-09.57.59:030][642]LogModuleManager: Shutting down and abandoning module SlateRemote (127)
[2016.07.11-09.57.59:030][642]LogModuleManager: Shutting down and abandoning module SteamVRController (126)
[2016.07.11-09.57.59:030][642]LogModuleManager: Shutting down and abandoning module SteamVR (125)
[2016.07.11-09.57.59:030][642]LogModuleManager: Shutting down and abandoning module ProceduralMeshComponent (124)
[2016.07.11-09.57.59:030][642]LogModuleManager: Shutting down and abandoning module OculusLibrary (123)
[2016.07.11-09.57.59:030][642]LogModuleManager: Shutting down and abandoning module OculusInput (122)
[2016.07.11-09.57.59:030][642]LogModuleManager: Shutting down and abandoning module CustomMeshComponent (121)
[2016.07.11-09.57.59:030][642]LogModuleManager: Shutting down and abandoning module CableComponent (120)
[2016.07.11-09.57.59:030][642]LogModuleManager: Shutting down and abandoning module ArchVisCharacter (119)
[2016.07.11-09.57.59:030][642]LogModuleManager: Shutting down and abandoning module MediaPlayerEditor (118)
[2016.07.11-09.57.59:030][642]LogModuleManager: Shutting down and abandoning module HTML5Networking (117)
[2016.07.11-09.57.59:030][642]LogModuleManager: Shutting down and abandoning module SuperSearch (116)
[2016.07.11-09.57.59:030][642]LogModuleManager: Shutting down and abandoning module SuperSearchEditor (115)
[2016.07.11-09.57.59:030][642]LogModuleManager: Shutting down and abandoning module SpeedTreeImporter (114)
[2016.07.11-09.57.59:030][642]LogModuleManager: Shutting down and abandoning module PluginBrowser (113)
[2016.07.11-09.57.59:030][642]LogModuleManager: Shutting down and abandoning module EpicSurvey (112)
[2016.07.11-09.57.59:030][642]LogModuleManager: Shutting down and abandoning module DesktopPlatform (111)
[2016.07.11-09.57.59:030][642]LogModuleManager: Shutting down and abandoning module VisualStudioSourceCodeAccess (110)
[2016.07.11-09.57.59:030][642]LogModuleManager: Shutting down and abandoning module UObjectPlugin (109)
[2016.07.11-09.57.59:030][642]LogModuleManager: Shutting down and abandoning module SubversionSourceControl (108)
[2016.07.11-09.57.59:030][642]LogModuleManager: Shutting down and abandoning module PerforceSourceControl (107)
[2016.07.11-09.57.59:030][642]LogModuleManager: Shutting down and abandoning module SourceControl (106)
[2016.07.11-09.57.59:030][642]LogModuleManager: Shutting down and abandoning module GitSourceControl (105)
[2016.07.11-09.57.59:030][642]LogModuleManager: Shutting down and abandoning module LightPropagationVolumeEditor (104)
[2016.07.11-09.57.59:030][642]LogModuleManager: Shutting down and abandoning module PaperTiledImporter (103)
[2016.07.11-09.57.59:030][642]LogModuleManager: Shutting down and abandoning module PaperSpriteSheetImporter (102)
[2016.07.11-09.57.59:030][642]LogModuleManager: Shutting down and abandoning module MeshPaint (101)
[2016.07.11-09.57.59:030][642]LogModuleManager: Shutting down and abandoning module PixelInspectorModule (100)
[2016.07.11-09.57.59:030][642]LogModuleManager: Shutting down and abandoning module HotReload (99)
[2016.07.11-09.57.59:031][642]LogModuleManager: Shutting down and abandoning module MainFrame (98)
[2016.07.11-09.57.59:031][642]LogModuleManager: Shutting down and abandoning module LevelEditor (97)
[2016.07.11-09.57.59:031][642]LogModuleManager: Shutting down and abandoning module ContentBrowser (96)
[2016.07.11-09.57.59:031][642]LogModuleManager: Shutting down and abandoning module Paper2DEditor (95)
[2016.07.11-09.57.59:031][642]LogModuleManager: Shutting down and abandoning module UdpMessaging (94)
[2016.07.11-09.57.59:132][642]LogModuleManager: Shutting down and abandoning module LightPropagationVolumeRuntime (93)
[2016.07.11-09.57.59:132][642]LogModuleManager: Shutting down and abandoning module Paper2D (92)
[2016.07.11-09.57.59:132][642]LogModuleManager: Shutting down and abandoning module WindowsMoviePlayer (91)
[2016.07.11-09.57.59:132][642]LogModuleManager: Shutting down and abandoning module Media (90)
[2016.07.11-09.57.59:132][642]LogModuleManager: Shutting down and abandoning module WmfMedia (89)
[2016.07.11-09.57.59:132][642]LogModuleManager: Shutting down and abandoning module MediaAssets (88)
[2016.07.11-09.57.59:132][642]LogModuleManager: Shutting down and abandoning module GameLiveStreaming (87)
[2016.07.11-09.57.59:132][642]LogModuleManager: Shutting down and abandoning module GameplayTagsEditor (86)
[2016.07.11-09.57.59:132][642]LogModuleManager: Shutting down and abandoning module OnlineBlueprintSupport (85)
[2016.07.11-09.57.59:132][642]LogModuleManager: Shutting down and abandoning module VREditor (84)
[2016.07.11-09.57.59:132][642]LogModuleManager: Shutting down and abandoning module GameplayTasksEditor (83)
[2016.07.11-09.57.59:132][642]LogModuleManager: Shutting down and abandoning module PropertyEditor (82)
[2016.07.11-09.57.59:132][642]LogModuleManager: Shutting down and abandoning module BehaviorTreeEditor (81)
[2016.07.11-09.57.59:132][642]LogModuleManager: Shutting down and abandoning module FunctionalTesting (80)
[2016.07.11-09.57.59:132][642]LogModuleManager: Shutting down and abandoning module CollisionAnalyzer (79)
[2016.07.11-09.57.59:132][642]LogModuleManager: Shutting down and abandoning module Sequencer (78)
[2016.07.11-09.57.59:132][642]LogModuleManager: Shutting down and abandoning module WorkspaceMenuStructure (77)
[2016.07.11-09.57.59:132][642]LogModuleManager: Shutting down and abandoning module MessageLog (76)
[2016.07.11-09.57.59:132][642]LogModuleManager: Shutting down and abandoning module AssetTools (75)
[2016.07.11-09.57.59:132][642]LogModuleManager: Shutting down and abandoning module UMGEditor (74)
[2016.07.11-09.57.59:132][642]LogModuleManager: Shutting down and abandoning module UMG (73)
[2016.07.11-09.57.59:132][642]LogModuleManager: Shutting down and abandoning module SlateReflector (72)
[2016.07.11-09.57.59:132][642]LogModuleManager: Shutting down and abandoning module Slate (71)
[2016.07.11-09.57.59:132][642]LogModuleManager: Shutting down and abandoning module EditorStyle (70)
[2016.07.11-09.57.59:133][642]LogModuleManager: Shutting down and abandoning module SourceCodeAccess (69)
[2016.07.11-09.57.59:133][642]LogModuleManager: Shutting down and abandoning module HeadMountedDisplay (68)
[2016.07.11-09.57.59:133][642]LogModuleManager: Shutting down and abandoning module XAudio2 (67)
[2016.07.11-09.57.59:133][642]LogModuleManager: Shutting down and abandoning module Networking (65)
[2016.07.11-09.57.59:134][642]LogModuleManager: Shutting down and abandoning module Core (64)
[2016.07.11-09.57.59:134][642]LogModuleManager: Shutting down and abandoning module DirectoryWatcher (63)
[2016.07.11-09.57.59:136][642]LogModuleManager: Shutting down and abandoning module AssetRegistry (62)
[2016.07.11-09.57.59:191][642]LogModuleManager: Shutting down and abandoning module KismetCompiler (61)
[2016.07.11-09.57.59:191][642]LogModuleManager: Shutting down and abandoning module PhysXFormats (60)
[2016.07.11-09.57.59:191][642]LogModuleManager: Shutting down and abandoning module MeshUtilities (59)
[2016.07.11-09.57.59:191][642]LogModuleManager: Shutting down and abandoning module DerivedDataCache (58)
[2016.07.11-09.57.59:245][642]LogDerivedDataCache: Shutdown
[2016.07.11-09.57.59:245][642]LogModuleManager: Shutting down and abandoning module VulkanShaderFormat (57)
[2016.07.11-09.57.59:245][642]LogModuleManager: Shutting down and abandoning module ShaderFormatOpenGL (56)
[2016.07.11-09.57.59:245][642]LogModuleManager: Shutting down and abandoning module ShaderFormatD3D (55)
[2016.07.11-09.57.59:245][642]LogModuleManager: Shutting down and abandoning module MetalShaderFormat (54)
[2016.07.11-09.57.59:245][642]LogModuleManager: Shutting down and abandoning module TextureFormatUncompressed (53)
[2016.07.11-09.57.59:245][642]LogModuleManager: Shutting down and abandoning module TextureFormatPVR (52)
[2016.07.11-09.57.59:245][642]LogModuleManager: Shutting down and abandoning module TextureFormatIntelISPCTexComp (51)
[2016.07.11-09.57.59:245][642]LogModuleManager: Shutting down and abandoning module TextureFormatDXT (50)
[2016.07.11-09.57.59:245][642]LogModuleManager: Shutting down and abandoning module ImageWrapper (49)
[2016.07.11-09.57.59:245][642]LogModuleManager: Shutting down and abandoning module TextureFormatASTC (48)
[2016.07.11-09.57.59:245][642]LogModuleManager: Shutting down and abandoning module TextureFormatAndroid (47)
[2016.07.11-09.57.59:245][642]LogModuleManager: Shutting down and abandoning module AudioFormatOpus (46)
[2016.07.11-09.57.59:245][642]LogModuleManager: Shutting down and abandoning module AudioFormatOgg (45)
[2016.07.11-09.57.59:245][642]LogModuleManager: Shutting down and abandoning module AudioFormatADPCM (44)
[2016.07.11-09.57.59:245][642]LogModuleManager: Shutting down and abandoning module LinuxTargetPlatform (43)
[2016.07.11-09.57.59:245][642]LogModuleManager: Shutting down and abandoning module LinuxServerTargetPlatform (42)
[2016.07.11-09.57.59:245][642]LogModuleManager: Shutting down and abandoning module LinuxNoEditorTargetPlatform (41)
[2016.07.11-09.57.59:245][642]LogModuleManager: Shutting down and abandoning module TVOSTargetPlatform (40)
[2016.07.11-09.57.59:245][642]LogModuleManager: Shutting down and abandoning module Messaging (39)
[2016.07.11-09.57.59:245][642]LogModuleManager: Shutting down and abandoning module IOSTargetPlatform (38)
[2016.07.11-09.57.59:245][642]LogModuleManager: Shutting down and abandoning module HTML5TargetPlatform (37)
[2016.07.11-09.57.59:245][642]LogModuleManager: Shutting down and abandoning module Android_PVRTCTargetPlatform (36)
[2016.07.11-09.57.59:245][642]LogModuleManager: Shutting down and abandoning module Android_MultiTargetPlatform (35)
[2016.07.11-09.57.59:245][642]LogModuleManager: Shutting down and abandoning module Android_ETC2TargetPlatform (34)
[2016.07.11-09.57.59:245][642]LogModuleManager: Shutting down and abandoning module Android_ETC1TargetPlatform (33)
[2016.07.11-09.57.59:245][642]LogModuleManager: Shutting down and abandoning module Android_DXTTargetPlatform (32)
[2016.07.11-09.57.59:245][642]LogModuleManager: Shutting down and abandoning module Android_ATCTargetPlatform (31)
[2016.07.11-09.57.59:245][642]LogModuleManager: Shutting down and abandoning module Android_ASTCTargetPlatform (30)
[2016.07.11-09.57.59:245][642]LogModuleManager: Shutting down and abandoning module AndroidTargetPlatform (29)
[2016.07.11-09.57.59:245][642]LogModuleManager: Shutting down and abandoning module WindowsTargetPlatform (28)
[2016.07.11-09.57.59:245][642]LogModuleManager: Shutting down and abandoning module WindowsServerTargetPlatform (27)
[2016.07.11-09.57.59:245][642]LogModuleManager: Shutting down and abandoning module WindowsNoEditorTargetPlatform (26)
[2016.07.11-09.57.59:245][642]LogModuleManager: Shutting down and abandoning module WindowsClientTargetPlatform (25)
[2016.07.11-09.57.59:245][642]LogModuleManager: Shutting down and abandoning module AllDesktopTargetPlatform (24)
[2016.07.11-09.57.59:245][642]LogModuleManager: Shutting down and abandoning module TargetPlatform (23)
[2016.07.11-09.57.59:245][642]LogModuleManager: Shutting down and abandoning module InputCore (22)
[2016.07.11-09.57.59:245][642]LogModuleManager: Shutting down and abandoning module Settings (21)
[2016.07.11-09.57.59:245][642]LogModuleManager: Shutting down and abandoning module OnlineSubsystem (19)
[2016.07.11-09.57.59:245][642]LogModuleManager: Shutting down and abandoning module HTTP (18)
[2016.07.11-09.58.02:249][642]LogModuleManager: Shutting down and abandoning module XMPP (17)
[2016.07.11-09.58.02:249][642]LogModuleManager: Shutting down and abandoning module OculusRift (16)
[2016.07.11-09.58.02:249][642]LogModuleManager: Shutting down and abandoning module ExampleDeviceProfileSelector (15)
[2016.07.11-09.58.02:249][642]LogModuleManager: Shutting down and abandoning module TextureCompressor (14)
[2016.07.11-09.58.02:249][642]LogModuleManager: Shutting down and abandoning module ShaderCore (13)
[2016.07.11-09.58.02:249][642]LogModuleManager: Shutting down and abandoning module Landscape (12)
[2016.07.11-09.58.02:249][642]LogModuleManager: Shutting down and abandoning module SlateRHIRenderer (11)
[2016.07.11-09.58.02:250][642]LogModuleManager: Shutting down and abandoning module OpenGLDrv (10)
[2016.07.11-09.58.02:250][642]LogModuleManager: Shutting down and abandoning module D3D11RHI (9)
[2016.07.11-09.58.02:250][642]LogModuleManager: Shutting down and abandoning module AnimGraphRuntime (8)
[2016.07.11-09.58.02:250][642]LogModuleManager: Shutting down and abandoning module Renderer (7)
[2016.07.11-09.58.02:250][642]LogModuleManager: Shutting down and abandoning module Engine (6)
[2016.07.11-09.58.02:250][642]LogModuleManager: Shutting down and abandoning module CoreUObject (5)
[2016.07.11-09.58.02:250][642]LogModuleManager: Shutting down and abandoning module NetworkFile (4)
[2016.07.11-09.58.02:250][642]LogModuleManager: Shutting down and abandoning module StreamingFile (3)
[2016.07.11-09.58.02:250][642]LogModuleManager: Shutting down and abandoning module SandboxFile (2)
[2016.07.11-09.58.02:250][642]LogModuleManager: Shutting down and abandoning module PakFile (1)
[2016.07.11-09.58.02:251][642]LogExit: Exiting.
[2016.07.11-09.58.02:260][642]Log file closed, 07/11/16 11:58:02
