Log file open, 07/11/16 12:01:14
LogInit:Display: Running engine for game: Shooter_MP
LogPlatformFile: Not using cached read wrapper
LogInit:Display: RandInit(633706425) SRandInit(633706427).
LogTaskGraph: Started task graph with 4 named threads and 7 total threads with 1 sets of task threads.
LogStats: Stats thread started at 0.063446
LogInit: Version: 4.12.5-3039270+++UE4+Release-4.12
LogInit: API Version: 2992821
LogInit: Net Version: 3039270
LogDevObjectVersion: Number of dev versions registered: 13
LogDevObjectVersion:   Dev-Blueprints (B0D832E4-1F89-4F0D-ACCF-7EB736FD4AA2): 3
LogDevObjectVersion:   Dev-Build (E1C64328-A22C-4D53-A36C-8E866417BD8C): 0
LogDevObjectVersion:   Dev-Core (375EC13C-06E4-48FB-B500-84F0262A717E): 1
LogDevObjectVersion:   Dev-Editor (E4B068ED-F494-42E9-A231-DA0B2E46BB41): 2
LogDevObjectVersion:   Dev-Framework (CFFC743F-43B0-4480-9391-14DF171D2073): 6
LogDevObjectVersion:   Dev-Mobile (B02B49B5-BB20-44E9-A304-32B752E40360): 0
LogDevObjectVersion:   Dev-Networking (A4E4105C-59A1-49B5-A7C5-40C4547EDFEE): 0
LogDevObjectVersion:   Dev-Online (39C831C9-5AE6-47DC-9A44-9C173E1C8E7C): 0
LogDevObjectVersion:   Dev-Physics (78F01B33-EBEA-4F98-B9B4-84EACCB95AA2): 0
LogDevObjectVersion:   Dev-Platform (6631380F-2D4D-43E0-8009-CF276956A95A): 0
LogDevObjectVersion:   Dev-Rendering (12F88B9F-8875-4AFC-A67C-D90C383ABD29): 2
LogDevObjectVersion:   Dev-Sequencer (7B5AE74C-D270-4C10-A958-57980B212A5A): 0
LogDevObjectVersion:   Dev-VR (D7296918-1DD6-4BDD-9DE2-64A83CC13884): 0
LogInit: Compiled (64-bit): Jul  6 2016 09:09:46
LogInit: Compiled with Visual C++: 19.00.23026.00
LogInit: Build Configuration: Development
LogInit: Branch Name: ++UE4+Release-4.12
LogInit: Command line: -EpicPortal 
LogInit: Base directory: C:/Program Files (x86)/Epic Games/4.12/Engine/Binaries/Win64/
LogInit: Installed Engine Build: 1
LogInit: Using libcurl 7.41.0
LogInit:  - built for x86_64-pc-win32
LogInit:  - supports SSL with WinSSL
LogInit:  - other features:
LogInit:      CURL_VERSION_SSL
LogInit:      CURL_VERSION_IPV6
LogInit:      CURL_VERSION_ASYNCHDNS
LogInit:      CURL_VERSION_LARGEFILE
LogInit:      CURL_VERSION_IDN
LogInit:  CurlRequestOptions (configurable via config and command line):
LogInit:  - bVerifyPeer = true  - Libcurl will verify peer certificate
LogInit:  - bUseHttpProxy = false  - Libcurl will NOT use HTTP proxy
LogInit:  - bDontReuseConnections = false  - Libcurl will reuse connections
LogInit:  - CertBundlePath = nullptr  - Libcurl will use whatever was configured at build time.
LogInit: Presizing for max 8388607 objects, including 0 objects not considered by GC, pre-allocating 0 bytes for permanent pool.
LogInit: Object subsystem initialized
[2016.07.11-10.01.14:977][  0]LogInit: Selected Device Profile: [Windows]
[2016.07.11-10.01.14:977][  0]LogInit: Applying CVar settings loaded from the selected device profile: [Windows]
[2016.07.11-10.01.14:984][  0]LogInit: Computer: ARCADE1
[2016.07.11-10.01.14:984][  0]LogInit: User: enversed
[2016.07.11-10.01.14:984][  0]LogInit: CPU Page size=65536, Cores=4
[2016.07.11-10.01.14:984][  0]LogInit: High frequency timer resolution =3.914059 MHz
[2016.07.11-10.01.14:984][  0]LogMemory: Memory total: Physical=15.9GB (16GB approx)
[2016.07.11-10.01.14:984][  0]LogMemory: Platform Memory Stats for Windows
[2016.07.11-10.01.14:984][  0]LogMemory: Process Physical Memory: 190.71 MB used, 190.71 MB peak
[2016.07.11-10.01.14:984][  0]LogMemory: Process Virtual Memory: 195.16 MB used, 195.16 MB peak
[2016.07.11-10.01.14:984][  0]LogMemory: Physical Memory: 4904.61 MB used, 16299.06 MB total
[2016.07.11-10.01.14:984][  0]LogMemory: Virtual Memory: 554.25 MB used, 134217728.00 MB total
[2016.07.11-10.01.15:004][  0]LogTextLocalizationManager: No specific translations for ('en-US') exist, so ('en') translations will be used.
[2016.07.11-10.01.15:270][  0]LogD3D11RHI: D3D11 adapters:
[2016.07.11-10.01.15:288][  0]LogD3D11RHI:    0. 'NVIDIA GeForce GTX 1080' (Feature Level 11_0)
[2016.07.11-10.01.15:288][  0]LogD3D11RHI:       8084/0/8149 MB DedicatedVideo/DedicatedSystem/SharedSystem, Outputs:1, VendorId:0x10de
[2016.07.11-10.01.15:289][  0]LogD3D11RHI:    1. 'Microsoft Basic Render Driver' (Feature Level 11_0)
[2016.07.11-10.01.15:289][  0]LogD3D11RHI:       0/0/8149 MB DedicatedVideo/DedicatedSystem/SharedSystem, Outputs:0, VendorId:0x1414
[2016.07.11-10.01.15:289][  0]LogD3D11RHI: Chosen D3D11 Adapter: 0
[2016.07.11-10.01.15:292][  0]LogD3D11RHI: Creating new Direct3DDevice
[2016.07.11-10.01.15:292][  0]LogD3D11RHI:     GPU DeviceId: 0x1b80 (for the marketing name, search the web for "GPU Device Id")
[2016.07.11-10.01.15:292][  0]LogWindows: EnumDisplayDevices:
[2016.07.11-10.01.15:292][  0]LogWindows:    0. 'NVIDIA GeForce GTX 1080' (P:1 D:1)
[2016.07.11-10.01.15:292][  0]LogWindows:    1. 'NVIDIA GeForce GTX 1080' (P:0 D:0)
[2016.07.11-10.01.15:292][  0]LogWindows:    2. 'NVIDIA GeForce GTX 1080' (P:0 D:0)
[2016.07.11-10.01.15:292][  0]LogWindows:    3. 'NVIDIA GeForce GTX 1080' (P:0 D:0)
[2016.07.11-10.01.15:292][  0]LogWindows: DebugString: FoundDriverCount:4 
[2016.07.11-10.01.15:292][  0]LogD3D11RHI:     Adapter Name: NVIDIA GeForce GTX 1080
[2016.07.11-10.01.15:292][  0]LogD3D11RHI:   Driver Version: 368.39 (internal:10.18.13.6839, unified:368.39)
[2016.07.11-10.01.15:292][  0]LogD3D11RHI:      Driver Date: 6-2-2016
[2016.07.11-10.01.15:292][  0]LogRHI: Texture pool is 1361 MB (70% of 1945 MB)
[2016.07.11-10.01.15:303][  0]LogD3D11RHI: Async texture creation enabled
[2016.07.11-10.01.15:317][  0]LogD3D11RHI: GPU Timing Frequency: 1000.000000 (Debug: 2 2)
[2016.07.11-10.01.15:317][  0]LogShaderCompilers: Guid format shader working directory is -14 characters bigger than the processId version (../../../../../../Users/enversed/Documents/GitHub/MPS/Shooter_MP/Intermediate/Shaders/WorkingDirectory/240/).
[2016.07.11-10.01.15:317][  0]LogShaderCompilers: Cleaned the shader compiler working directory 'C:/Users/enversed/AppData/Local/Temp/UnrealShaderWorkingDir/19F396934C685FDEB349609EDB2D3D2C/'.
[2016.07.11-10.01.15:317][  0]LogShaderCompilers:Display: Using Local Shader Compiler.
[2016.07.11-10.01.15:964][  0]LogTemp:Display: Loaded TP AllDesktopTargetPlatform
[2016.07.11-10.01.15:969][  0]LogTemp:Display: Loaded TP WindowsClientTargetPlatform
[2016.07.11-10.01.15:976][  0]LogTemp:Display: Loaded TP WindowsNoEditorTargetPlatform
[2016.07.11-10.01.15:982][  0]LogTemp:Display: Loaded TP WindowsServerTargetPlatform
[2016.07.11-10.01.15:988][  0]LogTemp:Display: Loaded TP WindowsTargetPlatform
[2016.07.11-10.01.15:994][  0]LogTemp:Display: Loaded TP AndroidTargetPlatform
[2016.07.11-10.01.15:999][  0]LogTemp:Display: Loaded TP Android_ASTCTargetPlatform
[2016.07.11-10.01.16:004][  0]LogTemp:Display: Loaded TP Android_ATCTargetPlatform
[2016.07.11-10.01.16:010][  0]LogTemp:Display: Loaded TP Android_DXTTargetPlatform
[2016.07.11-10.01.16:015][  0]LogTemp:Display: Loaded TP Android_ETC1TargetPlatform
[2016.07.11-10.01.16:021][  0]LogTemp:Display: Loaded TP Android_ETC2TargetPlatform
[2016.07.11-10.01.16:032][  0]LogTemp:Display: Loaded TP Android_MultiTargetPlatform
[2016.07.11-10.01.16:032][  0]LogTemp:Display: Loaded TP Android_PVRTCTargetPlatform
[2016.07.11-10.01.16:032][  0]LogTemp:Display: Loaded TP HTML5TargetPlatform
[2016.07.11-10.01.16:050][  0]LogTemp:Display: Loaded TP IOSTargetPlatform
[2016.07.11-10.01.16:055][  0]LogTemp:Display: Loaded TP TVOSTargetPlatform
[2016.07.11-10.01.16:061][  0]LogTemp:Display: Loaded TP LinuxNoEditorTargetPlatform
[2016.07.11-10.01.16:066][  0]LogTemp:Display: Loaded TP LinuxServerTargetPlatform
[2016.07.11-10.01.16:071][  0]LogTemp:Display: Loaded TP LinuxTargetPlatform
[2016.07.11-10.01.16:071][  0]LogTargetPlatformManager:Display: Building Assets For Windows
[2016.07.11-10.01.16:115][  0]LogDerivedDataCache:Display: Max Cache Size: 512 MB
[2016.07.11-10.01.16:149][  0]LogDerivedDataCache: Loaded boot cache 0.03s 48MB C:/Users/enversed/AppData/Local/UnrealEngine/4.12/DerivedDataCache/Boot.ddc.
[2016.07.11-10.01.16:149][  0]LogDerivedDataCache:Display: Loaded Boot cache: C:/Users/enversed/AppData/Local/UnrealEngine/4.12/DerivedDataCache/Boot.ddc
[2016.07.11-10.01.16:149][  0]LogDerivedDataCache: FDerivedDataBackendGraph:  Pak pak cache file ../../../../../../Users/enversed/Documents/GitHub/MPS/Shooter_MP/DerivedDataCache/DDC.ddp not found, will not use a pak cache.
[2016.07.11-10.01.16:149][  0]LogDerivedDataCache: Unable to find inner node Pak for hierarchical cache Hierarchy.
[2016.07.11-10.01.16:149][  0]LogDerivedDataCache: FDerivedDataBackendGraph:  CompressedPak pak cache file ../../../../../../Users/enversed/Documents/GitHub/MPS/Shooter_MP/DerivedDataCache/Compressed.ddp not found, will not use a pak cache.
[2016.07.11-10.01.16:149][  0]LogDerivedDataCache: Unable to find inner node CompressedPak for hierarchical cache Hierarchy.
[2016.07.11-10.01.16:161][  0]LogDerivedDataCache:Display: Pak cache opened for reading ../../../Engine/DerivedDataCache/Compressed.ddp.
[2016.07.11-10.01.16:172][  0]LogDerivedDataCache: Using Local data cache path C:/Users/enversed/AppData/Local/UnrealEngine/Common/DerivedDataCache: Writable
[2016.07.11-10.01.16:293][  0]LogInit: Selected Device Profile: [Windows]
[2016.07.11-10.01.16:293][  0]LogContentStreaming: Texture pool size is 0.00 MB
[2016.07.11-10.01.16:394][  0]LogMeshUtilities: No automatic mesh reduction module available
[2016.07.11-10.01.16:394][  0]LogMeshUtilities: No automatic mesh merging module available
[2016.07.11-10.01.16:394][  0]LogMeshUtilities: No distributed automatic mesh merging module available
[2016.07.11-10.01.16:552][  0]LogAssetRegistry: FAssetRegistry took 0.0213 seconds to start up
[2016.07.11-10.01.16:571][  0]LogPackageLocalizationCache: Processed 3 localized package path(s) for 2 prioritized culture(s) in 0.017062 seconds
[2016.07.11-10.01.16:574][  0]LogUObjectArray: 28739 objects as part of root set at end of initial load.
[2016.07.11-10.01.16:574][  0]LogUObjectAllocator: 5855624 out of 0 bytes used by permanent object pool.
[2016.07.11-10.01.16:574][  0]LogUObjectArray: CloseDisregardForGC: 0/0 objects in disregard for GC pool
[2016.07.11-10.01.16:578][  0]LogInit: WinSock: version 1.1 (2.2), MaxSocks=32767, MaxUdp=65467
[2016.07.11-10.01.16:682][  0]LogSlate: SlateFontCache - WITH_FREETYPE: 1, WITH_HARFBUZZ: 1
[2016.07.11-10.01.16:682][  0]LogSlate: SlateFontCache - WITH_FREETYPE: 1, WITH_HARFBUZZ: 1
[2016.07.11-10.01.17:103][  0]LogUdpMessaging: Initializing bridge on interface 0.0.0.0:0 to multicast group 230.0.0.1:6666.
[2016.07.11-10.01.17:251][  0]SourceControl: Info Source control is disabled
[2016.07.11-10.01.17:269][  0]SourceControl: Info Source control is disabled
[2016.07.11-10.01.17:273][  0]SourceControl: Info Source control is disabled
[2016.07.11-10.01.17:278][  0]SourceControl: Info Source control is disabled
[2016.07.11-10.01.17:394][  0]LogEngine: Initializing Engine...
[2016.07.11-10.01.17:405][  0]LogHMD: SteamVR initialized.  Driver: lighthouse  Display: LHR-7C3980D9
[2016.07.11-10.01.17:418][  0]LogHMD: SteamVR initialized.  Driver: lighthouse  Display: LHR-7C3980D9
[2016.07.11-10.01.17:509][  0]LogAIModule: Creating AISystem for world NewWorld
[2016.07.11-10.01.17:517][  0]LogInit: XAudio2 using 'Speakers (3- USB Audio Device)' : 2 channels at 44.1 kHz using 16 bits per sample (channel mask 0x3)
[2016.07.11-10.01.17:523][  0]LogInit: FAudioDevice initialized.
[2016.07.11-10.01.17:540][  0]LogDerivedDataCache: Saved boot cache 0.02s 48MB C:/Users/enversed/AppData/Local/UnrealEngine/4.12/DerivedDataCache/Boot.ddc.
[2016.07.11-10.01.17:545][  0]LogInit: Texture streaming: Enabled
[2016.07.11-10.01.17:559][  0]LogInit: Transaction tracking system initialized
[2016.07.11-10.01.17:571][  0]BlueprintLog: New page: Editor Load
[2016.07.11-10.01.17:614][  0]LocalizationService: Info Localization service is disabled
[2016.07.11-10.01.17:652][  0]LogConsoleResponse:Display: 
[2016.07.11-10.01.17:718][  0]LogCook:Display: Max memory allowance for cook 8192mb
[2016.07.11-10.01.17:718][  0]LogCook:Display: Mobile HDR setting 1
[2016.07.11-10.01.17:770][  0]LogFileCache: Scanning file cache for directory 'C:/Users/enversed/Documents/GitHub/MPS/Shooter_MP/Content/' took 0.01s
[2016.07.11-10.01.17:770][  0]SourceControl: Info Source control is disabled
[2016.07.11-10.01.17:770][  0]Cmd: MAP LOAD FILE="../../../../../../Users/enversed/Documents/GitHub/MPS/Shooter_MP/Content/Levels/Menu.umap" TEMPLATE=0 SHOWPROGRESS=1 FEATURELEVEL=3
[2016.07.11-10.01.17:770][  0]LightingResults: New page: Lighting Build
[2016.07.11-10.01.17:772][  0]MapCheck: New page: Map Check
[2016.07.11-10.01.17:772][  0]LightingResults: New page: Lighting Build
[2016.07.11-10.01.17:792][  0]LogAIModule: Creating AISystem for world Menu
[2016.07.11-10.01.17:795][  0]LogEditorServer: Finished looking for orphan Actors (0.000 secs)
[2016.07.11-10.01.17:795][  0]Cmd: MAP CHECKDEP NOCLEARLOG
[2016.07.11-10.01.17:818][  0]MapCheck: Info Map check complete: 0 Error(s), 0 Warning(s), took 22.453ms to complete.
[2016.07.11-10.01.17:818][  0]LogFileHelpers: Loading map 'Menu' took 0.048
[2016.07.11-10.01.17:916][  0]LogCollectionManager: Loaded 0 collections in 0.001108 seconds
[2016.07.11-10.01.17:953][  0]LogFileCache: Scanning file cache for directory 'C:/Users/enversed/Documents/GitHub/MPS/Shooter_MP/Saved/Collections/' took 0.01s
[2016.07.11-10.01.17:953][  0]LogFileCache: Scanning file cache for directory 'C:/Users/enversed/Documents/GitHub/MPS/Shooter_MP/Content/Developers/enversed/Collections/' took 0.01s
[2016.07.11-10.01.17:953][  0]LogFileCache: Scanning file cache for directory 'C:/Users/enversed/Documents/GitHub/MPS/Shooter_MP/Content/Collections/' took 0.01s
[2016.07.11-10.01.17:953][  0]LogCollectionManager: Rebuilt the GUID cache for 0 collections in 0.000002 seconds
[2016.07.11-10.01.17:959][  0]LogContentBrowser: Native class hierarchy populated in 0.0055 seconds. Added 2047 classes and 369 folders.
[2016.07.11-10.01.17:961][  0]LogStats: UGameplayTagsManager::ConstructGameplayTagTree: Construct from data asset -  0.000 s
[2016.07.11-10.01.17:961][  0]LogStats: UGameplayTagsManager::ConstructGameplayTagTree: GameplayTagTreeChangedEvent.Broadcast -  0.000 s
[2016.07.11-10.01.17:961][  0]LogContentBrowser: Native class hierarchy updated for 'GameplayTags' in 0.0003 seconds. Added 12 classes and 0 folders.
[2016.07.11-10.01.17:964][  0]LogContentBrowser: Native class hierarchy updated for 'WidgetCarousel' in 0.0002 seconds. Added 0 classes and 0 folders.
[2016.07.11-10.01.17:967][  0]LogContentBrowser: Native class hierarchy updated for 'AddContentDialog' in 0.0002 seconds. Added 0 classes and 0 folders.
[2016.07.11-10.01.17:970][  0]LogContentBrowser: Native class hierarchy updated for 'SceneOutliner' in 0.0002 seconds. Added 1 classes and 2 folders.
[2016.07.11-10.01.17:978][  0]LogCrashTracker: Crashtracker disabled due to settings.
[2016.07.11-10.01.17:981][  0]LogUObjectGlobals:Warning: Failed to find object 'Class None.'
[2016.07.11-10.01.18:005][  0]LogContentBrowser: Native class hierarchy updated for 'HierarchicalLODOutliner' in 0.0003 seconds. Added 1 classes and 2 folders.
[2016.07.11-10.01.18:005][  0]LogLoad: Full Startup: 3.51 seconds (BP compile: 0.00 seconds)
[2016.07.11-10.01.18:005][  0]LogExternalProfiler: Found external profiler: VSPerf
[2016.07.11-10.01.18:005][  0]LogExternalProfiler: Using external profiler: VSPerf
[2016.07.11-10.01.18:014][  0]LogWindowsTextInputMethodSystem:Display: IME system now deactivated.
[2016.07.11-10.01.18:014][  0]LogOcInput: OculusInput pre-init called
[2016.07.11-10.01.18:029][  0]LogAssetRegistry: Asset discovery search completed in 1.4983 seconds
[2016.07.11-10.01.18:029][  0]LogCollectionManager: Rebuilt the object cache for 0 collections in 0.000001 seconds (found 0 objects)
[2016.07.11-10.01.18:029][  0]LogCollectionManager: Fixed up redirectors for 0 collections in 0.000013 seconds (updated 0 objects)
[2016.07.11-10.01.18:031][  0]LogContentStreaming: Texture pool size now 1000 MB
[2016.07.11-10.01.18:138][  0]LogRenderer: Reallocating scene render targets to support 1208x576 (Frame:2).
[2016.07.11-10.01.51:914][ 40]LogMaterial: Missing cached shader map for material M_Blue, compiling. 
[2016.07.11-10.01.51:967][ 40]LogMaterial: Missing cached shader map for material M_Blue, compiling. 
[2016.07.11-10.01.51:972][ 40]LogMaterial: 0.00 seconds spent updating 1 materials, 1 interfaces, 0 instances, 0 with static permutations.
[2016.07.11-10.01.52:802][122]MaterialEditorStats: Info Base pass shader with only dynamic lighting: 22 instructions
[2016.07.11-10.01.52:802][122]MaterialEditorStats: Info Vertex shader: 29 instructions
[2016.07.11-10.01.52:802][122]MaterialEditorStats: Info Texture samplers: 0/16
[2016.07.11-10.01.58:434][795]LogMaterial: Missing cached shader map for material M_Blue, compiling. 
[2016.07.11-10.01.58:439][795]LogMaterial: 0.00 seconds spent updating 1 materials, 1 interfaces, 0 instances, 0 with static permutations.
[2016.07.11-10.01.58:440][795]LogMaterial: Missing cached shader map for material FMatExpressionPreview MaterialExpressionConstant3Vector_0, compiling. 
[2016.07.11-10.01.59:056][867]MaterialEditorStats: Info Base pass shader with only dynamic lighting: 22 instructions
[2016.07.11-10.01.59:056][867]MaterialEditorStats: Info Vertex shader: 29 instructions
[2016.07.11-10.01.59:056][867]MaterialEditorStats: Info Texture samplers: 0/16
[2016.07.11-10.01.59:828][959]LogMaterial: Missing cached shader map for material M_Blue, compiling. 
[2016.07.11-10.01.59:833][959]LogMaterial: 0.00 seconds spent updating 1 materials, 1 interfaces, 0 instances, 0 with static permutations.
[2016.07.11-10.01.59:861][959]LogMaterial: Missing cached shader map for material FMatExpressionPreview MaterialExpressionConstant3Vector_0, compiling. 
[2016.07.11-10.02.00:445][ 28]MaterialEditorStats: Info Base pass shader with only dynamic lighting: 22 instructions
[2016.07.11-10.02.00:445][ 28]MaterialEditorStats: Info Vertex shader: 29 instructions
[2016.07.11-10.02.00:445][ 28]MaterialEditorStats: Info Texture samplers: 0/16
[2016.07.11-10.02.02:522][276]0.056095
[2016.07.11-10.02.02:555][280]0.065881
[2016.07.11-10.02.02:563][281]0.079331
[2016.07.11-10.02.02:571][282]0.107246
[2016.07.11-10.02.02:580][283]0.159004
[2016.07.11-10.02.02:588][284]0.177083
[2016.07.11-10.02.02:596][285]0.205449
[2016.07.11-10.02.02:605][286]0.251946
[2016.07.11-10.02.02:613][287]0.275205
[2016.07.11-10.02.02:621][288]0.289426
[2016.07.11-10.02.02:629][289]0.335927
[2016.07.11-10.02.02:638][290]0.373405
[2016.07.11-10.02.02:646][291]0.405715
[2016.07.11-10.02.02:654][292]0.484683
[2016.07.11-10.02.02:663][293]0.522082
[2016.07.11-10.02.02:672][294]0.568639
[2016.07.11-10.02.02:680][295]0.686078
[2016.07.11-10.02.02:688][296]0.741634
[2016.07.11-10.02.02:696][297]0.775325
[2016.07.11-10.02.02:705][298]0.818222
[2016.07.11-10.02.02:713][299]0.832552
[2016.07.11-10.02.02:721][300]0.841432
[2016.07.11-10.02.02:729][301]0.846895
[2016.07.11-10.02.02:755][304]0.852450
[2016.07.11-10.02.02:763][305]0.858096
[2016.07.11-10.02.02:771][306]0.866839
[2016.07.11-10.02.02:788][308]0.878280
[2016.07.11-10.02.02:796][309]0.884129
[2016.07.11-10.02.02:805][310]0.890061
[2016.07.11-10.02.02:813][311]0.902170
[2016.07.11-10.02.02:821][312]0.908343
[2016.07.11-10.02.02:829][313]0.914593
[2016.07.11-10.02.02:838][314]0.927317
[2016.07.11-10.02.02:863][317]0.933789
[2016.07.11-10.02.02:888][320]0.940331
[2016.07.11-10.02.02:921][324]0.946943
[2016.07.11-10.02.02:988][332]0.945682
[2016.07.11-10.02.03:013][335]0.952484
[2016.07.11-10.02.03:021][336]0.944649
[2016.07.11-10.02.03:063][341]0.958560
[2016.07.11-10.02.03:071][342]0.979887
[2016.07.11-10.02.03:080][343]0.987113
[2016.07.11-10.02.03:088][344]0.994396
[2016.07.11-10.02.03:096][345]1.016573
[2016.07.11-10.02.03:105][346]1.024070
[2016.07.11-10.02.03:121][348]1.031618
[2016.07.11-10.02.06:063][701]0.980993
[2016.07.11-10.02.06:363][737]0.988761
[2016.07.11-10.02.06:396][741]0.981878
[2016.07.11-10.02.06:405][742]0.989748
[2016.07.11-10.02.06:430][745]0.997664
[2016.07.11-10.02.06:446][747]0.990953
[2016.07.11-10.02.06:471][750]0.998969
[2016.07.11-10.02.06:513][755]1.007028
[2016.07.11-10.02.06:571][762]1.015131
[2016.07.11-10.02.06:596][765]1.008643
[2016.07.11-10.02.06:688][776]1.016840
[2016.07.11-10.02.06:697][777]1.010470
[2016.07.11-10.02.06:722][780]1.018759
[2016.07.11-10.02.06:963][809]1.027085
[2016.07.11-10.02.06:971][810]1.020887
[2016.07.11-10.02.06:988][812]1.029302
[2016.07.11-10.02.06:996][813]1.023222
[2016.07.11-10.02.07:046][819]1.031723
[2016.07.11-10.02.07:055][820]1.025764
[2016.07.11-10.02.07:080][823]1.034349
[2016.07.11-10.02.07:146][831]1.042968
[2016.07.11-10.02.07:171][834]1.037178
[2016.07.11-10.02.07:305][850]1.045877
[2016.07.11-10.02.08:115][947]LogMaterial: Missing cached shader map for material M_Blue, compiling. 
[2016.07.11-10.02.08:120][947]LogMaterial: 0.00 seconds spent updating 1 materials, 1 interfaces, 0 instances, 0 with static permutations.
[2016.07.11-10.02.08:143][947]LogMaterial: Missing cached shader map for material FMatExpressionPreview MaterialExpressionConstant3Vector_0, compiling. 
[2016.07.11-10.02.08:743][ 18]MaterialEditorStats: Info Base pass shader with only dynamic lighting: 22 instructions
[2016.07.11-10.02.08:743][ 18]MaterialEditorStats: Info Vertex shader: 29 instructions
[2016.07.11-10.02.08:743][ 18]MaterialEditorStats: Info Texture samplers: 0/16
[2016.07.11-10.02.09:876][154]LogMaterialEditor: Applying material M_Blue
[2016.07.11-10.02.10:143][154]LogMaterial: Missing cached shader map for material M_Blue, compiling. 
[2016.07.11-10.02.10:154][154]LogMaterial: 0.00 seconds spent updating 1 materials, 1 interfaces, 0 instances, 0 with static permutations.
[2016.07.11-10.02.10:177][154]LogMaterial: Missing cached shader map for material M_Blue, compiling. 
[2016.07.11-10.02.10:195][154]LogMaterial: Missing cached shader map for material M_Blue, compiling. 
[2016.07.11-10.02.10:205][154]LogMaterial: 0.00 seconds spent updating 1 materials, 1 interfaces, 0 instances, 0 with static permutations.
[2016.07.11-10.02.14:148][625]MaterialEditorStats: Info Base pass shader with only dynamic lighting: 58 instructions
[2016.07.11-10.02.14:148][625]MaterialEditorStats: Info Vertex shader: 29 instructions
[2016.07.11-10.02.14:148][625]MaterialEditorStats: Info Texture samplers: 3/16
[2016.07.11-10.02.21:547][512]LogMaterial: Missing cached shader map for material M_Yellow, compiling. 
[2016.07.11-10.02.21:585][512]LogMaterial: Missing cached shader map for material M_Yellow, compiling. 
[2016.07.11-10.02.21:590][512]LogMaterial: 0.00 seconds spent updating 1 materials, 1 interfaces, 0 instances, 0 with static permutations.
[2016.07.11-10.02.22:191][574]MaterialEditorStats: Info Base pass shader with only dynamic lighting: 22 instructions
[2016.07.11-10.02.22:191][574]MaterialEditorStats: Info Vertex shader: 29 instructions
[2016.07.11-10.02.22:191][574]MaterialEditorStats: Info Texture samplers: 0/16
[2016.07.11-10.02.23:662][750]LogMaterial: Missing cached shader map for material M_Yellow, compiling. 
[2016.07.11-10.02.23:667][750]LogMaterial: 0.00 seconds spent updating 1 materials, 1 interfaces, 0 instances, 0 with static permutations.
[2016.07.11-10.02.23:668][750]LogMaterial: Missing cached shader map for material FMatExpressionPreview MaterialExpressionConstant3Vector_1, compiling. 
[2016.07.11-10.02.24:267][821]MaterialEditorStats: Info Base pass shader with only dynamic lighting: 22 instructions
[2016.07.11-10.02.24:267][821]MaterialEditorStats: Info Vertex shader: 29 instructions
[2016.07.11-10.02.24:267][821]MaterialEditorStats: Info Texture samplers: 0/16
[2016.07.11-10.02.24:920][899]LogMaterial: Missing cached shader map for material M_Yellow, compiling. 
[2016.07.11-10.02.24:925][899]LogMaterial: 0.00 seconds spent updating 1 materials, 1 interfaces, 0 instances, 0 with static permutations.
[2016.07.11-10.02.24:948][899]LogMaterial: Missing cached shader map for material FMatExpressionPreview MaterialExpressionConstant3Vector_1, compiling. 
[2016.07.11-10.02.25:533][968]MaterialEditorStats: Info Base pass shader with only dynamic lighting: 22 instructions
[2016.07.11-10.02.25:533][968]MaterialEditorStats: Info Vertex shader: 29 instructions
[2016.07.11-10.02.25:533][968]MaterialEditorStats: Info Texture samplers: 0/16
[2016.07.11-10.02.26:997][143]0.023292
[2016.07.11-10.02.27:005][144]0.029463
[2016.07.11-10.02.27:014][145]0.037558
[2016.07.11-10.02.27:022][146]0.046585
[2016.07.11-10.02.27:030][147]0.085898
[2016.07.11-10.02.27:038][148]0.106230
[2016.07.11-10.02.27:047][149]0.146205
[2016.07.11-10.02.27:055][150]0.261249
[2016.07.11-10.02.27:063][151]0.303695
[2016.07.11-10.02.27:072][152]0.347673
[2016.07.11-10.02.27:080][153]0.445366
[2016.07.11-10.02.27:088][154]0.490358
[2016.07.11-10.02.27:097][155]0.525500
[2016.07.11-10.02.27:105][156]0.606676
[2016.07.11-10.02.27:114][157]0.645665
[2016.07.11-10.02.27:122][158]0.672016
[2016.07.11-10.02.27:130][159]0.752456
[2016.07.11-10.02.27:139][160]0.779651
[2016.07.11-10.02.27:147][161]0.833919
[2016.07.11-10.02.27:155][162]0.861818
[2016.07.11-10.02.27:164][163]0.880563
[2016.07.11-10.02.27:172][164]0.920034
[2016.07.11-10.02.27:180][165]0.939696
[2016.07.11-10.02.27:189][166]0.965103
[2016.07.11-10.02.27:197][167]1.002709
[2016.07.11-10.02.27:205][168]1.029302
[2016.07.11-10.02.27:213][169]1.047950
[2016.07.11-10.02.27:222][170]1.062551
[2016.07.11-10.02.27:238][172]1.068914
[2016.07.11-10.02.27:247][173]1.075341
[2016.07.11-10.02.27:272][176]1.081830
[2016.07.11-10.02.27:280][177]1.073725
[2016.07.11-10.02.27:289][178]1.065661
[2016.07.11-10.02.27:489][202]1.072310
[2016.07.11-10.02.27:497][203]1.079018
[2016.07.11-10.02.27:547][209]1.085784
[2016.07.11-10.02.27:638][220]1.093700
[2016.07.11-10.02.27:655][222]1.100475
[2016.07.11-10.02.29:824][482]LogMaterial: Missing cached shader map for material M_Yellow, compiling. 
[2016.07.11-10.02.29:829][482]LogMaterial: 0.00 seconds spent updating 1 materials, 1 interfaces, 0 instances, 0 with static permutations.
[2016.07.11-10.02.29:853][482]LogMaterial: Missing cached shader map for material FMatExpressionPreview MaterialExpressionConstant3Vector_1, compiling. 
[2016.07.11-10.02.30:455][553]MaterialEditorStats: Info Base pass shader with only dynamic lighting: 22 instructions
[2016.07.11-10.02.30:455][553]MaterialEditorStats: Info Vertex shader: 29 instructions
[2016.07.11-10.02.30:455][553]MaterialEditorStats: Info Texture samplers: 0/16
[2016.07.11-10.02.30:921][609]LogMaterialEditor: Applying material M_Yellow
[2016.07.11-10.02.31:188][609]LogMaterial: Missing cached shader map for material M_Yellow, compiling. 
[2016.07.11-10.02.31:200][609]LogMaterial: 0.00 seconds spent updating 1 materials, 1 interfaces, 0 instances, 0 with static permutations.
[2016.07.11-10.02.31:224][609]LogMaterial: Missing cached shader map for material M_Yellow, compiling. 
[2016.07.11-10.02.31:242][609]LogMaterial: Missing cached shader map for material M_Yellow, compiling. 
[2016.07.11-10.02.31:252][609]LogMaterial: 0.00 seconds spent updating 1 materials, 1 interfaces, 0 instances, 0 with static permutations.
[2016.07.11-10.02.33:142][834]MaterialEditorStats: Info Base pass shader with only dynamic lighting: 58 instructions
[2016.07.11-10.02.33:142][834]MaterialEditorStats: Info Vertex shader: 29 instructions
[2016.07.11-10.02.33:142][834]MaterialEditorStats: Info Texture samplers: 3/16
[2016.07.11-10.02.34:846][ 35]Cmd: OBJ SAVEPACKAGE PACKAGE="/Game/Materials/M_Blue" FILE="../../../../../../Users/enversed/Documents/GitHub/MPS/Shooter_MP/Content/Materials/M_Blue.uasset" SILENT=true
[2016.07.11-10.02.34:858][ 35]LogSavePackage: Save=10.83ms
[2016.07.11-10.02.34:858][ 35]LogSavePackage: Moving '../../../../../../Users/enversed/Documents/GitHub/MPS/Shooter_MP/Saved/M_Blue744CDEA6407A4EBCB9E963ACD2B7B2AE.tmp' to '../../../../../../Users/enversed/Documents/GitHub/MPS/Shooter_MP/Content/Materials/M_Blue.uasset'
[2016.07.11-10.02.34:860][ 35]LogSavePackage:Display: Finished SavePackage ../../../../../../Users/enversed/Documents/GitHub/MPS/Shooter_MP/Content/Materials/M_Blue.uasset
[2016.07.11-10.02.34:869][ 35]Cmd: OBJ SAVEPACKAGE PACKAGE="/Game/Materials/M_Yellow" FILE="../../../../../../Users/enversed/Documents/GitHub/MPS/Shooter_MP/Content/Materials/M_Yellow.uasset" SILENT=true
[2016.07.11-10.02.34:880][ 35]LogSavePackage: Save=10.22ms
[2016.07.11-10.02.34:881][ 35]LogSavePackage: Moving '../../../../../../Users/enversed/Documents/GitHub/MPS/Shooter_MP/Saved/M_YellowEBC6FEF74EDBA145BE448EB18D52A4F1.tmp' to '../../../../../../Users/enversed/Documents/GitHub/MPS/Shooter_MP/Content/Materials/M_Yellow.uasset'
[2016.07.11-10.02.34:882][ 35]LogSavePackage:Display: Finished SavePackage ../../../../../../Users/enversed/Documents/GitHub/MPS/Shooter_MP/Content/Materials/M_Yellow.uasset
[2016.07.11-10.02.38:656][453]LogContentBrowser: Native class hierarchy updated for 'BlueprintGraph' in 0.0005 seconds. Added 111 classes and 0 folders.
[2016.07.11-10.04.03:763][593]BlueprintLog: New page: Compile BP_VivePawn
[2016.07.11-10.04.03:928][593]BlueprintEditorCompileResults: Info [0169.43] Compile of BP_VivePawn successful! [in 165 ms] (/Game/Blueprints/BP_VivePawn.BP_VivePawn)
[2016.07.11-10.08.00:267][781]BlueprintLog: New page: Compile BP_VivePawn
[2016.07.11-10.08.00:282][781]LogBlueprint:Error: Compiler Error Could not find a pin for the parameter RightTriggerPressed of ServerUpdateHandColor on  Server Update Hand Color 
[2016.07.11-10.08.00:283][781]LogBlueprint:Error: Compiler Error Pin  New Param  named NewParam doesn't match any parameters of function ServerUpdateHandColor
[2016.07.11-10.08.00:283][781]LogBlueprint:Error: Compiler Error Could not find a pin for the parameter RightTriggerPressed of ServerUpdateHandColor on  Server Update Hand Color 
[2016.07.11-10.08.00:283][781]LogBlueprint:Error: Compiler Error Pin  New Param  named NewParam doesn't match any parameters of function ServerUpdateHandColor
[2016.07.11-10.08.00:383][781]LogBlueprint:Warning: Compiler Warning [0405.89] Compile of BP_VivePawn failed. 4 Fatal Issue(s) 0 Warning(s) [in 116 ms] (/Game/Blueprints/BP_VivePawn.BP_VivePawn)
[2016.07.11-10.08.00:383][781]BlueprintEditorCompileResults:Error: Error Could not find a pin for the parameter RightTriggerPressed of ServerUpdateHandColor on  Server Update Hand Color 
[2016.07.11-10.08.00:383][781]BlueprintEditorCompileResults:Error: Error Pin  New Param  named NewParam doesn't match any parameters of function ServerUpdateHandColor
[2016.07.11-10.08.00:383][781]BlueprintEditorCompileResults:Error: Error Could not find a pin for the parameter RightTriggerPressed of ServerUpdateHandColor on  Server Update Hand Color 
[2016.07.11-10.08.00:383][781]BlueprintEditorCompileResults:Error: Error Pin  New Param  named NewParam doesn't match any parameters of function ServerUpdateHandColor
[2016.07.11-10.08.00:383][781]BlueprintEditorCompileResults:Warning: Warning [0405.89] Compile of BP_VivePawn failed. 4 Fatal Issue(s) 0 Warning(s) [in 116 ms] (/Game/Blueprints/BP_VivePawn.BP_VivePawn)
[2016.07.11-10.09.12:011][348]BlueprintLog: New page: Compile BP_VivePawn
[2016.07.11-10.09.12:026][348]LogBlueprint:Error: Compiler Error Could not find a pin for the parameter RightTriggerPressed of ServerUpdateHandColor on  Server Update Hand Color 
[2016.07.11-10.09.12:026][348]LogBlueprint:Error: Compiler Error Pin  New Param  named NewParam doesn't match any parameters of function ServerUpdateHandColor
[2016.07.11-10.09.12:026][348]LogBlueprint:Error: Compiler Error Could not find a pin for the parameter RightTriggerPressed of ServerUpdateHandColor on  Server Update Hand Color 
[2016.07.11-10.09.12:026][348]LogBlueprint:Error: Compiler Error Pin  New Param  named NewParam doesn't match any parameters of function ServerUpdateHandColor
[2016.07.11-10.09.12:123][348]LogBlueprint:Warning: Compiler Warning [0477.63] Compile of BP_VivePawn failed. 4 Fatal Issue(s) 0 Warning(s) [in 111 ms] (/Game/Blueprints/BP_VivePawn.BP_VivePawn)
[2016.07.11-10.09.12:123][348]BlueprintEditorCompileResults:Error: Error Could not find a pin for the parameter RightTriggerPressed of ServerUpdateHandColor on  Server Update Hand Color 
[2016.07.11-10.09.12:123][348]BlueprintEditorCompileResults:Error: Error Pin  New Param  named NewParam doesn't match any parameters of function ServerUpdateHandColor
[2016.07.11-10.09.12:123][348]BlueprintEditorCompileResults:Error: Error Could not find a pin for the parameter RightTriggerPressed of ServerUpdateHandColor on  Server Update Hand Color 
[2016.07.11-10.09.12:123][348]BlueprintEditorCompileResults:Error: Error Pin  New Param  named NewParam doesn't match any parameters of function ServerUpdateHandColor
[2016.07.11-10.09.12:123][348]BlueprintEditorCompileResults:Warning: Warning [0477.63] Compile of BP_VivePawn failed. 4 Fatal Issue(s) 0 Warning(s) [in 111 ms] (/Game/Blueprints/BP_VivePawn.BP_VivePawn)
[2016.07.11-10.09.35:982][198]BlueprintLog: New page: Compile BP_VivePawn
[2016.07.11-10.09.36:055][198]BlueprintEditorCompileResults: Info [0501.56] Compile of BP_VivePawn successful! [in 72 ms] (/Game/Blueprints/BP_VivePawn.BP_VivePawn)
[2016.07.11-10.09.43:912][121]BlueprintLog: New page: Compile BP_VivePawn
[2016.07.11-10.09.43:983][121]BlueprintEditorCompileResults: Info [0509.49] Compile of BP_VivePawn successful! [in 71 ms] (/Game/Blueprints/BP_VivePawn.BP_VivePawn)
[2016.07.11-10.09.53:970][310]BlueprintLog: New page: Compile BP_VivePawn
[2016.07.11-10.09.54:042][310]BlueprintEditorCompileResults: Info [0519.55] Compile of BP_VivePawn successful! [in 72 ms] (/Game/Blueprints/BP_VivePawn.BP_VivePawn)
[2016.07.11-10.11.18:825][779]LogFileHelpers: Editor autosave (incl. sublevels) for '/Game/Levels/Menu' took 0.013
[2016.07.11-10.11.18:827][779]OBJ SavePackage: Generating thumbnails for [1] asset(s) in package [/Game/Blueprints/BP_VivePawn] ([1] browsable assets)...
[2016.07.11-10.11.18:836][779]OBJ SavePackage:     Rendered thumbnail for [Blueprint /Game/Blueprints/BP_VivePawn.BP_VivePawn]
[2016.07.11-10.11.18:836][779]OBJ SavePackage: Finished generating thumbnails for package [/Game/Blueprints/BP_VivePawn]
[2016.07.11-10.11.18:878][779]LogSavePackage: Save=38.26ms
[2016.07.11-10.11.18:878][779]LogSavePackage: Moving '../../../../../../Users/enversed/Documents/GitHub/MPS/Shooter_MP/Saved/BP_VivePawn_Auto1EDA02CE64014D965420E60941608F1F2.tmp' to '../../../../../../Users/enversed/Documents/GitHub/MPS/Shooter_MP/Saved/Autosaves/Game/Blueprints/BP_VivePawn_Auto1.uasset'
[2016.07.11-10.11.18:879][779]LogSavePackage:Display: Finished SavePackage ../../../../../../Users/enversed/Documents/GitHub/MPS/Shooter_MP/Saved/Autosaves/Game/Blueprints/BP_VivePawn_Auto1.uasset
[2016.07.11-10.11.18:879][779]LogFileHelpers: Auto-saving content packages took 0.053
[2016.07.11-10.22.53:348][979]LogBlueprintUserMessages: Early PlayInEditor Detection: Level '/Game/Levels/Menu.Menu:PersistentLevel' has LevelScriptBlueprint '/Game/Levels/Menu.Menu:PersistentLevel.Menu' with GeneratedClass '/Game/Levels/Menu.Menu_C' with ClassGeneratedBy '/Game/Levels/Menu.Menu:PersistentLevel.Menu'
[2016.07.11-10.22.53:348][979]LogPlayLevel: PlayLevel: No blueprints needed recompiling
[2016.07.11-10.22.53:349][979]PIE: New page: PIE session: Menu (Jul 11, 2016, 1:22:53 PM)
[2016.07.11-10.22.53:349][979]LogPlayLevel: Creating play world package: /Game/Levels/UEDPIE_0_Menu
[2016.07.11-10.22.53:351][979]LogPlayLevel: PIE: StaticDuplicateObject took: (0.001894s)
[2016.07.11-10.22.53:351][979]LogAIModule: Creating AISystem for world Menu
[2016.07.11-10.22.53:351][979]LogPlayLevel: PIE: World Init took: (0.000616s)
[2016.07.11-10.22.53:351][979]LogPlayLevel: PIE: Created PIE world by copying editor world from /Game/Levels/Menu.Menu to /Game/Levels/UEDPIE_0_Menu.Menu (0.002705s)
[2016.07.11-10.22.53:371][979]LogInit: XAudio2 using 'Speakers (3- USB Audio Device)' : 2 channels at 44.1 kHz using 16 bits per sample (channel mask 0x3)
[2016.07.11-10.22.53:376][979]LogInit: FAudioDevice initialized.
[2016.07.11-10.22.53:491][979]LogWorld: Game class is 'GM_MPShooter_C'
[2016.07.11-10.22.53:493][979]LogWorld: Bringing World /Game/Levels/UEDPIE_0_Menu.Menu up for play (max tick rate 0) at 2016.07.11-12.22.53
[2016.07.11-10.22.53:494][979]LogWorld: Bringing up level for play took: 0.001397
[2016.07.11-10.22.53:497][979]LogContentBrowser: Native class hierarchy updated for 'MovieSceneCapture' in 0.0003 seconds. Added 11 classes and 0 folders.
[2016.07.11-10.22.53:543][979]PIE: Info Play in editor start time for /Game/Levels/UEDPIE_0_Menu 0.677
[2016.07.11-10.22.53:543][979]LogBlueprintUserMessages: Late PlayInEditor Detection: Level '/Game/Levels/Menu.Menu:PersistentLevel' has LevelScriptBlueprint '/Game/Levels/Menu.Menu:PersistentLevel.Menu' with GeneratedClass '/Game/Levels/Menu.Menu_C' with ClassGeneratedBy '/Game/Levels/Menu.Menu:PersistentLevel.Menu'
[2016.07.11-10.22.53:548][980]LogRenderer: Reallocating scene render targets to support 3024x1680 (Frame:45301).
[2016.07.11-10.23.34:177][612]LogNet: Browse: /Game/Levels/Test?listen
[2016.07.11-10.23.34:188][612]LogLoad: LoadMap: /Game/Levels/Test?listen
[2016.07.11-10.23.34:205][612]Cmd: MEM
[2016.07.11-10.23.34:216][612]LogMemory: Platform Memory Stats for Windows
[2016.07.11-10.23.34:216][612]LogMemory: Process Physical Memory: 1032.87 MB used, 1041.28 MB peak
[2016.07.11-10.23.34:216][612]LogMemory: Process Virtual Memory: 2263.54 MB used, 2438.43 MB peak
[2016.07.11-10.23.34:216][612]LogMemory: Physical Memory: 5273.65 MB used, 16299.06 MB total
[2016.07.11-10.23.34:216][612]LogMemory: Virtual Memory: 3129.90 MB used, 134217728.00 MB total
[2016.07.11-10.23.34:216][612]LogMemory: 
[2016.07.11-10.23.34:216][612]Allocator Stats for TBB: (not implemented)
[2016.07.11-10.23.34:262][612]LogAIModule: Creating AISystem for world Test
[2016.07.11-10.23.34:263][612]LogWorld: Game class is 'GM_MPShooter_C'
[2016.07.11-10.23.34:263][612]LogInit: WinSock: Socket queue 131072 / 131072
[2016.07.11-10.23.34:264][612]LogInit: WinSock: I am arcade1 (192.168.1.140:0)
[2016.07.11-10.23.34:264][612]PacketHandlerLog: Loaded PacketHandler component: Engine.EngineHandlerComponentFactory (StatelessConnectHandlerComponent)
[2016.07.11-10.23.34:264][612]LogNet: GameNetDriver IpNetDriver_0 IpNetDriver listening on port 7777
[2016.07.11-10.23.34:265][612]LogWorld: Bringing World /Game/Levels/UEDPIE_0_Test.Test up for play (max tick rate 0) at 2016.07.11-12.23.34
[2016.07.11-10.23.34:265][612]LogWorld: Bringing up level for play took: 0.001305
[2016.07.11-10.23.34:267][612]LogLoad: Took 0.078576 seconds to LoadMap(/Game/Levels/Test)
[2016.07.11-10.24.41:197][601]LogBlueprintUserMessages: Early EndPlayMap Detection: Level '/Game/Levels/Menu.Menu:PersistentLevel' has LevelScriptBlueprint '/Game/Levels/Menu.Menu:PersistentLevel.Menu' with GeneratedClass '/Game/Levels/Menu.Menu_C' with ClassGeneratedBy '/Game/Levels/Menu.Menu:PersistentLevel.Menu'
[2016.07.11-10.24.41:319][601]LogBlueprintUserMessages: Late EndPlayMap Detection: Level '/Game/Levels/Menu.Menu:PersistentLevel' has LevelScriptBlueprint '/Game/Levels/Menu.Menu:PersistentLevel.Menu' with GeneratedClass '/Game/Levels/Menu.Menu_C' with ClassGeneratedBy '/Game/Levels/Menu.Menu:PersistentLevel.Menu'
[2016.07.11-10.24.41:330][601]LogExit: GameNetDriver None shut down
[2016.07.11-10.26.24:828][982]Cmd: MODE GRID=1
[2016.07.11-10.26.53:018][346]BlueprintLog: New page: Compile BP_VivePawn
[2016.07.11-10.26.53:104][346]BlueprintEditorCompileResults: Info [1538.61] Compile of BP_VivePawn successful! [in 85 ms] (/Game/Blueprints/BP_VivePawn.BP_VivePawn)
[2016.07.11-10.26.54:408][496]Cmd: OBJ SAVEPACKAGE PACKAGE="/Game/Blueprints/BP_VivePawn" FILE="../../../../../../Users/enversed/Documents/GitHub/MPS/Shooter_MP/Content/Blueprints/BP_VivePawn.uasset" SILENT=true
[2016.07.11-10.26.54:452][496]LogSavePackage: Save=37.83ms
[2016.07.11-10.26.54:452][496]LogSavePackage: Moving '../../../../../../Users/enversed/Documents/GitHub/MPS/Shooter_MP/Saved/BP_VivePawn90DDB8F34EDE1562F8177AA994847BDC.tmp' to '../../../../../../Users/enversed/Documents/GitHub/MPS/Shooter_MP/Content/Blueprints/BP_VivePawn.uasset'
[2016.07.11-10.26.54:455][496]LogSavePackage:Display: Finished SavePackage ../../../../../../Users/enversed/Documents/GitHub/MPS/Shooter_MP/Content/Blueprints/BP_VivePawn.uasset
[2016.07.11-10.26.57:677][880]LogBlueprintUserMessages: Early PlayInEditor Detection: Level '/Game/Levels/Menu.Menu:PersistentLevel' has LevelScriptBlueprint '/Game/Levels/Menu.Menu:PersistentLevel.Menu' with GeneratedClass '/Game/Levels/Menu.Menu_C' with ClassGeneratedBy '/Game/Levels/Menu.Menu:PersistentLevel.Menu'
[2016.07.11-10.26.57:677][880]LogPlayLevel: PlayLevel: No blueprints needed recompiling
[2016.07.11-10.26.57:677][880]PIE: New page: PIE session: Menu (Jul 11, 2016, 1:26:57 PM)
[2016.07.11-10.26.57:677][880]LogPlayLevel: Creating play world package: /Game/Levels/UEDPIE_0_Menu
[2016.07.11-10.26.57:679][880]LogPlayLevel: PIE: StaticDuplicateObject took: (0.001619s)
[2016.07.11-10.26.57:679][880]LogAIModule: Creating AISystem for world Menu
[2016.07.11-10.26.57:679][880]LogPlayLevel: PIE: World Init took: (0.000476s)
[2016.07.11-10.26.57:680][880]LogPlayLevel: PIE: Created PIE world by copying editor world from /Game/Levels/Menu.Menu to /Game/Levels/UEDPIE_0_Menu.Menu (0.002258s)
[2016.07.11-10.26.57:699][880]LogInit: XAudio2 using 'Speakers (3- USB Audio Device)' : 2 channels at 44.1 kHz using 16 bits per sample (channel mask 0x3)
[2016.07.11-10.26.57:704][880]LogInit: FAudioDevice initialized.
[2016.07.11-10.26.57:799][880]LogWorld: Game class is 'GM_MPShooter_C'
[2016.07.11-10.26.57:801][880]LogWorld: Bringing World /Game/Levels/UEDPIE_0_Menu.Menu up for play (max tick rate 0) at 2016.07.11-12.26.57
[2016.07.11-10.26.57:802][880]LogWorld: Bringing up level for play took: 0.001635
[2016.07.11-10.26.57:847][880]PIE: Info Play in editor start time for /Game/Levels/UEDPIE_0_Menu 0.982
[2016.07.11-10.26.57:848][880]LogBlueprintUserMessages: Late PlayInEditor Detection: Level '/Game/Levels/Menu.Menu:PersistentLevel' has LevelScriptBlueprint '/Game/Levels/Menu.Menu:PersistentLevel.Menu' with GeneratedClass '/Game/Levels/Menu.Menu_C' with ClassGeneratedBy '/Game/Levels/Menu.Menu:PersistentLevel.Menu'
[2016.07.11-10.27.22:906][120]LogNet: Browse: /Game/Levels/Test?listen
[2016.07.11-10.27.22:917][120]LogLoad: LoadMap: /Game/Levels/Test?listen
[2016.07.11-10.27.22:929][120]Cmd: MEM
[2016.07.11-10.27.22:939][120]LogMemory: Platform Memory Stats for Windows
[2016.07.11-10.27.22:939][120]LogMemory: Process Physical Memory: 1098.83 MB used, 1112.29 MB peak
[2016.07.11-10.27.22:939][120]LogMemory: Process Virtual Memory: 2486.54 MB used, 2678.94 MB peak
[2016.07.11-10.27.22:939][120]LogMemory: Physical Memory: 5284.70 MB used, 16299.06 MB total
[2016.07.11-10.27.22:939][120]LogMemory: Virtual Memory: 3460.59 MB used, 134217728.00 MB total
[2016.07.11-10.27.22:939][120]LogMemory: 
[2016.07.11-10.27.22:939][120]Allocator Stats for TBB: (not implemented)
[2016.07.11-10.27.22:947][120]LogAIModule: Creating AISystem for world Test
[2016.07.11-10.27.22:947][120]LogWorld: Game class is 'GM_MPShooter_C'
[2016.07.11-10.27.22:947][120]LogInit: WinSock: Socket queue 131072 / 131072
[2016.07.11-10.27.22:948][120]PacketHandlerLog: Loaded PacketHandler component: Engine.EngineHandlerComponentFactory (StatelessConnectHandlerComponent)
[2016.07.11-10.27.22:948][120]LogNet: GameNetDriver IpNetDriver_1 IpNetDriver listening on port 7777
[2016.07.11-10.27.22:949][120]LogWorld: Bringing World /Game/Levels/UEDPIE_0_Test.Test up for play (max tick rate 0) at 2016.07.11-12.27.22
[2016.07.11-10.27.22:949][120]LogWorld: Bringing up level for play took: 0.001302
[2016.07.11-10.27.22:950][120]LogLoad: Took 0.033740 seconds to LoadMap(/Game/Levels/Test)
[2016.07.11-10.28.55:528][405]LogBlueprintUserMessages: Early EndPlayMap Detection: Level '/Game/Levels/Menu.Menu:PersistentLevel' has LevelScriptBlueprint '/Game/Levels/Menu.Menu:PersistentLevel.Menu' with GeneratedClass '/Game/Levels/Menu.Menu_C' with ClassGeneratedBy '/Game/Levels/Menu.Menu:PersistentLevel.Menu'
[2016.07.11-10.28.55:642][405]LogBlueprintUserMessages: Late EndPlayMap Detection: Level '/Game/Levels/Menu.Menu:PersistentLevel' has LevelScriptBlueprint '/Game/Levels/Menu.Menu:PersistentLevel.Menu' with GeneratedClass '/Game/Levels/Menu.Menu_C' with ClassGeneratedBy '/Game/Levels/Menu.Menu:PersistentLevel.Menu'
[2016.07.11-10.28.55:654][405]LogExit: GameNetDriver None shut down
[2016.07.11-10.29.11:204][255]Cmd: OBJ SAVEPACKAGE PACKAGE="/Game/Blueprints/BP_VivePawn" FILE="../../../../../../Users/enversed/Documents/GitHub/MPS/Shooter_MP/Content/Blueprints/BP_VivePawn.uasset" SILENT=true
[2016.07.11-10.29.11:239][255]LogSavePackage: Save=33.49ms
[2016.07.11-10.29.11:239][255]LogSavePackage: Moving '../../../../../../Users/enversed/Documents/GitHub/MPS/Shooter_MP/Saved/BP_VivePawnD9C5350246CABB513C9E8D8FF181A02E.tmp' to '../../../../../../Users/enversed/Documents/GitHub/MPS/Shooter_MP/Content/Blueprints/BP_VivePawn.uasset'
[2016.07.11-10.29.11:241][255]LogSavePackage:Display: Finished SavePackage ../../../../../../Users/enversed/Documents/GitHub/MPS/Shooter_MP/Content/Blueprints/BP_VivePawn.uasset
[2016.07.11-10.33.34:939][997]BlueprintLog: New page: Compile BP_VivePawn
[2016.07.11-10.33.35:012][997]BlueprintEditorCompileResults: Info [1940.52] Compile of BP_VivePawn successful! [in 72 ms] (/Game/Blueprints/BP_VivePawn.BP_VivePawn)
[2016.07.11-10.33.55:624][457]BlueprintLog: New page: Compile BP_VivePawn
[2016.07.11-10.33.55:695][457]BlueprintEditorCompileResults: Info [1961.20] Compile of BP_VivePawn successful! [in 70 ms] (/Game/Blueprints/BP_VivePawn.BP_VivePawn)
[2016.07.11-10.34.01:552][152]LogBlueprintUserMessages: Early PlayInEditor Detection: Level '/Game/Levels/Menu.Menu:PersistentLevel' has LevelScriptBlueprint '/Game/Levels/Menu.Menu:PersistentLevel.Menu' with GeneratedClass '/Game/Levels/Menu.Menu_C' with ClassGeneratedBy '/Game/Levels/Menu.Menu:PersistentLevel.Menu'
[2016.07.11-10.34.01:552][152]LogPlayLevel: PlayLevel: No blueprints needed recompiling
[2016.07.11-10.34.01:552][152]PIE: New page: PIE session: Menu (Jul 11, 2016, 1:34:01 PM)
[2016.07.11-10.34.01:552][152]LogPlayLevel: Creating play world package: /Game/Levels/UEDPIE_0_Menu
[2016.07.11-10.34.01:553][152]LogPlayLevel: PIE: StaticDuplicateObject took: (0.001184s)
[2016.07.11-10.34.01:554][152]LogAIModule: Creating AISystem for world Menu
[2016.07.11-10.34.01:554][152]LogPlayLevel: PIE: World Init took: (0.000440s)
[2016.07.11-10.34.01:554][152]LogPlayLevel: PIE: Created PIE world by copying editor world from /Game/Levels/Menu.Menu to /Game/Levels/UEDPIE_0_Menu.Menu (0.001755s)
[2016.07.11-10.34.01:573][152]LogInit: XAudio2 using 'Speakers (3- USB Audio Device)' : 2 channels at 44.1 kHz using 16 bits per sample (channel mask 0x3)
[2016.07.11-10.34.01:578][152]LogInit: FAudioDevice initialized.
[2016.07.11-10.34.01:674][152]LogWorld: Game class is 'GM_MPShooter_C'
[2016.07.11-10.34.01:676][152]LogWorld: Bringing World /Game/Levels/UEDPIE_0_Menu.Menu up for play (max tick rate 0) at 2016.07.11-12.34.01
[2016.07.11-10.34.01:676][152]LogWorld: Bringing up level for play took: 0.001690
[2016.07.11-10.34.01:724][152]PIE: Info Play in editor start time for /Game/Levels/UEDPIE_0_Menu 0.858
[2016.07.11-10.34.01:724][152]LogBlueprintUserMessages: Late PlayInEditor Detection: Level '/Game/Levels/Menu.Menu:PersistentLevel' has LevelScriptBlueprint '/Game/Levels/Menu.Menu:PersistentLevel.Menu' with GeneratedClass '/Game/Levels/Menu.Menu_C' with ClassGeneratedBy '/Game/Levels/Menu.Menu:PersistentLevel.Menu'
[2016.07.11-10.35.30:767][916]LogNet: Browse: /Game/Levels/Test?listen
[2016.07.11-10.35.30:767][916]LogLoad: LoadMap: /Game/Levels/Test?listen
[2016.07.11-10.35.30:779][916]Cmd: MEM
[2016.07.11-10.35.30:791][916]LogMemory: Platform Memory Stats for Windows
[2016.07.11-10.35.30:791][916]LogMemory: Process Physical Memory: 1095.16 MB used, 1117.96 MB peak
[2016.07.11-10.35.30:791][916]LogMemory: Process Virtual Memory: 2476.16 MB used, 2810.22 MB peak
[2016.07.11-10.35.30:791][916]LogMemory: Physical Memory: 5314.05 MB used, 16299.06 MB total
[2016.07.11-10.35.30:791][916]LogMemory: Virtual Memory: 3582.91 MB used, 134217728.00 MB total
[2016.07.11-10.35.30:791][916]LogMemory: 
[2016.07.11-10.35.30:791][916]Allocator Stats for TBB: (not implemented)
[2016.07.11-10.35.30:800][916]LogAIModule: Creating AISystem for world Test
[2016.07.11-10.35.30:801][916]LogWorld: Game class is 'GM_MPShooter_C'
[2016.07.11-10.35.30:801][916]LogInit: WinSock: Socket queue 131072 / 131072
[2016.07.11-10.35.30:801][916]PacketHandlerLog: Loaded PacketHandler component: Engine.EngineHandlerComponentFactory (StatelessConnectHandlerComponent)
[2016.07.11-10.35.30:801][916]LogNet: GameNetDriver IpNetDriver_2 IpNetDriver listening on port 7777
[2016.07.11-10.35.30:803][916]LogWorld: Bringing World /Game/Levels/UEDPIE_0_Test.Test up for play (max tick rate 3) at 2016.07.11-12.35.30
[2016.07.11-10.35.30:803][916]LogWorld: Bringing up level for play took: 0.001595
[2016.07.11-10.35.30:805][916]LogLoad: Took 0.037849 seconds to LoadMap(/Game/Levels/Test)
[2016.07.11-10.35.36:264][262]LogBlueprintUserMessages: Early EndPlayMap Detection: Level '/Game/Levels/Menu.Menu:PersistentLevel' has LevelScriptBlueprint '/Game/Levels/Menu.Menu:PersistentLevel.Menu' with GeneratedClass '/Game/Levels/Menu.Menu_C' with ClassGeneratedBy '/Game/Levels/Menu.Menu:PersistentLevel.Menu'
[2016.07.11-10.35.36:379][262]LogBlueprintUserMessages: Late EndPlayMap Detection: Level '/Game/Levels/Menu.Menu:PersistentLevel' has LevelScriptBlueprint '/Game/Levels/Menu.Menu:PersistentLevel.Menu' with GeneratedClass '/Game/Levels/Menu.Menu_C' with ClassGeneratedBy '/Game/Levels/Menu.Menu:PersistentLevel.Menu'
[2016.07.11-10.35.36:390][262]LogExit: GameNetDriver None shut down
[2016.07.11-10.35.37:917][443]LogBlueprintUserMessages: Early PlayInEditor Detection: Level '/Game/Levels/Menu.Menu:PersistentLevel' has LevelScriptBlueprint '/Game/Levels/Menu.Menu:PersistentLevel.Menu' with GeneratedClass '/Game/Levels/Menu.Menu_C' with ClassGeneratedBy '/Game/Levels/Menu.Menu:PersistentLevel.Menu'
[2016.07.11-10.35.37:917][443]LogPlayLevel: PlayLevel: No blueprints needed recompiling
[2016.07.11-10.35.37:917][443]PIE: New page: PIE session: Menu (Jul 11, 2016, 1:35:37 PM)
[2016.07.11-10.35.37:917][443]LogPlayLevel: Creating play world package: /Game/Levels/UEDPIE_0_Menu
[2016.07.11-10.35.37:918][443]LogPlayLevel: PIE: StaticDuplicateObject took: (0.001326s)
[2016.07.11-10.35.37:918][443]LogAIModule: Creating AISystem for world Menu
[2016.07.11-10.35.37:919][443]LogPlayLevel: PIE: World Init took: (0.000432s)
[2016.07.11-10.35.37:919][443]LogPlayLevel: PIE: Created PIE world by copying editor world from /Game/Levels/Menu.Menu to /Game/Levels/UEDPIE_0_Menu.Menu (0.001884s)
[2016.07.11-10.35.37:937][443]LogInit: XAudio2 using 'Speakers (3- USB Audio Device)' : 2 channels at 44.1 kHz using 16 bits per sample (channel mask 0x3)
[2016.07.11-10.35.37:941][443]LogInit: FAudioDevice initialized.
[2016.07.11-10.35.38:038][443]LogWorld: Game class is 'GM_MPShooter_C'
[2016.07.11-10.35.38:040][443]LogWorld: Bringing World /Game/Levels/UEDPIE_0_Menu.Menu up for play (max tick rate 0) at 2016.07.11-12.35.38
[2016.07.11-10.35.38:040][443]LogWorld: Bringing up level for play took: 0.001388
[2016.07.11-10.35.38:085][443]PIE: Info Play in editor start time for /Game/Levels/UEDPIE_0_Menu -0.78
[2016.07.11-10.35.38:086][443]LogBlueprintUserMessages: Late PlayInEditor Detection: Level '/Game/Levels/Menu.Menu:PersistentLevel' has LevelScriptBlueprint '/Game/Levels/Menu.Menu:PersistentLevel.Menu' with GeneratedClass '/Game/Levels/Menu.Menu_C' with ClassGeneratedBy '/Game/Levels/Menu.Menu:PersistentLevel.Menu'
[2016.07.11-10.35.41:078][706]LogNet: Browse: /Game/Levels/Test?listen
[2016.07.11-10.35.41:088][706]LogLoad: LoadMap: /Game/Levels/Test?listen
[2016.07.11-10.35.41:100][706]Cmd: MEM
[2016.07.11-10.35.41:110][706]LogMemory: Platform Memory Stats for Windows
[2016.07.11-10.35.41:110][706]LogMemory: Process Physical Memory: 1112.47 MB used, 1117.96 MB peak
[2016.07.11-10.35.41:110][706]LogMemory: Process Virtual Memory: 2557.30 MB used, 2815.50 MB peak
[2016.07.11-10.35.41:110][706]LogMemory: Physical Memory: 5323.66 MB used, 16299.06 MB total
[2016.07.11-10.35.41:110][706]LogMemory: Virtual Memory: 3698.79 MB used, 134217728.00 MB total
[2016.07.11-10.35.41:110][706]LogMemory: 
[2016.07.11-10.35.41:111][706]Allocator Stats for TBB: (not implemented)
[2016.07.11-10.35.41:118][706]LogAIModule: Creating AISystem for world Test
[2016.07.11-10.35.41:118][706]LogWorld: Game class is 'GM_MPShooter_C'
[2016.07.11-10.35.41:118][706]LogInit: WinSock: Socket queue 131072 / 131072
[2016.07.11-10.35.41:119][706]PacketHandlerLog: Loaded PacketHandler component: Engine.EngineHandlerComponentFactory (StatelessConnectHandlerComponent)
[2016.07.11-10.35.41:119][706]LogNet: GameNetDriver IpNetDriver_3 IpNetDriver listening on port 7777
[2016.07.11-10.35.41:120][706]LogWorld: Bringing World /Game/Levels/UEDPIE_0_Test.Test up for play (max tick rate 0) at 2016.07.11-12.35.41
[2016.07.11-10.35.41:120][706]LogWorld: Bringing up level for play took: 0.001225
[2016.07.11-10.35.41:121][706]LogLoad: Took 0.032793 seconds to LoadMap(/Game/Levels/Test)
[2016.07.11-10.35.44:205][979]LogBlueprintUserMessages: Early EndPlayMap Detection: Level '/Game/Levels/Menu.Menu:PersistentLevel' has LevelScriptBlueprint '/Game/Levels/Menu.Menu:PersistentLevel.Menu' with GeneratedClass '/Game/Levels/Menu.Menu_C' with ClassGeneratedBy '/Game/Levels/Menu.Menu:PersistentLevel.Menu'
[2016.07.11-10.35.44:320][979]LogBlueprintUserMessages: Late EndPlayMap Detection: Level '/Game/Levels/Menu.Menu:PersistentLevel' has LevelScriptBlueprint '/Game/Levels/Menu.Menu:PersistentLevel.Menu' with GeneratedClass '/Game/Levels/Menu.Menu_C' with ClassGeneratedBy '/Game/Levels/Menu.Menu:PersistentLevel.Menu'
[2016.07.11-10.35.44:332][979]LogExit: GameNetDriver None shut down
[2016.07.11-10.36.36:949][477]LogFileHelpers: Editor autosave (incl. sublevels) for '/Game/Levels/Menu' took 0.011
[2016.07.11-10.36.36:950][477]OBJ SavePackage: Generating thumbnails for [1] asset(s) in package [/Game/Blueprints/BP_VivePawn] ([1] browsable assets)...
[2016.07.11-10.36.36:962][477]OBJ SavePackage:     Rendered thumbnail for [Blueprint /Game/Blueprints/BP_VivePawn.BP_VivePawn]
[2016.07.11-10.36.36:962][477]OBJ SavePackage: Finished generating thumbnails for package [/Game/Blueprints/BP_VivePawn]
[2016.07.11-10.36.37:006][477]LogSavePackage: Save=39.43ms
[2016.07.11-10.36.37:006][477]LogSavePackage: Moving '../../../../../../Users/enversed/Documents/GitHub/MPS/Shooter_MP/Saved/BP_VivePawn_Auto280FDB79342ABD1921B51219130BEF99F.tmp' to '../../../../../../Users/enversed/Documents/GitHub/MPS/Shooter_MP/Saved/Autosaves/Game/Blueprints/BP_VivePawn_Auto2.uasset'
[2016.07.11-10.36.37:007][477]LogSavePackage:Display: Finished SavePackage ../../../../../../Users/enversed/Documents/GitHub/MPS/Shooter_MP/Saved/Autosaves/Game/Blueprints/BP_VivePawn_Auto2.uasset
[2016.07.11-10.36.37:007][477]LogFileHelpers: Auto-saving content packages took 0.057
[2016.07.11-10.38.13:585][767]LogWindows: FPlatformMisc::RequestExit(0)
[2016.07.11-10.38.15:307][768]LogWindowsTextInputMethodSystem:Display: IME system now deactivated.
[2016.07.11-10.38.15:426][768]LogExit: Preparing to exit.
[2016.07.11-10.38.15:705][768]LogExit: Editor shut down
[2016.07.11-10.38.15:706][768]LogExit: Transaction tracking system shut down
[2016.07.11-10.38.15:804][768]LogObj: Freed 0b from 0 cluster array pools.
[2016.07.11-10.38.15:804][768]LogExit: Object subsystem successfully closed.
[2016.07.11-10.38.15:821][768]LogD3D11RHI: Shutdown
[2016.07.11-10.38.15:821][768]LogD3D11RHI: CleanupD3DDevice
[2016.07.11-10.38.15:823][768]LogD3D11RHI: ~FD3D11DynamicRHI
[2016.07.11-10.38.15:831][768]LogModuleManager: Shutting down and abandoning module HierarchicalLODUtilities (218)
[2016.07.11-10.38.15:831][768]LogModuleManager: Shutting down and abandoning module MovieSceneCapture (216)
[2016.07.11-10.38.15:831][768]LogModuleManager: Shutting down and abandoning module BlueprintGraph (215)
[2016.07.11-10.38.15:832][768]LogModuleManager: Shutting down and abandoning module MaterialEditor (214)
[2016.07.11-10.38.15:832][768]LogModuleManager: Shutting down and abandoning module HierarchicalLODOutliner (213)
[2016.07.11-10.38.15:832][768]LogModuleManager: Shutting down and abandoning module CrashTracker (212)
[2016.07.11-10.38.15:832][768]LogModuleManager: Shutting down and abandoning module SceneOutliner (211)
[2016.07.11-10.38.15:832][768]LogModuleManager: Shutting down and abandoning module WidgetCarousel (210)
[2016.07.11-10.38.15:832][768]LogModuleManager: Shutting down and abandoning module AddContentDialog (209)
[2016.07.11-10.38.15:832][768]LogModuleManager: Shutting down and abandoning module GameplayTags (208)
[2016.07.11-10.38.15:832][768]LogModuleManager: Shutting down and abandoning module EditorWidgets (207)
[2016.07.11-10.38.15:832][768]LogModuleManager: Shutting down and abandoning module CollectionManager (206)
[2016.07.11-10.38.15:832][768]LogModuleManager: Shutting down and abandoning module StatsViewer (205)
[2016.07.11-10.38.15:832][768]LogModuleManager: Shutting down and abandoning module FoliageEdit (204)
[2016.07.11-10.38.15:832][768]LogModuleManager: Shutting down and abandoning module LandscapeEditor (203)
[2016.07.11-10.38.15:832][768]LogModuleManager: Shutting down and abandoning module SceneDepthPickerMode (202)
[2016.07.11-10.38.15:832][768]LogModuleManager: Shutting down and abandoning module ActorPickerMode (201)
[2016.07.11-10.38.15:832][768]LogModuleManager: Shutting down and abandoning module GeometryMode (200)
[2016.07.11-10.38.15:832][768]LogModuleManager: Shutting down and abandoning module TextureAlignMode (199)
[2016.07.11-10.38.15:832][768]LogModuleManager: Shutting down and abandoning module BspMode (198)
[2016.07.11-10.38.15:832][768]LogModuleManager: Shutting down and abandoning module HardwareSurvey (197)
[2016.07.11-10.38.15:832][768]LogModuleManager: Shutting down and abandoning module SequenceRecorderSections (196)
[2016.07.11-10.38.15:832][768]LogModuleManager: Shutting down and abandoning module SequenceRecorder (195)
[2016.07.11-10.38.15:832][768]LogModuleManager: Shutting down and abandoning module AutomationWorker (194)
[2016.07.11-10.38.15:832][768]LogModuleManager: Shutting down and abandoning module MatineeToLevelSequence (193)
[2016.07.11-10.38.15:832][768]LogModuleManager: Shutting down and abandoning module PlacementMode (192)
[2016.07.11-10.38.15:832][768]LogModuleManager: Shutting down and abandoning module LevelSequenceEditor (191)
[2016.07.11-10.38.15:832][768]LogModuleManager: Shutting down and abandoning module CharacterAI (190)
[2016.07.11-10.38.15:832][768]LogModuleManager: Shutting down and abandoning module SmartSnapping (189)
[2016.07.11-10.38.15:832][768]LogModuleManager: Shutting down and abandoning module SessionServices (188)
[2016.07.11-10.38.15:832][768]LogModuleManager: Shutting down and abandoning module ViewportSnapping (187)
[2016.07.11-10.38.15:832][768]LogModuleManager: Shutting down and abandoning module LogVisualizer (186)
[2016.07.11-10.38.15:832][768]LogModuleManager: Shutting down and abandoning module GameProjectGeneration (185)
[2016.07.11-10.38.15:832][768]LogModuleManager: Shutting down and abandoning module IntroTutorials (184)
[2016.07.11-10.38.15:832][768]LogModuleManager: Shutting down and abandoning module EditorLiveStreaming (183)
[2016.07.11-10.38.15:832][768]LogModuleManager: Shutting down and abandoning module IOSPlatformEditor (182)
[2016.07.11-10.38.15:832][768]LogModuleManager: Shutting down and abandoning module HTML5PlatformEditor (181)
[2016.07.11-10.38.15:832][768]LogModuleManager: Shutting down and abandoning module AndroidDeviceDetection (180)
[2016.07.11-10.38.16:106][768]LogModuleManager: Shutting down and abandoning module AndroidPlatformEditor (179)
[2016.07.11-10.38.16:106][768]LogModuleManager: Shutting down and abandoning module IOSRuntimeSettings (178)
[2016.07.11-10.38.16:106][768]LogModuleManager: Shutting down and abandoning module AndroidRuntimeSettings (177)
[2016.07.11-10.38.16:106][768]LogModuleManager: Shutting down and abandoning module MergeActors (176)
[2016.07.11-10.38.16:106][768]LogModuleManager: Shutting down and abandoning module SizeMap (175)
[2016.07.11-10.38.16:106][768]LogModuleManager: Shutting down and abandoning module TreeMap (174)
[2016.07.11-10.38.16:106][768]LogModuleManager: Shutting down and abandoning module ReferenceViewer (173)
[2016.07.11-10.38.16:106][768]LogModuleManager: Shutting down and abandoning module LocalizationService (172)
[2016.07.11-10.38.16:106][768]LogModuleManager: Shutting down and abandoning module LocalizationDashboard (171)
[2016.07.11-10.38.16:106][768]LogModuleManager: Shutting down and abandoning module HardwareTargeting (170)
[2016.07.11-10.38.16:106][768]LogModuleManager: Shutting down and abandoning module DeviceProfileEditor (169)
[2016.07.11-10.38.16:106][768]LogModuleManager: Shutting down and abandoning module UndoHistory (168)
[2016.07.11-10.38.16:106][768]LogModuleManager: Shutting down and abandoning module UserFeedback (167)
[2016.07.11-10.38.16:106][768]LogModuleManager: Shutting down and abandoning module XmlParser (166)
[2016.07.11-10.38.16:106][768]LogModuleManager: Shutting down and abandoning module Blutility (165)
[2016.07.11-10.38.16:106][768]LogModuleManager: Shutting down and abandoning module ProjectTargetPlatformEditor (164)
[2016.07.11-10.38.16:106][768]LogModuleManager: Shutting down and abandoning module ProjectSettingsViewer (163)
[2016.07.11-10.38.16:106][768]LogModuleManager: Shutting down and abandoning module InputBindingEditor (162)
[2016.07.11-10.38.16:106][768]LogModuleManager: Shutting down and abandoning module EditorSettingsViewer (161)
[2016.07.11-10.38.16:106][768]LogModuleManager: Shutting down and abandoning module SettingsEditor (160)
[2016.07.11-10.38.16:106][768]LogModuleManager: Shutting down and abandoning module ProjectLauncher (159)
[2016.07.11-10.38.16:106][768]LogModuleManager: Shutting down and abandoning module SessionFrontend (158)
[2016.07.11-10.38.16:106][768]LogModuleManager: Shutting down and abandoning module ProfilerClient (157)
[2016.07.11-10.38.16:106][768]LogModuleManager: Shutting down and abandoning module TargetDeviceServices (156)
[2016.07.11-10.38.16:106][768]LogModuleManager: Shutting down and abandoning module DeviceManager (155)
[2016.07.11-10.38.16:149][768]LogModuleManager: Shutting down and abandoning module AutomationController (154)
[2016.07.11-10.38.16:149][768]LogModuleManager: Shutting down and abandoning module AutomationWindow (153)
[2016.07.11-10.38.16:149][768]LogModuleManager: Shutting down and abandoning module Layers (152)
[2016.07.11-10.38.16:149][768]LogModuleManager: Shutting down and abandoning module ComponentVisualizers (151)
[2016.07.11-10.38.16:149][768]LogModuleManager: Shutting down and abandoning module DetailCustomizations (150)
[2016.07.11-10.38.16:149][768]LogModuleManager: Shutting down and abandoning module PackagesDialog (149)
[2016.07.11-10.38.16:149][768]LogModuleManager: Shutting down and abandoning module Persona (148)
[2016.07.11-10.38.16:149][768]LogModuleManager: Shutting down and abandoning module Kismet (147)
[2016.07.11-10.38.16:149][768]LogModuleManager: Shutting down and abandoning module GraphEditor (146)
[2016.07.11-10.38.16:149][768]LogModuleManager: Shutting down and abandoning module ClassViewer (145)
[2016.07.11-10.38.16:149][768]LogModuleManager: Shutting down and abandoning module Toolbox (144)
[2016.07.11-10.38.16:149][768]LogModuleManager: Shutting down and abandoning module ModuleUI (143)
[2016.07.11-10.38.16:149][768]LogModuleManager: Shutting down and abandoning module MovieSceneTools (142)
[2016.07.11-10.38.16:149][768]LogModuleManager: Shutting down and abandoning module OutputLog (141)
[2016.07.11-10.38.16:149][768]LogModuleManager: Shutting down and abandoning module GammaUI (140)
[2016.07.11-10.38.16:149][768]LogModuleManager: Shutting down and abandoning module Documentation (139)
[2016.07.11-10.38.16:149][768]LogModuleManager: Shutting down and abandoning module StreamingPauseRendering (138)
[2016.07.11-10.38.16:149][768]LogModuleManager: Shutting down and abandoning module AnalyticsET (137)
[2016.07.11-10.38.16:149][768]LogModuleManager: Shutting down and abandoning module Analytics (136)
[2016.07.11-10.38.16:149][768]LogModuleManager: Shutting down and abandoning module PortalServices (135)
[2016.07.11-10.38.16:149][768]LogModuleManager: Shutting down and abandoning module PortalRpc (134)
[2016.07.11-10.38.16:149][768]LogModuleManager: Shutting down and abandoning module MessagingRpc (133)
[2016.07.11-10.38.16:149][768]LogModuleManager: Shutting down and abandoning module GameplayDebugger (132)
[2016.07.11-10.38.16:149][768]LogModuleManager: Shutting down and abandoning module AITestSuite (131)
[2016.07.11-10.38.16:149][768]LogModuleManager: Shutting down and abandoning module AIModule (130)
[2016.07.11-10.38.16:149][768]LogModuleManager: Shutting down and abandoning module ProfilerService (129)
[2016.07.11-10.38.16:242][768]LogModuleManager: Shutting down and abandoning module TaskGraph (128)
[2016.07.11-10.38.16:242][768]LogModuleManager: Shutting down and abandoning module SlateRemote (127)
[2016.07.11-10.38.16:242][768]LogModuleManager: Shutting down and abandoning module SteamVRController (126)
[2016.07.11-10.38.16:242][768]LogModuleManager: Shutting down and abandoning module SteamVR (125)
[2016.07.11-10.38.16:242][768]LogModuleManager: Shutting down and abandoning module ProceduralMeshComponent (124)
[2016.07.11-10.38.16:242][768]LogModuleManager: Shutting down and abandoning module OculusLibrary (123)
[2016.07.11-10.38.16:242][768]LogModuleManager: Shutting down and abandoning module OculusInput (122)
[2016.07.11-10.38.16:242][768]LogModuleManager: Shutting down and abandoning module CustomMeshComponent (121)
[2016.07.11-10.38.16:242][768]LogModuleManager: Shutting down and abandoning module CableComponent (120)
[2016.07.11-10.38.16:242][768]LogModuleManager: Shutting down and abandoning module ArchVisCharacter (119)
[2016.07.11-10.38.16:242][768]LogModuleManager: Shutting down and abandoning module MediaPlayerEditor (118)
[2016.07.11-10.38.16:242][768]LogModuleManager: Shutting down and abandoning module HTML5Networking (117)
[2016.07.11-10.38.16:242][768]LogModuleManager: Shutting down and abandoning module SuperSearch (116)
[2016.07.11-10.38.16:243][768]LogModuleManager: Shutting down and abandoning module SuperSearchEditor (115)
[2016.07.11-10.38.16:243][768]LogModuleManager: Shutting down and abandoning module SpeedTreeImporter (114)
[2016.07.11-10.38.16:243][768]LogModuleManager: Shutting down and abandoning module PluginBrowser (113)
[2016.07.11-10.38.16:243][768]LogModuleManager: Shutting down and abandoning module EpicSurvey (112)
[2016.07.11-10.38.16:243][768]LogModuleManager: Shutting down and abandoning module DesktopPlatform (111)
[2016.07.11-10.38.16:243][768]LogModuleManager: Shutting down and abandoning module VisualStudioSourceCodeAccess (110)
[2016.07.11-10.38.16:243][768]LogModuleManager: Shutting down and abandoning module UObjectPlugin (109)
[2016.07.11-10.38.16:243][768]LogModuleManager: Shutting down and abandoning module SubversionSourceControl (108)
[2016.07.11-10.38.16:243][768]LogModuleManager: Shutting down and abandoning module PerforceSourceControl (107)
[2016.07.11-10.38.16:243][768]LogModuleManager: Shutting down and abandoning module SourceControl (106)
[2016.07.11-10.38.16:243][768]LogModuleManager: Shutting down and abandoning module GitSourceControl (105)
[2016.07.11-10.38.16:243][768]LogModuleManager: Shutting down and abandoning module LightPropagationVolumeEditor (104)
[2016.07.11-10.38.16:243][768]LogModuleManager: Shutting down and abandoning module PaperTiledImporter (103)
[2016.07.11-10.38.16:243][768]LogModuleManager: Shutting down and abandoning module PaperSpriteSheetImporter (102)
[2016.07.11-10.38.16:243][768]LogModuleManager: Shutting down and abandoning module MeshPaint (101)
[2016.07.11-10.38.16:243][768]LogModuleManager: Shutting down and abandoning module PixelInspectorModule (100)
[2016.07.11-10.38.16:243][768]LogModuleManager: Shutting down and abandoning module HotReload (99)
[2016.07.11-10.38.16:243][768]LogModuleManager: Shutting down and abandoning module MainFrame (98)
[2016.07.11-10.38.16:243][768]LogModuleManager: Shutting down and abandoning module LevelEditor (97)
[2016.07.11-10.38.16:243][768]LogModuleManager: Shutting down and abandoning module ContentBrowser (96)
[2016.07.11-10.38.16:244][768]LogModuleManager: Shutting down and abandoning module Paper2DEditor (95)
[2016.07.11-10.38.16:244][768]LogModuleManager: Shutting down and abandoning module UdpMessaging (94)
[2016.07.11-10.38.16:345][768]LogModuleManager: Shutting down and abandoning module LightPropagationVolumeRuntime (93)
[2016.07.11-10.38.16:345][768]LogModuleManager: Shutting down and abandoning module Paper2D (92)
[2016.07.11-10.38.16:345][768]LogModuleManager: Shutting down and abandoning module WindowsMoviePlayer (91)
[2016.07.11-10.38.16:345][768]LogModuleManager: Shutting down and abandoning module Media (90)
[2016.07.11-10.38.16:345][768]LogModuleManager: Shutting down and abandoning module WmfMedia (89)
[2016.07.11-10.38.16:345][768]LogModuleManager: Shutting down and abandoning module MediaAssets (88)
[2016.07.11-10.38.16:345][768]LogModuleManager: Shutting down and abandoning module GameLiveStreaming (87)
[2016.07.11-10.38.16:345][768]LogModuleManager: Shutting down and abandoning module GameplayTagsEditor (86)
[2016.07.11-10.38.16:345][768]LogModuleManager: Shutting down and abandoning module OnlineBlueprintSupport (85)
[2016.07.11-10.38.16:345][768]LogModuleManager: Shutting down and abandoning module VREditor (84)
[2016.07.11-10.38.16:345][768]LogModuleManager: Shutting down and abandoning module GameplayTasksEditor (83)
[2016.07.11-10.38.16:345][768]LogModuleManager: Shutting down and abandoning module PropertyEditor (82)
[2016.07.11-10.38.16:345][768]LogModuleManager: Shutting down and abandoning module BehaviorTreeEditor (81)
[2016.07.11-10.38.16:345][768]LogModuleManager: Shutting down and abandoning module FunctionalTesting (80)
[2016.07.11-10.38.16:345][768]LogModuleManager: Shutting down and abandoning module CollisionAnalyzer (79)
[2016.07.11-10.38.16:345][768]LogModuleManager: Shutting down and abandoning module Sequencer (78)
[2016.07.11-10.38.16:345][768]LogModuleManager: Shutting down and abandoning module WorkspaceMenuStructure (77)
[2016.07.11-10.38.16:345][768]LogModuleManager: Shutting down and abandoning module MessageLog (76)
[2016.07.11-10.38.16:345][768]LogModuleManager: Shutting down and abandoning module AssetTools (75)
[2016.07.11-10.38.16:345][768]LogModuleManager: Shutting down and abandoning module UMGEditor (74)
[2016.07.11-10.38.16:345][768]LogModuleManager: Shutting down and abandoning module UMG (73)
[2016.07.11-10.38.16:345][768]LogModuleManager: Shutting down and abandoning module SlateReflector (72)
[2016.07.11-10.38.16:345][768]LogModuleManager: Shutting down and abandoning module Slate (71)
[2016.07.11-10.38.16:345][768]LogModuleManager: Shutting down and abandoning module EditorStyle (70)
[2016.07.11-10.38.16:347][768]LogModuleManager: Shutting down and abandoning module SourceCodeAccess (69)
[2016.07.11-10.38.16:347][768]LogModuleManager: Shutting down and abandoning module HeadMountedDisplay (68)
[2016.07.11-10.38.16:347][768]LogModuleManager: Shutting down and abandoning module XAudio2 (67)
[2016.07.11-10.38.16:347][768]LogModuleManager: Shutting down and abandoning module Networking (65)
[2016.07.11-10.38.16:347][768]LogModuleManager: Shutting down and abandoning module Core (64)
[2016.07.11-10.38.16:347][768]LogModuleManager: Shutting down and abandoning module DirectoryWatcher (63)
[2016.07.11-10.38.16:347][768]LogModuleManager: Shutting down and abandoning module AssetRegistry (62)
[2016.07.11-10.38.16:494][768]LogModuleManager: Shutting down and abandoning module KismetCompiler (61)
[2016.07.11-10.38.16:494][768]LogModuleManager: Shutting down and abandoning module PhysXFormats (60)
[2016.07.11-10.38.16:494][768]LogModuleManager: Shutting down and abandoning module MeshUtilities (59)
[2016.07.11-10.38.16:494][768]LogModuleManager: Shutting down and abandoning module DerivedDataCache (58)
[2016.07.11-10.38.16:498][768]LogDerivedDataCache: Shutdown
[2016.07.11-10.38.16:498][768]LogModuleManager: Shutting down and abandoning module VulkanShaderFormat (57)
[2016.07.11-10.38.16:498][768]LogModuleManager: Shutting down and abandoning module ShaderFormatOpenGL (56)
[2016.07.11-10.38.16:498][768]LogModuleManager: Shutting down and abandoning module ShaderFormatD3D (55)
[2016.07.11-10.38.16:498][768]LogModuleManager: Shutting down and abandoning module MetalShaderFormat (54)
[2016.07.11-10.38.16:498][768]LogModuleManager: Shutting down and abandoning module TextureFormatUncompressed (53)
[2016.07.11-10.38.16:498][768]LogModuleManager: Shutting down and abandoning module TextureFormatPVR (52)
[2016.07.11-10.38.16:498][768]LogModuleManager: Shutting down and abandoning module TextureFormatIntelISPCTexComp (51)
[2016.07.11-10.38.16:498][768]LogModuleManager: Shutting down and abandoning module TextureFormatDXT (50)
[2016.07.11-10.38.16:498][768]LogModuleManager: Shutting down and abandoning module ImageWrapper (49)
[2016.07.11-10.38.16:498][768]LogModuleManager: Shutting down and abandoning module TextureFormatASTC (48)
[2016.07.11-10.38.16:498][768]LogModuleManager: Shutting down and abandoning module TextureFormatAndroid (47)
[2016.07.11-10.38.16:498][768]LogModuleManager: Shutting down and abandoning module AudioFormatOpus (46)
[2016.07.11-10.38.16:498][768]LogModuleManager: Shutting down and abandoning module AudioFormatOgg (45)
[2016.07.11-10.38.16:498][768]LogModuleManager: Shutting down and abandoning module AudioFormatADPCM (44)
[2016.07.11-10.38.16:499][768]LogModuleManager: Shutting down and abandoning module LinuxTargetPlatform (43)
[2016.07.11-10.38.16:499][768]LogModuleManager: Shutting down and abandoning module LinuxServerTargetPlatform (42)
[2016.07.11-10.38.16:499][768]LogModuleManager: Shutting down and abandoning module LinuxNoEditorTargetPlatform (41)
[2016.07.11-10.38.16:499][768]LogModuleManager: Shutting down and abandoning module TVOSTargetPlatform (40)
[2016.07.11-10.38.16:499][768]LogModuleManager: Shutting down and abandoning module Messaging (39)
[2016.07.11-10.38.16:499][768]LogModuleManager: Shutting down and abandoning module IOSTargetPlatform (38)
[2016.07.11-10.38.16:499][768]LogModuleManager: Shutting down and abandoning module HTML5TargetPlatform (37)
[2016.07.11-10.38.16:499][768]LogModuleManager: Shutting down and abandoning module Android_PVRTCTargetPlatform (36)
[2016.07.11-10.38.16:499][768]LogModuleManager: Shutting down and abandoning module Android_MultiTargetPlatform (35)
[2016.07.11-10.38.16:499][768]LogModuleManager: Shutting down and abandoning module Android_ETC2TargetPlatform (34)
[2016.07.11-10.38.16:499][768]LogModuleManager: Shutting down and abandoning module Android_ETC1TargetPlatform (33)
[2016.07.11-10.38.16:499][768]LogModuleManager: Shutting down and abandoning module Android_DXTTargetPlatform (32)
[2016.07.11-10.38.16:499][768]LogModuleManager: Shutting down and abandoning module Android_ATCTargetPlatform (31)
[2016.07.11-10.38.16:499][768]LogModuleManager: Shutting down and abandoning module Android_ASTCTargetPlatform (30)
[2016.07.11-10.38.16:499][768]LogModuleManager: Shutting down and abandoning module AndroidTargetPlatform (29)
[2016.07.11-10.38.16:499][768]LogModuleManager: Shutting down and abandoning module WindowsTargetPlatform (28)
[2016.07.11-10.38.16:499][768]LogModuleManager: Shutting down and abandoning module WindowsServerTargetPlatform (27)
[2016.07.11-10.38.16:499][768]LogModuleManager: Shutting down and abandoning module WindowsNoEditorTargetPlatform (26)
[2016.07.11-10.38.16:499][768]LogModuleManager: Shutting down and abandoning module WindowsClientTargetPlatform (25)
[2016.07.11-10.38.16:499][768]LogModuleManager: Shutting down and abandoning module AllDesktopTargetPlatform (24)
[2016.07.11-10.38.16:499][768]LogModuleManager: Shutting down and abandoning module TargetPlatform (23)
[2016.07.11-10.38.16:499][768]LogModuleManager: Shutting down and abandoning module InputCore (22)
[2016.07.11-10.38.16:499][768]LogModuleManager: Shutting down and abandoning module Settings (21)
[2016.07.11-10.38.16:499][768]LogModuleManager: Shutting down and abandoning module OnlineSubsystem (19)
[2016.07.11-10.38.16:499][768]LogModuleManager: Shutting down and abandoning module HTTP (18)
[2016.07.11-10.38.21:003][768]LogModuleManager: Shutting down and abandoning module XMPP (17)
[2016.07.11-10.38.21:003][768]LogModuleManager: Shutting down and abandoning module OculusRift (16)
[2016.07.11-10.38.21:003][768]LogModuleManager: Shutting down and abandoning module ExampleDeviceProfileSelector (15)
[2016.07.11-10.38.21:003][768]LogModuleManager: Shutting down and abandoning module TextureCompressor (14)
[2016.07.11-10.38.21:003][768]LogModuleManager: Shutting down and abandoning module ShaderCore (13)
[2016.07.11-10.38.21:003][768]LogModuleManager: Shutting down and abandoning module Landscape (12)
[2016.07.11-10.38.21:003][768]LogModuleManager: Shutting down and abandoning module SlateRHIRenderer (11)
[2016.07.11-10.38.21:004][768]LogModuleManager: Shutting down and abandoning module OpenGLDrv (10)
[2016.07.11-10.38.21:004][768]LogModuleManager: Shutting down and abandoning module D3D11RHI (9)
[2016.07.11-10.38.21:004][768]LogModuleManager: Shutting down and abandoning module AnimGraphRuntime (8)
[2016.07.11-10.38.21:004][768]LogModuleManager: Shutting down and abandoning module Renderer (7)
[2016.07.11-10.38.21:004][768]LogModuleManager: Shutting down and abandoning module Engine (6)
[2016.07.11-10.38.21:004][768]LogModuleManager: Shutting down and abandoning module CoreUObject (5)
[2016.07.11-10.38.21:004][768]LogModuleManager: Shutting down and abandoning module NetworkFile (4)
[2016.07.11-10.38.21:005][768]LogModuleManager: Shutting down and abandoning module StreamingFile (3)
[2016.07.11-10.38.21:005][768]LogModuleManager: Shutting down and abandoning module SandboxFile (2)
[2016.07.11-10.38.21:005][768]LogModuleManager: Shutting down and abandoning module PakFile (1)
[2016.07.11-10.38.21:006][768]LogExit: Exiting.
[2016.07.11-10.38.21:014][768]Log file closed, 07/11/16 12:38:21
