Log file open, 07/11/16 14:16:40
LogInit:Display: Running engine for game: Shooter_MP
LogPlatformFile: Not using cached read wrapper
LogInit:Display: RandInit(-1923705265) SRandInit(-1923705264).
LogTaskGraph: Started task graph with 4 named threads and 7 total threads with 1 sets of task threads.
LogStats: Stats thread started at 0.063173
LogInit: Version: 4.12.5-3039270+++UE4+Release-4.12
LogInit: API Version: 2992821
LogInit: Net Version: 3039270
LogDevObjectVersion: Number of dev versions registered: 13
LogDevObjectVersion:   Dev-Blueprints (B0D832E4-1F89-4F0D-ACCF-7EB736FD4AA2): 3
LogDevObjectVersion:   Dev-Build (E1C64328-A22C-4D53-A36C-8E866417BD8C): 0
LogDevObjectVersion:   Dev-Core (375EC13C-06E4-48FB-B500-84F0262A717E): 1
LogDevObjectVersion:   Dev-Editor (E4B068ED-F494-42E9-A231-DA0B2E46BB41): 2
LogDevObjectVersion:   Dev-Framework (CFFC743F-43B0-4480-9391-14DF171D2073): 6
LogDevObjectVersion:   Dev-Mobile (B02B49B5-BB20-44E9-A304-32B752E40360): 0
LogDevObjectVersion:   Dev-Networking (A4E4105C-59A1-49B5-A7C5-40C4547EDFEE): 0
LogDevObjectVersion:   Dev-Online (39C831C9-5AE6-47DC-9A44-9C173E1C8E7C): 0
LogDevObjectVersion:   Dev-Physics (78F01B33-EBEA-4F98-B9B4-84EACCB95AA2): 0
LogDevObjectVersion:   Dev-Platform (6631380F-2D4D-43E0-8009-CF276956A95A): 0
LogDevObjectVersion:   Dev-Rendering (12F88B9F-8875-4AFC-A67C-D90C383ABD29): 2
LogDevObjectVersion:   Dev-Sequencer (7B5AE74C-D270-4C10-A958-57980B212A5A): 0
LogDevObjectVersion:   Dev-VR (D7296918-1DD6-4BDD-9DE2-64A83CC13884): 0
LogInit: Compiled (64-bit): Jul  6 2016 09:09:46
LogInit: Compiled with Visual C++: 19.00.23026.00
LogInit: Build Configuration: Development
LogInit: Branch Name: ++UE4+Release-4.12
LogInit: Command line:  -game
LogInit: Base directory: C:/Program Files (x86)/Epic Games/4.12/Engine/Binaries/Win64/
LogInit: Installed Engine Build: 1
LogInit: Using libcurl 7.41.0
LogInit:  - built for x86_64-pc-win32
LogInit:  - supports SSL with WinSSL
LogInit:  - other features:
LogInit:      CURL_VERSION_SSL
LogInit:      CURL_VERSION_IPV6
LogInit:      CURL_VERSION_ASYNCHDNS
LogInit:      CURL_VERSION_LARGEFILE
LogInit:      CURL_VERSION_IDN
LogInit:  CurlRequestOptions (configurable via config and command line):
LogInit:  - bVerifyPeer = true  - Libcurl will verify peer certificate
LogInit:  - bUseHttpProxy = false  - Libcurl will NOT use HTTP proxy
LogInit:  - bDontReuseConnections = false  - Libcurl will reuse connections
LogInit:  - CertBundlePath = nullptr  - Libcurl will use whatever was configured at build time.
LogInit: Presizing for max 8388607 objects, including 0 objects not considered by GC, pre-allocating 0 bytes for permanent pool.
LogInit: Object subsystem initialized
[2016.07.11-12.16.40:160][  0]LogInit: Selected Device Profile: [Windows]
[2016.07.11-12.16.40:160][  0]LogInit: Applying CVar settings loaded from the selected device profile: [Windows]
[2016.07.11-12.16.40:167][  0]LogInit: Computer: ARCADE1
[2016.07.11-12.16.40:167][  0]LogInit: User: enversed
[2016.07.11-12.16.40:167][  0]LogInit: CPU Page size=65536, Cores=4
[2016.07.11-12.16.40:167][  0]LogInit: High frequency timer resolution =3.914059 MHz
[2016.07.11-12.16.40:167][  0]LogMemory: Memory total: Physical=15.9GB (16GB approx)
[2016.07.11-12.16.40:167][  0]LogMemory: Platform Memory Stats for Windows
[2016.07.11-12.16.40:167][  0]LogMemory: Process Physical Memory: 189.93 MB used, 189.93 MB peak
[2016.07.11-12.16.40:167][  0]LogMemory: Process Virtual Memory: 195.15 MB used, 195.15 MB peak
[2016.07.11-12.16.40:167][  0]LogMemory: Physical Memory: 5034.93 MB used, 16299.06 MB total
[2016.07.11-12.16.40:167][  0]LogMemory: Virtual Memory: 554.25 MB used, 134217728.00 MB total
[2016.07.11-12.16.40:186][  0]LogTextLocalizationManager: No specific translations for ('en-US') exist, so ('en') translations will be used.
[2016.07.11-12.16.40:452][  0]LogD3D11RHI: D3D11 adapters:
[2016.07.11-12.16.40:473][  0]LogD3D11RHI:    0. 'NVIDIA GeForce GTX 1080' (Feature Level 11_0)
[2016.07.11-12.16.40:473][  0]LogD3D11RHI:       8084/0/8149 MB DedicatedVideo/DedicatedSystem/SharedSystem, Outputs:1, VendorId:0x10de
[2016.07.11-12.16.40:474][  0]LogD3D11RHI:    1. 'Microsoft Basic Render Driver' (Feature Level 11_0)
[2016.07.11-12.16.40:474][  0]LogD3D11RHI:       0/0/8149 MB DedicatedVideo/DedicatedSystem/SharedSystem, Outputs:0, VendorId:0x1414
[2016.07.11-12.16.40:474][  0]LogD3D11RHI: Chosen D3D11 Adapter: 0
[2016.07.11-12.16.40:477][  0]LogD3D11RHI: Creating new Direct3DDevice
[2016.07.11-12.16.40:477][  0]LogD3D11RHI:     GPU DeviceId: 0x1b80 (for the marketing name, search the web for "GPU Device Id")
[2016.07.11-12.16.40:477][  0]LogWindows: EnumDisplayDevices:
[2016.07.11-12.16.40:477][  0]LogWindows:    0. 'NVIDIA GeForce GTX 1080' (P:1 D:1)
[2016.07.11-12.16.40:477][  0]LogWindows:    1. 'NVIDIA GeForce GTX 1080' (P:0 D:0)
[2016.07.11-12.16.40:477][  0]LogWindows:    2. 'NVIDIA GeForce GTX 1080' (P:0 D:0)
[2016.07.11-12.16.40:478][  0]LogWindows:    3. 'NVIDIA GeForce GTX 1080' (P:0 D:0)
[2016.07.11-12.16.40:478][  0]LogWindows: DebugString: FoundDriverCount:4 
[2016.07.11-12.16.40:478][  0]LogD3D11RHI:     Adapter Name: NVIDIA GeForce GTX 1080
[2016.07.11-12.16.40:478][  0]LogD3D11RHI:   Driver Version: 368.39 (internal:10.18.13.6839, unified:368.39)
[2016.07.11-12.16.40:478][  0]LogD3D11RHI:      Driver Date: 6-2-2016
[2016.07.11-12.16.40:478][  0]LogRHI: Texture pool is 1361 MB (70% of 1945 MB)
[2016.07.11-12.16.40:493][  0]LogD3D11RHI: Async texture creation enabled
[2016.07.11-12.16.40:502][  0]LogD3D11RHI: GPU Timing Frequency: 1000.000000 (Debug: 2 1)
[2016.07.11-12.16.40:503][  0]LogShaderCompilers: Guid format shader working directory is -15 characters bigger than the processId version (../../../../../../Users/enversed/Documents/GitHub/MPS/Shooter_MP/Intermediate/Shaders/WorkingDirectory/5576/).
[2016.07.11-12.16.40:503][  0]LogShaderCompilers: Cleaned the shader compiler working directory 'C:/Users/enversed/AppData/Local/Temp/UnrealShaderWorkingDir/5254A52249872676BB27C69E24BF7B64/'.
[2016.07.11-12.16.40:503][  0]LogShaderCompilers:Display: Using Local Shader Compiler.
[2016.07.11-12.16.41:149][  0]LogTemp:Display: Loaded TP WindowsClientTargetPlatform
[2016.07.11-12.16.41:157][  0]LogTemp:Display: Loaded TP WindowsNoEditorTargetPlatform
[2016.07.11-12.16.41:163][  0]LogTemp:Display: Loaded TP WindowsServerTargetPlatform
[2016.07.11-12.16.41:169][  0]LogTemp:Display: Loaded TP WindowsTargetPlatform
[2016.07.11-12.16.41:169][  0]LogTargetPlatformManager:Display: Building Assets For Windows
[2016.07.11-12.16.41:213][  0]LogDerivedDataCache:Display: Max Cache Size: 512 MB
[2016.07.11-12.16.41:249][  0]LogDerivedDataCache: Loaded boot cache 0.04s 48MB C:/Users/enversed/AppData/Local/UnrealEngine/4.12/DerivedDataCache/Boot.ddc.
[2016.07.11-12.16.41:250][  0]LogDerivedDataCache:Display: Loaded Boot cache: C:/Users/enversed/AppData/Local/UnrealEngine/4.12/DerivedDataCache/Boot.ddc
[2016.07.11-12.16.41:250][  0]LogDerivedDataCache: FDerivedDataBackendGraph:  Pak pak cache file ../../../../../../Users/enversed/Documents/GitHub/MPS/Shooter_MP/DerivedDataCache/DDC.ddp not found, will not use a pak cache.
[2016.07.11-12.16.41:250][  0]LogDerivedDataCache: Unable to find inner node Pak for hierarchical cache Hierarchy.
[2016.07.11-12.16.41:250][  0]LogDerivedDataCache: FDerivedDataBackendGraph:  CompressedPak pak cache file ../../../../../../Users/enversed/Documents/GitHub/MPS/Shooter_MP/DerivedDataCache/Compressed.ddp not found, will not use a pak cache.
[2016.07.11-12.16.41:250][  0]LogDerivedDataCache: Unable to find inner node CompressedPak for hierarchical cache Hierarchy.
[2016.07.11-12.16.41:262][  0]LogDerivedDataCache:Display: Pak cache opened for reading ../../../Engine/DerivedDataCache/Compressed.ddp.
[2016.07.11-12.16.41:273][  0]LogDerivedDataCache: Using Local data cache path C:/Users/enversed/AppData/Local/UnrealEngine/Common/DerivedDataCache: Writable
[2016.07.11-12.16.41:397][  0]LogAssetRegistry: FAssetRegistry took 0.0001 seconds to start up
[2016.07.11-12.16.41:412][  0]LogPackageLocalizationCache: Processed 3 localized package path(s) for 2 prioritized culture(s) in 0.014150 seconds
[2016.07.11-12.16.41:414][  0]LogInit: Selected Device Profile: [Windows]
[2016.07.11-12.16.41:415][  0]LogContentStreaming: Texture pool size is 1000.00 MB
[2016.07.11-12.16.41:513][  0]LogMeshUtilities: No automatic mesh reduction module available
[2016.07.11-12.16.41:513][  0]LogMeshUtilities: No automatic mesh merging module available
[2016.07.11-12.16.41:513][  0]LogMeshUtilities: No distributed automatic mesh merging module available
[2016.07.11-12.16.41:645][  0]LogInit: WinSock: version 1.1 (2.2), MaxSocks=32767, MaxUdp=65467
[2016.07.11-12.16.41:739][  0]LogSlate: SlateFontCache - WITH_FREETYPE: 1, WITH_HARFBUZZ: 1
[2016.07.11-12.16.41:739][  0]LogSlate: SlateFontCache - WITH_FREETYPE: 1, WITH_HARFBUZZ: 1
[2016.07.11-12.16.41:779][  0]LogMoviePlayer: Initializing movie player
[2016.07.11-12.16.41:846][  0]LogWindowsMoviePlayer: Unable to load movie: ../../../../../../Users/enversed/Documents/GitHub/MPS/Shooter_MP/Content/Movies/Default_Startup.mp4
[2016.07.11-12.16.41:906][  0]SourceControl: Info Source control is disabled
[2016.07.11-12.16.41:906][  0]SourceControl: Info Source control is disabled
[2016.07.11-12.16.41:911][  0]SourceControl: Info Source control is disabled
[2016.07.11-12.16.41:972][  0]LogUObjectArray: 30985 objects as part of root set at end of initial load.
[2016.07.11-12.16.41:972][  0]LogUObjectAllocator: 6717232 out of 0 bytes used by permanent object pool.
[2016.07.11-12.16.41:972][  0]LogUObjectArray: CloseDisregardForGC: 0/0 objects in disregard for GC pool
[2016.07.11-12.16.42:013][  0]LogEngine: Initializing Engine...
[2016.07.11-12.16.42:027][  0]LogHMD: SteamVR initialized.  Driver: lighthouse  Display: LHR-7C3980D9
[2016.07.11-12.16.42:040][  0]LogHMD: SteamVR initialized.  Driver: lighthouse  Display: LHR-7C3980D9
[2016.07.11-12.16.42:133][  0]LogInit: XAudio2 using 'Speakers (3- USB Audio Device)' : 2 channels at 44.1 kHz using 16 bits per sample (channel mask 0x3)
[2016.07.11-12.16.42:139][  0]LogInit: FAudioDevice initialized.
[2016.07.11-12.16.42:156][  0]LogDerivedDataCache: Saved boot cache 0.02s 48MB C:/Users/enversed/AppData/Local/UnrealEngine/4.12/DerivedDataCache/Boot.ddc.
[2016.07.11-12.16.42:163][  0]LogInit: Texture streaming: Enabled
[2016.07.11-12.16.42:208][  0]LogConsoleManager:Warning: Setting the console variable 'r.VSync' with 'SetByGameSetting' was ignored as it is lower priority than the previous 'SetByCode'
[2016.07.11-12.16.42:211][  0]LogNet: Browse: /Game/Levels/Menu?Name=Player
[2016.07.11-12.16.42:211][  0]LogLoad: LoadMap: /Game/Levels/Menu?Name=Player
[2016.07.11-12.16.42:222][  0]LogMemory: Platform Memory Stats for Windows
[2016.07.11-12.16.42:222][  0]LogMemory: Process Physical Memory: 553.33 MB used, 572.50 MB peak
[2016.07.11-12.16.42:222][  0]LogMemory: Process Virtual Memory: 604.74 MB used, 604.75 MB peak
[2016.07.11-12.16.42:222][  0]LogMemory: Physical Memory: 5346.69 MB used, 16299.06 MB total
[2016.07.11-12.16.42:222][  0]LogMemory: Virtual Memory: 1213.28 MB used, 134217728.00 MB total
[2016.07.11-12.16.42:222][  0]LogMemory: 
[2016.07.11-12.16.42:222][  0]Allocator Stats for TBB: (not implemented)
[2016.07.11-12.16.42:242][  0]LogAIModule: Creating AISystem for world Menu
[2016.07.11-12.16.42:242][  0]LogWorld: Game class is 'GameMode'
[2016.07.11-12.16.42:243][  0]LogWorld: Bringing World /Game/Levels/Menu.Menu up for play (max tick rate 0) at 2016.07.11-14.16.42
[2016.07.11-12.16.42:243][  0]LogWorld: Bringing up level for play took: 0.001003
[2016.07.11-12.16.42:245][  0]LogLoad: Took 0.033823 seconds to LoadMap(/Game/Levels/Menu)
[2016.07.11-12.16.42:245][  0]LogInit:Display: Game Engine Initialized.
[2016.07.11-12.16.42:460][  0]LogLoad: Full Startup: 2.81 seconds (BP compile: 0.00 seconds)
[2016.07.11-12.16.42:460][  0]LogExternalProfiler: Found external profiler: VSPerf
[2016.07.11-12.16.42:460][  0]LogExternalProfiler: Using external profiler: VSPerf
[2016.07.11-12.16.42:476][  0]LogWindowsTextInputMethodSystem:Display: IME system now deactivated.
[2016.07.11-12.16.42:477][  0]LogOcInput: OculusInput pre-init called
[2016.07.11-12.16.42:548][  2]LogRenderer: Reallocating scene render targets to support 2688x1512 (Frame:2).
[2016.07.11-12.16.45:689][193]LogPackageName: SearchForPackageOnDisk took   0.042s to resolve Lobby.umap.
[2016.07.11-12.16.45:689][193]LogBlueprintUserMessages: [Menu_C_1] Now listening
[2016.07.11-12.16.45:731][194]LogPackageName: SearchForPackageOnDisk took   0.039s to resolve Lobby.umap.
[2016.07.11-12.16.45:731][194]LogNet: Browse: /Game/Levels/Lobby?Name=Player?Listen
[2016.07.11-12.16.45:731][194]LogLoad: LoadMap: /Game/Levels/Lobby?Name=Player?Listen
[2016.07.11-12.16.45:741][194]LogMemory: Platform Memory Stats for Windows
[2016.07.11-12.16.45:741][194]LogMemory: Process Physical Memory: 573.07 MB used, 576.86 MB peak
[2016.07.11-12.16.45:741][194]LogMemory: Process Virtual Memory: 1120.13 MB used, 1123.45 MB peak
[2016.07.11-12.16.45:741][194]LogMemory: Physical Memory: 5341.66 MB used, 16299.06 MB total
[2016.07.11-12.16.45:741][194]LogMemory: Virtual Memory: 1743.85 MB used, 134217728.00 MB total
[2016.07.11-12.16.45:741][194]LogMemory: 
[2016.07.11-12.16.45:741][194]Allocator Stats for TBB: (not implemented)
[2016.07.11-12.16.45:750][194]LogAIModule: Creating AISystem for world Lobby
[2016.07.11-12.16.45:750][194]LogWorld: Game class is 'GameMode'
[2016.07.11-12.16.45:751][194]LogInit: WinSock: Socket queue 131072 / 131072
[2016.07.11-12.16.45:752][194]LogInit: WinSock: I am arcade1 (192.168.1.140:0)
[2016.07.11-12.16.45:752][194]PacketHandlerLog: Loaded PacketHandler component: Engine.EngineHandlerComponentFactory (StatelessConnectHandlerComponent)
[2016.07.11-12.16.45:753][194]LogNet: GameNetDriver IpNetDriver_0 IpNetDriver listening on port 7777
[2016.07.11-12.16.45:753][194]LogWorld: Bringing World /Game/Levels/Lobby.Lobby up for play (max tick rate 0) at 2016.07.11-14.16.45
[2016.07.11-12.16.45:753][194]LogWorld: Bringing up level for play took: 0.000512
[2016.07.11-12.16.45:754][194]LogLoad: Took 0.023460 seconds to LoadMap(/Game/Levels/Lobby)
[2016.07.11-12.16.52:955][641]LogNet: NotifyAcceptingConnection: Server Lobby accept
[2016.07.11-12.16.52:955][641]LogHandshake: SendConnectChallenge. Timestamp: 7.311126, Cookie: 140246078255001218223139253084219216002248207019007005177178
[2016.07.11-12.16.52:955][641]LogNet: NotifyAcceptingConnection: Server Lobby accept
[2016.07.11-12.16.52:971][642]LogNet: NotifyAcceptingConnection: Server Lobby accept
[2016.07.11-12.16.52:971][642]LogNet: Server accepting post-challenge connection from: 192.168.1.140:54261
[2016.07.11-12.16.52:971][642]PacketHandlerLog: Loaded PacketHandler component: Engine.EngineHandlerComponentFactory (StatelessConnectHandlerComponent)
[2016.07.11-12.16.52:971][642]LogNet: NotifyAcceptedConnection: Name: Lobby, TimeStamp: 07/11/16 14:16:52, [UNetConnection] RemoteAddr: 192.168.1.140:54261, Name: IpConnection_0, Driver: GameNetDriver IpNetDriver_0, IsServer: YES, PC: NULL, Owner: NULL
[2016.07.11-12.16.52:971][642]LogNet: AddClientConnection: Added client connection: [UNetConnection] RemoteAddr: 192.168.1.140:54261, Name: IpConnection_0, Driver: GameNetDriver IpNetDriver_0, IsServer: YES, PC: NULL, Owner: NULL
[2016.07.11-12.16.53:181][655]LogNet: NotifyAcceptingChannel Control 0 server World /Game/Levels/Lobby.Lobby: Accepted
[2016.07.11-12.16.53:181][655]LogNet: Remote platform little endian=1
[2016.07.11-12.16.53:181][655]LogNet: This platform little endian=1
[2016.07.11-12.16.53:181][655]LogNet: GetLocalNetworkVersion: GEngineNetVersion: 3039270, ProjectName: shooter_mp, ProjectVersion: 1.0.0.0, InternalProtocolVersion: 9, LocalNetworkVersion: 1397182541
[2016.07.11-12.16.53:197][656]LogNet: Login request: /Game/Levels/Menu?Name=Player userId: Invalid
[2016.07.11-12.16.53:213][657]LogNet: Client netspeed is 10000
[2016.07.11-12.16.53:229][658]LogNet: Join request: /Game/Levels/Menu?Name=Player?SplitscreenCount=1
[2016.07.11-12.16.53:232][658]LogNet: Join succeeded: Player
[2016.07.11-12.17.03:124][269]LogPackageName: SearchForPackageOnDisk took   0.039s to resolve Test.
[2016.07.11-12.17.03:126][269]LogGameMode: ProcessServerTravel: /Engine/MapTemplates/TEST
[2016.07.11-12.17.03:159][272]LogNet: UChannel::ReceivedSequencedBunch: Bunch.bClose == true. ChIndex == 0. Calling ConditionalCleanUp.
[2016.07.11-12.17.03:159][272]LogNet: UChannel::CleanUp: ChIndex == 0. Closing connection. [UChannel] ChIndex: 0, Closing: 0 [UNetConnection] RemoteAddr: 192.168.1.140:54261, Name: IpConnection_0, Driver: GameNetDriver IpNetDriver_0, IsServer: YES, PC: PlayerController_1, Owner: PlayerController_1
[2016.07.11-12.17.03:159][272]LogNet: UNetConnection::Close: [UNetConnection] RemoteAddr: 192.168.1.140:54261, Name: IpConnection_0, Driver: GameNetDriver IpNetDriver_0, IsServer: YES, PC: PlayerController_1, Owner: PlayerController_1, Channels: 10, Time: 2016.07.11-12.17.03
[2016.07.11-12.17.03:159][272]LogNet: UChannel::Close: Sending CloseBunch. ChIndex == 0. Name: [UChannel] ChIndex: 0, Closing: 0 [UNetConnection] RemoteAddr: 192.168.1.140:54261, Name: IpConnection_0, Driver: GameNetDriver IpNetDriver_0, IsServer: YES, PC: PlayerController_1, Owner: PlayerController_1
[2016.07.11-12.17.03:159][272]LogNet: NotifyAcceptingConnection: Server Lobby refused
[2016.07.11-12.17.03:159][272]LogNet: NotifyAcceptingConnection: Server Lobby refused
[2016.07.11-12.17.03:368][285]LogNet: NotifyAcceptingConnection: Server Lobby refused
[2016.07.11-12.17.03:578][298]LogNet: NotifyAcceptingConnection: Server Lobby refused
[2016.07.11-12.17.03:788][311]LogNet: NotifyAcceptingConnection: Server Lobby refused
[2016.07.11-12.17.03:998][324]LogNet: NotifyAcceptingConnection: Server Lobby refused
[2016.07.11-12.17.04:175][335]LogNet: NotifyAcceptingConnection: Server Lobby refused
[2016.07.11-12.17.04:175][335]LogNet: NotifyAcceptingConnection: Server Lobby refused
[2016.07.11-12.17.04:385][348]LogNet: NotifyAcceptingConnection: Server Lobby refused
[2016.07.11-12.17.04:594][361]LogNet: NotifyAcceptingConnection: Server Lobby refused
[2016.07.11-12.17.04:633][361]LogPackageName: SearchForPackageOnDisk took   0.038s to resolve Test.
[2016.07.11-12.17.04:795][372]LogNet: NotifyAcceptingConnection: Server Lobby refused
[2016.07.11-12.17.05:004][385]LogNet: NotifyAcceptingConnection: Server Lobby refused
[2016.07.11-12.17.05:182][396]LogNet: NotifyAcceptingConnection: Server Lobby refused
[2016.07.11-12.17.05:182][396]LogNet: NotifyAcceptingConnection: Server Lobby refused
[2016.07.11-12.17.05:391][409]LogNet: NotifyAcceptingConnection: Server Lobby refused
[2016.07.11-12.17.05:601][422]LogNet: NotifyAcceptingConnection: Server Lobby refused
[2016.07.11-12.17.05:811][435]LogNet: NotifyAcceptingConnection: Server Lobby refused
[2016.07.11-12.17.06:021][448]LogNet: NotifyAcceptingConnection: Server Lobby refused
[2016.07.11-12.17.06:198][459]LogNet: NotifyAcceptingConnection: Server Lobby refused
[2016.07.11-12.17.06:198][459]LogNet: NotifyAcceptingConnection: Server Lobby refused
[2016.07.11-12.17.06:408][472]LogNet: NotifyAcceptingConnection: Server Lobby refused
[2016.07.11-12.17.06:617][485]LogNet: NotifyAcceptingConnection: Server Lobby refused
[2016.07.11-12.17.06:827][498]LogNet: NotifyAcceptingConnection: Server Lobby refused
[2016.07.11-12.17.07:037][511]LogNet: NotifyAcceptingConnection: Server Lobby refused
[2016.07.11-12.17.07:085][514]LogEngine: Server switch level: /Engine/MapTemplates/TEST
[2016.07.11-12.17.07:085][514]LogNet: Browse: /Engine/MapTemplates/TEST?Name=Player?Listen
[2016.07.11-12.17.07:085][514]LogLoad: LoadMap: /Engine/MapTemplates/TEST?Name=Player?Listen
[2016.07.11-12.17.07:085][514]LogNet: World NetDriver shutdown IpNetDriver_0 [GameNetDriver]
[2016.07.11-12.17.07:085][514]LogNet: DestroyNamedNetDriver IpNetDriver_0 [GameNetDriver]
[2016.07.11-12.17.07:085][514]LogExit: GameNetDriver IpNetDriver_0 shut down
[2016.07.11-12.17.07:096][514]LogMemory: Platform Memory Stats for Windows
[2016.07.11-12.17.07:096][514]LogMemory: Process Physical Memory: 558.36 MB used, 581.04 MB peak
[2016.07.11-12.17.07:096][514]LogMemory: Process Virtual Memory: 1127.61 MB used, 1228.97 MB peak
[2016.07.11-12.17.07:096][514]LogMemory: Physical Memory: 5272.78 MB used, 16299.06 MB total
[2016.07.11-12.17.07:096][514]LogMemory: Virtual Memory: 1759.70 MB used, 134217728.00 MB total
[2016.07.11-12.17.07:096][514]LogMemory: 
[2016.07.11-12.17.07:096][514]Allocator Stats for TBB: (not implemented)
[2016.07.11-12.17.07:096][514]LogWindows: Windows GetLastError: The operation completed successfully. (0)
[2016.07.11-12.17.07:328][514]LogWindows:Error: === Critical error: ===
Assertion failed: NewWorld [File:D:\Build\++UE4+Release-4.12+Compile\Sync\Engine\Source\Runtime\Engine\Private\UnrealEngine.cpp] [Line: 9634] 





[2016.07.11-12.17.07:345][514]LogExit: Executing StaticShutdownAfterError
[2016.07.11-12.17.07:346][514]LogWindows: FPlatformMisc::RequestExit(1)
[2016.07.11-12.17.07:346][514]Log file closed, 07/11/16 14:17:07
