Log file open, 07/11/16 13:49:45
LogInit:Display: Running engine for game: Shooter_MP
LogPlatformFile: Not using cached read wrapper
LogInit:Display: RandInit(348447210) SRandInit(348447211).
LogTaskGraph: Started task graph with 4 named threads and 7 total threads with 1 sets of task threads.
LogStats: Stats thread started at 0.063235
LogInit: Version: 4.12.5-3039270+++UE4+Release-4.12
LogInit: API Version: 2992821
LogInit: Net Version: 3039270
LogDevObjectVersion: Number of dev versions registered: 13
LogDevObjectVersion:   Dev-Blueprints (B0D832E4-1F89-4F0D-ACCF-7EB736FD4AA2): 3
LogDevObjectVersion:   Dev-Build (E1C64328-A22C-4D53-A36C-8E866417BD8C): 0
LogDevObjectVersion:   Dev-Core (375EC13C-06E4-48FB-B500-84F0262A717E): 1
LogDevObjectVersion:   Dev-Editor (E4B068ED-F494-42E9-A231-DA0B2E46BB41): 2
LogDevObjectVersion:   Dev-Framework (CFFC743F-43B0-4480-9391-14DF171D2073): 6
LogDevObjectVersion:   Dev-Mobile (B02B49B5-BB20-44E9-A304-32B752E40360): 0
LogDevObjectVersion:   Dev-Networking (A4E4105C-59A1-49B5-A7C5-40C4547EDFEE): 0
LogDevObjectVersion:   Dev-Online (39C831C9-5AE6-47DC-9A44-9C173E1C8E7C): 0
LogDevObjectVersion:   Dev-Physics (78F01B33-EBEA-4F98-B9B4-84EACCB95AA2): 0
LogDevObjectVersion:   Dev-Platform (6631380F-2D4D-43E0-8009-CF276956A95A): 0
LogDevObjectVersion:   Dev-Rendering (12F88B9F-8875-4AFC-A67C-D90C383ABD29): 2
LogDevObjectVersion:   Dev-Sequencer (7B5AE74C-D270-4C10-A958-57980B212A5A): 0
LogDevObjectVersion:   Dev-VR (D7296918-1DD6-4BDD-9DE2-64A83CC13884): 0
LogInit: Compiled (64-bit): Jul  6 2016 09:09:46
LogInit: Compiled with Visual C++: 19.00.23026.00
LogInit: Build Configuration: Development
LogInit: Branch Name: ++UE4+Release-4.12
LogInit: Command line:  -game
LogInit: Base directory: C:/Program Files (x86)/Epic Games/4.12/Engine/Binaries/Win64/
LogInit: Installed Engine Build: 1
LogInit: Using libcurl 7.41.0
LogInit:  - built for x86_64-pc-win32
LogInit:  - supports SSL with WinSSL
LogInit:  - other features:
LogInit:      CURL_VERSION_SSL
LogInit:      CURL_VERSION_IPV6
LogInit:      CURL_VERSION_ASYNCHDNS
LogInit:      CURL_VERSION_LARGEFILE
LogInit:      CURL_VERSION_IDN
LogInit:  CurlRequestOptions (configurable via config and command line):
LogInit:  - bVerifyPeer = true  - Libcurl will verify peer certificate
LogInit:  - bUseHttpProxy = false  - Libcurl will NOT use HTTP proxy
LogInit:  - bDontReuseConnections = false  - Libcurl will reuse connections
LogInit:  - CertBundlePath = nullptr  - Libcurl will use whatever was configured at build time.
LogInit: Presizing for max 8388607 objects, including 0 objects not considered by GC, pre-allocating 0 bytes for permanent pool.
LogInit: Object subsystem initialized
[2016.07.11-11.49.46:012][  0]LogInit: Selected Device Profile: [Windows]
[2016.07.11-11.49.46:012][  0]LogInit: Applying CVar settings loaded from the selected device profile: [Windows]
[2016.07.11-11.49.46:019][  0]LogInit: Computer: ARCADE1
[2016.07.11-11.49.46:019][  0]LogInit: User: enversed
[2016.07.11-11.49.46:019][  0]LogInit: CPU Page size=65536, Cores=4
[2016.07.11-11.49.46:019][  0]LogInit: High frequency timer resolution =3.914059 MHz
[2016.07.11-11.49.46:019][  0]LogMemory: Memory total: Physical=15.9GB (16GB approx)
[2016.07.11-11.49.46:019][  0]LogMemory: Platform Memory Stats for Windows
[2016.07.11-11.49.46:019][  0]LogMemory: Process Physical Memory: 190.90 MB used, 190.90 MB peak
[2016.07.11-11.49.46:019][  0]LogMemory: Process Virtual Memory: 195.10 MB used, 195.10 MB peak
[2016.07.11-11.49.46:019][  0]LogMemory: Physical Memory: 4449.96 MB used, 16299.06 MB total
[2016.07.11-11.49.46:020][  0]LogMemory: Virtual Memory: 554.25 MB used, 134217728.00 MB total
[2016.07.11-11.49.46:040][  0]LogTextLocalizationManager: No specific translations for ('en-US') exist, so ('en') translations will be used.
[2016.07.11-11.49.46:307][  0]LogD3D11RHI: D3D11 adapters:
[2016.07.11-11.49.46:325][  0]LogD3D11RHI:    0. 'NVIDIA GeForce GTX 1080' (Feature Level 11_0)
[2016.07.11-11.49.46:325][  0]LogD3D11RHI:       8084/0/8149 MB DedicatedVideo/DedicatedSystem/SharedSystem, Outputs:1, VendorId:0x10de
[2016.07.11-11.49.46:326][  0]LogD3D11RHI:    1. 'Microsoft Basic Render Driver' (Feature Level 11_0)
[2016.07.11-11.49.46:326][  0]LogD3D11RHI:       0/0/8149 MB DedicatedVideo/DedicatedSystem/SharedSystem, Outputs:0, VendorId:0x1414
[2016.07.11-11.49.46:326][  0]LogD3D11RHI: Chosen D3D11 Adapter: 0
[2016.07.11-11.49.46:329][  0]LogD3D11RHI: Creating new Direct3DDevice
[2016.07.11-11.49.46:329][  0]LogD3D11RHI:     GPU DeviceId: 0x1b80 (for the marketing name, search the web for "GPU Device Id")
[2016.07.11-11.49.46:329][  0]LogWindows: EnumDisplayDevices:
[2016.07.11-11.49.46:329][  0]LogWindows:    0. 'NVIDIA GeForce GTX 1080' (P:1 D:1)
[2016.07.11-11.49.46:329][  0]LogWindows:    1. 'NVIDIA GeForce GTX 1080' (P:0 D:0)
[2016.07.11-11.49.46:329][  0]LogWindows:    2. 'NVIDIA GeForce GTX 1080' (P:0 D:0)
[2016.07.11-11.49.46:330][  0]LogWindows:    3. 'NVIDIA GeForce GTX 1080' (P:0 D:0)
[2016.07.11-11.49.46:330][  0]LogWindows: DebugString: FoundDriverCount:4 
[2016.07.11-11.49.46:330][  0]LogD3D11RHI:     Adapter Name: NVIDIA GeForce GTX 1080
[2016.07.11-11.49.46:330][  0]LogD3D11RHI:   Driver Version: 368.39 (internal:10.18.13.6839, unified:368.39)
[2016.07.11-11.49.46:330][  0]LogD3D11RHI:      Driver Date: 6-2-2016
[2016.07.11-11.49.46:330][  0]LogRHI: Texture pool is 1361 MB (70% of 1945 MB)
[2016.07.11-11.49.46:342][  0]LogD3D11RHI: Async texture creation enabled
[2016.07.11-11.49.46:355][  0]LogD3D11RHI: GPU Timing Frequency: 1000.000000 (Debug: 2 2)
[2016.07.11-11.49.46:355][  0]LogShaderCompilers: Guid format shader working directory is -15 characters bigger than the processId version (../../../../../../Users/enversed/Documents/GitHub/MPS/Shooter_MP/Intermediate/Shaders/WorkingDirectory/7048/).
[2016.07.11-11.49.46:356][  0]LogShaderCompilers: Cleaned the shader compiler working directory 'C:/Users/enversed/AppData/Local/Temp/UnrealShaderWorkingDir/669B20B34BC2504B897EEF99FB10DE26/'.
[2016.07.11-11.49.46:356][  0]LogShaderCompilers:Display: Using Local Shader Compiler.
[2016.07.11-11.49.46:999][  0]LogTemp:Display: Loaded TP WindowsClientTargetPlatform
[2016.07.11-11.49.47:006][  0]LogTemp:Display: Loaded TP WindowsNoEditorTargetPlatform
[2016.07.11-11.49.47:012][  0]LogTemp:Display: Loaded TP WindowsServerTargetPlatform
[2016.07.11-11.49.47:018][  0]LogTemp:Display: Loaded TP WindowsTargetPlatform
[2016.07.11-11.49.47:018][  0]LogTargetPlatformManager:Display: Building Assets For Windows
[2016.07.11-11.49.47:061][  0]LogDerivedDataCache:Display: Max Cache Size: 512 MB
[2016.07.11-11.49.47:097][  0]LogDerivedDataCache: Loaded boot cache 0.04s 48MB C:/Users/enversed/AppData/Local/UnrealEngine/4.12/DerivedDataCache/Boot.ddc.
[2016.07.11-11.49.47:097][  0]LogDerivedDataCache:Display: Loaded Boot cache: C:/Users/enversed/AppData/Local/UnrealEngine/4.12/DerivedDataCache/Boot.ddc
[2016.07.11-11.49.47:098][  0]LogDerivedDataCache: FDerivedDataBackendGraph:  Pak pak cache file ../../../../../../Users/enversed/Documents/GitHub/MPS/Shooter_MP/DerivedDataCache/DDC.ddp not found, will not use a pak cache.
[2016.07.11-11.49.47:098][  0]LogDerivedDataCache: Unable to find inner node Pak for hierarchical cache Hierarchy.
[2016.07.11-11.49.47:098][  0]LogDerivedDataCache: FDerivedDataBackendGraph:  CompressedPak pak cache file ../../../../../../Users/enversed/Documents/GitHub/MPS/Shooter_MP/DerivedDataCache/Compressed.ddp not found, will not use a pak cache.
[2016.07.11-11.49.47:098][  0]LogDerivedDataCache: Unable to find inner node CompressedPak for hierarchical cache Hierarchy.
[2016.07.11-11.49.47:110][  0]LogDerivedDataCache:Display: Pak cache opened for reading ../../../Engine/DerivedDataCache/Compressed.ddp.
[2016.07.11-11.49.47:121][  0]LogDerivedDataCache: Using Local data cache path C:/Users/enversed/AppData/Local/UnrealEngine/Common/DerivedDataCache: Writable
[2016.07.11-11.49.47:236][  0]LogAssetRegistry: FAssetRegistry took 0.0001 seconds to start up
[2016.07.11-11.49.47:249][  0]LogPackageLocalizationCache: Processed 3 localized package path(s) for 2 prioritized culture(s) in 0.012440 seconds
[2016.07.11-11.49.47:251][  0]LogInit: Selected Device Profile: [Windows]
[2016.07.11-11.49.47:252][  0]LogContentStreaming: Texture pool size is 1000.00 MB
[2016.07.11-11.49.47:346][  0]LogMeshUtilities: No automatic mesh reduction module available
[2016.07.11-11.49.47:346][  0]LogMeshUtilities: No automatic mesh merging module available
[2016.07.11-11.49.47:346][  0]LogMeshUtilities: No distributed automatic mesh merging module available
[2016.07.11-11.49.47:477][  0]LogInit: WinSock: version 1.1 (2.2), MaxSocks=32767, MaxUdp=65467
[2016.07.11-11.49.47:571][  0]LogSlate: SlateFontCache - WITH_FREETYPE: 1, WITH_HARFBUZZ: 1
[2016.07.11-11.49.47:571][  0]LogSlate: SlateFontCache - WITH_FREETYPE: 1, WITH_HARFBUZZ: 1
[2016.07.11-11.49.47:610][  0]LogMoviePlayer: Initializing movie player
[2016.07.11-11.49.47:676][  0]LogWindowsMoviePlayer: Unable to load movie: ../../../../../../Users/enversed/Documents/GitHub/MPS/Shooter_MP/Content/Movies/Default_Startup.mp4
[2016.07.11-11.49.47:736][  0]SourceControl: Info Source control is disabled
[2016.07.11-11.49.47:736][  0]SourceControl: Info Source control is disabled
[2016.07.11-11.49.47:741][  0]SourceControl: Info Source control is disabled
[2016.07.11-11.49.47:801][  0]LogUObjectArray: 30985 objects as part of root set at end of initial load.
[2016.07.11-11.49.47:801][  0]LogUObjectAllocator: 6717232 out of 0 bytes used by permanent object pool.
[2016.07.11-11.49.47:801][  0]LogUObjectArray: CloseDisregardForGC: 0/0 objects in disregard for GC pool
[2016.07.11-11.49.47:838][  0]LogEngine: Initializing Engine...
[2016.07.11-11.49.47:851][  0]LogHMD: SteamVR initialized.  Driver: lighthouse  Display: LHR-7C3980D9
[2016.07.11-11.49.47:863][  0]LogHMD: SteamVR initialized.  Driver: lighthouse  Display: LHR-7C3980D9
[2016.07.11-11.49.47:953][  0]LogInit: XAudio2 using 'Speakers (3- USB Audio Device)' : 2 channels at 44.1 kHz using 16 bits per sample (channel mask 0x3)
[2016.07.11-11.49.47:959][  0]LogInit: FAudioDevice initialized.
[2016.07.11-11.49.47:977][  0]LogDerivedDataCache: Saved boot cache 0.02s 48MB C:/Users/enversed/AppData/Local/UnrealEngine/4.12/DerivedDataCache/Boot.ddc.
[2016.07.11-11.49.47:983][  0]LogInit: Texture streaming: Enabled
[2016.07.11-11.49.48:027][  0]LogConsoleManager:Warning: Setting the console variable 'r.VSync' with 'SetByGameSetting' was ignored as it is lower priority than the previous 'SetByCode'
[2016.07.11-11.49.48:030][  0]LogNet: Browse: /Game/Levels/Menu?Name=Player
[2016.07.11-11.49.48:030][  0]LogLoad: LoadMap: /Game/Levels/Menu?Name=Player
[2016.07.11-11.49.48:041][  0]LogMemory: Platform Memory Stats for Windows
[2016.07.11-11.49.48:041][  0]LogMemory: Process Physical Memory: 554.41 MB used, 571.63 MB peak
[2016.07.11-11.49.48:041][  0]LogMemory: Process Virtual Memory: 617.59 MB used, 617.59 MB peak
[2016.07.11-11.49.48:041][  0]LogMemory: Physical Memory: 4870.68 MB used, 16299.06 MB total
[2016.07.11-11.49.48:041][  0]LogMemory: Virtual Memory: 1226.78 MB used, 134217728.00 MB total
[2016.07.11-11.49.48:041][  0]LogMemory: 
[2016.07.11-11.49.48:041][  0]Allocator Stats for TBB: (not implemented)
[2016.07.11-11.49.48:061][  0]LogAIModule: Creating AISystem for world Menu
[2016.07.11-11.49.48:089][  0]LogWorld: Game class is 'GM_MPShooter_C'
[2016.07.11-11.49.48:091][  0]LogWorld: Bringing World /Game/Levels/Menu.Menu up for play (max tick rate 0) at 2016.07.11-13.49.48
[2016.07.11-11.49.48:091][  0]LogWorld: Bringing up level for play took: 0.001192
[2016.07.11-11.49.48:092][  0]LogBlueprintUserMessages: [GM_MPShooter_C_0] Player joined
[2016.07.11-11.49.48:093][  0]LogLoad: Took 0.062408 seconds to LoadMap(/Game/Levels/Menu)
[2016.07.11-11.49.48:093][  0]LogInit:Display: Game Engine Initialized.
[2016.07.11-11.49.48:307][  0]LogLoad: Full Startup: 2.79 seconds (BP compile: 0.02 seconds)
[2016.07.11-11.49.48:307][  0]LogExternalProfiler: Found external profiler: VSPerf
[2016.07.11-11.49.48:307][  0]LogExternalProfiler: Using external profiler: VSPerf
[2016.07.11-11.49.48:323][  0]LogWindowsTextInputMethodSystem:Display: IME system now deactivated.
[2016.07.11-11.49.48:324][  0]LogOcInput: OculusInput pre-init called
[2016.07.11-11.49.48:394][  2]LogRenderer: Reallocating scene render targets to support 2688x1512 (Frame:2).
[2016.07.11-11.49.59:513][688]LogRenderer: Reallocating scene render targets to support 3024x1680 (Frame:689).
[2016.07.11-11.50.38:395][164]LogBlueprintUserMessages: [Menu_C_1] Now listening
[2016.07.11-11.50.38:396][165]LogNet: Browse: /Game/Levels/Menu?Name=Player?Listen
[2016.07.11-11.50.38:404][165]LogLoad: LoadMap: /Game/Levels/Menu?Name=Player?Listen
[2016.07.11-11.50.38:427][165]LogMemory: Platform Memory Stats for Windows
[2016.07.11-11.50.38:427][165]LogMemory: Process Physical Memory: 580.65 MB used, 585.78 MB peak
[2016.07.11-11.50.38:427][165]LogMemory: Process Virtual Memory: 1316.20 MB used, 1842.61 MB peak
[2016.07.11-11.50.38:427][165]LogMemory: Physical Memory: 4845.97 MB used, 16299.06 MB total
[2016.07.11-11.50.38:427][165]LogMemory: Virtual Memory: 2022.47 MB used, 134217728.00 MB total
[2016.07.11-11.50.38:427][165]LogMemory: 
[2016.07.11-11.50.38:427][165]Allocator Stats for TBB: (not implemented)
[2016.07.11-11.50.38:438][165]LogAIModule: Creating AISystem for world Menu
[2016.07.11-11.50.38:466][165]LogWorld: Game class is 'GM_MPShooter_C'
[2016.07.11-11.50.38:466][165]LogInit: WinSock: Socket queue 131072 / 131072
[2016.07.11-11.50.38:468][165]LogInit: WinSock: I am arcade1 (192.168.1.140:0)
[2016.07.11-11.50.38:468][165]PacketHandlerLog: Loaded PacketHandler component: Engine.EngineHandlerComponentFactory (StatelessConnectHandlerComponent)
[2016.07.11-11.50.38:468][165]LogNet: GameNetDriver IpNetDriver_0 IpNetDriver listening on port 7777
[2016.07.11-11.50.38:469][165]LogWorld: Bringing World /Game/Levels/Menu.Menu up for play (max tick rate 0) at 2016.07.11-13.50.38
[2016.07.11-11.50.38:470][165]LogWorld: Bringing up level for play took: 0.000816
[2016.07.11-11.50.38:470][165]LogBlueprintUserMessages: [GM_MPShooter_C_0] Player joined
[2016.07.11-11.50.38:471][165]LogLoad: Took 0.067125 seconds to LoadMap(/Game/Levels/Menu)
[2016.07.11-11.51.17:968][697]LogNet: NotifyAcceptingConnection: Server Menu accept
[2016.07.11-11.51.17:968][697]LogHandshake: SendConnectChallenge. Timestamp: 39.586575, Cookie: 238196165149066108226019080232003120084195138161026216129055
[2016.07.11-11.51.17:968][697]LogNet: NotifyAcceptingConnection: Server Menu accept
[2016.07.11-11.51.17:979][698]LogNet: NotifyAcceptingConnection: Server Menu accept
[2016.07.11-11.51.17:979][698]LogNet: Server accepting post-challenge connection from: 192.168.1.128:57822
[2016.07.11-11.51.17:979][698]PacketHandlerLog: Loaded PacketHandler component: Engine.EngineHandlerComponentFactory (StatelessConnectHandlerComponent)
[2016.07.11-11.51.17:979][698]LogNet: NotifyAcceptedConnection: Name: Menu, TimeStamp: 07/11/16 13:51:17, [UNetConnection] RemoteAddr: 192.168.1.128:57822, Name: IpConnection_0, Driver: GameNetDriver IpNetDriver_0, IsServer: YES, PC: NULL, Owner: NULL
[2016.07.11-11.51.17:979][698]LogNet: AddClientConnection: Added client connection: [UNetConnection] RemoteAddr: 192.168.1.128:57822, Name: IpConnection_0, Driver: GameNetDriver IpNetDriver_0, IsServer: YES, PC: NULL, Owner: NULL
[2016.07.11-11.51.18:158][714]LogNet: NotifyAcceptingChannel Control 0 server World /Game/Levels/Menu.Menu: Accepted
[2016.07.11-11.51.18:158][714]LogNet: Remote platform little endian=1
[2016.07.11-11.51.18:158][714]LogNet: This platform little endian=1
[2016.07.11-11.51.18:158][714]LogNet: GetLocalNetworkVersion: GEngineNetVersion: 3039270, ProjectName: shooter_mp, ProjectVersion: 1.0.0.0, InternalProtocolVersion: 9, LocalNetworkVersion: 1397182541
[2016.07.11-11.51.18:158][714]LogNet: NotifyControlMessage: Client connecting with invalid version. LocalNetworkVersion: 1397182541, RemoteNetworkVersion: 894313053
[2016.07.11-11.51.18:158][714]LogNet: UNetConnection::Close: [UNetConnection] RemoteAddr: 192.168.1.128:57822, Name: IpConnection_0, Driver: GameNetDriver IpNetDriver_0, IsServer: YES, PC: NULL, Owner: NULL, Channels: 2, Time: 2016.07.11-11.51.18
[2016.07.11-11.51.18:158][714]LogNet: UChannel::Close: Sending CloseBunch. ChIndex == 0. Name: [UChannel] ChIndex: 0, Closing: 0 [UNetConnection] RemoteAddr: 192.168.1.128:57822, Name: IpConnection_0, Driver: GameNetDriver IpNetDriver_0, IsServer: YES, PC: NULL, Owner: NULL
[2016.07.11-11.51.18:191][717]LogNet: NotifyAcceptingConnection: Server Menu accept
[2016.07.11-11.51.28:435][634]LogBlueprintUserMessages: [Menu_C_1] Now listening
[2016.07.11-11.51.28:445][635]LogNet: Browse: /Game/Levels/Menu?Name=Player?Listen
[2016.07.11-11.51.28:456][635]LogLoad: LoadMap: /Game/Levels/Menu?Name=Player?Listen
[2016.07.11-11.51.28:456][635]LogNet: World NetDriver shutdown IpNetDriver_0 [GameNetDriver]
[2016.07.11-11.51.28:456][635]LogNet: DestroyNamedNetDriver IpNetDriver_0 [GameNetDriver]
[2016.07.11-11.51.28:456][635]LogExit: GameNetDriver IpNetDriver_0 shut down
[2016.07.11-11.51.28:479][635]LogMemory: Platform Memory Stats for Windows
[2016.07.11-11.51.28:479][635]LogMemory: Process Physical Memory: 568.70 MB used, 585.78 MB peak
[2016.07.11-11.51.28:479][635]LogMemory: Process Virtual Memory: 1318.76 MB used, 1842.61 MB peak
[2016.07.11-11.51.28:479][635]LogMemory: Physical Memory: 4820.96 MB used, 16299.06 MB total
[2016.07.11-11.51.28:479][635]LogMemory: Virtual Memory: 1985.67 MB used, 134217728.00 MB total
[2016.07.11-11.51.28:479][635]LogMemory: 
[2016.07.11-11.51.28:479][635]Allocator Stats for TBB: (not implemented)
[2016.07.11-11.51.28:490][635]LogAIModule: Creating AISystem for world Menu
[2016.07.11-11.51.28:517][635]LogWorld: Game class is 'GM_MPShooter_C'
[2016.07.11-11.51.28:517][635]LogInit: WinSock: Socket queue 131072 / 131072
[2016.07.11-11.51.28:518][635]PacketHandlerLog: Loaded PacketHandler component: Engine.EngineHandlerComponentFactory (StatelessConnectHandlerComponent)
[2016.07.11-11.51.28:518][635]LogNet: GameNetDriver IpNetDriver_1 IpNetDriver listening on port 7777
[2016.07.11-11.51.28:519][635]LogWorld: Bringing World /Game/Levels/Menu.Menu up for play (max tick rate 0) at 2016.07.11-13.51.28
[2016.07.11-11.51.28:519][635]LogWorld: Bringing up level for play took: 0.000787
[2016.07.11-11.51.28:519][635]LogBlueprintUserMessages: [GM_MPShooter_C_0] Player joined
[2016.07.11-11.51.28:520][635]LogLoad: Took 0.063315 seconds to LoadMap(/Game/Levels/Menu)
[2016.07.11-11.51.30:166][779]LogBlueprintUserMessages: [Menu_C_1] Now listening
[2016.07.11-11.51.30:177][780]LogNet: Browse: /Game/Levels/Menu?Name=Player?Listen
[2016.07.11-11.51.30:188][780]LogLoad: LoadMap: /Game/Levels/Menu?Name=Player?Listen
[2016.07.11-11.51.30:188][780]LogNet: World NetDriver shutdown IpNetDriver_1 [GameNetDriver]
[2016.07.11-11.51.30:188][780]LogNet: DestroyNamedNetDriver IpNetDriver_1 [GameNetDriver]
[2016.07.11-11.51.30:188][780]LogExit: GameNetDriver IpNetDriver_1 shut down
[2016.07.11-11.51.30:210][780]LogMemory: Platform Memory Stats for Windows
[2016.07.11-11.51.30:210][780]LogMemory: Process Physical Memory: 570.27 MB used, 585.78 MB peak
[2016.07.11-11.51.30:210][780]LogMemory: Process Virtual Memory: 1444.46 MB used, 1842.61 MB peak
[2016.07.11-11.51.30:210][780]LogMemory: Physical Memory: 4820.99 MB used, 16299.06 MB total
[2016.07.11-11.51.30:210][780]LogMemory: Virtual Memory: 2079.73 MB used, 134217728.00 MB total
[2016.07.11-11.51.30:210][780]LogMemory: 
[2016.07.11-11.51.30:210][780]Allocator Stats for TBB: (not implemented)
[2016.07.11-11.51.30:222][780]LogAIModule: Creating AISystem for world Menu
[2016.07.11-11.51.30:249][780]LogWorld: Game class is 'GM_MPShooter_C'
[2016.07.11-11.51.30:250][780]LogInit: WinSock: Socket queue 131072 / 131072
[2016.07.11-11.51.30:250][780]PacketHandlerLog: Loaded PacketHandler component: Engine.EngineHandlerComponentFactory (StatelessConnectHandlerComponent)
[2016.07.11-11.51.30:250][780]LogNet: GameNetDriver IpNetDriver_2 IpNetDriver listening on port 7777
[2016.07.11-11.51.30:251][780]LogWorld: Bringing World /Game/Levels/Menu.Menu up for play (max tick rate 0) at 2016.07.11-13.51.30
[2016.07.11-11.51.30:251][780]LogWorld: Bringing up level for play took: 0.000735
[2016.07.11-11.51.30:251][780]LogBlueprintUserMessages: [GM_MPShooter_C_0] Player joined
[2016.07.11-11.51.30:252][780]LogLoad: Took 0.064179 seconds to LoadMap(/Game/Levels/Menu)
[2016.07.11-11.51.30:780][824]LogBlueprintUserMessages: [Menu_C_1] Now listening
[2016.07.11-11.51.30:792][825]LogNet: Browse: /Game/Levels/Menu?Name=Player?Listen
[2016.07.11-11.51.30:802][825]LogLoad: LoadMap: /Game/Levels/Menu?Name=Player?Listen
[2016.07.11-11.51.30:802][825]LogNet: World NetDriver shutdown IpNetDriver_2 [GameNetDriver]
[2016.07.11-11.51.30:802][825]LogNet: DestroyNamedNetDriver IpNetDriver_2 [GameNetDriver]
[2016.07.11-11.51.30:802][825]LogExit: GameNetDriver IpNetDriver_2 shut down
[2016.07.11-11.51.30:824][825]LogMemory: Platform Memory Stats for Windows
[2016.07.11-11.51.30:824][825]LogMemory: Process Physical Memory: 571.31 MB used, 585.78 MB peak
[2016.07.11-11.51.30:824][825]LogMemory: Process Virtual Memory: 1466.21 MB used, 1842.61 MB peak
[2016.07.11-11.51.30:824][825]LogMemory: Physical Memory: 4821.29 MB used, 16299.06 MB total
[2016.07.11-11.51.30:824][825]LogMemory: Virtual Memory: 2100.42 MB used, 134217728.00 MB total
[2016.07.11-11.51.30:824][825]LogMemory: 
[2016.07.11-11.51.30:824][825]Allocator Stats for TBB: (not implemented)
[2016.07.11-11.51.30:836][825]LogAIModule: Creating AISystem for world Menu
[2016.07.11-11.51.30:864][825]LogWorld: Game class is 'GM_MPShooter_C'
[2016.07.11-11.51.30:864][825]LogInit: WinSock: Socket queue 131072 / 131072
[2016.07.11-11.51.30:864][825]PacketHandlerLog: Loaded PacketHandler component: Engine.EngineHandlerComponentFactory (StatelessConnectHandlerComponent)
[2016.07.11-11.51.30:864][825]LogNet: GameNetDriver IpNetDriver_3 IpNetDriver listening on port 7777
[2016.07.11-11.51.30:865][825]LogWorld: Bringing World /Game/Levels/Menu.Menu up for play (max tick rate 0) at 2016.07.11-13.51.30
[2016.07.11-11.51.30:866][825]LogWorld: Bringing up level for play took: 0.000792
[2016.07.11-11.51.30:866][825]LogBlueprintUserMessages: [GM_MPShooter_C_0] Player joined
[2016.07.11-11.51.30:867][825]LogLoad: Took 0.064706 seconds to LoadMap(/Game/Levels/Menu)
[2016.07.11-11.51.31:015][835]LogBlueprintUserMessages: [Menu_C_1] Now listening
[2016.07.11-11.51.31:026][836]LogNet: Browse: /Game/Levels/Menu?Name=Player?Listen
[2016.07.11-11.51.31:047][836]LogLoad: LoadMap: /Game/Levels/Menu?Name=Player?Listen
[2016.07.11-11.51.31:047][836]LogNet: World NetDriver shutdown IpNetDriver_3 [GameNetDriver]
[2016.07.11-11.51.31:047][836]LogNet: DestroyNamedNetDriver IpNetDriver_3 [GameNetDriver]
[2016.07.11-11.51.31:047][836]LogExit: GameNetDriver IpNetDriver_3 shut down
[2016.07.11-11.51.31:064][836]LogMemory: Platform Memory Stats for Windows
[2016.07.11-11.51.31:064][836]LogMemory: Process Physical Memory: 571.63 MB used, 585.78 MB peak
[2016.07.11-11.51.31:064][836]LogMemory: Process Virtual Memory: 1486.95 MB used, 1842.61 MB peak
[2016.07.11-11.51.31:064][836]LogMemory: Physical Memory: 4821.34 MB used, 16299.06 MB total
[2016.07.11-11.51.31:064][836]LogMemory: Virtual Memory: 2121.11 MB used, 134217728.00 MB total
[2016.07.11-11.51.31:064][836]LogMemory: 
[2016.07.11-11.51.31:064][836]Allocator Stats for TBB: (not implemented)
[2016.07.11-11.51.31:076][836]LogAIModule: Creating AISystem for world Menu
[2016.07.11-11.51.31:104][836]LogWorld: Game class is 'GM_MPShooter_C'
[2016.07.11-11.51.31:104][836]LogInit: WinSock: Socket queue 131072 / 131072
[2016.07.11-11.51.31:104][836]PacketHandlerLog: Loaded PacketHandler component: Engine.EngineHandlerComponentFactory (StatelessConnectHandlerComponent)
[2016.07.11-11.51.31:104][836]LogNet: GameNetDriver IpNetDriver_4 IpNetDriver listening on port 7777
[2016.07.11-11.51.31:105][836]LogWorld: Bringing World /Game/Levels/Menu.Menu up for play (max tick rate 0) at 2016.07.11-13.51.31
[2016.07.11-11.51.31:105][836]LogWorld: Bringing up level for play took: 0.000765
[2016.07.11-11.51.31:106][836]LogBlueprintUserMessages: [GM_MPShooter_C_0] Player joined
[2016.07.11-11.51.31:106][836]LogLoad: Took 0.059262 seconds to LoadMap(/Game/Levels/Menu)
[2016.07.11-11.51.31:194][845]LogBlueprintUserMessages: [Menu_C_1] Now listening
[2016.07.11-11.51.31:205][846]LogNet: Browse: /Game/Levels/Menu?Name=Player?Listen
[2016.07.11-11.51.31:226][846]LogLoad: LoadMap: /Game/Levels/Menu?Name=Player?Listen
[2016.07.11-11.51.31:226][846]LogNet: World NetDriver shutdown IpNetDriver_4 [GameNetDriver]
[2016.07.11-11.51.31:226][846]LogNet: DestroyNamedNetDriver IpNetDriver_4 [GameNetDriver]
[2016.07.11-11.51.31:226][846]LogExit: GameNetDriver IpNetDriver_4 shut down
[2016.07.11-11.51.31:243][846]LogMemory: Platform Memory Stats for Windows
[2016.07.11-11.51.31:243][846]LogMemory: Process Physical Memory: 572.09 MB used, 585.78 MB peak
[2016.07.11-11.51.31:243][846]LogMemory: Process Virtual Memory: 1487.14 MB used, 1842.61 MB peak
[2016.07.11-11.51.31:243][846]LogMemory: Physical Memory: 4821.29 MB used, 16299.06 MB total
[2016.07.11-11.51.31:243][846]LogMemory: Virtual Memory: 2121.11 MB used, 134217728.00 MB total
[2016.07.11-11.51.31:243][846]LogMemory: 
[2016.07.11-11.51.31:243][846]Allocator Stats for TBB: (not implemented)
[2016.07.11-11.51.31:255][846]LogAIModule: Creating AISystem for world Menu
[2016.07.11-11.51.31:284][846]LogWorld: Game class is 'GM_MPShooter_C'
[2016.07.11-11.51.31:284][846]LogInit: WinSock: Socket queue 131072 / 131072
[2016.07.11-11.51.31:285][846]PacketHandlerLog: Loaded PacketHandler component: Engine.EngineHandlerComponentFactory (StatelessConnectHandlerComponent)
[2016.07.11-11.51.31:285][846]LogNet: GameNetDriver IpNetDriver_5 IpNetDriver listening on port 7777
[2016.07.11-11.51.31:286][846]LogWorld: Bringing World /Game/Levels/Menu.Menu up for play (max tick rate 0) at 2016.07.11-13.51.31
[2016.07.11-11.51.31:286][846]LogWorld: Bringing up level for play took: 0.000742
[2016.07.11-11.51.31:286][846]LogBlueprintUserMessages: [GM_MPShooter_C_0] Player joined
[2016.07.11-11.51.31:287][846]LogLoad: Took 0.060808 seconds to LoadMap(/Game/Levels/Menu)
[2016.07.11-11.51.31:317][850]LogBlueprintUserMessages: [Menu_C_1] Now listening
[2016.07.11-11.51.31:331][851]LogNet: Browse: /Game/Levels/Menu?Name=Player?Listen
[2016.07.11-11.51.31:374][851]LogTexture:Warning: Failed to stream mip data from the derived data cache for /Game/Levels/Menu.ShadowMapTexture2D_0. Streaming mips will be recached.
[2016.07.11-11.51.31:374][851]LogTexture:Display: Building textures: ShadowMapTexture2D_0 (G8)
[2016.07.11-11.51.31:375][851]LogTexture:Warning: Failed to stream mip data from the derived data cache for /Game/Levels/Menu.HQ_Lightmap0_1. Streaming mips will be recached.
[2016.07.11-11.51.31:375][851]LogTexture:Display: Building textures: HQ_Lightmap0_1 (AutoDXT)
[2016.07.11-11.51.31:384][851]LogLoad: LoadMap: /Game/Levels/Menu?Name=Player?Listen
[2016.07.11-11.51.31:385][851]LogNet: World NetDriver shutdown IpNetDriver_5 [GameNetDriver]
[2016.07.11-11.51.31:385][851]LogNet: DestroyNamedNetDriver IpNetDriver_5 [GameNetDriver]
[2016.07.11-11.51.31:385][851]LogExit: GameNetDriver IpNetDriver_5 shut down
[2016.07.11-11.51.31:402][851]LogMemory: Platform Memory Stats for Windows
[2016.07.11-11.51.31:402][851]LogMemory: Process Physical Memory: 572.50 MB used, 585.78 MB peak
[2016.07.11-11.51.31:402][851]LogMemory: Process Virtual Memory: 1487.27 MB used, 1842.61 MB peak
[2016.07.11-11.51.31:402][851]LogMemory: Physical Memory: 4821.24 MB used, 16299.06 MB total
[2016.07.11-11.51.31:402][851]LogMemory: Virtual Memory: 2121.11 MB used, 134217728.00 MB total
[2016.07.11-11.51.31:402][851]LogMemory: 
[2016.07.11-11.51.31:402][851]Allocator Stats for TBB: (not implemented)
[2016.07.11-11.51.31:414][851]LogAIModule: Creating AISystem for world Menu
[2016.07.11-11.51.31:441][851]LogWorld: Game class is 'GM_MPShooter_C'
[2016.07.11-11.51.31:441][851]LogInit: WinSock: Socket queue 131072 / 131072
[2016.07.11-11.51.31:442][851]PacketHandlerLog: Loaded PacketHandler component: Engine.EngineHandlerComponentFactory (StatelessConnectHandlerComponent)
[2016.07.11-11.51.31:442][851]LogNet: GameNetDriver IpNetDriver_6 IpNetDriver listening on port 7777
[2016.07.11-11.51.31:443][851]LogWorld: Bringing World /Game/Levels/Menu.Menu up for play (max tick rate 0) at 2016.07.11-13.51.31
[2016.07.11-11.51.31:443][851]LogWorld: Bringing up level for play took: 0.000808
[2016.07.11-11.51.31:443][851]LogBlueprintUserMessages: [GM_MPShooter_C_0] Player joined
[2016.07.11-11.51.31:444][851]LogLoad: Took 0.059201 seconds to LoadMap(/Game/Levels/Menu)
[2016.07.11-11.51.31:477][854]LogBlueprintUserMessages: [Menu_C_1] Now listening
[2016.07.11-11.51.31:495][855]LogNet: Browse: /Game/Levels/Menu?Name=Player?Listen
[2016.07.11-11.51.31:509][855]LogLoad: LoadMap: /Game/Levels/Menu?Name=Player?Listen
[2016.07.11-11.51.31:509][855]LogNet: World NetDriver shutdown IpNetDriver_6 [GameNetDriver]
[2016.07.11-11.51.31:509][855]LogNet: DestroyNamedNetDriver IpNetDriver_6 [GameNetDriver]
[2016.07.11-11.51.31:510][855]LogExit: GameNetDriver IpNetDriver_6 shut down
[2016.07.11-11.51.31:542][855]LogMemory: Platform Memory Stats for Windows
[2016.07.11-11.51.31:542][855]LogMemory: Process Physical Memory: 572.71 MB used, 585.78 MB peak
[2016.07.11-11.51.31:542][855]LogMemory: Process Virtual Memory: 1487.27 MB used, 1842.61 MB peak
[2016.07.11-11.51.31:542][855]LogMemory: Physical Memory: 4821.31 MB used, 16299.06 MB total
[2016.07.11-11.51.31:542][855]LogMemory: Virtual Memory: 2121.11 MB used, 134217728.00 MB total
[2016.07.11-11.51.31:542][855]LogMemory: 
[2016.07.11-11.51.31:542][855]Allocator Stats for TBB: (not implemented)
[2016.07.11-11.51.31:554][855]LogAIModule: Creating AISystem for world Menu
[2016.07.11-11.51.31:581][855]LogWorld: Game class is 'GM_MPShooter_C'
[2016.07.11-11.51.31:582][855]LogInit: WinSock: Socket queue 131072 / 131072
[2016.07.11-11.51.31:582][855]PacketHandlerLog: Loaded PacketHandler component: Engine.EngineHandlerComponentFactory (StatelessConnectHandlerComponent)
[2016.07.11-11.51.31:582][855]LogNet: GameNetDriver IpNetDriver_7 IpNetDriver listening on port 7777
[2016.07.11-11.51.31:583][855]LogWorld: Bringing World /Game/Levels/Menu.Menu up for play (max tick rate 0) at 2016.07.11-13.51.31
[2016.07.11-11.51.31:583][855]LogWorld: Bringing up level for play took: 0.000760
[2016.07.11-11.51.31:583][855]LogBlueprintUserMessages: [GM_MPShooter_C_0] Player joined
[2016.07.11-11.51.31:584][855]LogLoad: Took 0.074916 seconds to LoadMap(/Game/Levels/Menu)
[2016.07.11-11.51.38:721][486]LogWindowsTextInputMethodSystem:Display: IME system now deactivated.
[2016.07.11-11.51.38:722][486]LogEngine: All Windows Closed
[2016.07.11-11.51.38:722][486]LogWindows: FPlatformMisc::RequestExit(0)
[2016.07.11-11.51.38:723][487]LogMoviePlayer: Shutting down movie player
[2016.07.11-11.51.38:891][487]LogNet: World NetDriver shutdown IpNetDriver_7 [GameNetDriver]
[2016.07.11-11.51.38:891][487]LogNet: DestroyNamedNetDriver IpNetDriver_7 [GameNetDriver]
[2016.07.11-11.51.38:891][487]LogExit: GameNetDriver IpNetDriver_7 shut down
[2016.07.11-11.51.38:908][487]LogExit: Preparing to exit.
[2016.07.11-11.51.38:935][487]LogExit: Game engine shut down
[2016.07.11-11.51.38:993][487]LogObj: Freed 0b from 0 cluster array pools.
[2016.07.11-11.51.38:993][487]LogExit: Object subsystem successfully closed.
[2016.07.11-11.51.39:009][487]LogD3D11RHI: Shutdown
[2016.07.11-11.51.39:009][487]LogD3D11RHI: CleanupD3DDevice
[2016.07.11-11.51.39:010][487]LogD3D11RHI: ~FD3D11DynamicRHI
[2016.07.11-11.51.39:014][487]LogModuleManager: Shutting down and abandoning module SequenceRecorderSections (112)
[2016.07.11-11.51.39:014][487]LogModuleManager: Shutting down and abandoning module SequenceRecorder (111)
[2016.07.11-11.51.39:014][487]LogModuleManager: Shutting down and abandoning module AutomationController (110)
[2016.07.11-11.51.39:014][487]LogModuleManager: Shutting down and abandoning module AutomationWorker (109)
[2016.07.11-11.51.39:014][487]LogModuleManager: Shutting down and abandoning module CharacterAI (108)
[2016.07.11-11.51.39:014][487]LogModuleManager: Shutting down and abandoning module SessionServices (107)
[2016.07.11-11.51.39:014][487]LogModuleManager: Shutting down and abandoning module GameplayDebugger (106)
[2016.07.11-11.51.39:014][487]LogModuleManager: Shutting down and abandoning module AITestSuite (105)
[2016.07.11-11.51.39:014][487]LogModuleManager: Shutting down and abandoning module AIModule (104)
[2016.07.11-11.51.39:014][487]LogModuleManager: Shutting down and abandoning module MovieSceneCapture (103)
[2016.07.11-11.51.39:014][487]LogModuleManager: Shutting down and abandoning module StreamingPauseRendering (102)
[2016.07.11-11.51.39:014][487]LogModuleManager: Shutting down and abandoning module PortalServices (101)
[2016.07.11-11.51.39:014][487]LogModuleManager: Shutting down and abandoning module PortalRpc (100)
[2016.07.11-11.51.39:014][487]LogModuleManager: Shutting down and abandoning module MessagingRpc (99)
[2016.07.11-11.51.39:014][487]LogModuleManager: Shutting down and abandoning module ProfilerService (98)
[2016.07.11-11.51.39:137][487]LogModuleManager: Shutting down and abandoning module TaskGraph (97)
[2016.07.11-11.51.39:137][487]LogModuleManager: Shutting down and abandoning module SlateRemote (96)
[2016.07.11-11.51.39:137][487]LogModuleManager: Shutting down and abandoning module SteamVRController (95)
[2016.07.11-11.51.39:137][487]LogModuleManager: Shutting down and abandoning module SteamVR (94)
[2016.07.11-11.51.39:137][487]LogModuleManager: Shutting down and abandoning module ProceduralMeshComponent (93)
[2016.07.11-11.51.39:137][487]LogModuleManager: Shutting down and abandoning module OculusLibrary (92)
[2016.07.11-11.51.39:137][487]LogModuleManager: Shutting down and abandoning module OculusInput (91)
[2016.07.11-11.51.39:137][487]LogModuleManager: Shutting down and abandoning module CustomMeshComponent (90)
[2016.07.11-11.51.39:137][487]LogModuleManager: Shutting down and abandoning module CableComponent (89)
[2016.07.11-11.51.39:137][487]LogModuleManager: Shutting down and abandoning module ArchVisCharacter (88)
[2016.07.11-11.51.39:137][487]LogModuleManager: Shutting down and abandoning module HTML5Networking (87)
[2016.07.11-11.51.39:137][487]LogModuleManager: Shutting down and abandoning module DesktopPlatform (86)
[2016.07.11-11.51.39:137][487]LogModuleManager: Shutting down and abandoning module DirectoryWatcher (85)
[2016.07.11-11.51.39:137][487]LogModuleManager: Shutting down and abandoning module HotReload (84)
[2016.07.11-11.51.39:137][487]LogModuleManager: Shutting down and abandoning module VisualStudioSourceCodeAccess (83)
[2016.07.11-11.51.39:137][487]LogModuleManager: Shutting down and abandoning module UObjectPlugin (82)
[2016.07.11-11.51.39:137][487]LogModuleManager: Shutting down and abandoning module SubversionSourceControl (81)
[2016.07.11-11.51.39:137][487]LogModuleManager: Shutting down and abandoning module SourceControl (80)
[2016.07.11-11.51.39:138][487]LogModuleManager: Shutting down and abandoning module PerforceSourceControl (79)
[2016.07.11-11.51.39:138][487]LogModuleManager: Shutting down and abandoning module UdpMessaging (78)
[2016.07.11-11.51.39:138][487]LogModuleManager: Shutting down and abandoning module LightPropagationVolumeRuntime (77)
[2016.07.11-11.51.39:138][487]LogModuleManager: Shutting down and abandoning module Paper2D (76)
[2016.07.11-11.51.39:138][487]LogModuleManager: Shutting down and abandoning module WindowsMoviePlayer (75)
[2016.07.11-11.51.39:138][487]LogModuleManager: Shutting down and abandoning module Media (74)
[2016.07.11-11.51.39:138][487]LogModuleManager: Shutting down and abandoning module WmfMedia (73)
[2016.07.11-11.51.39:138][487]LogModuleManager: Shutting down and abandoning module MediaAssets (72)
[2016.07.11-11.51.39:138][487]LogModuleManager: Shutting down and abandoning module GameLiveStreaming (71)
[2016.07.11-11.51.39:138][487]LogModuleManager: Shutting down and abandoning module GameplayTagsEditor (70)
[2016.07.11-11.51.39:138][487]LogModuleManager: Shutting down and abandoning module OnlineBlueprintSupport (69)
[2016.07.11-11.51.39:138][487]LogModuleManager: Shutting down and abandoning module VREditor (68)
[2016.07.11-11.51.39:138][487]LogModuleManager: Shutting down and abandoning module GameplayTasksEditor (67)
[2016.07.11-11.51.39:138][487]LogModuleManager: Shutting down and abandoning module PropertyEditor (66)
[2016.07.11-11.51.39:138][487]LogModuleManager: Shutting down and abandoning module BehaviorTreeEditor (65)
[2016.07.11-11.51.39:138][487]LogModuleManager: Shutting down and abandoning module FunctionalTesting (64)
[2016.07.11-11.51.39:138][487]LogModuleManager: Shutting down and abandoning module CollisionAnalyzer (63)
[2016.07.11-11.51.39:138][487]LogModuleManager: Shutting down and abandoning module Sequencer (62)
[2016.07.11-11.51.39:138][487]LogModuleManager: Shutting down and abandoning module WorkspaceMenuStructure (61)
[2016.07.11-11.51.39:138][487]LogModuleManager: Shutting down and abandoning module MessageLog (60)
[2016.07.11-11.51.39:138][487]LogModuleManager: Shutting down and abandoning module AssetTools (59)
[2016.07.11-11.51.39:138][487]LogModuleManager: Shutting down and abandoning module UMGEditor (58)
[2016.07.11-11.51.39:138][487]LogModuleManager: Shutting down and abandoning module UMG (57)
[2016.07.11-11.51.39:138][487]LogModuleManager: Shutting down and abandoning module SlateReflector (56)
[2016.07.11-11.51.39:138][487]LogModuleManager: Shutting down and abandoning module Slate (55)
[2016.07.11-11.51.39:138][487]LogModuleManager: Shutting down and abandoning module EditorStyle (54)
[2016.07.11-11.51.39:139][487]LogModuleManager: Shutting down and abandoning module Messaging (53)
[2016.07.11-11.51.39:139][487]LogModuleManager: Shutting down and abandoning module SourceCodeAccess (52)
[2016.07.11-11.51.39:139][487]LogModuleManager: Shutting down and abandoning module HeadMountedDisplay (51)
[2016.07.11-11.51.39:139][487]LogModuleManager: Shutting down and abandoning module XAudio2 (50)
[2016.07.11-11.51.39:139][487]LogModuleManager: Shutting down and abandoning module Networking (48)
[2016.07.11-11.51.39:139][487]LogModuleManager: Shutting down and abandoning module Core (47)
[2016.07.11-11.51.39:139][487]LogModuleManager: Shutting down and abandoning module KismetCompiler (46)
[2016.07.11-11.51.39:139][487]LogModuleManager: Shutting down and abandoning module PhysXFormats (45)
[2016.07.11-11.51.39:139][487]LogModuleManager: Shutting down and abandoning module MeshUtilities (44)
[2016.07.11-11.51.39:139][487]LogModuleManager: Shutting down and abandoning module AssetRegistry (43)
[2016.07.11-11.51.39:139][487]LogModuleManager: Shutting down and abandoning module DerivedDataCache (42)
[2016.07.11-11.51.39:192][487]LogDerivedDataCache: Shutdown
[2016.07.11-11.51.39:192][487]LogModuleManager: Shutting down and abandoning module VulkanShaderFormat (41)
[2016.07.11-11.51.39:192][487]LogModuleManager: Shutting down and abandoning module ShaderFormatOpenGL (40)
[2016.07.11-11.51.39:192][487]LogModuleManager: Shutting down and abandoning module ShaderFormatD3D (39)
[2016.07.11-11.51.39:192][487]LogModuleManager: Shutting down and abandoning module MetalShaderFormat (38)
[2016.07.11-11.51.39:192][487]LogModuleManager: Shutting down and abandoning module TextureFormatUncompressed (37)
[2016.07.11-11.51.39:192][487]LogModuleManager: Shutting down and abandoning module TextureFormatPVR (36)
[2016.07.11-11.51.39:192][487]LogModuleManager: Shutting down and abandoning module TextureFormatIntelISPCTexComp (35)
[2016.07.11-11.51.39:193][487]LogModuleManager: Shutting down and abandoning module TextureFormatDXT (34)
[2016.07.11-11.51.39:193][487]LogModuleManager: Shutting down and abandoning module ImageWrapper (33)
[2016.07.11-11.51.39:193][487]LogModuleManager: Shutting down and abandoning module TextureFormatASTC (32)
[2016.07.11-11.51.39:193][487]LogModuleManager: Shutting down and abandoning module TextureFormatAndroid (31)
[2016.07.11-11.51.39:193][487]LogModuleManager: Shutting down and abandoning module AudioFormatOpus (30)
[2016.07.11-11.51.39:193][487]LogModuleManager: Shutting down and abandoning module AudioFormatOgg (29)
[2016.07.11-11.51.39:193][487]LogModuleManager: Shutting down and abandoning module AudioFormatADPCM (28)
[2016.07.11-11.51.39:193][487]LogModuleManager: Shutting down and abandoning module WindowsTargetPlatform (27)
[2016.07.11-11.51.39:193][487]LogModuleManager: Shutting down and abandoning module WindowsServerTargetPlatform (26)
[2016.07.11-11.51.39:193][487]LogModuleManager: Shutting down and abandoning module WindowsNoEditorTargetPlatform (25)
[2016.07.11-11.51.39:193][487]LogModuleManager: Shutting down and abandoning module WindowsClientTargetPlatform (24)
[2016.07.11-11.51.39:193][487]LogModuleManager: Shutting down and abandoning module TargetPlatform (23)
[2016.07.11-11.51.39:193][487]LogModuleManager: Shutting down and abandoning module InputCore (22)
[2016.07.11-11.51.39:193][487]LogModuleManager: Shutting down and abandoning module Settings (21)
[2016.07.11-11.51.39:193][487]LogModuleManager: Shutting down and abandoning module OnlineSubsystem (19)
[2016.07.11-11.51.39:193][487]LogModuleManager: Shutting down and abandoning module HTTP (18)
[2016.07.11-11.51.39:193][487]LogModuleManager: Shutting down and abandoning module XMPP (17)
[2016.07.11-11.51.39:193][487]LogModuleManager: Shutting down and abandoning module OculusRift (16)
[2016.07.11-11.51.39:193][487]LogModuleManager: Shutting down and abandoning module ExampleDeviceProfileSelector (15)
[2016.07.11-11.51.39:193][487]LogModuleManager: Shutting down and abandoning module TextureCompressor (14)
[2016.07.11-11.51.39:193][487]LogModuleManager: Shutting down and abandoning module ShaderCore (13)
[2016.07.11-11.51.39:193][487]LogModuleManager: Shutting down and abandoning module Landscape (12)
[2016.07.11-11.51.39:193][487]LogModuleManager: Shutting down and abandoning module SlateRHIRenderer (11)
[2016.07.11-11.51.39:193][487]LogModuleManager: Shutting down and abandoning module OpenGLDrv (10)
[2016.07.11-11.51.39:193][487]LogModuleManager: Shutting down and abandoning module D3D11RHI (9)
[2016.07.11-11.51.39:193][487]LogModuleManager: Shutting down and abandoning module AnimGraphRuntime (8)
[2016.07.11-11.51.39:193][487]LogModuleManager: Shutting down and abandoning module Renderer (7)
[2016.07.11-11.51.39:193][487]LogModuleManager: Shutting down and abandoning module Engine (6)
[2016.07.11-11.51.39:193][487]LogModuleManager: Shutting down and abandoning module CoreUObject (5)
[2016.07.11-11.51.39:193][487]LogModuleManager: Shutting down and abandoning module NetworkFile (4)
[2016.07.11-11.51.39:193][487]LogModuleManager: Shutting down and abandoning module StreamingFile (3)
[2016.07.11-11.51.39:193][487]LogModuleManager: Shutting down and abandoning module SandboxFile (2)
[2016.07.11-11.51.39:193][487]LogModuleManager: Shutting down and abandoning module PakFile (1)
[2016.07.11-11.51.39:194][487]LogExit: Exiting.
[2016.07.11-11.51.39:195][487]Log file closed, 07/11/16 13:51:39
