Log file open, 07/11/16 13:29:59
LogInit:Display: Running engine for game: Shooter_MP
LogPlatformFile: Not using cached read wrapper
LogInit:Display: RandInit(767952) SRandInit(767953).
LogTaskGraph: Started task graph with 4 named threads and 7 total threads with 1 sets of task threads.
LogStats: Stats thread started at 0.062819
LogInit: Version: 4.12.5-3039270+++UE4+Release-4.12
LogInit: API Version: 2992821
LogInit: Net Version: 3039270
LogDevObjectVersion: Number of dev versions registered: 13
LogDevObjectVersion:   Dev-Blueprints (B0D832E4-1F89-4F0D-ACCF-7EB736FD4AA2): 3
LogDevObjectVersion:   Dev-Build (E1C64328-A22C-4D53-A36C-8E866417BD8C): 0
LogDevObjectVersion:   Dev-Core (375EC13C-06E4-48FB-B500-84F0262A717E): 1
LogDevObjectVersion:   Dev-Editor (E4B068ED-F494-42E9-A231-DA0B2E46BB41): 2
LogDevObjectVersion:   Dev-Framework (CFFC743F-43B0-4480-9391-14DF171D2073): 6
LogDevObjectVersion:   Dev-Mobile (B02B49B5-BB20-44E9-A304-32B752E40360): 0
LogDevObjectVersion:   Dev-Networking (A4E4105C-59A1-49B5-A7C5-40C4547EDFEE): 0
LogDevObjectVersion:   Dev-Online (39C831C9-5AE6-47DC-9A44-9C173E1C8E7C): 0
LogDevObjectVersion:   Dev-Physics (78F01B33-EBEA-4F98-B9B4-84EACCB95AA2): 0
LogDevObjectVersion:   Dev-Platform (6631380F-2D4D-43E0-8009-CF276956A95A): 0
LogDevObjectVersion:   Dev-Rendering (12F88B9F-8875-4AFC-A67C-D90C383ABD29): 2
LogDevObjectVersion:   Dev-Sequencer (7B5AE74C-D270-4C10-A958-57980B212A5A): 0
LogDevObjectVersion:   Dev-VR (D7296918-1DD6-4BDD-9DE2-64A83CC13884): 0
LogInit: Compiled (64-bit): Jul  6 2016 09:09:46
LogInit: Compiled with Visual C++: 19.00.23026.00
LogInit: Build Configuration: Development
LogInit: Branch Name: ++UE4+Release-4.12
LogInit: Command line:  -game
LogInit: Base directory: C:/Program Files (x86)/Epic Games/4.12/Engine/Binaries/Win64/
LogInit: Installed Engine Build: 1
LogInit: Using libcurl 7.41.0
LogInit:  - built for x86_64-pc-win32
LogInit:  - supports SSL with WinSSL
LogInit:  - other features:
LogInit:      CURL_VERSION_SSL
LogInit:      CURL_VERSION_IPV6
LogInit:      CURL_VERSION_ASYNCHDNS
LogInit:      CURL_VERSION_LARGEFILE
LogInit:      CURL_VERSION_IDN
LogInit:  CurlRequestOptions (configurable via config and command line):
LogInit:  - bVerifyPeer = true  - Libcurl will verify peer certificate
LogInit:  - bUseHttpProxy = false  - Libcurl will NOT use HTTP proxy
LogInit:  - bDontReuseConnections = false  - Libcurl will reuse connections
LogInit:  - CertBundlePath = nullptr  - Libcurl will use whatever was configured at build time.
LogInit: Presizing for max 8388607 objects, including 0 objects not considered by GC, pre-allocating 0 bytes for permanent pool.
LogInit: Object subsystem initialized
[2016.07.11-11.29.59:863][  0]LogInit: Selected Device Profile: [Windows]
[2016.07.11-11.29.59:863][  0]LogInit: Applying CVar settings loaded from the selected device profile: [Windows]
[2016.07.11-11.29.59:871][  0]LogInit: Computer: ARCADE1
[2016.07.11-11.29.59:871][  0]LogInit: User: enversed
[2016.07.11-11.29.59:871][  0]LogInit: CPU Page size=65536, Cores=4
[2016.07.11-11.29.59:871][  0]LogInit: High frequency timer resolution =3.914059 MHz
[2016.07.11-11.29.59:871][  0]LogMemory: Memory total: Physical=15.9GB (16GB approx)
[2016.07.11-11.29.59:871][  0]LogMemory: Platform Memory Stats for Windows
[2016.07.11-11.29.59:871][  0]LogMemory: Process Physical Memory: 190.95 MB used, 190.95 MB peak
[2016.07.11-11.29.59:871][  0]LogMemory: Process Virtual Memory: 195.18 MB used, 195.18 MB peak
[2016.07.11-11.29.59:871][  0]LogMemory: Physical Memory: 4316.52 MB used, 16299.06 MB total
[2016.07.11-11.29.59:871][  0]LogMemory: Virtual Memory: 554.25 MB used, 134217728.00 MB total
[2016.07.11-11.29.59:891][  0]LogTextLocalizationManager: No specific translations for ('en-US') exist, so ('en') translations will be used.
[2016.07.11-11.30.00:157][  0]LogD3D11RHI: D3D11 adapters:
[2016.07.11-11.30.00:175][  0]LogD3D11RHI:    0. 'NVIDIA GeForce GTX 1080' (Feature Level 11_0)
[2016.07.11-11.30.00:175][  0]LogD3D11RHI:       8084/0/8149 MB DedicatedVideo/DedicatedSystem/SharedSystem, Outputs:1, VendorId:0x10de
[2016.07.11-11.30.00:176][  0]LogD3D11RHI:    1. 'Microsoft Basic Render Driver' (Feature Level 11_0)
[2016.07.11-11.30.00:176][  0]LogD3D11RHI:       0/0/8149 MB DedicatedVideo/DedicatedSystem/SharedSystem, Outputs:0, VendorId:0x1414
[2016.07.11-11.30.00:176][  0]LogD3D11RHI: Chosen D3D11 Adapter: 0
[2016.07.11-11.30.00:179][  0]LogD3D11RHI: Creating new Direct3DDevice
[2016.07.11-11.30.00:179][  0]LogD3D11RHI:     GPU DeviceId: 0x1b80 (for the marketing name, search the web for "GPU Device Id")
[2016.07.11-11.30.00:179][  0]LogWindows: EnumDisplayDevices:
[2016.07.11-11.30.00:179][  0]LogWindows:    0. 'NVIDIA GeForce GTX 1080' (P:1 D:1)
[2016.07.11-11.30.00:179][  0]LogWindows:    1. 'NVIDIA GeForce GTX 1080' (P:0 D:0)
[2016.07.11-11.30.00:179][  0]LogWindows:    2. 'NVIDIA GeForce GTX 1080' (P:0 D:0)
[2016.07.11-11.30.00:179][  0]LogWindows:    3. 'NVIDIA GeForce GTX 1080' (P:0 D:0)
[2016.07.11-11.30.00:180][  0]LogWindows: DebugString: FoundDriverCount:4 
[2016.07.11-11.30.00:180][  0]LogD3D11RHI:     Adapter Name: NVIDIA GeForce GTX 1080
[2016.07.11-11.30.00:180][  0]LogD3D11RHI:   Driver Version: 368.39 (internal:10.18.13.6839, unified:368.39)
[2016.07.11-11.30.00:180][  0]LogD3D11RHI:      Driver Date: 6-2-2016
[2016.07.11-11.30.00:180][  0]LogRHI: Texture pool is 1361 MB (70% of 1945 MB)
[2016.07.11-11.30.00:192][  0]LogD3D11RHI: Async texture creation enabled
[2016.07.11-11.30.00:201][  0]LogD3D11RHI: GPU Timing Frequency: 1000.000000 (Debug: 2 1)
[2016.07.11-11.30.00:201][  0]LogShaderCompilers: Guid format shader working directory is -15 characters bigger than the processId version (../../../../../../Users/enversed/Documents/GitHub/MPS/Shooter_MP/Intermediate/Shaders/WorkingDirectory/6076/).
[2016.07.11-11.30.00:201][  0]LogShaderCompilers: Cleaned the shader compiler working directory 'C:/Users/enversed/AppData/Local/Temp/UnrealShaderWorkingDir/FFC315544435B11F9682B6891FC33A4D/'.
[2016.07.11-11.30.00:201][  0]LogShaderCompilers:Display: Using Local Shader Compiler.
[2016.07.11-11.30.00:839][  0]LogTemp:Display: Loaded TP WindowsClientTargetPlatform
[2016.07.11-11.30.00:845][  0]LogTemp:Display: Loaded TP WindowsNoEditorTargetPlatform
[2016.07.11-11.30.00:852][  0]LogTemp:Display: Loaded TP WindowsServerTargetPlatform
[2016.07.11-11.30.00:858][  0]LogTemp:Display: Loaded TP WindowsTargetPlatform
[2016.07.11-11.30.00:858][  0]LogTargetPlatformManager:Display: Building Assets For Windows
[2016.07.11-11.30.00:901][  0]LogDerivedDataCache:Display: Max Cache Size: 512 MB
[2016.07.11-11.30.00:936][  0]LogDerivedDataCache: Loaded boot cache 0.03s 48MB C:/Users/enversed/AppData/Local/UnrealEngine/4.12/DerivedDataCache/Boot.ddc.
[2016.07.11-11.30.00:936][  0]LogDerivedDataCache:Display: Loaded Boot cache: C:/Users/enversed/AppData/Local/UnrealEngine/4.12/DerivedDataCache/Boot.ddc
[2016.07.11-11.30.00:936][  0]LogDerivedDataCache: FDerivedDataBackendGraph:  Pak pak cache file ../../../../../../Users/enversed/Documents/GitHub/MPS/Shooter_MP/DerivedDataCache/DDC.ddp not found, will not use a pak cache.
[2016.07.11-11.30.00:936][  0]LogDerivedDataCache: Unable to find inner node Pak for hierarchical cache Hierarchy.
[2016.07.11-11.30.00:936][  0]LogDerivedDataCache: FDerivedDataBackendGraph:  CompressedPak pak cache file ../../../../../../Users/enversed/Documents/GitHub/MPS/Shooter_MP/DerivedDataCache/Compressed.ddp not found, will not use a pak cache.
[2016.07.11-11.30.00:936][  0]LogDerivedDataCache: Unable to find inner node CompressedPak for hierarchical cache Hierarchy.
[2016.07.11-11.30.00:948][  0]LogDerivedDataCache:Display: Pak cache opened for reading ../../../Engine/DerivedDataCache/Compressed.ddp.
[2016.07.11-11.30.00:959][  0]LogDerivedDataCache: Using Local data cache path C:/Users/enversed/AppData/Local/UnrealEngine/Common/DerivedDataCache: Writable
[2016.07.11-11.30.01:075][  0]LogAssetRegistry: FAssetRegistry took 0.0001 seconds to start up
[2016.07.11-11.30.01:087][  0]LogPackageLocalizationCache: Processed 3 localized package path(s) for 2 prioritized culture(s) in 0.012347 seconds
[2016.07.11-11.30.01:090][  0]LogInit: Selected Device Profile: [Windows]
[2016.07.11-11.30.01:090][  0]LogContentStreaming: Texture pool size is 1000.00 MB
[2016.07.11-11.30.01:182][  0]LogMeshUtilities: No automatic mesh reduction module available
[2016.07.11-11.30.01:182][  0]LogMeshUtilities: No automatic mesh merging module available
[2016.07.11-11.30.01:182][  0]LogMeshUtilities: No distributed automatic mesh merging module available
[2016.07.11-11.30.01:311][  0]LogInit: WinSock: version 1.1 (2.2), MaxSocks=32767, MaxUdp=65467
[2016.07.11-11.30.01:408][  0]LogSlate: SlateFontCache - WITH_FREETYPE: 1, WITH_HARFBUZZ: 1
[2016.07.11-11.30.01:408][  0]LogSlate: SlateFontCache - WITH_FREETYPE: 1, WITH_HARFBUZZ: 1
[2016.07.11-11.30.01:446][  0]LogMoviePlayer: Initializing movie player
[2016.07.11-11.30.01:517][  0]LogWindowsMoviePlayer: Unable to load movie: ../../../../../../Users/enversed/Documents/GitHub/MPS/Shooter_MP/Content/Movies/Default_Startup.mp4
[2016.07.11-11.30.01:576][  0]SourceControl: Info Source control is disabled
[2016.07.11-11.30.01:576][  0]SourceControl: Info Source control is disabled
[2016.07.11-11.30.01:581][  0]SourceControl: Info Source control is disabled
[2016.07.11-11.30.01:639][  0]LogUObjectArray: 30985 objects as part of root set at end of initial load.
[2016.07.11-11.30.01:639][  0]LogUObjectAllocator: 6717240 out of 0 bytes used by permanent object pool.
[2016.07.11-11.30.01:639][  0]LogUObjectArray: CloseDisregardForGC: 0/0 objects in disregard for GC pool
[2016.07.11-11.30.01:677][  0]LogEngine: Initializing Engine...
[2016.07.11-11.30.01:689][  0]LogHMD: SteamVR initialized.  Driver: lighthouse  Display: LHR-7C3980D9
[2016.07.11-11.30.01:702][  0]LogHMD: SteamVR initialized.  Driver: lighthouse  Display: LHR-7C3980D9
[2016.07.11-11.30.01:791][  0]LogInit: XAudio2 using 'Speakers (3- USB Audio Device)' : 2 channels at 44.1 kHz using 16 bits per sample (channel mask 0x3)
[2016.07.11-11.30.01:797][  0]LogInit: FAudioDevice initialized.
[2016.07.11-11.30.01:815][  0]LogDerivedDataCache: Saved boot cache 0.02s 48MB C:/Users/enversed/AppData/Local/UnrealEngine/4.12/DerivedDataCache/Boot.ddc.
[2016.07.11-11.30.01:821][  0]LogInit: Texture streaming: Enabled
[2016.07.11-11.30.01:866][  0]LogConsoleManager:Warning: Setting the console variable 'r.VSync' with 'SetByGameSetting' was ignored as it is lower priority than the previous 'SetByCode'
[2016.07.11-11.30.01:868][  0]LogNet: Browse: /Game/Levels/Menu?Name=Player
[2016.07.11-11.30.01:868][  0]LogLoad: LoadMap: /Game/Levels/Menu?Name=Player
[2016.07.11-11.30.01:878][  0]LogMemory: Platform Memory Stats for Windows
[2016.07.11-11.30.01:878][  0]LogMemory: Process Physical Memory: 554.31 MB used, 571.16 MB peak
[2016.07.11-11.30.01:878][  0]LogMemory: Process Virtual Memory: 617.72 MB used, 617.73 MB peak
[2016.07.11-11.30.01:878][  0]LogMemory: Physical Memory: 4735.03 MB used, 16299.06 MB total
[2016.07.11-11.30.01:878][  0]LogMemory: Virtual Memory: 1226.78 MB used, 134217728.00 MB total
[2016.07.11-11.30.01:878][  0]LogMemory: 
[2016.07.11-11.30.01:878][  0]Allocator Stats for TBB: (not implemented)
[2016.07.11-11.30.01:895][  0]LogAIModule: Creating AISystem for world Menu
[2016.07.11-11.30.01:920][  0]LogWorld: Game class is 'GM_MPShooter_C'
[2016.07.11-11.30.01:921][  0]LogWorld: Bringing World /Game/Levels/Menu.Menu up for play (max tick rate 0) at 2016.07.11-13.30.01
[2016.07.11-11.30.01:922][  0]LogWorld: Bringing up level for play took: 0.000957
[2016.07.11-11.30.01:923][  0]LogLoad: Took 0.054437 seconds to LoadMap(/Game/Levels/Menu)
[2016.07.11-11.30.01:923][  0]LogInit:Display: Game Engine Initialized.
[2016.07.11-11.30.02:137][  0]LogLoad: Full Startup: 2.76 seconds (BP compile: 0.01 seconds)
[2016.07.11-11.30.02:137][  0]LogExternalProfiler: Found external profiler: VSPerf
[2016.07.11-11.30.02:137][  0]LogExternalProfiler: Using external profiler: VSPerf
[2016.07.11-11.30.02:154][  0]LogWindowsTextInputMethodSystem:Display: IME system now deactivated.
[2016.07.11-11.30.02:154][  0]LogOcInput: OculusInput pre-init called
[2016.07.11-11.30.02:226][  2]LogRenderer: Reallocating scene render targets to support 2688x1512 (Frame:2).
[2016.07.11-11.30.15:668][832]LogRenderer: Reallocating scene render targets to support 3024x1680 (Frame:833).
[2016.07.11-11.30.35:923][636]LogPackageName: SearchForPackageOnDisk took   0.039s to resolve Test.umap.
[2016.07.11-11.30.35:961][637]LogPackageName: SearchForPackageOnDisk took   0.037s to resolve Test.umap.
[2016.07.11-11.30.35:962][637]LogNet: Browse: /Game/Levels/Test?Name=Player?Listen
[2016.07.11-11.30.35:962][637]LogLoad: LoadMap: /Game/Levels/Test?Name=Player?Listen
[2016.07.11-11.30.35:979][637]LogMemory: Platform Memory Stats for Windows
[2016.07.11-11.30.35:979][637]LogMemory: Process Physical Memory: 581.13 MB used, 585.98 MB peak
[2016.07.11-11.30.35:979][637]LogMemory: Process Virtual Memory: 1338.38 MB used, 1843.33 MB peak
[2016.07.11-11.30.35:979][637]LogMemory: Physical Memory: 4714.80 MB used, 16299.06 MB total
[2016.07.11-11.30.35:979][637]LogMemory: Virtual Memory: 2074.66 MB used, 134217728.00 MB total
[2016.07.11-11.30.35:979][637]LogMemory: 
[2016.07.11-11.30.35:979][637]Allocator Stats for TBB: (not implemented)
[2016.07.11-11.30.35:984][637]LogAIModule: Creating AISystem for world Test
[2016.07.11-11.30.36:009][637]LogWorld: Game class is 'GM_MPShooter_C'
[2016.07.11-11.30.36:009][637]LogInit: WinSock: Socket queue 131072 / 131072
[2016.07.11-11.30.36:011][637]LogInit: WinSock: I am arcade1 (192.168.1.140:0)
[2016.07.11-11.30.36:011][637]PacketHandlerLog: Loaded PacketHandler component: Engine.EngineHandlerComponentFactory (StatelessConnectHandlerComponent)
[2016.07.11-11.30.36:011][637]LogNet: GameNetDriver IpNetDriver_0 IpNetDriver listening on port 7777
[2016.07.11-11.30.36:012][637]LogWorld: Bringing World /Game/Levels/Test.Test up for play (max tick rate 0) at 2016.07.11-13.30.36
[2016.07.11-11.30.36:012][637]LogWorld: Bringing up level for play took: 0.000620
[2016.07.11-11.30.36:013][637]LogLoad: Took 0.051667 seconds to LoadMap(/Game/Levels/Test)
[2016.07.11-11.30.39:459][940]LogNet: NotifyAcceptingConnection: Server Test accept
[2016.07.11-11.30.39:459][940]LogHandshake: SendConnectChallenge. Timestamp: 3.585739, Cookie: 001106037114045164201004030181230062038089038250086231168214
[2016.07.11-11.30.39:459][940]LogNet: NotifyAcceptingConnection: Server Test accept
[2016.07.11-11.30.39:492][943]LogNet: NotifyAcceptingConnection: Server Test accept
[2016.07.11-11.30.39:493][943]LogNet: Server accepting post-challenge connection from: 25.40.212.25:52710
[2016.07.11-11.30.39:493][943]PacketHandlerLog: Loaded PacketHandler component: Engine.EngineHandlerComponentFactory (StatelessConnectHandlerComponent)
[2016.07.11-11.30.39:493][943]LogNet: NotifyAcceptedConnection: Name: Test, TimeStamp: 07/11/16 13:30:39, [UNetConnection] RemoteAddr: 25.40.212.25:52710, Name: IpConnection_0, Driver: GameNetDriver IpNetDriver_0, IsServer: YES, PC: NULL, Owner: NULL
[2016.07.11-11.30.39:493][943]LogNet: AddClientConnection: Added client connection: [UNetConnection] RemoteAddr: 25.40.212.25:52710, Name: IpConnection_0, Driver: GameNetDriver IpNetDriver_0, IsServer: YES, PC: NULL, Owner: NULL
[2016.07.11-11.30.39:682][960]LogNet: NotifyAcceptingChannel Control 0 server World /Game/Levels/Test.Test: Accepted
[2016.07.11-11.30.39:682][960]LogNet: Remote platform little endian=1
[2016.07.11-11.30.39:682][960]LogNet: This platform little endian=1
[2016.07.11-11.30.39:682][960]LogNet: GetLocalNetworkVersion: GEngineNetVersion: 3039270, ProjectName: shooter_mp, ProjectVersion: 1.0.0.0, InternalProtocolVersion: 9, LocalNetworkVersion: 1397182541
[2016.07.11-11.30.39:682][960]LogNet: NotifyControlMessage: Client connecting with invalid version. LocalNetworkVersion: 1397182541, RemoteNetworkVersion: 894313053
[2016.07.11-11.30.39:682][960]LogNet: UNetConnection::Close: [UNetConnection] RemoteAddr: 25.40.212.25:52710, Name: IpConnection_0, Driver: GameNetDriver IpNetDriver_0, IsServer: YES, PC: NULL, Owner: NULL, Channels: 2, Time: 2016.07.11-11.30.39
[2016.07.11-11.30.39:682][960]LogNet: UChannel::Close: Sending CloseBunch. ChIndex == 0. Name: [UChannel] ChIndex: 0, Closing: 0 [UNetConnection] RemoteAddr: 25.40.212.25:52710, Name: IpConnection_0, Driver: GameNetDriver IpNetDriver_0, IsServer: YES, PC: NULL, Owner: NULL
[2016.07.11-11.30.39:716][963]LogNet: NotifyAcceptingConnection: Server Test accept
[2016.07.11-11.30.49:255][817]LogNet: NotifyAcceptingConnection: Server Test accept
[2016.07.11-11.30.49:255][817]LogHandshake: SendConnectChallenge. Timestamp: 13.381766, Cookie: 187181210176018234087197121018099160206189192116019096012147
[2016.07.11-11.30.49:255][817]LogNet: NotifyAcceptingConnection: Server Test accept
[2016.07.11-11.30.49:288][820]LogNet: NotifyAcceptingConnection: Server Test accept
[2016.07.11-11.30.49:288][820]LogNet: Server accepting post-challenge connection from: 25.40.212.25:52711
[2016.07.11-11.30.49:288][820]PacketHandlerLog: Loaded PacketHandler component: Engine.EngineHandlerComponentFactory (StatelessConnectHandlerComponent)
[2016.07.11-11.30.49:288][820]LogNet: NotifyAcceptedConnection: Name: Test, TimeStamp: 07/11/16 13:30:49, [UNetConnection] RemoteAddr: 25.40.212.25:52711, Name: IpConnection_1, Driver: GameNetDriver IpNetDriver_0, IsServer: YES, PC: NULL, Owner: NULL
[2016.07.11-11.30.49:288][820]LogNet: AddClientConnection: Added client connection: [UNetConnection] RemoteAddr: 25.40.212.25:52711, Name: IpConnection_1, Driver: GameNetDriver IpNetDriver_0, IsServer: YES, PC: NULL, Owner: NULL
[2016.07.11-11.30.49:523][841]LogNet: NotifyAcceptingChannel Control 0 server World /Game/Levels/Test.Test: Accepted
[2016.07.11-11.30.49:523][841]LogNet: Remote platform little endian=1
[2016.07.11-11.30.49:523][841]LogNet: This platform little endian=1
[2016.07.11-11.30.49:523][841]LogNet: GetLocalNetworkVersion: GEngineNetVersion: 3039270, ProjectName: shooter_mp, ProjectVersion: 1.0.0.0, InternalProtocolVersion: 9, LocalNetworkVersion: 1397182541
[2016.07.11-11.30.49:523][841]LogNet: NotifyControlMessage: Client connecting with invalid version. LocalNetworkVersion: 1397182541, RemoteNetworkVersion: 894313053
[2016.07.11-11.30.49:523][841]LogNet: UNetConnection::Close: [UNetConnection] RemoteAddr: 25.40.212.25:52711, Name: IpConnection_1, Driver: GameNetDriver IpNetDriver_0, IsServer: YES, PC: NULL, Owner: NULL, Channels: 2, Time: 2016.07.11-11.30.49
[2016.07.11-11.30.49:523][841]LogNet: UChannel::Close: Sending CloseBunch. ChIndex == 0. Name: [UChannel] ChIndex: 0, Closing: 0 [UNetConnection] RemoteAddr: 25.40.212.25:52711, Name: IpConnection_1, Driver: GameNetDriver IpNetDriver_0, IsServer: YES, PC: NULL, Owner: NULL
[2016.07.11-11.30.49:557][844]LogNet: NotifyAcceptingConnection: Server Test accept
[2016.07.11-11.30.50:004][884]LogNet: NotifyAcceptingConnection: Server Test accept
[2016.07.11-11.30.50:004][884]LogHandshake: SendConnectChallenge. Timestamp: 14.130298, Cookie: 007037215184104108130165173029166122150046134138228159176247
[2016.07.11-11.30.50:004][884]LogNet: NotifyAcceptingConnection: Server Test accept
[2016.07.11-11.30.50:104][893]LogNet: NotifyAcceptingConnection: Server Test accept
[2016.07.11-11.30.50:104][893]LogNet: Server accepting post-challenge connection from: 25.40.212.25:52712
[2016.07.11-11.30.50:104][893]PacketHandlerLog: Loaded PacketHandler component: Engine.EngineHandlerComponentFactory (StatelessConnectHandlerComponent)
[2016.07.11-11.30.50:104][893]LogNet: NotifyAcceptedConnection: Name: Test, TimeStamp: 07/11/16 13:30:50, [UNetConnection] RemoteAddr: 25.40.212.25:52712, Name: IpConnection_2, Driver: GameNetDriver IpNetDriver_0, IsServer: YES, PC: NULL, Owner: NULL
[2016.07.11-11.30.50:104][893]LogNet: AddClientConnection: Added client connection: [UNetConnection] RemoteAddr: 25.40.212.25:52712, Name: IpConnection_2, Driver: GameNetDriver IpNetDriver_0, IsServer: YES, PC: NULL, Owner: NULL
[2016.07.11-11.30.50:272][908]LogNet: NotifyAcceptingChannel Control 0 server World /Game/Levels/Test.Test: Accepted
[2016.07.11-11.30.50:272][908]LogNet: Remote platform little endian=1
[2016.07.11-11.30.50:272][908]LogNet: This platform little endian=1
[2016.07.11-11.30.50:272][908]LogNet: GetLocalNetworkVersion: GEngineNetVersion: 3039270, ProjectName: shooter_mp, ProjectVersion: 1.0.0.0, InternalProtocolVersion: 9, LocalNetworkVersion: 1397182541
[2016.07.11-11.30.50:272][908]LogNet: NotifyControlMessage: Client connecting with invalid version. LocalNetworkVersion: 1397182541, RemoteNetworkVersion: 894313053
[2016.07.11-11.30.50:272][908]LogNet: UNetConnection::Close: [UNetConnection] RemoteAddr: 25.40.212.25:52712, Name: IpConnection_2, Driver: GameNetDriver IpNetDriver_0, IsServer: YES, PC: NULL, Owner: NULL, Channels: 2, Time: 2016.07.11-11.30.50
[2016.07.11-11.30.50:272][908]LogNet: UChannel::Close: Sending CloseBunch. ChIndex == 0. Name: [UChannel] ChIndex: 0, Closing: 0 [UNetConnection] RemoteAddr: 25.40.212.25:52712, Name: IpConnection_2, Driver: GameNetDriver IpNetDriver_0, IsServer: YES, PC: NULL, Owner: NULL
[2016.07.11-11.30.50:327][913]LogNet: NotifyAcceptingConnection: Server Test accept
[2016.07.11-11.30.50:383][918]LogNet: NotifyAcceptingConnection: Server Test accept
[2016.07.11-11.30.50:663][943]LogNet: NotifyAcceptingConnection: Server Test accept
[2016.07.11-11.30.50:663][943]LogHandshake: SendConnectChallenge. Timestamp: 14.789186, Cookie: 229060030061198246162068079040046087054169149042251199018232
[2016.07.11-11.30.50:663][943]LogNet: NotifyAcceptingConnection: Server Test accept
[2016.07.11-11.30.50:741][950]LogNet: NotifyAcceptingConnection: Server Test accept
[2016.07.11-11.30.50:741][950]LogNet: Server accepting post-challenge connection from: 25.40.212.25:52713
[2016.07.11-11.30.50:741][950]PacketHandlerLog: Loaded PacketHandler component: Engine.EngineHandlerComponentFactory (StatelessConnectHandlerComponent)
[2016.07.11-11.30.50:741][950]LogNet: NotifyAcceptedConnection: Name: Test, TimeStamp: 07/11/16 13:30:50, [UNetConnection] RemoteAddr: 25.40.212.25:52713, Name: IpConnection_3, Driver: GameNetDriver IpNetDriver_0, IsServer: YES, PC: NULL, Owner: NULL
[2016.07.11-11.30.50:741][950]LogNet: AddClientConnection: Added client connection: [UNetConnection] RemoteAddr: 25.40.212.25:52713, Name: IpConnection_3, Driver: GameNetDriver IpNetDriver_0, IsServer: YES, PC: NULL, Owner: NULL
[2016.07.11-11.30.50:975][971]LogNet: NotifyAcceptingChannel Control 0 server World /Game/Levels/Test.Test: Accepted
[2016.07.11-11.30.50:975][971]LogNet: Remote platform little endian=1
[2016.07.11-11.30.50:975][971]LogNet: This platform little endian=1
[2016.07.11-11.30.50:975][971]LogNet: GetLocalNetworkVersion: GEngineNetVersion: 3039270, ProjectName: shooter_mp, ProjectVersion: 1.0.0.0, InternalProtocolVersion: 9, LocalNetworkVersion: 1397182541
[2016.07.11-11.30.50:975][971]LogNet: NotifyControlMessage: Client connecting with invalid version. LocalNetworkVersion: 1397182541, RemoteNetworkVersion: 894313053
[2016.07.11-11.30.50:975][971]LogNet: UNetConnection::Close: [UNetConnection] RemoteAddr: 25.40.212.25:52713, Name: IpConnection_3, Driver: GameNetDriver IpNetDriver_0, IsServer: YES, PC: NULL, Owner: NULL, Channels: 2, Time: 2016.07.11-11.30.50
[2016.07.11-11.30.50:975][971]LogNet: UChannel::Close: Sending CloseBunch. ChIndex == 0. Name: [UChannel] ChIndex: 0, Closing: 0 [UNetConnection] RemoteAddr: 25.40.212.25:52713, Name: IpConnection_3, Driver: GameNetDriver IpNetDriver_0, IsServer: YES, PC: NULL, Owner: NULL
[2016.07.11-11.30.51:009][974]LogNet: NotifyAcceptingConnection: Server Test accept
[2016.07.11-11.30.51:098][982]LogNet: NotifyAcceptingConnection: Server Test accept
[2016.07.11-11.30.53:957][238]LogNet: NotifyAcceptingConnection: Server Test accept
[2016.07.11-11.30.53:957][238]LogHandshake: SendConnectChallenge. Timestamp: 18.084270, Cookie: 205012140244181068147097086053166020236061172019140154229040
[2016.07.11-11.30.53:957][238]LogNet: NotifyAcceptingConnection: Server Test accept
[2016.07.11-11.30.53:991][241]LogNet: NotifyAcceptingConnection: Server Test accept
[2016.07.11-11.30.53:991][241]LogNet: Server accepting post-challenge connection from: 25.40.212.25:52714
[2016.07.11-11.30.53:991][241]PacketHandlerLog: Loaded PacketHandler component: Engine.EngineHandlerComponentFactory (StatelessConnectHandlerComponent)
[2016.07.11-11.30.53:991][241]LogNet: NotifyAcceptedConnection: Name: Test, TimeStamp: 07/11/16 13:30:53, [UNetConnection] RemoteAddr: 25.40.212.25:52714, Name: IpConnection_4, Driver: GameNetDriver IpNetDriver_0, IsServer: YES, PC: NULL, Owner: NULL
[2016.07.11-11.30.53:991][241]LogNet: AddClientConnection: Added client connection: [UNetConnection] RemoteAddr: 25.40.212.25:52714, Name: IpConnection_4, Driver: GameNetDriver IpNetDriver_0, IsServer: YES, PC: NULL, Owner: NULL
[2016.07.11-11.30.54:192][259]LogNet: NotifyAcceptingChannel Control 0 server World /Game/Levels/Test.Test: Accepted
[2016.07.11-11.30.54:192][259]LogNet: Remote platform little endian=1
[2016.07.11-11.30.54:192][259]LogNet: This platform little endian=1
[2016.07.11-11.30.54:192][259]LogNet: GetLocalNetworkVersion: GEngineNetVersion: 3039270, ProjectName: shooter_mp, ProjectVersion: 1.0.0.0, InternalProtocolVersion: 9, LocalNetworkVersion: 1397182541
[2016.07.11-11.30.54:192][259]LogNet: NotifyControlMessage: Client connecting with invalid version. LocalNetworkVersion: 1397182541, RemoteNetworkVersion: 894313053
[2016.07.11-11.30.54:192][259]LogNet: UNetConnection::Close: [UNetConnection] RemoteAddr: 25.40.212.25:52714, Name: IpConnection_4, Driver: GameNetDriver IpNetDriver_0, IsServer: YES, PC: NULL, Owner: NULL, Channels: 2, Time: 2016.07.11-11.30.54
[2016.07.11-11.30.54:192][259]LogNet: UChannel::Close: Sending CloseBunch. ChIndex == 0. Name: [UChannel] ChIndex: 0, Closing: 0 [UNetConnection] RemoteAddr: 25.40.212.25:52714, Name: IpConnection_4, Driver: GameNetDriver IpNetDriver_0, IsServer: YES, PC: NULL, Owner: NULL
[2016.07.11-11.30.54:226][262]LogNet: NotifyAcceptingConnection: Server Test accept
[2016.07.11-11.31.52:543][480]LogWindowsTextInputMethodSystem:Display: IME system now deactivated.
[2016.07.11-11.31.52:545][480]LogEngine: All Windows Closed
[2016.07.11-11.31.52:545][480]LogWindows: FPlatformMisc::RequestExit(0)
[2016.07.11-11.31.52:545][481]LogMoviePlayer: Shutting down movie player
[2016.07.11-11.31.52:728][481]LogNet: World NetDriver shutdown IpNetDriver_0 [GameNetDriver]
[2016.07.11-11.31.52:728][481]LogNet: DestroyNamedNetDriver IpNetDriver_0 [GameNetDriver]
[2016.07.11-11.31.52:728][481]LogExit: GameNetDriver IpNetDriver_0 shut down
[2016.07.11-11.31.52:745][481]LogExit: Preparing to exit.
[2016.07.11-11.31.52:757][481]LogExit: Game engine shut down
[2016.07.11-11.31.52:813][481]LogObj: Freed 0b from 0 cluster array pools.
[2016.07.11-11.31.52:813][481]LogExit: Object subsystem successfully closed.
[2016.07.11-11.31.52:818][481]LogD3D11RHI: Shutdown
[2016.07.11-11.31.52:819][481]LogD3D11RHI: CleanupD3DDevice
[2016.07.11-11.31.52:819][481]LogD3D11RHI: ~FD3D11DynamicRHI
[2016.07.11-11.31.52:823][481]LogModuleManager: Shutting down and abandoning module SequenceRecorderSections (112)
[2016.07.11-11.31.52:823][481]LogModuleManager: Shutting down and abandoning module SequenceRecorder (111)
[2016.07.11-11.31.52:823][481]LogModuleManager: Shutting down and abandoning module AutomationController (110)
[2016.07.11-11.31.52:823][481]LogModuleManager: Shutting down and abandoning module AutomationWorker (109)
[2016.07.11-11.31.52:823][481]LogModuleManager: Shutting down and abandoning module CharacterAI (108)
[2016.07.11-11.31.52:823][481]LogModuleManager: Shutting down and abandoning module SessionServices (107)
[2016.07.11-11.31.52:823][481]LogModuleManager: Shutting down and abandoning module GameplayDebugger (106)
[2016.07.11-11.31.52:823][481]LogModuleManager: Shutting down and abandoning module AITestSuite (105)
[2016.07.11-11.31.52:823][481]LogModuleManager: Shutting down and abandoning module AIModule (104)
[2016.07.11-11.31.52:824][481]LogModuleManager: Shutting down and abandoning module MovieSceneCapture (103)
[2016.07.11-11.31.52:824][481]LogModuleManager: Shutting down and abandoning module StreamingPauseRendering (102)
[2016.07.11-11.31.52:824][481]LogModuleManager: Shutting down and abandoning module PortalServices (101)
[2016.07.11-11.31.52:824][481]LogModuleManager: Shutting down and abandoning module PortalRpc (100)
[2016.07.11-11.31.52:824][481]LogModuleManager: Shutting down and abandoning module MessagingRpc (99)
[2016.07.11-11.31.52:824][481]LogModuleManager: Shutting down and abandoning module ProfilerService (98)
[2016.07.11-11.31.52:975][481]LogModuleManager: Shutting down and abandoning module TaskGraph (97)
[2016.07.11-11.31.52:975][481]LogModuleManager: Shutting down and abandoning module SlateRemote (96)
[2016.07.11-11.31.52:975][481]LogModuleManager: Shutting down and abandoning module SteamVRController (95)
[2016.07.11-11.31.52:975][481]LogModuleManager: Shutting down and abandoning module SteamVR (94)
[2016.07.11-11.31.52:975][481]LogModuleManager: Shutting down and abandoning module ProceduralMeshComponent (93)
[2016.07.11-11.31.52:975][481]LogModuleManager: Shutting down and abandoning module OculusLibrary (92)
[2016.07.11-11.31.52:975][481]LogModuleManager: Shutting down and abandoning module OculusInput (91)
[2016.07.11-11.31.52:975][481]LogModuleManager: Shutting down and abandoning module CustomMeshComponent (90)
[2016.07.11-11.31.52:975][481]LogModuleManager: Shutting down and abandoning module CableComponent (89)
[2016.07.11-11.31.52:975][481]LogModuleManager: Shutting down and abandoning module ArchVisCharacter (88)
[2016.07.11-11.31.52:975][481]LogModuleManager: Shutting down and abandoning module HTML5Networking (87)
[2016.07.11-11.31.52:975][481]LogModuleManager: Shutting down and abandoning module DesktopPlatform (86)
[2016.07.11-11.31.52:975][481]LogModuleManager: Shutting down and abandoning module DirectoryWatcher (85)
[2016.07.11-11.31.52:975][481]LogModuleManager: Shutting down and abandoning module HotReload (84)
[2016.07.11-11.31.52:975][481]LogModuleManager: Shutting down and abandoning module VisualStudioSourceCodeAccess (83)
[2016.07.11-11.31.52:976][481]LogModuleManager: Shutting down and abandoning module UObjectPlugin (82)
[2016.07.11-11.31.52:976][481]LogModuleManager: Shutting down and abandoning module SubversionSourceControl (81)
[2016.07.11-11.31.52:976][481]LogModuleManager: Shutting down and abandoning module SourceControl (80)
[2016.07.11-11.31.52:976][481]LogModuleManager: Shutting down and abandoning module PerforceSourceControl (79)
[2016.07.11-11.31.52:976][481]LogModuleManager: Shutting down and abandoning module UdpMessaging (78)
[2016.07.11-11.31.52:976][481]LogModuleManager: Shutting down and abandoning module LightPropagationVolumeRuntime (77)
[2016.07.11-11.31.52:976][481]LogModuleManager: Shutting down and abandoning module Paper2D (76)
[2016.07.11-11.31.52:976][481]LogModuleManager: Shutting down and abandoning module WindowsMoviePlayer (75)
[2016.07.11-11.31.52:976][481]LogModuleManager: Shutting down and abandoning module Media (74)
[2016.07.11-11.31.52:976][481]LogModuleManager: Shutting down and abandoning module WmfMedia (73)
[2016.07.11-11.31.52:976][481]LogModuleManager: Shutting down and abandoning module MediaAssets (72)
[2016.07.11-11.31.52:976][481]LogModuleManager: Shutting down and abandoning module GameLiveStreaming (71)
[2016.07.11-11.31.52:976][481]LogModuleManager: Shutting down and abandoning module GameplayTagsEditor (70)
[2016.07.11-11.31.52:976][481]LogModuleManager: Shutting down and abandoning module OnlineBlueprintSupport (69)
[2016.07.11-11.31.52:976][481]LogModuleManager: Shutting down and abandoning module VREditor (68)
[2016.07.11-11.31.52:976][481]LogModuleManager: Shutting down and abandoning module GameplayTasksEditor (67)
[2016.07.11-11.31.52:976][481]LogModuleManager: Shutting down and abandoning module PropertyEditor (66)
[2016.07.11-11.31.52:976][481]LogModuleManager: Shutting down and abandoning module BehaviorTreeEditor (65)
[2016.07.11-11.31.52:976][481]LogModuleManager: Shutting down and abandoning module FunctionalTesting (64)
[2016.07.11-11.31.52:976][481]LogModuleManager: Shutting down and abandoning module CollisionAnalyzer (63)
[2016.07.11-11.31.52:976][481]LogModuleManager: Shutting down and abandoning module Sequencer (62)
[2016.07.11-11.31.52:976][481]LogModuleManager: Shutting down and abandoning module WorkspaceMenuStructure (61)
[2016.07.11-11.31.52:976][481]LogModuleManager: Shutting down and abandoning module MessageLog (60)
[2016.07.11-11.31.52:976][481]LogModuleManager: Shutting down and abandoning module AssetTools (59)
[2016.07.11-11.31.52:976][481]LogModuleManager: Shutting down and abandoning module UMGEditor (58)
[2016.07.11-11.31.52:976][481]LogModuleManager: Shutting down and abandoning module UMG (57)
[2016.07.11-11.31.52:976][481]LogModuleManager: Shutting down and abandoning module SlateReflector (56)
[2016.07.11-11.31.52:976][481]LogModuleManager: Shutting down and abandoning module Slate (55)
[2016.07.11-11.31.52:976][481]LogModuleManager: Shutting down and abandoning module EditorStyle (54)
[2016.07.11-11.31.52:977][481]LogModuleManager: Shutting down and abandoning module Messaging (53)
[2016.07.11-11.31.52:977][481]LogModuleManager: Shutting down and abandoning module SourceCodeAccess (52)
[2016.07.11-11.31.52:977][481]LogModuleManager: Shutting down and abandoning module HeadMountedDisplay (51)
[2016.07.11-11.31.52:977][481]LogModuleManager: Shutting down and abandoning module XAudio2 (50)
[2016.07.11-11.31.52:977][481]LogModuleManager: Shutting down and abandoning module Networking (48)
[2016.07.11-11.31.52:977][481]LogModuleManager: Shutting down and abandoning module Core (47)
[2016.07.11-11.31.52:977][481]LogModuleManager: Shutting down and abandoning module KismetCompiler (46)
[2016.07.11-11.31.52:977][481]LogModuleManager: Shutting down and abandoning module PhysXFormats (45)
[2016.07.11-11.31.52:977][481]LogModuleManager: Shutting down and abandoning module MeshUtilities (44)
[2016.07.11-11.31.52:977][481]LogModuleManager: Shutting down and abandoning module AssetRegistry (43)
[2016.07.11-11.31.52:977][481]LogModuleManager: Shutting down and abandoning module DerivedDataCache (42)
[2016.07.11-11.31.53:029][481]LogDerivedDataCache: Shutdown
[2016.07.11-11.31.53:029][481]LogModuleManager: Shutting down and abandoning module VulkanShaderFormat (41)
[2016.07.11-11.31.53:029][481]LogModuleManager: Shutting down and abandoning module ShaderFormatOpenGL (40)
[2016.07.11-11.31.53:029][481]LogModuleManager: Shutting down and abandoning module ShaderFormatD3D (39)
[2016.07.11-11.31.53:029][481]LogModuleManager: Shutting down and abandoning module MetalShaderFormat (38)
[2016.07.11-11.31.53:029][481]LogModuleManager: Shutting down and abandoning module TextureFormatUncompressed (37)
[2016.07.11-11.31.53:029][481]LogModuleManager: Shutting down and abandoning module TextureFormatPVR (36)
[2016.07.11-11.31.53:029][481]LogModuleManager: Shutting down and abandoning module TextureFormatIntelISPCTexComp (35)
[2016.07.11-11.31.53:029][481]LogModuleManager: Shutting down and abandoning module TextureFormatDXT (34)
[2016.07.11-11.31.53:029][481]LogModuleManager: Shutting down and abandoning module ImageWrapper (33)
[2016.07.11-11.31.53:029][481]LogModuleManager: Shutting down and abandoning module TextureFormatASTC (32)
[2016.07.11-11.31.53:029][481]LogModuleManager: Shutting down and abandoning module TextureFormatAndroid (31)
[2016.07.11-11.31.53:029][481]LogModuleManager: Shutting down and abandoning module AudioFormatOpus (30)
[2016.07.11-11.31.53:029][481]LogModuleManager: Shutting down and abandoning module AudioFormatOgg (29)
[2016.07.11-11.31.53:029][481]LogModuleManager: Shutting down and abandoning module AudioFormatADPCM (28)
[2016.07.11-11.31.53:029][481]LogModuleManager: Shutting down and abandoning module WindowsTargetPlatform (27)
[2016.07.11-11.31.53:029][481]LogModuleManager: Shutting down and abandoning module WindowsServerTargetPlatform (26)
[2016.07.11-11.31.53:029][481]LogModuleManager: Shutting down and abandoning module WindowsNoEditorTargetPlatform (25)
[2016.07.11-11.31.53:029][481]LogModuleManager: Shutting down and abandoning module WindowsClientTargetPlatform (24)
[2016.07.11-11.31.53:029][481]LogModuleManager: Shutting down and abandoning module TargetPlatform (23)
[2016.07.11-11.31.53:029][481]LogModuleManager: Shutting down and abandoning module InputCore (22)
[2016.07.11-11.31.53:029][481]LogModuleManager: Shutting down and abandoning module Settings (21)
[2016.07.11-11.31.53:029][481]LogModuleManager: Shutting down and abandoning module OnlineSubsystem (19)
[2016.07.11-11.31.53:029][481]LogModuleManager: Shutting down and abandoning module HTTP (18)
[2016.07.11-11.31.53:029][481]LogModuleManager: Shutting down and abandoning module XMPP (17)
[2016.07.11-11.31.53:029][481]LogModuleManager: Shutting down and abandoning module OculusRift (16)
[2016.07.11-11.31.53:029][481]LogModuleManager: Shutting down and abandoning module ExampleDeviceProfileSelector (15)
[2016.07.11-11.31.53:029][481]LogModuleManager: Shutting down and abandoning module TextureCompressor (14)
[2016.07.11-11.31.53:029][481]LogModuleManager: Shutting down and abandoning module ShaderCore (13)
[2016.07.11-11.31.53:029][481]LogModuleManager: Shutting down and abandoning module Landscape (12)
[2016.07.11-11.31.53:029][481]LogModuleManager: Shutting down and abandoning module SlateRHIRenderer (11)
[2016.07.11-11.31.53:029][481]LogModuleManager: Shutting down and abandoning module OpenGLDrv (10)
[2016.07.11-11.31.53:029][481]LogModuleManager: Shutting down and abandoning module D3D11RHI (9)
[2016.07.11-11.31.53:029][481]LogModuleManager: Shutting down and abandoning module AnimGraphRuntime (8)
[2016.07.11-11.31.53:029][481]LogModuleManager: Shutting down and abandoning module Renderer (7)
[2016.07.11-11.31.53:029][481]LogModuleManager: Shutting down and abandoning module Engine (6)
[2016.07.11-11.31.53:029][481]LogModuleManager: Shutting down and abandoning module CoreUObject (5)
[2016.07.11-11.31.53:029][481]LogModuleManager: Shutting down and abandoning module NetworkFile (4)
[2016.07.11-11.31.53:029][481]LogModuleManager: Shutting down and abandoning module StreamingFile (3)
[2016.07.11-11.31.53:029][481]LogModuleManager: Shutting down and abandoning module SandboxFile (2)
[2016.07.11-11.31.53:029][481]LogModuleManager: Shutting down and abandoning module PakFile (1)
[2016.07.11-11.31.53:030][481]LogExit: Exiting.
[2016.07.11-11.31.53:031][481]Log file closed, 07/11/16 13:31:53
