Log file open, 07/11/16 10:47:35
LogInit:Display: Running engine for game: Shooter_MP
LogPlatformFile: Not using cached read wrapper
LogInit:Display: RandInit(515728509) SRandInit(515728511).
LogTaskGraph: Started task graph with 4 named threads and 7 total threads with 1 sets of task threads.
LogStats: Stats thread started at 0.062955
LogInit: Version: 4.12.5-3039270+++UE4+Release-4.12
LogInit: API Version: 2992821
LogInit: Net Version: 3039270
LogDevObjectVersion: Number of dev versions registered: 13
LogDevObjectVersion:   Dev-Blueprints (B0D832E4-1F89-4F0D-ACCF-7EB736FD4AA2): 3
LogDevObjectVersion:   Dev-Build (E1C64328-A22C-4D53-A36C-8E866417BD8C): 0
LogDevObjectVersion:   Dev-Core (375EC13C-06E4-48FB-B500-84F0262A717E): 1
LogDevObjectVersion:   Dev-Editor (E4B068ED-F494-42E9-A231-DA0B2E46BB41): 2
LogDevObjectVersion:   Dev-Framework (CFFC743F-43B0-4480-9391-14DF171D2073): 6
LogDevObjectVersion:   Dev-Mobile (B02B49B5-BB20-44E9-A304-32B752E40360): 0
LogDevObjectVersion:   Dev-Networking (A4E4105C-59A1-49B5-A7C5-40C4547EDFEE): 0
LogDevObjectVersion:   Dev-Online (39C831C9-5AE6-47DC-9A44-9C173E1C8E7C): 0
LogDevObjectVersion:   Dev-Physics (78F01B33-EBEA-4F98-B9B4-84EACCB95AA2): 0
LogDevObjectVersion:   Dev-Platform (6631380F-2D4D-43E0-8009-CF276956A95A): 0
LogDevObjectVersion:   Dev-Rendering (12F88B9F-8875-4AFC-A67C-D90C383ABD29): 2
LogDevObjectVersion:   Dev-Sequencer (7B5AE74C-D270-4C10-A958-57980B212A5A): 0
LogDevObjectVersion:   Dev-VR (D7296918-1DD6-4BDD-9DE2-64A83CC13884): 0
LogInit: Compiled (64-bit): Jul  6 2016 09:09:46
LogInit: Compiled with Visual C++: 19.00.23026.00
LogInit: Build Configuration: Development
LogInit: Branch Name: ++UE4+Release-4.12
LogInit: Command line: -EpicPortal 
LogInit: Base directory: C:/Program Files (x86)/Epic Games/4.12/Engine/Binaries/Win64/
LogInit: Installed Engine Build: 1
LogInit: Using libcurl 7.41.0
LogInit:  - built for x86_64-pc-win32
LogInit:  - supports SSL with WinSSL
LogInit:  - other features:
LogInit:      CURL_VERSION_SSL
LogInit:      CURL_VERSION_IPV6
LogInit:      CURL_VERSION_ASYNCHDNS
LogInit:      CURL_VERSION_LARGEFILE
LogInit:      CURL_VERSION_IDN
LogInit:  CurlRequestOptions (configurable via config and command line):
LogInit:  - bVerifyPeer = true  - Libcurl will verify peer certificate
LogInit:  - bUseHttpProxy = false  - Libcurl will NOT use HTTP proxy
LogInit:  - bDontReuseConnections = false  - Libcurl will reuse connections
LogInit:  - CertBundlePath = nullptr  - Libcurl will use whatever was configured at build time.
LogInit: Presizing for max 8388607 objects, including 0 objects not considered by GC, pre-allocating 0 bytes for permanent pool.
LogInit: Object subsystem initialized
[2016.07.11-08.47.35:547][  0]LogInit: Selected Device Profile: [Windows]
[2016.07.11-08.47.35:547][  0]LogInit: Applying CVar settings loaded from the selected device profile: [Windows]
[2016.07.11-08.47.35:554][  0]LogInit: Computer: ARCADE1
[2016.07.11-08.47.35:554][  0]LogInit: User: enversed
[2016.07.11-08.47.35:554][  0]LogInit: CPU Page size=65536, Cores=4
[2016.07.11-08.47.35:554][  0]LogInit: High frequency timer resolution =3.914059 MHz
[2016.07.11-08.47.35:554][  0]LogMemory: Memory total: Physical=15.9GB (16GB approx)
[2016.07.11-08.47.35:554][  0]LogMemory: Platform Memory Stats for Windows
[2016.07.11-08.47.35:554][  0]LogMemory: Process Physical Memory: 190.06 MB used, 190.06 MB peak
[2016.07.11-08.47.35:554][  0]LogMemory: Process Virtual Memory: 195.02 MB used, 195.02 MB peak
[2016.07.11-08.47.35:554][  0]LogMemory: Physical Memory: 4406.39 MB used, 16299.06 MB total
[2016.07.11-08.47.35:554][  0]LogMemory: Virtual Memory: 553.97 MB used, 134217728.00 MB total
[2016.07.11-08.47.35:573][  0]LogTextLocalizationManager: No specific translations for ('en-US') exist, so ('en') translations will be used.
[2016.07.11-08.47.35:834][  0]LogD3D11RHI: D3D11 adapters:
[2016.07.11-08.47.35:853][  0]LogD3D11RHI:    0. 'NVIDIA GeForce GTX 1080' (Feature Level 11_0)
[2016.07.11-08.47.35:853][  0]LogD3D11RHI:       8084/0/8149 MB DedicatedVideo/DedicatedSystem/SharedSystem, Outputs:1, VendorId:0x10de
[2016.07.11-08.47.35:854][  0]LogD3D11RHI:    1. 'Microsoft Basic Render Driver' (Feature Level 11_0)
[2016.07.11-08.47.35:854][  0]LogD3D11RHI:       0/0/8149 MB DedicatedVideo/DedicatedSystem/SharedSystem, Outputs:0, VendorId:0x1414
[2016.07.11-08.47.35:854][  0]LogD3D11RHI: Chosen D3D11 Adapter: 0
[2016.07.11-08.47.35:856][  0]LogD3D11RHI: Creating new Direct3DDevice
[2016.07.11-08.47.35:856][  0]LogD3D11RHI:     GPU DeviceId: 0x1b80 (for the marketing name, search the web for "GPU Device Id")
[2016.07.11-08.47.35:856][  0]LogWindows: EnumDisplayDevices:
[2016.07.11-08.47.35:857][  0]LogWindows:    0. 'NVIDIA GeForce GTX 1080' (P:1 D:1)
[2016.07.11-08.47.35:857][  0]LogWindows:    1. 'NVIDIA GeForce GTX 1080' (P:0 D:0)
[2016.07.11-08.47.35:857][  0]LogWindows:    2. 'NVIDIA GeForce GTX 1080' (P:0 D:0)
[2016.07.11-08.47.35:857][  0]LogWindows:    3. 'NVIDIA GeForce GTX 1080' (P:0 D:0)
[2016.07.11-08.47.35:857][  0]LogWindows: DebugString: FoundDriverCount:4 
[2016.07.11-08.47.35:857][  0]LogD3D11RHI:     Adapter Name: NVIDIA GeForce GTX 1080
[2016.07.11-08.47.35:857][  0]LogD3D11RHI:   Driver Version: 368.39 (internal:10.18.13.6839, unified:368.39)
[2016.07.11-08.47.35:857][  0]LogD3D11RHI:      Driver Date: 6-2-2016
[2016.07.11-08.47.35:857][  0]LogRHI: Texture pool is 1361 MB (70% of 1945 MB)
[2016.07.11-08.47.35:869][  0]LogD3D11RHI: Async texture creation enabled
[2016.07.11-08.47.35:877][  0]LogD3D11RHI: GPU Timing Frequency: 1000.000000 (Debug: 2 1)
[2016.07.11-08.47.35:877][  0]LogShaderCompilers: Guid format shader working directory is -20 characters bigger than the processId version (../../../../../../Users/enversed/Documents/Unreal Projects/Shooter_MP/Intermediate/Shaders/WorkingDirectory/7036/).
[2016.07.11-08.47.35:877][  0]LogShaderCompilers: Cleaned the shader compiler working directory 'C:/Users/enversed/AppData/Local/Temp/UnrealShaderWorkingDir/2F6BEAC14210F92A9A0EDA9F5110A08A/'.
[2016.07.11-08.47.35:877][  0]LogShaderCompilers:Display: Using Local Shader Compiler.
[2016.07.11-08.47.36:510][  0]LogTemp:Display: Loaded TP AllDesktopTargetPlatform
[2016.07.11-08.47.36:517][  0]LogTemp:Display: Loaded TP WindowsClientTargetPlatform
[2016.07.11-08.47.36:523][  0]LogTemp:Display: Loaded TP WindowsNoEditorTargetPlatform
[2016.07.11-08.47.36:530][  0]LogTemp:Display: Loaded TP WindowsServerTargetPlatform
[2016.07.11-08.47.36:536][  0]LogTemp:Display: Loaded TP WindowsTargetPlatform
[2016.07.11-08.47.36:541][  0]LogTemp:Display: Loaded TP AndroidTargetPlatform
[2016.07.11-08.47.36:546][  0]LogTemp:Display: Loaded TP Android_ASTCTargetPlatform
[2016.07.11-08.47.36:551][  0]LogTemp:Display: Loaded TP Android_ATCTargetPlatform
[2016.07.11-08.47.36:557][  0]LogTemp:Display: Loaded TP Android_DXTTargetPlatform
[2016.07.11-08.47.36:562][  0]LogTemp:Display: Loaded TP Android_ETC1TargetPlatform
[2016.07.11-08.47.36:567][  0]LogTemp:Display: Loaded TP Android_ETC2TargetPlatform
[2016.07.11-08.47.36:578][  0]LogTemp:Display: Loaded TP Android_MultiTargetPlatform
[2016.07.11-08.47.36:578][  0]LogTemp:Display: Loaded TP Android_PVRTCTargetPlatform
[2016.07.11-08.47.36:578][  0]LogTemp:Display: Loaded TP HTML5TargetPlatform
[2016.07.11-08.47.36:598][  0]LogTemp:Display: Loaded TP IOSTargetPlatform
[2016.07.11-08.47.36:603][  0]LogTemp:Display: Loaded TP TVOSTargetPlatform
[2016.07.11-08.47.36:608][  0]LogTemp:Display: Loaded TP LinuxNoEditorTargetPlatform
[2016.07.11-08.47.36:613][  0]LogTemp:Display: Loaded TP LinuxServerTargetPlatform
[2016.07.11-08.47.36:619][  0]LogTemp:Display: Loaded TP LinuxTargetPlatform
[2016.07.11-08.47.36:619][  0]LogTargetPlatformManager:Display: Building Assets For Windows
[2016.07.11-08.47.36:661][  0]LogDerivedDataCache:Display: Max Cache Size: 512 MB
[2016.07.11-08.47.36:692][  0]LogDerivedDataCache: Loaded boot cache 0.03s 49MB C:/Users/enversed/AppData/Local/UnrealEngine/4.12/DerivedDataCache/Boot.ddc.
[2016.07.11-08.47.36:693][  0]LogDerivedDataCache:Display: Loaded Boot cache: C:/Users/enversed/AppData/Local/UnrealEngine/4.12/DerivedDataCache/Boot.ddc
[2016.07.11-08.47.36:693][  0]LogDerivedDataCache: FDerivedDataBackendGraph:  Pak pak cache file ../../../../../../Users/enversed/Documents/Unreal Projects/Shooter_MP/DerivedDataCache/DDC.ddp not found, will not use a pak cache.
[2016.07.11-08.47.36:693][  0]LogDerivedDataCache: Unable to find inner node Pak for hierarchical cache Hierarchy.
[2016.07.11-08.47.36:693][  0]LogDerivedDataCache: FDerivedDataBackendGraph:  CompressedPak pak cache file ../../../../../../Users/enversed/Documents/Unreal Projects/Shooter_MP/DerivedDataCache/Compressed.ddp not found, will not use a pak cache.
[2016.07.11-08.47.36:693][  0]LogDerivedDataCache: Unable to find inner node CompressedPak for hierarchical cache Hierarchy.
[2016.07.11-08.47.36:705][  0]LogDerivedDataCache:Display: Pak cache opened for reading ../../../Engine/DerivedDataCache/Compressed.ddp.
[2016.07.11-08.47.36:716][  0]LogDerivedDataCache: Using Local data cache path C:/Users/enversed/AppData/Local/UnrealEngine/Common/DerivedDataCache: Writable
[2016.07.11-08.47.36:828][  0]LogInit: Selected Device Profile: [Windows]
[2016.07.11-08.47.36:829][  0]LogContentStreaming: Texture pool size is 0.00 MB
[2016.07.11-08.47.36:929][  0]LogMeshUtilities: No automatic mesh reduction module available
[2016.07.11-08.47.36:929][  0]LogMeshUtilities: No automatic mesh merging module available
[2016.07.11-08.47.36:929][  0]LogMeshUtilities: No distributed automatic mesh merging module available
[2016.07.11-08.47.37:086][  0]LogAssetRegistry: FAssetRegistry took 0.0213 seconds to start up
[2016.07.11-08.47.37:106][  0]LogPackageLocalizationCache: Processed 3 localized package path(s) for 2 prioritized culture(s) in 0.018158 seconds
[2016.07.11-08.47.37:109][  0]LogUObjectArray: 28739 objects as part of root set at end of initial load.
[2016.07.11-08.47.37:109][  0]LogUObjectAllocator: 5855624 out of 0 bytes used by permanent object pool.
[2016.07.11-08.47.37:109][  0]LogUObjectArray: CloseDisregardForGC: 0/0 objects in disregard for GC pool
[2016.07.11-08.47.37:114][  0]LogInit: WinSock: version 1.1 (2.2), MaxSocks=32767, MaxUdp=65467
[2016.07.11-08.47.37:218][  0]LogSlate: SlateFontCache - WITH_FREETYPE: 1, WITH_HARFBUZZ: 1
[2016.07.11-08.47.37:218][  0]LogSlate: SlateFontCache - WITH_FREETYPE: 1, WITH_HARFBUZZ: 1
[2016.07.11-08.47.37:678][  0]LogUdpMessaging: Initializing bridge on interface 0.0.0.0:0 to multicast group 230.0.0.1:6666.
[2016.07.11-08.47.37:826][  0]SourceControl: Info Source control is disabled
[2016.07.11-08.47.37:826][  0]SourceControl: Info Source control is disabled
[2016.07.11-08.47.37:830][  0]SourceControl: Info Source control is disabled
[2016.07.11-08.47.37:835][  0]SourceControl: Info Source control is disabled
[2016.07.11-08.47.37:947][  0]LogEngine: Initializing Engine...
[2016.07.11-08.47.37:960][  0]LogHMD: SteamVR initialized.  Driver: lighthouse  Display: LHR-7C3980D9
[2016.07.11-08.47.37:972][  0]LogHMD: SteamVR initialized.  Driver: lighthouse  Display: LHR-7C3980D9
[2016.07.11-08.47.38:063][  0]LogAIModule: Creating AISystem for world NewWorld
[2016.07.11-08.47.38:071][  0]LogInit: XAudio2 using 'Speakers (3- USB Audio Device)' : 2 channels at 44.1 kHz using 16 bits per sample (channel mask 0x3)
[2016.07.11-08.47.38:077][  0]LogInit: FAudioDevice initialized.
[2016.07.11-08.47.38:093][  0]LogDerivedDataCache: Saved boot cache 0.02s 49MB C:/Users/enversed/AppData/Local/UnrealEngine/4.12/DerivedDataCache/Boot.ddc.
[2016.07.11-08.47.38:097][  0]LogInit: Texture streaming: Enabled
[2016.07.11-08.47.38:129][  0]LogInit: Transaction tracking system initialized
[2016.07.11-08.47.38:142][  0]BlueprintLog: New page: Editor Load
[2016.07.11-08.47.38:244][  0]LocalizationService: Info Localization service is disabled
[2016.07.11-08.47.38:304][  0]LogConsoleResponse:Display: 
[2016.07.11-08.47.38:370][  0]LogFileCache: Scanning file cache for directory 'C:/Users/enversed/Documents/Unreal Projects/Shooter_MP/Content/' took 0.01s
[2016.07.11-08.47.38:370][  0]LogCook:Display: Max memory allowance for cook 8192mb
[2016.07.11-08.47.38:370][  0]LogCook:Display: Mobile HDR setting 1
[2016.07.11-08.47.38:425][  0]SourceControl: Info Source control is disabled
[2016.07.11-08.47.38:425][  0]LogFactory:Error: Can't find file 'C:/Program Files (x86)/Epic Games/4.12/FeaturePacks/StarterContent.upack' for import
[2016.07.11-08.47.38:430][  0]LogWindowsTextInputMethodSystem:Display: IME system now deactivated.
[2016.07.11-08.47.45:542][  0]LogWindowsTextInputMethodSystem:Display: IME system now deactivated.
[2016.07.11-08.47.45:542][  0]LogWindowsTextInputMethodSystem:Display: IME system now deactivated.
[2016.07.11-08.47.45:543][  0]LogAssetTools:Warning: Failed to import 'C:/Program Files (x86)/Epic Games/4.12/FeaturePacks/StarterContent.upack'. Failed to create asset '/Game/StarterContent'
[2016.07.11-08.47.45:543][  0]LogFeaturePack:Warning: No objects imported installing pack StarterContent.upack
[2016.07.11-08.47.45:543][  0]LogFeaturePack:Warning: Inserted 0 feature packs
[2016.07.11-08.47.45:624][  0]LogCollectionManager: Loaded 0 collections in 0.001143 seconds
[2016.07.11-08.47.45:661][  0]LogFileCache: Scanning file cache for directory 'C:/Users/enversed/Documents/Unreal Projects/Shooter_MP/Saved/Collections/' took 0.01s
[2016.07.11-08.47.45:661][  0]LogFileCache: Scanning file cache for directory 'C:/Users/enversed/Documents/Unreal Projects/Shooter_MP/Content/Developers/enversed/Collections/' took 0.01s
[2016.07.11-08.47.45:661][  0]LogFileCache: Scanning file cache for directory 'C:/Users/enversed/Documents/Unreal Projects/Shooter_MP/Content/Collections/' took 0.01s
[2016.07.11-08.47.45:661][  0]LogCollectionManager: Rebuilt the GUID cache for 0 collections in 0.000002 seconds
[2016.07.11-08.47.45:666][  0]LogContentBrowser: Native class hierarchy populated in 0.0052 seconds. Added 2047 classes and 369 folders.
[2016.07.11-08.47.45:669][  0]LogStats: UGameplayTagsManager::ConstructGameplayTagTree: Construct from data asset -  0.000 s
[2016.07.11-08.47.45:669][  0]LogStats: UGameplayTagsManager::ConstructGameplayTagTree: GameplayTagTreeChangedEvent.Broadcast -  0.000 s
[2016.07.11-08.47.45:669][  0]LogContentBrowser: Native class hierarchy updated for 'GameplayTags' in 0.0003 seconds. Added 12 classes and 0 folders.
[2016.07.11-08.47.45:672][  0]LogContentBrowser: Native class hierarchy updated for 'WidgetCarousel' in 0.0002 seconds. Added 0 classes and 0 folders.
[2016.07.11-08.47.45:675][  0]LogContentBrowser: Native class hierarchy updated for 'AddContentDialog' in 0.0002 seconds. Added 0 classes and 0 folders.
[2016.07.11-08.47.45:677][  0]LogContentBrowser: Native class hierarchy updated for 'SceneOutliner' in 0.0002 seconds. Added 1 classes and 2 folders.
[2016.07.11-08.47.45:687][  0]LogCrashTracker: Crashtracker disabled due to settings.
[2016.07.11-08.47.45:850][  0]LogContentBrowser: Native class hierarchy updated for 'HierarchicalLODOutliner' in 0.0002 seconds. Added 1 classes and 2 folders.
[2016.07.11-08.47.45:850][  0]LogLoad: Full Startup: 10.77 seconds (BP compile: 0.00 seconds)
[2016.07.11-08.47.45:850][  0]LogExternalProfiler: No external profilers were discovered.  External profiling features will not be available.
[2016.07.11-08.47.46:190][  0]LogOcInput: OculusInput pre-init called
[2016.07.11-08.47.46:208][  0]LogAssetRegistry: Asset discovery search completed in 9.1437 seconds
[2016.07.11-08.47.46:208][  0]LogCollectionManager: Rebuilt the object cache for 0 collections in 0.000001 seconds (found 0 objects)
[2016.07.11-08.47.46:208][  0]LogCollectionManager: Fixed up redirectors for 0 collections in 0.000013 seconds (updated 0 objects)
[2016.07.11-08.47.46:209][  0]LogContentStreaming: Texture pool size now 1000 MB
[2016.07.11-08.47.46:322][  0]LogRenderer: Reallocating scene render targets to support 1208x576 (Frame:2).
[2016.07.11-08.54.17:817][470]LogActorFactory: Actor Factory created Cube
[2016.07.11-08.54.19:113][625]LogActorFactory: Actor Factory created Cube
[2016.07.11-08.54.29:231][832]LogEditorViewport: Clicking on Actor (LMB): DirectionalLight (DirectionalLight)
[2016.07.11-08.54.56:490][ 98]LogEditorViewport: Clicking on Actor (LMB): SkyLight (SkyLight)
[2016.07.11-08.55.44:134][484]LogEditorViewport: Clicking on Actor (LMB): StaticMeshActor (Cube)
[2016.07.11-08.55.45:492][644]LogEditorViewport: Clicking on Actor (LMB): StaticMeshActor (Cube)
[2016.07.11-08.55.48:839][ 40]LogPhysics:Warning: Scale 'X=1.000 Y=1.000 Z=0.000' is not valid on object '/Temp/Untitled_0.NewWorld:PersistentLevel.Cube_2.StaticMeshComponent0 Cube'.
[2016.07.11-08.55.48:839][ 40]LogPhysics:Warning: Scale 'X=1.000 Y=1.000 Z=0.000' is not valid on object '/Temp/Untitled_0.NewWorld:PersistentLevel.Cube_2.StaticMeshComponent0 Cube'.
[2016.07.11-08.55.53:254][569]LogPhysics:Warning: Scale 'X=0.750 Y=0.750 Z=0.000' is not valid on object '/Temp/Untitled_0.NewWorld:PersistentLevel.Cube_2.StaticMeshComponent0 Cube'.
[2016.07.11-08.55.53:254][569]LogPhysics:Warning: Scale 'X=0.750 Y=0.750 Z=0.000' is not valid on object '/Temp/Untitled_0.NewWorld:PersistentLevel.Cube_2.StaticMeshComponent0 Cube'.
[2016.07.11-08.55.54:704][743]LogPhysics:Warning: Scale 'X=0.750 Y=0.750 Z=0.000' is not valid on object '/Temp/Untitled_0.NewWorld:PersistentLevel.Cube_2.StaticMeshComponent0 Cube'.
[2016.07.11-08.55.54:704][743]LogPhysics:Warning: Scale 'X=0.750 Y=0.750 Z=0.000' is not valid on object '/Temp/Untitled_0.NewWorld:PersistentLevel.Cube_2.StaticMeshComponent0 Cube'.
[2016.07.11-08.56.06:704][182]LogActorFactory: Actor Factory created Cube
[2016.07.11-08.56.08:172][358]LogActorFactory: Actor Factory created Cube
[2016.07.11-08.56.20:174][793]Cmd: DUPLICATE
[2016.07.11-08.56.20:174][793]Cmd: ACTOR DUPLICATE
[2016.07.11-08.56.31:016][ 89]LogEditorViewport: Clicking on Actor (LMB): StaticMeshActor (Cube2)
[2016.07.11-08.56.33:418][375]Cmd: DUPLICATE
[2016.07.11-08.56.33:418][375]Cmd: ACTOR DUPLICATE
[2016.07.11-08.56.42:623][476]Cmd: DUPLICATE
[2016.07.11-08.56.42:623][476]Cmd: ACTOR DUPLICATE
[2016.07.11-08.57.01:179][698]LogEditorViewport: Clicking on Actor (LMB): StaticMeshActor (Cube4)
[2016.07.11-08.57.03:398][962]LogEditorViewport: Clicking on Actor (LMB): StaticMeshActor (Cube3)
[2016.07.11-08.57.14:992][351]LogEditorViewport: Clicking on Actor (LMB): StaticMeshActor (Cube5)
[2016.07.11-08.57.31:061][276]LogEditorViewport: Clicking on Actor (LMB): SkyLight (SkyLight)
[2016.07.11-08.57.34:036][631]LogEditorViewport: Clicking on Actor (LMB): StaticMeshActor (Cube)
[2016.07.11-08.57.34:406][673]LogEditorViewport: Clicking on Actor (LMB): DirectionalLight (DirectionalLight)
[2016.07.11-08.57.38:659][181]LogEditorViewport: Clicking on Actor (LMB): StaticMeshActor (Cube4)
[2016.07.11-08.57.42:840][680]LogEditorViewport: Clicking on Actor (LMB): StaticMeshActor (Cube2)
[2016.07.11-08.57.45:184][959]LogEditorViewport: Clicking on Actor (LMB): StaticMeshActor (Cube3)
[2016.07.11-08.57.47:570][243]LogEditorViewport: Clicking on Actor (LMB): StaticMeshActor (Cube5)
[2016.07.11-08.57.49:539][477]LogEditorViewport: Clicking on Actor (LMB): StaticMeshActor (Cube2)
[2016.07.11-08.57.52:306][807]LogEditorViewport: Clicking on Actor (LMB): StaticMeshActor (Cube4)
[2016.07.11-08.58.05:678][566]Cmd: OBJ SAVEPACKAGE PACKAGE="/Game/Test" FILE="../../../../../../Users/enversed/Documents/Unreal Projects/Shooter_MP/Content/Test.umap" SILENT=true AUTOSAVING=false KEEPDIRTY=false
[2016.07.11-08.58.05:707][566]LogSavePackage: Save=18.53ms
[2016.07.11-08.58.05:707][566]LogSavePackage: Moving '../../../../../../Users/enversed/Documents/Unreal Projects/Shooter_MP/Saved/Test361335DF417EFF52381788865AC1BC51.tmp' to '../../../../../../Users/enversed/Documents/Unreal Projects/Shooter_MP/Content/Test.umap'
[2016.07.11-08.58.05:709][566]LogSavePackage:Display: Finished SavePackage ../../../../../../Users/enversed/Documents/Unreal Projects/Shooter_MP/Content/Test.umap
[2016.07.11-08.58.05:771][566]LogFileHelpers: Saving map 'Test' took 0.186
[2016.07.11-08.58.11:364][237]LogEditorViewport: Clicking on Actor (LMB): StaticMeshActor (Cube)
[2016.07.11-08.58.21:138][404]LogNavigationPoint: PostEditMove Clear paths rebuilt
[2016.07.11-08.59.36:049][508]LogContentBrowser: Native class hierarchy updated for 'BlueprintGraph' in 0.0006 seconds. Added 111 classes and 0 folders.
[2016.07.11-09.01.13:548][455]BlueprintLog: New page: Compile BP_VivePawn
[2016.07.11-09.01.13:697][455]BlueprintEditorCompileResults: Info [0818.62] Compile of BP_VivePawn successful! [in 149 ms] (/Game/Blueprints/BP_VivePawn.BP_VivePawn)
[2016.07.11-09.01.15:652][680]Cmd: OBJ SAVEPACKAGE PACKAGE="/Game/Test" FILE="../../../../../../Users/enversed/Documents/Unreal Projects/Shooter_MP/Content/Test.umap" SILENT=true AUTOSAVING=false KEEPDIRTY=false
[2016.07.11-09.01.15:677][680]LogSavePackage: Save=10.44ms
[2016.07.11-09.01.15:677][680]LogSavePackage: Moving '../../../../../../Users/enversed/Documents/Unreal Projects/Shooter_MP/Saved/TestE19621A041A10965BB51B9BC26576C00.tmp' to '../../../../../../Users/enversed/Documents/Unreal Projects/Shooter_MP/Content/Test.umap'
[2016.07.11-09.01.15:679][680]LogSavePackage:Display: Finished SavePackage ../../../../../../Users/enversed/Documents/Unreal Projects/Shooter_MP/Content/Test.umap
[2016.07.11-09.01.15:737][680]LogFileHelpers: Saving map 'Test' took 0.113
[2016.07.11-09.01.15:749][680]Cmd: OBJ SAVEPACKAGE PACKAGE="/Game/Blueprints/BP_VivePawn" FILE="../../../../../../Users/enversed/Documents/Unreal Projects/Shooter_MP/Content/Blueprints/BP_VivePawn.uasset" SILENT=true
[2016.07.11-09.01.15:766][680]LogSavePackage: Save=16.19ms
[2016.07.11-09.01.15:766][680]LogSavePackage: Moving '../../../../../../Users/enversed/Documents/Unreal Projects/Shooter_MP/Saved/BP_VivePawnA123E5E944ECE552486C7CBB914418AB.tmp' to '../../../../../../Users/enversed/Documents/Unreal Projects/Shooter_MP/Content/Blueprints/BP_VivePawn.uasset'
[2016.07.11-09.01.15:767][680]LogSavePackage:Display: Finished SavePackage ../../../../../../Users/enversed/Documents/Unreal Projects/Shooter_MP/Content/Blueprints/BP_VivePawn.uasset
[2016.07.11-09.05.53:705][828]BlueprintLog: New page: Compile BP_VivePawn
[2016.07.11-09.05.53:873][828]BlueprintEditorCompileResults: Info [1098.79] Compile of BP_VivePawn successful! [in 167 ms] (/Game/Blueprints/BP_VivePawn.BP_VivePawn)
[2016.07.11-09.06.51:719][271]BlueprintLog: New page: Compile BP_VivePawn
[2016.07.11-09.06.51:888][271]BlueprintEditorCompileResults: Info [1156.81] Compile of BP_VivePawn successful! [in 170 ms] (/Game/Blueprints/BP_VivePawn.BP_VivePawn)
[2016.07.11-09.06.52:265][313]Cmd: OBJ SAVEPACKAGE PACKAGE="/Game/Blueprints/BP_VivePawn" FILE="../../../../../../Users/enversed/Documents/Unreal Projects/Shooter_MP/Content/Blueprints/BP_VivePawn.uasset" SILENT=true
[2016.07.11-09.06.52:277][313]LogSavePackage: Save=8.50ms
[2016.07.11-09.06.52:277][313]LogSavePackage: Moving '../../../../../../Users/enversed/Documents/Unreal Projects/Shooter_MP/Saved/BP_VivePawnA9EF4785450FE6F60EDCA0B4E29842A7.tmp' to '../../../../../../Users/enversed/Documents/Unreal Projects/Shooter_MP/Content/Blueprints/BP_VivePawn.uasset'
[2016.07.11-09.06.52:280][313]LogSavePackage:Display: Finished SavePackage ../../../../../../Users/enversed/Documents/Unreal Projects/Shooter_MP/Content/Blueprints/BP_VivePawn.uasset
[2016.07.11-09.07.06:101][788]LogEditorViewport: Clicking on Actor (LMB): StaticMeshActor (Cube)
[2016.07.11-09.07.15:254][881]LogEditorViewport: Clicking on Actor (LMB): StaticMeshActor (Cube5)
[2016.07.11-09.07.18:894][314]LogEditorViewport: Clicking on Actor (LMB): StaticMeshActor (Cube3)
[2016.07.11-09.07.21:632][639]LogEditorViewport: Clicking on Actor (LMB): StaticMeshActor (Cube4)
[2016.07.11-09.07.24:412][969]LogEditorViewport: Clicking on Actor (LMB): StaticMeshActor (Cube2)
[2016.07.11-09.07.30:646][713]LogEditorViewport: Clicking on Actor (LMB): StaticMeshActor (Cube3)
[2016.07.11-09.07.33:805][ 89]LogEditorViewport: Clicking on Actor (LMB): StaticMeshActor (Cube4)
[2016.07.11-09.07.36:454][404]LogEditorViewport: Clicking on Actor (LMB): StaticMeshActor (Cube5)
[2016.07.11-09.07.41:699][ 28]Cmd: OBJ SAVEPACKAGE PACKAGE="/Game/Test" FILE="../../../../../../Users/enversed/Documents/Unreal Projects/Shooter_MP/Content/Test.umap" SILENT=true AUTOSAVING=false KEEPDIRTY=false
[2016.07.11-09.07.41:724][ 28]LogSavePackage: Save=10.45ms
[2016.07.11-09.07.41:724][ 28]LogSavePackage: Moving '../../../../../../Users/enversed/Documents/Unreal Projects/Shooter_MP/Saved/Test5D299D564F748A2DD5469991C17E842D.tmp' to '../../../../../../Users/enversed/Documents/Unreal Projects/Shooter_MP/Content/Test.umap'
[2016.07.11-09.07.41:726][ 28]LogSavePackage:Display: Finished SavePackage ../../../../../../Users/enversed/Documents/Unreal Projects/Shooter_MP/Content/Test.umap
[2016.07.11-09.08.25:051][503]LogSlate:Warning: Prevented a slow task dialog from being summoned while a context menu was open
[2016.07.11-09.08.31:293][245]BlueprintLog: New page: Compile GM_MPShooter
[2016.07.11-09.08.31:378][245]BlueprintEditorCompileResults: Info [1256.30] Compile of GM_MPShooter successful! [in 85 ms] (/Game/Blueprints/GM_MPShooter.GM_MPShooter)
[2016.07.11-09.08.34:884][663]Cmd: OBJ SAVEPACKAGE PACKAGE="/Game/Blueprints/GM_MPShooter" FILE="../../../../../../Users/enversed/Documents/Unreal Projects/Shooter_MP/Content/Blueprints/GM_MPShooter.uasset" SILENT=true
[2016.07.11-09.08.34:892][663]LogSavePackage: Save=7.18ms
[2016.07.11-09.08.34:892][663]LogSavePackage: Moving '../../../../../../Users/enversed/Documents/Unreal Projects/Shooter_MP/Saved/GM_MPShooter96D169CD4BBF7EE945FD1D872016E787.tmp' to '../../../../../../Users/enversed/Documents/Unreal Projects/Shooter_MP/Content/Blueprints/GM_MPShooter.uasset'
[2016.07.11-09.08.34:893][663]LogSavePackage:Display: Finished SavePackage ../../../../../../Users/enversed/Documents/Unreal Projects/Shooter_MP/Content/Blueprints/GM_MPShooter.uasset
[2016.07.11-09.08.49:808][450]LogPlayLevel: PlayLevel: No blueprints needed recompiling
[2016.07.11-09.08.49:810][450]PIE: New page: PIE session: Test (Jul 11, 2016, 12:08:49 PM)
[2016.07.11-09.08.49:810][450]LogPlayLevel: Creating play world package: /Game/UEDPIE_0_Test
[2016.07.11-09.08.49:812][450]LogPlayLevel: PIE: StaticDuplicateObject took: (0.001870s)
[2016.07.11-09.08.49:812][450]LogAIModule: Creating AISystem for world Test
[2016.07.11-09.08.49:812][450]LogPlayLevel: PIE: World Init took: (0.000433s)
[2016.07.11-09.08.49:813][450]LogPlayLevel: PIE: Created PIE world by copying editor world from /Game/Test.Test to /Game/UEDPIE_0_Test.Test (0.002849s)
[2016.07.11-09.08.49:832][450]LogInit: XAudio2 using 'Speakers (3- USB Audio Device)' : 2 channels at 44.1 kHz using 16 bits per sample (channel mask 0x3)
[2016.07.11-09.08.49:837][450]LogInit: FAudioDevice initialized.
[2016.07.11-09.08.49:945][450]LogWorld: Game class is 'GameMode'
[2016.07.11-09.08.49:952][450]LogWorld: Bringing World /Game/UEDPIE_0_Test.Test up for play (max tick rate 0) at 2016.07.11-11.08.49
[2016.07.11-09.08.49:952][450]LogWorld: Bringing up level for play took: 0.001618
[2016.07.11-09.08.49:962][450]LogContentBrowser: Native class hierarchy updated for 'MovieSceneCapture' in 0.0003 seconds. Added 11 classes and 0 folders.
[2016.07.11-09.08.49:996][450]PIE: Info Play in editor start time for /Game/UEDPIE_0_Test 1.13
[2016.07.11-09.08.50:010][451]LogRenderer: Reallocating scene render targets to support 3024x1680 (Frame:98660).
[2016.07.11-09.09.05:726][  3]MapCheck: New page: Map Check
[2016.07.11-09.09.05:750][  3]LightingResults: New page: Lighting Build - Jul 11, 2016, 12:09:05 PM
[2016.07.11-09.09.05:753][  3]LogContentBrowser: Native class hierarchy updated for 'StatsViewer' in 0.0003 seconds. Added 5 classes and 0 folders.
[2016.07.11-09.09.05:823][  3]LogSwarmInterface: [OpenConnection] Registering TCP channel ...
[2016.07.11-09.09.05:890][  3]LogSwarmInterface: [OpenConnection] Connecting to agent ...
[2016.07.11-09.09.05:901][  3]LogSwarmInterface: [TryOpenConnection] Testing the Agent
[2016.07.11-09.09.06:415][  3]LogSwarmInterface: [TryOpenConnection] Opening Connection to Agent
[2016.07.11-09.09.06:415][  3]LogSwarmInterface: [TryOpenConnection] Local Process ID is 7036
[2016.07.11-09.09.08:497][  3]LogStaticLightingSystem:Warning: No importance volume found, so the scene bounding box was used.  You can optimize your scene's quality and lighting build times by adding importance volumes.
[2016.07.11-09.09.08:497][  3]LogStaticLightingSystem: Running Lightmass w/ ImmediateImport mode ENABLED
[2016.07.11-09.09.08:497][  3]LogStaticLightingSystem: Running Lightmass w/ ImmediateProcess mode ENABLED
[2016.07.11-09.09.08:497][  3]LogStaticLightingSystem: Running Lightmass w/ Sorting mode ENABLED
[2016.07.11-09.09.08:497][  3]LogStaticLightingSystem: Running Lightmass w/ Mapping paddings ENABLED
[2016.07.11-09.09.08:497][  3]LogStaticLightingSystem: Running Lightmass w/ Mapping debug paddings DISABLED
[2016.07.11-09.09.08:610][  3]LogEditorBuildUtils: Build time 0:02
[2016.07.11-09.09.08:613][  3]LogMaterial: Missing cached shader map for material FLightmassMaterialRenderer BasicShapeMaterial, compiling. 
[2016.07.11-09.09.08:621][  3]LogMaterial: Missing cached shader map for material FLightmassMaterialRenderer BasicShapeMaterial, compiling. 
[2016.07.11-09.09.08:634][  4]LogMaterial: Missing cached shader map for material FLightmassMaterialRenderer WorldGridMaterial, compiling. Is special engine material.
[2016.07.11-09.09.08:639][  4]LogMaterial: Missing cached shader map for material FLightmassMaterialRenderer WorldGridMaterial, compiling. Is special engine material.
[2016.07.11-09.09.10:939][ 82]Job is a success!
[2016.07.11-09.09.11:009][ 83]LogTexture:Display: Building textures: LQ_Lightmap_0_1 (DXT1)
[2016.07.11-09.09.11:009][ 83]LogTexture:Display: Building textures: HQ_Lightmap0_1 (AutoDXT)
[2016.07.11-09.09.11:009][ 83]LogTexture:Display: Building textures: SkyOcclusion0_1 (AutoDXT)
[2016.07.11-09.09.11:009][ 83]LogTexture:Display: Building textures: ShadowMapTexture2D_0 (G8)
[2016.07.11-09.09.11:029][ 83]Lightmass on ARCADE1: 613 ms total, 74 ms importing, 16 ms setup, 269 ms photons, 226 ms processing, 0 ms extra exporting [5/5 mappings]. Threads: 1.42 sec total, 183 ms processing.
[2016.07.11-09.09.11:045][ 83]LogStaticLightingSystem: Illumination: 5.28 sec (22 ms encoding lightmaps, 7 ms encoding shadowmaps)
[2016.07.11-09.09.11:045][ 83]LogStaticLightingSystem: Lightmap texture memory:  0.2 MB (0.2 MB streaming, 0.0 MB non-streaming), 2 textures
[2016.07.11-09.09.11:045][ 83]LogStaticLightingSystem: Shadowmap texture memory: 0.0 MB (0.0 MB streaming, 0.0 MB non-streaming), 1 textures
[2016.07.11-09.09.11:506][ 84]Cmd: MAP CHECK NOTIFYRESULTS
[2016.07.11-09.09.11:506][ 84]MapCheck: New page: Test - Jul 11, 2016, 12:09:11 PM
[2016.07.11-09.09.11:537][ 84]MapCheck: Info Map check complete: 0 Error(s), 0 Warning(s), took 30.439ms to complete.
[2016.07.11-09.09.14:895][481]Cmd: OBJ SAVEPACKAGE PACKAGE="/Game/Test" FILE="../../../../../../Users/enversed/Documents/Unreal Projects/Shooter_MP/Content/Test.umap" SILENT=true AUTOSAVING=false KEEPDIRTY=false
[2016.07.11-09.09.14:925][481]LogSavePackage: Save=17.04ms
[2016.07.11-09.09.14:925][481]LogSavePackage: Moving '../../../../../../Users/enversed/Documents/Unreal Projects/Shooter_MP/Saved/Test9B0EA3D248727950E4D3E6BC5087AA89.tmp' to '../../../../../../Users/enversed/Documents/Unreal Projects/Shooter_MP/Content/Test.umap'
[2016.07.11-09.09.14:926][481]LogSavePackage:Display: Finished SavePackage ../../../../../../Users/enversed/Documents/Unreal Projects/Shooter_MP/Content/Test.umap
[2016.07.11-09.09.14:941][481]LogFileHelpers: Saving map 'Test' took 0.073
[2016.07.11-09.09.26:578][870]LogSlate:Warning: Prevented a slow task dialog from being summoned while a context menu was open
[2016.07.11-09.09.34:161][769]LogPlayLevel: PlayLevel: No blueprints needed recompiling
[2016.07.11-09.09.34:161][769]PIE: New page: PIE session: Test (Jul 11, 2016, 12:09:34 PM)
[2016.07.11-09.09.34:161][769]LogPlayLevel: Creating play world package: /Game/UEDPIE_0_Test
[2016.07.11-09.09.34:162][769]LogPlayLevel: PIE: StaticDuplicateObject took: (0.000967s)
[2016.07.11-09.09.34:163][769]LogAIModule: Creating AISystem for world Test
[2016.07.11-09.09.34:163][769]LogPlayLevel: PIE: World Init took: (0.000352s)
[2016.07.11-09.09.34:163][769]LogPlayLevel: PIE: Created PIE world by copying editor world from /Game/Test.Test to /Game/UEDPIE_0_Test.Test (0.001437s)
[2016.07.11-09.09.34:180][769]LogInit: XAudio2 using 'Speakers (3- USB Audio Device)' : 2 channels at 44.1 kHz using 16 bits per sample (channel mask 0x3)
[2016.07.11-09.09.34:185][769]LogInit: FAudioDevice initialized.
[2016.07.11-09.09.34:281][769]LogWorld: Game class is 'GM_MPShooter_C'
[2016.07.11-09.09.34:282][769]LogWorld: Bringing World /Game/UEDPIE_0_Test.Test up for play (max tick rate 0) at 2016.07.11-11.09.34
[2016.07.11-09.09.34:283][769]LogWorld: Bringing up level for play took: 0.001551
[2016.07.11-09.09.34:315][769]PIE: Info Play in editor start time for /Game/UEDPIE_0_Test -0.551
[2016.07.11-09.12.13:504][972]BlueprintLog: New page: Compile BP_VivePawn
[2016.07.11-09.12.13:677][972]BlueprintEditorCompileResults: Info [1478.60] Compile of BP_VivePawn successful! [in 172 ms] (/Game/Blueprints/BP_VivePawn.BP_VivePawn)
[2016.07.11-09.14.49:248][645]LogUObjectHash:Warning: Ambiguous search, could be K2Node_CallFunction /Game/Blueprints/BP_VivePawn.BP_VivePawn:EdGraph_32.K2Node_CallFunction_2 or K2Node_CallFunction /Game/Blueprints/BP_VivePawn.BP_VivePawn:EdGraph_30.K2Node_CallFunction_2
[2016.07.11-09.14.49:248][645]LogUObjectHash:Warning: Ambiguous search, could be K2Node_CallFunction /Game/Blueprints/BP_VivePawn.BP_VivePawn:EdGraph_32.K2Node_CallFunction_2 or K2Node_CallFunction /Game/Blueprints/BP_VivePawn.BP_VivePawn:EdGraph_28.K2Node_CallFunction_2
[2016.07.11-09.14.49:248][645]LogUObjectHash:Warning: Ambiguous search, could be K2Node_CallFunction /Game/Blueprints/BP_VivePawn.BP_VivePawn:EdGraph_32.K2Node_CallFunction_2 or K2Node_CallFunction /Game/Blueprints/BP_VivePawn.BP_VivePawn:EdGraph_26.K2Node_CallFunction_2
[2016.07.11-09.14.49:248][645]LogUObjectHash:Warning: Ambiguous search, could be K2Node_CallFunction /Game/Blueprints/BP_VivePawn.BP_VivePawn:EdGraph_32.K2Node_CallFunction_2 or K2Node_CallFunction /Engine/Transient.PROTO_BP_Blueprint_0:UserConstructionScript.K2Node_CallFunction_2
[2016.07.11-09.14.49:248][645]LogUObjectHash:Warning: Ambiguous search, could be K2Node_CallFunction /Game/Blueprints/BP_VivePawn.BP_VivePawn:EdGraph_32.K2Node_CallFunction_2 or K2Node_CallFunction /Game/Blueprints/BP_VivePawn.BP_VivePawn:UpdateHandTransformsLocal.K2Node_CallFunction_2
[2016.07.11-09.14.49:248][645]LogUObjectHash:Warning: Ambiguous search, could be K2Node_CallFunction /Game/Blueprints/BP_VivePawn.BP_VivePawn:EdGraph_32.K2Node_CallFunction_2 or K2Node_CallFunction /Game/Blueprints/BP_VivePawn.BP_VivePawn:EdGraph_34.K2Node_CallFunction_2
[2016.07.11-09.14.49:248][645]LogUObjectHash:Warning: Ambiguous search, could be K2Node_CallFunction /Game/Blueprints/BP_VivePawn.BP_VivePawn:EdGraph_32.K2Node_CallFunction_2 or K2Node_CallFunction /Game/Blueprints/BP_VivePawn.BP_VivePawn:EdGraph_36.K2Node_CallFunction_2
[2016.07.11-09.14.49:248][645]LogUObjectHash:Warning: Ambiguous search, could be K2Node_CallFunction /Game/Blueprints/BP_VivePawn.BP_VivePawn:EdGraph_32.K2Node_CallFunction_2 or K2Node_CallFunction /Game/Blueprints/BP_VivePawn.BP_VivePawn:EdGraph_38.K2Node_CallFunction_2
[2016.07.11-09.14.49:248][645]LogUObjectHash:Warning: Ambiguous search, could be K2Node_CallFunction /Game/Blueprints/BP_VivePawn.BP_VivePawn:EdGraph_32.K2Node_CallFunction_2 or K2Node_CallFunction /Game/Blueprints/BP_VivePawn.BP_VivePawn:EdGraph_45.K2Node_CallFunction_2
[2016.07.11-09.14.49:248][645]LogUObjectHash:Warning: Ambiguous search, could be K2Node_CallFunction /Game/Blueprints/BP_VivePawn.BP_VivePawn:EdGraph_32.K2Node_CallFunction_2 or K2Node_CallFunction /Game/Blueprints/BP_VivePawn.BP_VivePawn:EdGraph_48.K2Node_CallFunction_2
[2016.07.11-09.14.49:248][645]LogUObjectHash:Warning: Ambiguous search, could be K2Node_CallFunction /Game/Blueprints/BP_VivePawn.BP_VivePawn:EdGraph_32.K2Node_CallFunction_2 or K2Node_CallFunction /Game/Blueprints/BP_VivePawn.BP_VivePawn:EdGraph_52.K2Node_CallFunction_2
[2016.07.11-09.14.49:248][645]LogUObjectHash:Warning: Ambiguous search, could be K2Node_CallFunction /Game/Blueprints/BP_VivePawn.BP_VivePawn:EdGraph_32.K2Node_CallFunction_2 or K2Node_CallFunction /Game/Blueprints/BP_VivePawn.BP_VivePawn:EdGraph_56.K2Node_CallFunction_2
[2016.07.11-09.14.49:248][645]LogUObjectHash:Warning: Ambiguous search, could be K2Node_CallFunction /Game/Blueprints/BP_VivePawn.BP_VivePawn:EdGraph_32.K2Node_CallFunction_2 or K2Node_CallFunction /Game/Blueprints/BP_VivePawn.BP_VivePawn:EdGraph_30.K2Node_CallFunction_2
[2016.07.11-09.14.49:248][645]LogUObjectHash:Warning: Ambiguous search, could be K2Node_CallFunction /Game/Blueprints/BP_VivePawn.BP_VivePawn:EdGraph_32.K2Node_CallFunction_2 or K2Node_CallFunction /Game/Blueprints/BP_VivePawn.BP_VivePawn:EdGraph_28.K2Node_CallFunction_2
[2016.07.11-09.14.49:248][645]LogUObjectHash:Warning: Ambiguous search, could be K2Node_CallFunction /Game/Blueprints/BP_VivePawn.BP_VivePawn:EdGraph_32.K2Node_CallFunction_2 or K2Node_CallFunction /Game/Blueprints/BP_VivePawn.BP_VivePawn:EdGraph_26.K2Node_CallFunction_2
[2016.07.11-09.14.49:248][645]LogUObjectHash:Warning: Ambiguous search, could be K2Node_CallFunction /Game/Blueprints/BP_VivePawn.BP_VivePawn:EdGraph_32.K2Node_CallFunction_2 or K2Node_CallFunction /Engine/Transient.PROTO_BP_Blueprint_0:UserConstructionScript.K2Node_CallFunction_2
[2016.07.11-09.14.49:248][645]LogUObjectHash:Warning: Ambiguous search, could be K2Node_CallFunction /Game/Blueprints/BP_VivePawn.BP_VivePawn:EdGraph_32.K2Node_CallFunction_2 or K2Node_CallFunction /Game/Blueprints/BP_VivePawn.BP_VivePawn:UpdateHandTransformsLocal.K2Node_CallFunction_2
[2016.07.11-09.14.49:248][645]LogUObjectHash:Warning: Ambiguous search, could be K2Node_CallFunction /Game/Blueprints/BP_VivePawn.BP_VivePawn:EdGraph_32.K2Node_CallFunction_2 or K2Node_CallFunction /Game/Blueprints/BP_VivePawn.BP_VivePawn:EdGraph_34.K2Node_CallFunction_2
[2016.07.11-09.14.49:248][645]LogUObjectHash:Warning: Ambiguous search, could be K2Node_CallFunction /Game/Blueprints/BP_VivePawn.BP_VivePawn:EdGraph_32.K2Node_CallFunction_2 or K2Node_CallFunction /Game/Blueprints/BP_VivePawn.BP_VivePawn:EdGraph_36.K2Node_CallFunction_2
[2016.07.11-09.14.49:248][645]LogUObjectHash:Warning: Ambiguous search, could be K2Node_CallFunction /Game/Blueprints/BP_VivePawn.BP_VivePawn:EdGraph_32.K2Node_CallFunction_2 or K2Node_CallFunction /Game/Blueprints/BP_VivePawn.BP_VivePawn:EdGraph_38.K2Node_CallFunction_2
[2016.07.11-09.14.49:248][645]LogUObjectHash:Warning: Ambiguous search, could be K2Node_CallFunction /Game/Blueprints/BP_VivePawn.BP_VivePawn:EdGraph_32.K2Node_CallFunction_2 or K2Node_CallFunction /Game/Blueprints/BP_VivePawn.BP_VivePawn:EdGraph_45.K2Node_CallFunction_2
[2016.07.11-09.14.49:248][645]LogUObjectHash:Warning: Ambiguous search, could be K2Node_CallFunction /Game/Blueprints/BP_VivePawn.BP_VivePawn:EdGraph_32.K2Node_CallFunction_2 or K2Node_CallFunction /Game/Blueprints/BP_VivePawn.BP_VivePawn:EdGraph_48.K2Node_CallFunction_2
[2016.07.11-09.14.49:248][645]LogUObjectHash:Warning: Ambiguous search, could be K2Node_CallFunction /Game/Blueprints/BP_VivePawn.BP_VivePawn:EdGraph_32.K2Node_CallFunction_2 or K2Node_CallFunction /Game/Blueprints/BP_VivePawn.BP_VivePawn:EdGraph_52.K2Node_CallFunction_2
[2016.07.11-09.14.49:248][645]LogUObjectHash:Warning: Ambiguous search, could be K2Node_CallFunction /Game/Blueprints/BP_VivePawn.BP_VivePawn:EdGraph_32.K2Node_CallFunction_2 or K2Node_CallFunction /Game/Blueprints/BP_VivePawn.BP_VivePawn:EdGraph_56.K2Node_CallFunction_2
[2016.07.11-09.15.15:022][726]BlueprintLog: New page: Compile BP_VivePawn
[2016.07.11-09.15.15:085][726]BlueprintEditorCompileResults: Info [1660.00] Compile of BP_VivePawn successful! [in 62 ms] (/Game/Blueprints/BP_VivePawn.BP_VivePawn)
[2016.07.11-09.16.46:715][955]LogActorComponent: UnregisterComponent: (/Engine/Transient.EditorFloorComp) Not registered. Aborting.
[2016.07.11-09.16.46:842][955]LogObjectTools:Warning: ForceReplaceReferences replaced references for a transient object 'BlueprintComponentNodeSpawner_193' or package '/Engine/Transient'.
[2016.07.11-09.16.46:842][955]LogObjectTools:Warning: ForceReplaceReferences replaced references for a transient object 'DEADCLASS_BPC_RightHand_C_1' or package '/Engine/Transient'.
[2016.07.11-09.16.46:842][955]LogObjectTools:Warning: ForceReplaceReferences replaced references for a transient object 'DEADCLASS_BPC_RightHand_C_0' or package '/Engine/Transient'.
[2016.07.11-09.16.46:842][955]LogObjectTools:Warning: ForceReplaceReferences replaced references for a transient object 'REINST_SKEL_BPC_RightHand_C_104' or package '/Engine/Transient'.
[2016.07.11-09.16.46:842][955]LogObjectTools:Warning: ForceReplaceReferences replaced references for a transient object 'REINST_BPC_RightHand_C_103' or package '/Engine/Transient'.
[2016.07.11-09.16.48:553][ 13]LogObjectTools:Warning: ForceReplaceReferences replaced references for a transient object 'BlueprintComponentNodeSpawner_259' or package '/Engine/Transient'.
[2016.07.11-09.16.48:553][ 13]LogObjectTools:Warning: ForceReplaceReferences replaced references for a transient object 'REINST_SKEL_BPC_LeftHand_C_106' or package '/Engine/Transient'.
[2016.07.11-09.16.48:553][ 13]LogObjectTools:Warning: ForceReplaceReferences replaced references for a transient object 'REINST_BPC_LeftHand_C_105' or package '/Engine/Transient'.
[2016.07.11-09.16.48:553][ 13]LogObjectTools:Warning: ForceReplaceReferences replaced references for a transient object 'DEADCLASS_BPC_LeftHand_C_2' or package '/Engine/Transient'.
[2016.07.11-09.16.48:553][ 13]LogObjectTools:Warning: ForceReplaceReferences replaced references for a transient object 'DEADCLASS_BPC_LeftHand_C_3' or package '/Engine/Transient'.
[2016.07.11-09.17.36:287][436]BlueprintLog: New page: Compile BP_VivePawn
[2016.07.11-09.17.36:511][436]BlueprintEditorCompileResults: Info [1801.43] Compile of BP_VivePawn successful! [in 224 ms] (/Game/Blueprints/BP_VivePawn.BP_VivePawn)
[2016.07.11-09.17.44:720][415]Cmd: OBJ SAVEPACKAGE PACKAGE="/Game/Blueprints/BP_VivePawn" FILE="../../../../../../Users/enversed/Documents/Unreal Projects/Shooter_MP/Content/Blueprints/BP_VivePawn.uasset" SILENT=true
[2016.07.11-09.17.44:746][415]LogSavePackage: Save=21.55ms
[2016.07.11-09.17.44:746][415]LogSavePackage: Moving '../../../../../../Users/enversed/Documents/Unreal Projects/Shooter_MP/Saved/BP_VivePawnED745B49403F5D99AFE2E6B108CB27FB.tmp' to '../../../../../../Users/enversed/Documents/Unreal Projects/Shooter_MP/Content/Blueprints/BP_VivePawn.uasset'
[2016.07.11-09.17.44:747][415]LogSavePackage:Display: Finished SavePackage ../../../../../../Users/enversed/Documents/Unreal Projects/Shooter_MP/Content/Blueprints/BP_VivePawn.uasset
[2016.07.11-09.19.14:722][ 71]BlueprintLog: New page: Compile BP_VivePawn
[2016.07.11-09.19.14:784][ 71]BlueprintEditorCompileResults: Info [1899.70] Compile of BP_VivePawn successful! [in 62 ms] (/Game/Blueprints/BP_VivePawn.BP_VivePawn)
[2016.07.11-09.19.35:548][538]BlueprintLog: New page: Compile BP_VivePawn
[2016.07.11-09.19.35:611][538]BlueprintEditorCompileResults: Info [1920.53] Compile of BP_VivePawn successful! [in 62 ms] (/Game/Blueprints/BP_VivePawn.BP_VivePawn)
[2016.07.11-09.19.36:344][622]Cmd: OBJ SAVEPACKAGE PACKAGE="/Game/Blueprints/BP_VivePawn" FILE="../../../../../../Users/enversed/Documents/Unreal Projects/Shooter_MP/Content/Blueprints/BP_VivePawn.uasset" SILENT=true
[2016.07.11-09.19.36:371][622]LogSavePackage: Save=25.93ms
[2016.07.11-09.19.36:371][622]LogSavePackage: Moving '../../../../../../Users/enversed/Documents/Unreal Projects/Shooter_MP/Saved/BP_VivePawn256AD08C4D1237004C598EBB9622CC69.tmp' to '../../../../../../Users/enversed/Documents/Unreal Projects/Shooter_MP/Content/Blueprints/BP_VivePawn.uasset'
[2016.07.11-09.19.36:372][622]LogSavePackage:Display: Finished SavePackage ../../../../../../Users/enversed/Documents/Unreal Projects/Shooter_MP/Content/Blueprints/BP_VivePawn.uasset
[2016.07.11-09.22.37:441][996]BlueprintLog: New page: Compile BP_VivePawn
[2016.07.11-09.22.37:732][996]BlueprintEditorCompileResults: Info [2102.65] Compile of BP_VivePawn successful! [in 290 ms] (/Game/Blueprints/BP_VivePawn.BP_VivePawn)
[2016.07.11-09.23.36:660][705]BlueprintLog: New page: Compile BP_VivePawn
[2016.07.11-09.23.36:730][705]BlueprintEditorCompileResults: Info [2161.65] Compile of BP_VivePawn successful! [in 71 ms] (/Game/Blueprints/BP_VivePawn.BP_VivePawn)
[2016.07.11-09.23.37:767][826]Cmd: OBJ SAVEPACKAGE PACKAGE="/Game/Blueprints/BP_VivePawn" FILE="../../../../../../Users/enversed/Documents/Unreal Projects/Shooter_MP/Content/Blueprints/BP_VivePawn.uasset" SILENT=true
[2016.07.11-09.23.37:802][826]LogSavePackage: Save=30.89ms
[2016.07.11-09.23.37:802][826]LogSavePackage: Moving '../../../../../../Users/enversed/Documents/Unreal Projects/Shooter_MP/Saved/BP_VivePawnA30B4AEC4D9A79ED20DCC2863C25C023.tmp' to '../../../../../../Users/enversed/Documents/Unreal Projects/Shooter_MP/Content/Blueprints/BP_VivePawn.uasset'
[2016.07.11-09.23.37:804][826]LogSavePackage:Display: Finished SavePackage ../../../../../../Users/enversed/Documents/Unreal Projects/Shooter_MP/Content/Blueprints/BP_VivePawn.uasset
[2016.07.11-09.25.05:652][ 59]BlueprintLog: New page: Compile BP_VivePawn
[2016.07.11-09.25.05:723][ 59]BlueprintEditorCompileResults: Info [2250.64] Compile of BP_VivePawn successful! [in 70 ms] (/Game/Blueprints/BP_VivePawn.BP_VivePawn)
[2016.07.11-09.27.04:779][285]BlueprintLog: New page: Compile BP_VivePawn
[2016.07.11-09.27.04:851][285]BlueprintEditorCompileResults: Info [2369.