Log file open, 07/11/16 14:12:20
LogInit:Display: Running engine for game: Shooter_MP
LogPlatformFile: Not using cached read wrapper
LogInit:Display: RandInit(1354384967) SRandInit(1354384968).
LogTaskGraph: Started task graph with 4 named threads and 7 total threads with 1 sets of task threads.
LogStats: Stats thread started at 0.062591
LogInit: Version: 4.12.5-3039270+++UE4+Release-4.12
LogInit: API Version: 2992821
LogInit: Net Version: 3039270
LogDevObjectVersion: Number of dev versions registered: 13
LogDevObjectVersion:   Dev-Blueprints (B0D832E4-1F89-4F0D-ACCF-7EB736FD4AA2): 3
LogDevObjectVersion:   Dev-Build (E1C64328-A22C-4D53-A36C-8E866417BD8C): 0
LogDevObjectVersion:   Dev-Core (375EC13C-06E4-48FB-B500-84F0262A717E): 1
LogDevObjectVersion:   Dev-Editor (E4B068ED-F494-42E9-A231-DA0B2E46BB41): 2
LogDevObjectVersion:   Dev-Framework (CFFC743F-43B0-4480-9391-14DF171D2073): 6
LogDevObjectVersion:   Dev-Mobile (B02B49B5-BB20-44E9-A304-32B752E40360): 0
LogDevObjectVersion:   Dev-Networking (A4E4105C-59A1-49B5-A7C5-40C4547EDFEE): 0
LogDevObjectVersion:   Dev-Online (39C831C9-5AE6-47DC-9A44-9C173E1C8E7C): 0
LogDevObjectVersion:   Dev-Physics (78F01B33-EBEA-4F98-B9B4-84EACCB95AA2): 0
LogDevObjectVersion:   Dev-Platform (6631380F-2D4D-43E0-8009-CF276956A95A): 0
LogDevObjectVersion:   Dev-Rendering (12F88B9F-8875-4AFC-A67C-D90C383ABD29): 2
LogDevObjectVersion:   Dev-Sequencer (7B5AE74C-D270-4C10-A958-57980B212A5A): 0
LogDevObjectVersion:   Dev-VR (D7296918-1DD6-4BDD-9DE2-64A83CC13884): 0
LogInit: Compiled (64-bit): Jul  6 2016 09:09:46
LogInit: Compiled with Visual C++: 19.00.23026.00
LogInit: Build Configuration: Development
LogInit: Branch Name: ++UE4+Release-4.12
LogInit: Command line:  
LogInit: Base directory: C:/Program Files (x86)/Epic Games/4.12/Engine/Binaries/Win64/
LogInit: Installed Engine Build: 1
LogInit: Using libcurl 7.41.0
LogInit:  - built for x86_64-pc-win32
LogInit:  - supports SSL with WinSSL
LogInit:  - other features:
LogInit:      CURL_VERSION_SSL
LogInit:      CURL_VERSION_IPV6
LogInit:      CURL_VERSION_ASYNCHDNS
LogInit:      CURL_VERSION_LARGEFILE
LogInit:      CURL_VERSION_IDN
LogInit:  CurlRequestOptions (configurable via config and command line):
LogInit:  - bVerifyPeer = true  - Libcurl will verify peer certificate
LogInit:  - bUseHttpProxy = false  - Libcurl will NOT use HTTP proxy
LogInit:  - bDontReuseConnections = false  - Libcurl will reuse connections
LogInit:  - CertBundlePath = nullptr  - Libcurl will use whatever was configured at build time.
LogInit: Presizing for max 8388607 objects, including 0 objects not considered by GC, pre-allocating 0 bytes for permanent pool.
LogInit: Object subsystem initialized
[2016.07.11-12.12.20:335][  0]LogInit: Selected Device Profile: [Windows]
[2016.07.11-12.12.20:335][  0]LogInit: Applying CVar settings loaded from the selected device profile: [Windows]
[2016.07.11-12.12.20:343][  0]LogInit: Computer: ARCADE1
[2016.07.11-12.12.20:343][  0]LogInit: User: enversed
[2016.07.11-12.12.20:343][  0]LogInit: CPU Page size=65536, Cores=4
[2016.07.11-12.12.20:343][  0]LogInit: High frequency timer resolution =3.914059 MHz
[2016.07.11-12.12.20:343][  0]LogMemory: Memory total: Physical=15.9GB (16GB approx)
[2016.07.11-12.12.20:343][  0]LogMemory: Platform Memory Stats for Windows
[2016.07.11-12.12.20:343][  0]LogMemory: Process Physical Memory: 189.91 MB used, 189.91 MB peak
[2016.07.11-12.12.20:343][  0]LogMemory: Process Virtual Memory: 195.16 MB used, 195.16 MB peak
[2016.07.11-12.12.20:343][  0]LogMemory: Physical Memory: 4430.95 MB used, 16299.06 MB total
[2016.07.11-12.12.20:343][  0]LogMemory: Virtual Memory: 554.25 MB used, 134217728.00 MB total
[2016.07.11-12.12.20:364][  0]LogTextLocalizationManager: No specific translations for ('en-US') exist, so ('en') translations will be used.
[2016.07.11-12.12.20:629][  0]LogD3D11RHI: D3D11 adapters:
[2016.07.11-12.12.20:647][  0]LogD3D11RHI:    0. 'NVIDIA GeForce GTX 1080' (Feature Level 11_0)
[2016.07.11-12.12.20:647][  0]LogD3D11RHI:       8084/0/8149 MB DedicatedVideo/DedicatedSystem/SharedSystem, Outputs:1, VendorId:0x10de
[2016.07.11-12.12.20:648][  0]LogD3D11RHI:    1. 'Microsoft Basic Render Driver' (Feature Level 11_0)
[2016.07.11-12.12.20:648][  0]LogD3D11RHI:       0/0/8149 MB DedicatedVideo/DedicatedSystem/SharedSystem, Outputs:0, VendorId:0x1414
[2016.07.11-12.12.20:648][  0]LogD3D11RHI: Chosen D3D11 Adapter: 0
[2016.07.11-12.12.20:651][  0]LogD3D11RHI: Creating new Direct3DDevice
[2016.07.11-12.12.20:651][  0]LogD3D11RHI:     GPU DeviceId: 0x1b80 (for the marketing name, search the web for "GPU Device Id")
[2016.07.11-12.12.20:651][  0]LogWindows: EnumDisplayDevices:
[2016.07.11-12.12.20:651][  0]LogWindows:    0. 'NVIDIA GeForce GTX 1080' (P:1 D:1)
[2016.07.11-12.12.20:651][  0]LogWindows:    1. 'NVIDIA GeForce GTX 1080' (P:0 D:0)
[2016.07.11-12.12.20:651][  0]LogWindows:    2. 'NVIDIA GeForce GTX 1080' (P:0 D:0)
[2016.07.11-12.12.20:651][  0]LogWindows:    3. 'NVIDIA GeForce GTX 1080' (P:0 D:0)
[2016.07.11-12.12.20:651][  0]LogWindows: DebugString: FoundDriverCount:4 
[2016.07.11-12.12.20:651][  0]LogD3D11RHI:     Adapter Name: NVIDIA GeForce GTX 1080
[2016.07.11-12.12.20:651][  0]LogD3D11RHI:   Driver Version: 368.39 (internal:10.18.13.6839, unified:368.39)
[2016.07.11-12.12.20:651][  0]LogD3D11RHI:      Driver Date: 6-2-2016
[2016.07.11-12.12.20:651][  0]LogRHI: Texture pool is 1361 MB (70% of 1945 MB)
[2016.07.11-12.12.20:663][  0]LogD3D11RHI: Async texture creation enabled
[2016.07.11-12.12.20:676][  0]LogD3D11RHI: GPU Timing Frequency: 1000.000000 (Debug: 2 2)
[2016.07.11-12.12.20:676][  0]LogShaderCompilers: Guid format shader working directory is -16 characters bigger than the processId version (../../../../../../Users/enversed/Documents/GitHub/MPS/Shooter_MP/Intermediate/Shaders/WorkingDirectory/10496/).
[2016.07.11-12.12.20:676][  0]LogShaderCompilers: Cleaned the shader compiler working directory 'C:/Users/enversed/AppData/Local/Temp/UnrealShaderWorkingDir/16837A38455C414426C4F68AFE1EC939/'.
[2016.07.11-12.12.20:676][  0]LogShaderCompilers:Display: Using Local Shader Compiler.
[2016.07.11-12.12.21:312][  0]LogTemp:Display: Loaded TP AllDesktopTargetPlatform
[2016.07.11-12.12.21:318][  0]LogTemp:Display: Loaded TP WindowsClientTargetPlatform
[2016.07.11-12.12.21:325][  0]LogTemp:Display: Loaded TP WindowsNoEditorTargetPlatform
[2016.07.11-12.12.21:331][  0]LogTemp:Display: Loaded TP WindowsServerTargetPlatform
[2016.07.11-12.12.21:337][  0]LogTemp:Display: Loaded TP WindowsTargetPlatform
[2016.07.11-12.12.21:343][  0]LogTemp:Display: Loaded TP AndroidTargetPlatform
[2016.07.11-12.12.21:348][  0]LogTemp:Display: Loaded TP Android_ASTCTargetPlatform
[2016.07.11-12.12.21:354][  0]LogTemp:Display: Loaded TP Android_ATCTargetPlatform
[2016.07.11-12.12.21:360][  0]LogTemp:Display: Loaded TP Android_DXTTargetPlatform
[2016.07.11-12.12.21:365][  0]LogTemp:Display: Loaded TP Android_ETC1TargetPlatform
[2016.07.11-12.12.21:371][  0]LogTemp:Display: Loaded TP Android_ETC2TargetPlatform
[2016.07.11-12.12.21:381][  0]LogTemp:Display: Loaded TP Android_MultiTargetPlatform
[2016.07.11-12.12.21:381][  0]LogTemp:Display: Loaded TP Android_PVRTCTargetPlatform
[2016.07.11-12.12.21:382][  0]LogTemp:Display: Loaded TP HTML5TargetPlatform
[2016.07.11-12.12.21:400][  0]LogTemp:Display: Loaded TP IOSTargetPlatform
[2016.07.11-12.12.21:405][  0]LogTemp:Display: Loaded TP TVOSTargetPlatform
[2016.07.11-12.12.21:411][  0]LogTemp:Display: Loaded TP LinuxNoEditorTargetPlatform
[2016.07.11-12.12.21:416][  0]LogTemp:Display: Loaded TP LinuxServerTargetPlatform
[2016.07.11-12.12.21:421][  0]LogTemp:Display: Loaded TP LinuxTargetPlatform
[2016.07.11-12.12.21:421][  0]LogTargetPlatformManager:Display: Building Assets For Windows
[2016.07.11-12.12.21:465][  0]LogDerivedDataCache:Display: Max Cache Size: 512 MB
[2016.07.11-12.12.21:500][  0]LogDerivedDataCache: Loaded boot cache 0.04s 48MB C:/Users/enversed/AppData/Local/UnrealEngine/4.12/DerivedDataCache/Boot.ddc.
[2016.07.11-12.12.21:500][  0]LogDerivedDataCache:Display: Loaded Boot cache: C:/Users/enversed/AppData/Local/UnrealEngine/4.12/DerivedDataCache/Boot.ddc
[2016.07.11-12.12.21:500][  0]LogDerivedDataCache: FDerivedDataBackendGraph:  Pak pak cache file ../../../../../../Users/enversed/Documents/GitHub/MPS/Shooter_MP/DerivedDataCache/DDC.ddp not found, will not use a pak cache.
[2016.07.11-12.12.21:500][  0]LogDerivedDataCache: Unable to find inner node Pak for hierarchical cache Hierarchy.
[2016.07.11-12.12.21:500][  0]LogDerivedDataCache: FDerivedDataBackendGraph:  CompressedPak pak cache file ../../../../../../Users/enversed/Documents/GitHub/MPS/Shooter_MP/DerivedDataCache/Compressed.ddp not found, will not use a pak cache.
[2016.07.11-12.12.21:500][  0]LogDerivedDataCache: Unable to find inner node CompressedPak for hierarchical cache Hierarchy.
[2016.07.11-12.12.21:512][  0]LogDerivedDataCache:Display: Pak cache opened for reading ../../../Engine/DerivedDataCache/Compressed.ddp.
[2016.07.11-12.12.21:523][  0]LogDerivedDataCache: Using Local data cache path C:/Users/enversed/AppData/Local/UnrealEngine/Common/DerivedDataCache: Writable
[2016.07.11-12.12.21:640][  0]LogInit: Selected Device Profile: [Windows]
[2016.07.11-12.12.21:640][  0]LogContentStreaming: Texture pool size is 0.00 MB
[2016.07.11-12.12.21:743][  0]LogMeshUtilities: No automatic mesh reduction module available
[2016.07.11-12.12.21:743][  0]LogMeshUtilities: No automatic mesh merging module available
[2016.07.11-12.12.21:743][  0]LogMeshUtilities: No distributed automatic mesh merging module available
[2016.07.11-12.12.21:906][  0]LogAssetRegistry: FAssetRegistry took 0.0211 seconds to start up
[2016.07.11-12.12.21:927][  0]LogPackageLocalizationCache: Processed 3 localized package path(s) for 2 prioritized culture(s) in 0.019008 seconds
[2016.07.11-12.12.21:930][  0]LogUObjectArray: 28739 objects as part of root set at end of initial load.
[2016.07.11-12.12.21:930][  0]LogUObjectAllocator: 5855632 out of 0 bytes used by permanent object pool.
[2016.07.11-12.12.21:930][  0]LogUObjectArray: CloseDisregardForGC: 0/0 objects in disregard for GC pool
[2016.07.11-12.12.21:934][  0]LogInit: WinSock: version 1.1 (2.2), MaxSocks=32767, MaxUdp=65467
[2016.07.11-12.12.22:041][  0]LogSlate: SlateFontCache - WITH_FREETYPE: 1, WITH_HARFBUZZ: 1
[2016.07.11-12.12.22:041][  0]LogSlate: SlateFontCache - WITH_FREETYPE: 1, WITH_HARFBUZZ: 1
[2016.07.11-12.12.22:467][  0]LogUdpMessaging: Initializing bridge on interface 0.0.0.0:0 to multicast group 230.0.0.1:6666.
[2016.07.11-12.12.22:618][  0]SourceControl: Info Source control is disabled
[2016.07.11-12.12.22:637][  0]SourceControl: Info Source control is disabled
[2016.07.11-12.12.22:641][  0]SourceControl: Info Source control is disabled
[2016.07.11-12.12.22:646][  0]SourceControl: Info Source control is disabled
[2016.07.11-12.12.22:761][  0]LogEngine: Initializing Engine...
[2016.07.11-12.12.22:774][  0]LogHMD: SteamVR initialized.  Driver: lighthouse  Display: LHR-7C3980D9
[2016.07.11-12.12.22:786][  0]LogHMD: SteamVR initialized.  Driver: lighthouse  Display: LHR-7C3980D9
[2016.07.11-12.12.22:878][  0]LogAIModule: Creating AISystem for world NewWorld
[2016.07.11-12.12.22:887][  0]LogInit: XAudio2 using 'Speakers (3- USB Audio Device)' : 2 channels at 44.1 kHz using 16 bits per sample (channel mask 0x3)
[2016.07.11-12.12.22:893][  0]LogInit: FAudioDevice initialized.
[2016.07.11-12.12.22:910][  0]LogDerivedDataCache: Saved boot cache 0.02s 48MB C:/Users/enversed/AppData/Local/UnrealEngine/4.12/DerivedDataCache/Boot.ddc.
[2016.07.11-12.12.22:917][  0]LogInit: Texture streaming: Enabled
[2016.07.11-12.12.22:930][  0]LogInit: Transaction tracking system initialized
[2016.07.11-12.12.22:943][  0]BlueprintLog: New page: Editor Load
[2016.07.11-12.12.22:986][  0]LocalizationService: Info Localization service is disabled
[2016.07.11-12.12.23:027][  0]LogConsoleResponse:Display: 
[2016.07.11-12.12.23:094][  0]LogCook:Display: Max memory allowance for cook 8192mb
[2016.07.11-12.12.23:094][  0]LogCook:Display: Mobile HDR setting 1
[2016.07.11-12.12.23:147][  0]LogFileCache: Scanning file cache for directory 'C:/Users/enversed/Documents/GitHub/MPS/Shooter_MP/Content/' took 0.01s
[2016.07.11-12.12.23:147][  0]SourceControl: Info Source control is disabled
[2016.07.11-12.12.23:147][  0]Cmd: MAP LOAD FILE="../../../../../../Users/enversed/Documents/GitHub/MPS/Shooter_MP/Content/Levels/Menu.umap" TEMPLATE=0 SHOWPROGRESS=1 FEATURELEVEL=3
[2016.07.11-12.12.23:148][  0]LightingResults: New page: Lighting Build
[2016.07.11-12.12.23:149][  0]MapCheck: New page: Map Check
[2016.07.11-12.12.23:149][  0]LightingResults: New page: Lighting Build
[2016.07.11-12.12.23:175][  0]LogAIModule: Creating AISystem for world Menu
[2016.07.11-12.12.23:177][  0]LogEditorServer: Finished looking for orphan Actors (0.000 secs)
[2016.07.11-12.12.23:178][  0]Cmd: MAP CHECKDEP NOCLEARLOG
[2016.07.11-12.12.23:202][  0]MapCheck: Info Map check complete: 0 Error(s), 0 Warning(s), took 23.404ms to complete.
[2016.07.11-12.12.23:202][  0]LogFileHelpers: Loading map 'Menu' took 0.054
[2016.07.11-12.12.23:293][  0]LogCollectionManager: Loaded 0 collections in 0.001105 seconds
[2016.07.11-12.12.23:329][  0]LogFileCache: Scanning file cache for directory 'C:/Users/enversed/Documents/GitHub/MPS/Shooter_MP/Saved/Collections/' took 0.01s
[2016.07.11-12.12.23:329][  0]LogFileCache: Scanning file cache for directory 'C:/Users/enversed/Documents/GitHub/MPS/Shooter_MP/Content/Developers/enversed/Collections/' took 0.01s
[2016.07.11-12.12.23:329][  0]LogFileCache: Scanning file cache for directory 'C:/Users/enversed/Documents/GitHub/MPS/Shooter_MP/Content/Collections/' took 0.01s
[2016.07.11-12.12.23:329][  0]LogCollectionManager: Rebuilt the GUID cache for 0 collections in 0.000002 seconds
[2016.07.11-12.12.23:335][  0]LogContentBrowser: Native class hierarchy populated in 0.0053 seconds. Added 2047 classes and 369 folders.
[2016.07.11-12.12.23:337][  0]LogStats: UGameplayTagsManager::ConstructGameplayTagTree: Construct from data asset -  0.000 s
[2016.07.11-12.12.23:337][  0]LogStats: UGameplayTagsManager::ConstructGameplayTagTree: GameplayTagTreeChangedEvent.Broadcast -  0.000 s
[2016.07.11-12.12.23:337][  0]LogContentBrowser: Native class hierarchy updated for 'GameplayTags' in 0.0003 seconds. Added 12 classes and 0 folders.
[2016.07.11-12.12.23:340][  0]LogContentBrowser: Native class hierarchy updated for 'WidgetCarousel' in 0.0002 seconds. Added 0 classes and 0 folders.
[2016.07.11-12.12.23:343][  0]LogContentBrowser: Native class hierarchy updated for 'AddContentDialog' in 0.0003 seconds. Added 0 classes and 0 folders.
[2016.07.11-12.12.23:345][  0]LogContentBrowser: Native class hierarchy updated for 'SceneOutliner' in 0.0002 seconds. Added 1 classes and 2 folders.
[2016.07.11-12.12.23:354][  0]LogCrashTracker: Crashtracker disabled due to settings.
[2016.07.11-12.12.23:357][  0]LogUObjectGlobals:Warning: Failed to find object 'Class None.'
[2016.07.11-12.12.23:381][  0]LogContentBrowser: Native class hierarchy updated for 'HierarchicalLODOutliner' in 0.0003 seconds. Added 1 classes and 2 folders.
[2016.07.11-12.12.23:381][  0]LogLoad: Full Startup: 3.54 seconds (BP compile: 0.01 seconds)
[2016.07.11-12.12.23:381][  0]LogExternalProfiler: Found external profiler: VSPerf
[2016.07.11-12.12.23:381][  0]LogExternalProfiler: Using external profiler: VSPerf
[2016.07.11-12.12.23:390][  0]LogWindowsTextInputMethodSystem:Display: IME system now deactivated.
[2016.07.11-12.12.23:390][  0]LogOcInput: OculusInput pre-init called
[2016.07.11-12.12.23:408][  0]LogContentStreaming: Texture pool size now 1000 MB
[2016.07.11-12.12.23:517][  0]LogRenderer: Reallocating scene render targets to support 1208x576 (Frame:2).
[2016.07.11-12.12.23:557][  1]LogAssetRegistry: Asset discovery search completed in 1.6723 seconds
[2016.07.11-12.12.23:557][  1]LogCollectionManager: Rebuilt the object cache for 0 collections in 0.000001 seconds (found 0 objects)
[2016.07.11-12.12.23:557][  1]LogCollectionManager: Fixed up redirectors for 0 collections in 0.000014 seconds (updated 0 objects)
[2016.07.11-12.12.48:854][996]LogContentBrowser: Native class hierarchy updated for 'BlueprintGraph' in 0.0005 seconds. Added 111 classes and 0 folders.
[2016.07.11-12.14.46:694][880]Cmd: OBJ SAVEPACKAGE PACKAGE="/Game/Levels/Lobby" FILE="../../../../../../Users/enversed/Documents/GitHub/MPS/Shooter_MP/Content/Levels/Lobby.umap" SILENT=true AUTOSAVING=false KEEPDIRTY=false
[2016.07.11-12.14.46:712][880]LogSavePackage: Save=6.24ms
[2016.07.11-12.14.46:712][880]LogSavePackage: Moving '../../../../../../Users/enversed/Documents/GitHub/MPS/Shooter_MP/Saved/LobbyCE97EC68451D8C6980433397686D0715.tmp' to '../../../../../../Users/enversed/Documents/GitHub/MPS/Shooter_MP/Content/Levels/Lobby.umap'
[2016.07.11-12.14.46:713][880]LogSavePackage:Display: Finished SavePackage ../../../../../../Users/enversed/Documents/GitHub/MPS/Shooter_MP/Content/Levels/Lobby.umap
[2016.07.11-12.14.46:713][880]LogFileHelpers: Saving map 'Lobby' took 0.045
[2016.07.11-12.14.46:714][880]Cmd: MAP LOAD FILE="../../../../../../Users/enversed/Documents/GitHub/MPS/Shooter_MP/Content/Levels/Lobby.umap" TEMPLATE=0 SHOWPROGRESS=1 FEATURELEVEL=3
[2016.07.11-12.14.46:714][880]LightingResults: New page: Lighting Build
[2016.07.11-12.14.46:715][880]LoadErrors: New page: Loading map: Lobby.umap
[2016.07.11-12.14.46:715][880]MapCheck: New page: Map Check
[2016.07.11-12.14.46:715][880]LightingResults: New page: Lighting Build
[2016.07.11-12.14.46:727][880]LogEditorServer: Finished looking for orphan Actors (0.000 secs)
[2016.07.11-12.14.46:728][880]LogAIModule: Creating AISystem for world Lobby
[2016.07.11-12.14.46:751][880]Cmd: MAP CHECKDEP NOCLEARLOG
[2016.07.11-12.14.46:777][880]MapCheck: Info Map check complete: 0 Error(s), 0 Warning(s), took 25.954ms to complete.
[2016.07.11-12.14.46:777][880]LogFileHelpers: Loading map 'Lobby' took 0.064
[2016.07.11-12.14.50:878][370]LogActorFactory: Actor Factory created Cylinder
[2016.07.11-12.14.51:280][418]LogActorFactory: Actor Factory created Cylinder
[2016.07.11-12.15.00:729][545]LogEditorViewport: Clicking on Actor (LMB): StaticMeshActor (Cylinder)
[2016.07.11-12.15.17:358][535]LogNavigationPoint: PostEditMove Clear paths rebuilt
[2016.07.11-12.15.18:218][638]LogNavigationPoint: PostEditMove Clear paths rebuilt
[2016.07.11-12.15.20:630][927]LogText:Warning: Failed to parse argument "GameModeName" as a number (using "0" as a fallback). Please check your format string for errors: "GameMode: {GameModeName}".
[2016.07.11-12.15.52:222][647]BlueprintLog: New page: Compile Lobby
[2016.07.11-12.15.52:275][647]BlueprintEditorCompileResults: Info [0212.43] Compile of PersistentLevel.Lobby successful! [in 52 ms] (/Game/Levels/Lobby.Lobby:PersistentLevel.Lobby)
[2016.07.11-12.15.53:000][727]Cmd: OBJ SAVEPACKAGE PACKAGE="/Game/Levels/Lobby" FILE="../../../../../../Users/enversed/Documents/GitHub/MPS/Shooter_MP/Content/Levels/Lobby.umap" SILENT=true AUTOSAVING=false KEEPDIRTY=false
[2016.07.11-12.15.53:066][727]LogSavePackage: Save=52.62ms
[2016.07.11-12.15.53:066][727]LogSavePackage: Moving '../../../../../../Users/enversed/Documents/GitHub/MPS/Shooter_MP/Saved/LobbyE9417B554EF8FC1F0CF35381D048EECB.tmp' to '../../../../../../Users/enversed/Documents/GitHub/MPS/Shooter_MP/Content/Levels/Lobby.umap'
[2016.07.11-12.15.53:068][727]LogSavePackage:Display: Finished SavePackage ../../../../../../Users/enversed/Documents/GitHub/MPS/Shooter_MP/Content/Levels/Lobby.umap
[2016.07.11-12.15.53:085][727]LogFileHelpers: Saving map 'Lobby' took 0.112
[2016.07.11-12.15.56:788][167]LogAIModule: Creating AISystem for world Menu
[2016.07.11-12.15.56:803][167]Cmd: MAP LOAD FILE="../../../../../../Users/enversed/Documents/GitHub/MPS/Shooter_MP/Content/Levels/Menu.umap" TEMPLATE=0 SHOWPROGRESS=1 FEATURELEVEL=3
[2016.07.11-12.15.56:803][167]LightingResults: New page: Lighting Build
[2016.07.11-12.15.56:803][167]LoadErrors: New page: Loading map: Menu.umap
[2016.07.11-12.15.56:825][167]MapCheck: New page: Map Check
[2016.07.11-12.15.56:825][167]LightingResults: New page: Lighting Build
[2016.07.11-12.15.56:839][167]LogEditorServer: Finished looking for orphan Actors (0.000 secs)
[2016.07.11-12.15.56:857][167]Cmd: MAP CHECKDEP NOCLEARLOG
[2016.07.11-12.15.56:882][167]MapCheck: Info Map check complete: 0 Error(s), 0 Warning(s), took 25.239ms to complete.
[2016.07.11-12.15.56:882][167]LogFileHelpers: Loading map 'Menu' took 0.080
[2016.07.11-12.15.58:556][367]LogText:Warning: Failed to parse argument "GameModeName" as a number (using "0" as a fallback). Please check your format string for errors: "GameMode: {GameModeName}".
[2016.07.11-12.16.22:615][229]BlueprintLog: New page: Compile Menu
[2016.07.11-12.16.22:674][229]BlueprintEditorCompileResults: Info [0242.83] Compile of PersistentLevel.Menu successful! [in 58 ms] (/Game/Levels/Menu.Menu:PersistentLevel.Menu)
[2016.07.11-12.16.23:368][305]Cmd: OBJ SAVEPACKAGE PACKAGE="/Game/Levels/Menu" FILE="../../../../../../Users/enversed/Documents/GitHub/MPS/Shooter_MP/Content/Levels/Menu.umap" SILENT=true AUTOSAVING=false KEEPDIRTY=false
[2016.07.11-12.16.23:451][305]LogSavePackage: Save=65.93ms
[2016.07.11-12.16.23:451][305]LogSavePackage: Moving '../../../../../../Users/enversed/Documents/GitHub/MPS/Shooter_MP/Saved/Menu91F9B3F045C937AEC8A8629344E3CAE6.tmp' to '../../../../../../Users/enversed/Documents/GitHub/MPS/Shooter_MP/Content/Levels/Menu.umap'
[2016.07.11-12.16.23:453][305]LogSavePackage:Display: Finished SavePackage ../../../../../../Users/enversed/Documents/GitHub/MPS/Shooter_MP/Content/Levels/Menu.umap
[2016.07.11-12.16.23:469][305]LogFileHelpers: Saving map 'Menu' took 0.129
[2016.07.11-12.16.35:411][720]LogWindowsTextInputMethodSystem:Display: IME system now deactivated.
[2016.07.11-12.16.35:553][721]Cmd: QUIT_EDITOR
[2016.07.11-12.16.35:594][721]LogExit: Preparing to exit.
[2016.07.11-12.16.36:659][721]LogExit: Editor shut down
[2016.07.11-12.16.36:659][721]LogExit: Transaction tracking system shut down
[2016.07.11-12.16.36:752][721]LogObj: Freed 0b from 0 cluster array pools.
[2016.07.11-12.16.36:753][721]LogExit: Object subsystem successfully closed.
[2016.07.11-12.16.36:760][721]LogD3D11RHI: Shutdown
[2016.07.11-12.16.36:761][721]LogD3D11RHI: CleanupD3DDevice
[2016.07.11-12.16.36:794][721]LogD3D11RHI: ~FD3D11DynamicRHI
[2016.07.11-12.16.36:802][721]LogModuleManager: Shutting down and abandoning module BlueprintGraph (214)
[2016.07.11-12.16.36:802][721]LogModuleManager: Shutting down and abandoning module HierarchicalLODOutliner (213)
[2016.07.11-12.16.36:802][721]LogModuleManager: Shutting down and abandoning module CrashTracker (212)
[2016.07.11-12.16.36:802][721]LogModuleManager: Shutting down and abandoning module SceneOutliner (211)
[2016.07.11-12.16.36:802][721]LogModuleManager: Shutting down and abandoning module WidgetCarousel (210)
[2016.07.11-12.16.36:802][721]LogModuleManager: Shutting down and abandoning module AddContentDialog (209)
[2016.07.11-12.16.36:802][721]LogModuleManager: Shutting down and abandoning module GameplayTags (208)
[2016.07.11-12.16.36:802][721]LogModuleManager: Shutting down and abandoning module EditorWidgets (207)
[2016.07.11-12.16.36:802][721]LogModuleManager: Shutting down and abandoning module CollectionManager (206)
[2016.07.11-12.16.36:802][721]LogModuleManager: Shutting down and abandoning module StatsViewer (205)
[2016.07.11-12.16.36:802][721]LogModuleManager: Shutting down and abandoning module FoliageEdit (204)
[2016.07.11-12.16.36:802][721]LogModuleManager: Shutting down and abandoning module LandscapeEditor (203)
[2016.07.11-12.16.36:802][721]LogModuleManager: Shutting down and abandoning module SceneDepthPickerMode (202)
[2016.07.11-12.16.36:802][721]LogModuleManager: Shutting down and abandoning module ActorPickerMode (201)
[2016.07.11-12.16.36:802][721]LogModuleManager: Shutting down and abandoning module GeometryMode (200)
[2016.07.11-12.16.36:802][721]LogModuleManager: Shutting down and abandoning module TextureAlignMode (199)
[2016.07.11-12.16.36:802][721]LogModuleManager: Shutting down and abandoning module BspMode (198)
[2016.07.11-12.16.36:802][721]LogModuleManager: Shutting down and abandoning module HardwareSurvey (197)
[2016.07.11-12.16.36:802][721]LogModuleManager: Shutting down and abandoning module SequenceRecorderSections (196)
[2016.07.11-12.16.36:802][721]LogModuleManager: Shutting down and abandoning module SequenceRecorder (195)
[2016.07.11-12.16.36:802][721]LogModuleManager: Shutting down and abandoning module AutomationWorker (194)
[2016.07.11-12.16.36:802][721]LogModuleManager: Shutting down and abandoning module MatineeToLevelSequence (193)
[2016.07.11-12.16.36:802][721]LogModuleManager: Shutting down and abandoning module PlacementMode (192)
[2016.07.11-12.16.36:802][721]LogModuleManager: Shutting down and abandoning module LevelSequenceEditor (191)
[2016.07.11-12.16.36:802][721]LogModuleManager: Shutting down and abandoning module CharacterAI (190)
[2016.07.11-12.16.36:802][721]LogModuleManager: Shutting down and abandoning module SmartSnapping (189)
[2016.07.11-12.16.36:802][721]LogModuleManager: Shutting down and abandoning module SessionServices (188)
[2016.07.11-12.16.36:802][721]LogModuleManager: Shutting down and abandoning module ViewportSnapping (187)
[2016.07.11-12.16.36:802][721]LogModuleManager: Shutting down and abandoning module LogVisualizer (186)
[2016.07.11-12.16.36:802][721]LogModuleManager: Shutting down and abandoning module GameProjectGeneration (185)
[2016.07.11-12.16.36:802][721]LogModuleManager: Shutting down and abandoning module IntroTutorials (184)
[2016.07.11-12.16.36:802][721]LogModuleManager: Shutting down and abandoning module EditorLiveStreaming (183)
[2016.07.11-12.16.36:802][721]LogModuleManager: Shutting down and abandoning module IOSPlatformEditor (182)
[2016.07.11-12.16.36:802][721]LogModuleManager: Shutting down and abandoning module HTML5PlatformEditor (181)
[2016.07.11-12.16.36:803][721]LogModuleManager: Shutting down and abandoning module AndroidDeviceDetection (180)
[2016.07.11-12.16.37:062][721]LogModuleManager: Shutting down and abandoning module AndroidPlatformEditor (179)
[2016.07.11-12.16.37:062][721]LogModuleManager: Shutting down and abandoning module IOSRuntimeSettings (178)
[2016.07.11-12.16.37:062][721]LogModuleManager: Shutting down and abandoning module AndroidRuntimeSettings (177)
[2016.07.11-12.16.37:062][721]LogModuleManager: Shutting down and abandoning module MergeActors (176)
[2016.07.11-12.16.37:062][721]LogModuleManager: Shutting down and abandoning module SizeMap (175)
[2016.07.11-12.16.37:062][721]LogModuleManager: Shutting down and abandoning module TreeMap (174)
[2016.07.11-12.16.37:062][721]LogModuleManager: Shutting down and abandoning module ReferenceViewer (173)
[2016.07.11-12.16.37:062][721]LogModuleManager: Shutting down and abandoning module LocalizationService (172)
[2016.07.11-12.16.37:062][721]LogModuleManager: Shutting down and abandoning module LocalizationDashboard (171)
[2016.07.11-12.16.37:062][721]LogModuleManager: Shutting down and abandoning module HardwareTargeting (170)
[2016.07.11-12.16.37:062][721]LogModuleManager: Shutting down and abandoning module DeviceProfileEditor (169)
[2016.07.11-12.16.37:062][721]LogModuleManager: Shutting down and abandoning module UndoHistory (168)
[2016.07.11-12.16.37:062][721]LogModuleManager: Shutting down and abandoning module UserFeedback (167)
[2016.07.11-12.16.37:062][721]LogModuleManager: Shutting down and abandoning module XmlParser (166)
[2016.07.11-12.16.37:062][721]LogModuleManager: Shutting down and abandoning module Blutility (165)
[2016.07.11-12.16.37:062][721]LogModuleManager: Shutting down and abandoning module ProjectTargetPlatformEditor (164)
[2016.07.11-12.16.37:062][721]LogModuleManager: Shutting down and abandoning module ProjectSettingsViewer (163)
[2016.07.11-12.16.37:062][721]LogModuleManager: Shutting down and abandoning module InputBindingEditor (162)
[2016.07.11-12.16.37:062][721]LogModuleManager: Shutting down and abandoning module EditorSettingsViewer (161)
[2016.07.11-12.16.37:062][721]LogModuleManager: Shutting down and abandoning module SettingsEditor (160)
[2016.07.11-12.16.37:062][721]LogModuleManager: Shutting down and abandoning module ProjectLauncher (159)
[2016.07.11-12.16.37:062][721]LogModuleManager: Shutting down and abandoning module SessionFrontend (158)
[2016.07.11-12.16.37:062][721]LogModuleManager: Shutting down and abandoning module ProfilerClient (157)
[2016.07.11-12.16.37:062][721]LogModuleManager: Shutting down and abandoning module TargetDeviceServices (156)
[2016.07.11-12.16.37:062][721]LogModuleManager: Shutting down and abandoning module DeviceManager (155)
[2016.07.11-12.16.37:103][721]LogModuleManager: Shutting down and abandoning module AutomationController (154)
[2016.07.11-12.16.37:103][721]LogModuleManager: Shutting down and abandoning module AutomationWindow (153)
[2016.07.11-12.16.37:103][721]LogModuleManager: Shutting down and abandoning module Layers (152)
[2016.07.11-12.16.37:103][721]LogModuleManager: Shutting down and abandoning module ComponentVisualizers (151)
[2016.07.11-12.16.37:103][721]LogModuleManager: Shutting down and abandoning module DetailCustomizations (150)
[2016.07.11-12.16.37:103][721]LogModuleManager: Shutting down and abandoning module PackagesDialog (149)
[2016.07.11-12.16.37:103][721]LogModuleManager: Shutting down and abandoning module Persona (148)
[2016.07.11-12.16.37:103][721]LogModuleManager: Shutting down and abandoning module Kismet (147)
[2016.07.11-12.16.37:103][721]LogModuleManager: Shutting down and abandoning module GraphEditor (146)
[2016.07.11-12.16.37:103][721]LogModuleManager: Shutting down and abandoning module ClassViewer (145)
[2016.07.11-12.16.37:103][721]LogModuleManager: Shutting down and abandoning module Toolbox (144)
[2016.07.11-12.16.37:103][721]LogModuleManager: Shutting down and abandoning module ModuleUI (143)
[2016.07.11-12.16.37:103][721]LogModuleManager: Shutting down and abandoning module MovieSceneTools (142)
[2016.07.11-12.16.37:103][721]LogModuleManager: Shutting down and abandoning module OutputLog (141)
[2016.07.11-12.16.37:103][721]LogModuleManager: Shutting down and abandoning module GammaUI (140)
[2016.07.11-12.16.37:103][721]LogModuleManager: Shutting down and abandoning module Documentation (139)
[2016.07.11-12.16.37:103][721]LogModuleManager: Shutting down and abandoning module StreamingPauseRendering (138)
[2016.07.11-12.16.37:103][721]LogModuleManager: Shutting down and abandoning module AnalyticsET (137)
[2016.07.11-12.16.37:103][721]LogModuleManager: Shutting down and abandoning module Analytics (136)
[2016.07.11-12.16.37:103][721]LogModuleManager: Shutting down and abandoning module PortalServices (135)
[2016.07.11-12.16.37:103][721]LogModuleManager: Shutting down and abandoning module PortalRpc (134)
[2016.07.11-12.16.37:103][721]LogModuleManager: Shutting down and abandoning module MessagingRpc (133)
[2016.07.11-12.16.37:103][721]LogModuleManager: Shutting down and abandoning module GameplayDebugger (132)
[2016.07.11-12.16.37:103][721]LogModuleManager: Shutting down and abandoning module AITestSuite (131)
[2016.07.11-12.16.37:103][721]LogModuleManager: Shutting down and abandoning module AIModule (130)
[2016.07.11-12.16.37:103][721]LogModuleManager: Shutting down and abandoning module ProfilerService (129)
[2016.07.11-12.16.37:167][721]LogModuleManager: Shutting down and abandoning module TaskGraph (128)
[2016.07.11-12.16.37:167][721]LogModuleManager: Shutting down and abandoning module SlateRemote (127)
[2016.07.11-12.16.37:167][721]LogModuleManager: Shutting down and abandoning module SteamVRController (126)
[2016.07.11-12.16.37:167][721]LogModuleManager: Shutting down and abandoning module SteamVR (125)
[2016.07.11-12.16.37:167][721]LogModuleManager: Shutting down and abandoning module ProceduralMeshComponent (124)
[2016.07.11-12.16.37:167][721]LogModuleManager: Shutting down and abandoning module OculusLibrary (123)
[2016.07.11-12.16.37:167][721]LogModuleManager: Shutting down and abandoning module OculusInput (122)
[2016.07.11-12.16.37:167][721]LogModuleManager: Shutting down and abandoning module CustomMeshComponent (121)
[2016.07.11-12.16.37:167][721]LogModuleManager: Shutting down and abandoning module CableComponent (120)
[2016.07.11-12.16.37:167][721]LogModuleManager: Shutting down and abandoning module ArchVisCharacter (119)
[2016.07.11-12.16.37:167][721]LogModuleManager: Shutting down and abandoning module MediaPlayerEditor (118)
[2016.07.11-12.16.37:167][721]LogModuleManager: Shutting down and abandoning module HTML5Networking (117)
[2016.07.11-12.16.37:167][721]LogModuleManager: Shutting down and abandoning module SuperSearch (116)
[2016.07.11-12.16.37:167][721]LogModuleManager: Shutting down and abandoning module SuperSearchEditor (115)
[2016.07.11-12.16.37:167][721]LogModuleManager: Shutting down and abandoning module SpeedTreeImporter (114)
[2016.07.11-12.16.37:167][721]LogModuleManager: Shutting down and abandoning module PluginBrowser (113)
[2016.07.11-12.16.37:168][721]LogModuleManager: Shutting down and abandoning module EpicSurvey (112)
[2016.07.11-12.16.37:168][721]LogModuleManager: Shutting down and abandoning module DesktopPlatform (111)
[2016.07.11-12.16.37:168][721]LogModuleManager: Shutting down and abandoning module VisualStudioSourceCodeAccess (110)
[2016.07.11-12.16.37:168][721]LogModuleManager: Shutting down and abandoning module UObjectPlugin (109)
[2016.07.11-12.16.37:168][721]LogModuleManager: Shutting down and abandoning module SubversionSourceControl (108)
[2016.07.11-12.16.37:168][721]LogModuleManager: Shutting down and abandoning module PerforceSourceControl (107)
[2016.07.11-12.16.37:168][721]LogModuleManager: Shutting down and abandoning module SourceControl (106)
[2016.07.11-12.16.37:168][721]LogModuleManager: Shutting down and abandoning module GitSourceControl (105)
[2016.07.11-12.16.37:168][721]LogModuleManager: Shutting down and abandoning module LightPropagationVolumeEditor (104)
[2016.07.11-12.16.37:168][721]LogModuleManager: Shutting down and abandoning module PaperTiledImporter (103)
[2016.07.11-12.16.37:168][721]LogModuleManager: Shutting down and abandoning module PaperSpriteSheetImporter (102)
[2016.07.11-12.16.37:168][721]LogModuleManager: Shutting down and abandoning module MeshPaint (101)
[2016.07.11-12.16.37:168][721]LogModuleManager: Shutting down and abandoning module PixelInspectorModule (100)
[2016.07.11-12.16.37:168][721]LogModuleManager: Shutting down and abandoning module HotReload (99)
[2016.07.11-12.16.37:168][721]LogModuleManager: Shutting down and abandoning module MainFrame (98)
[2016.07.11-12.16.37:168][721]LogModuleManager: Shutting down and abandoning module LevelEditor (97)
[2016.07.11-12.16.37:168][721]LogModuleManager: Shutting down and abandoning module ContentBrowser (96)
[2016.07.11-12.16.37:169][721]LogModuleManager: Shutting down and abandoning module Paper2DEditor (95)
[2016.07.11-12.16.37:169][721]LogModuleManager: Shutting down and abandoning module UdpMessaging (94)
[2016.07.11-12.16.37:270][721]LogModuleManager: Shutting down and abandoning module LightPropagationVolumeRuntime (93)
[2016.07.11-12.16.37:270][721]LogModuleManager: Shutting down and abandoning module Paper2D (92)
[2016.07.11-12.16.37:270][721]LogModuleManager: Shutting down and abandoning module WindowsMoviePlayer (91)
[2016.07.11-12.16.37:270][721]LogModuleManager: Shutting down and abandoning module Media (90)
[2016.07.11-12.16.37:270][721]LogModuleManager: Shutting down and abandoning module WmfMedia (89)
[2016.07.11-12.16.37:270][721]LogModuleManager: Shutting down and abandoning module MediaAssets (88)
[2016.07.11-12.16.37:270][721]LogModuleManager: Shutting down and abandoning module GameLiveStreaming (87)
[2016.07.11-12.16.37:270][721]LogModuleManager: Shutting down and abandoning module GameplayTagsEditor (86)
[2016.07.11-12.16.37:270][721]LogModuleManager: Shutting down and abandoning module OnlineBlueprintSupport (85)
[2016.07.11-12.16.37:270][721]LogModuleManager: Shutting down and abandoning module VREditor (84)
[2016.07.11-12.16.37:270][721]LogModuleManager: Shutting down and abandoning module GameplayTasksEditor (83)
[2016.07.11-12.16.37:270][721]LogModuleManager: Shutting down and abandoning module PropertyEditor (82)
[2016.07.11-12.16.37:270][721]LogModuleManager: Shutting down and abandoning module BehaviorTreeEditor (81)
[2016.07.11-12.16.37:270][721]LogModuleManager: Shutting down and abandoning module FunctionalTesting (80)
[2016.07.11-12.16.37:270][721]LogModuleManager: Shutting down and abandoning module CollisionAnalyzer (79)
[2016.07.11-12.16.37:270][721]LogModuleManager: Shutting down and abandoning module Sequencer (78)
[2016.07.11-12.16.37:270][721]LogModuleManager: Shutting down and abandoning module WorkspaceMenuStructure (77)
[2016.07.11-12.16.37:270][721]LogModuleManager: Shutting down and abandoning module MessageLog (76)
[2016.07.11-12.16.37:270][721]LogModuleManager: Shutting down and abandoning module AssetTools (75)
[2016.07.11-12.16.37:270][721]LogModuleManager: Shutting down and abandoning module UMGEditor (74)
[2016.07.11-12.16.37:270][721]LogModuleManager: Shutting down and abandoning module UMG (73)
[2016.07.11-12.16.37:270][721]LogModuleManager: Shutting down and abandoning module SlateReflector (72)
[2016.07.11-12.16.37:270][721]LogModuleManager: Shutting down and abandoning module Slate (71)
[2016.07.11-12.16.37:270][721]LogModuleManager: Shutting down and abandoning module EditorStyle (70)
[2016.07.11-12.16.37:271][721]LogModuleManager: Shutting down and abandoning module SourceCodeAccess (69)
[2016.07.11-12.16.37:271][721]LogModuleManager: Shutting down and abandoning module HeadMountedDisplay (68)
[2016.07.11-12.16.37:271][721]LogModuleManager: Shutting down and abandoning module XAudio2 (67)
[2016.07.11-12.16.37:271][721]LogModuleManager: Shutting down and abandoning module Networking (65)
[2016.07.11-12.16.37:271][721]LogModuleManager: Shutting down and abandoning module Core (64)
[2016.07.11-12.16.37:271][721]LogModuleManager: Shutting down and abandoning module DirectoryWatcher (63)
[2016.07.11-12.16.37:272][721]LogModuleManager: Shutting down and abandoning module AssetRegistry (62)
[2016.07.11-12.16.37:366][721]LogModuleManager: Shutting down and abandoning module KismetCompiler (61)
[2016.07.11-12.16.37:366][721]LogModuleManager: Shutting down and abandoning module PhysXFormats (60)
[2016.07.11-12.16.37:366][721]LogModuleManager: Shutting down and abandoning module MeshUtilities (59)
[2016.07.11-12.16.37:366][721]LogModuleManager: Shutting down and abandoning module DerivedDataCache (58)
[2016.07.11-12.16.37:401][721]LogDerivedDataCache: Shutdown
[2016.07.11-12.16.37:401][721]LogModuleManager: Shutting down and abandoning module VulkanShaderFormat (57)
[2016.07.11-12.16.37:401][721]LogModuleManager: Shutting down and abandoning module ShaderFormatOpenGL (56)
[2016.07.11-12.16.37:402][721]LogModuleManager: Shutting down and abandoning module ShaderFormatD3D (55)
[2016.07.11-12.16.37:402][721]LogModuleManager: Shutting down and abandoning module MetalShaderFormat (54)
[2016.07.11-12.16.37:402][721]LogModuleManager: Shutting down and abandoning module TextureFormatUncompressed (53)
[2016.07.11-12.16.37:402][721]LogModuleManager: Shutting down and abandoning module TextureFormatPVR (52)
[2016.07.11-12.16.37:402][721]LogModuleManager: Shutting down and abandoning module TextureFormatIntelISPCTexComp (51)
[2016.07.11-12.16.37:402][721]LogModuleManager: Shutting down and abandoning module TextureFormatDXT (50)
[2016.07.11-12.16.37:402][721]LogModuleManager: Shutting down and abandoning module ImageWrapper (49)
[2016.07.11-12.16.37:402][721]LogModuleManager: Shutting down and abandoning module TextureFormatASTC (48)
[2016.07.11-12.16.37:402][721]LogModuleManager: Shutting down and abandoning module TextureFormatAndroid (47)
[2016.07.11-12.16.37:402][721]LogModuleManager: Shutting down and abandoning module AudioFormatOpus (46)
[2016.07.11-12.16.37:402][721]LogModuleManager: Shutting down and abandoning module AudioFormatOgg (45)
[2016.07.11-12.16.37:402][721]LogModuleManager: Shutting down and abandoning module AudioFormatADPCM (44)
[2016.07.11-12.16.37:402][721]LogModuleManager: Shutting down and abandoning module LinuxTargetPlatform (43)
[2016.07.11-12.16.37:402][721]LogModuleManager: Shutting down and abandoning module LinuxServerTargetPlatform (42)
[2016.07.11-12.16.37:402][721]LogModuleManager: Shutting down and abandoning module LinuxNoEditorTargetPlatform (41)
[2016.07.11-12.16.37:402][721]LogModuleManager: Shutting down and abandoning module TVOSTargetPlatform (40)
[2016.07.11-12.16.37:402][721]LogModuleManager: Shutting down and abandoning module Messaging (39)
[2016.07.11-12.16.37:402][721]LogModuleManager: Shutting down and abandoning module IOSTargetPlatform (38)
[2016.07.11-12.16.37:402][721]LogModuleManager: Shutting down and abandoning module HTML5TargetPlatform (37)
[2016.07.11-12.16.37:402][721]LogModuleManager: Shutting down and abandoning module Android_PVRTCTargetPlatform (36)
[2016.07.11-12.16.37:402][721]LogModuleManager: Shutting down and abandoning module Android_MultiTargetPlatform (35)
[2016.07.11-12.16.37:402][721]LogModuleManager: Shutting down and abandoning module Android_ETC2TargetPlatform (34)
[2016.07.11-12.16.37:402][721]LogModuleManager: Shutting down and abandoning module Android_ETC1TargetPlatform (33)
[2016.07.11-12.16.37:402][721]LogModuleManager: Shutting down and abandoning module Android_DXTTargetPlatform (32)
[2016.07.11-12.16.37:402][721]LogModuleManager: Shutting down and abandoning module Android_ATCTargetPlatform (31)
[2016.07.11-12.16.37:402][721]LogModuleManager: Shutting down and abandoning module Android_ASTCTargetPlatform (30)
[2016.07.11-12.16.37:402][721]LogModuleManager: Shutting down and abandoning module AndroidTargetPlatform (29)
[2016.07.11-12.16.37:402][721]LogModuleManager: Shutting down and abandoning module WindowsTargetPlatform (28)
[2016.07.11-12.16.37:402][721]LogModuleManager: Shutting down and abandoning module WindowsServerTargetPlatform (27)
[2016.07.11-12.16.37:402][721]LogModuleManager: Shutting down and abandoning module WindowsNoEditorTargetPlatform (26)
[2016.07.11-12.16.37:402][721]LogModuleManager: Shutting down and abandoning module WindowsClientTargetPlatform (25)
[2016.07.11-12.16.37:402][721]LogModuleManager: Shutting down and abandoning module AllDesktopTargetPlatform (24)
[2016.07.11-12.16.37:402][721]LogModuleManager: Shutting down and abandoning module TargetPlatform (23)
[2016.07.11-12.16.37:402][721]LogModuleManager: Shutting down and abandoning module InputCore (22)
[2016.07.11-12.16.37:402][721]LogModuleManager: Shutting down and abandoning module Settings (21)
[2016.07.11-12.16.37:402][721]LogModuleManager: Shutting down and abandoning module OnlineSubsystem (19)
[2016.07.11-12.16.37:402][721]LogModuleManager: Shutting down and abandoning module HTTP (18)
[2016.07.11-12.16.38:903][721]LogModuleManager: Shutting down and abandoning module XMPP (17)
[2016.07.11-12.16.38:903][721]LogModuleManager: Shutting down and abandoning module OculusRift (16)
[2016.07.11-12.16.38:903][721]LogModuleManager: Shutting down and abandoning module ExampleDeviceProfileSelector (15)
[2016.07.11-12.16.38:903][721]LogModuleManager: Shutting down and abandoning module TextureCompressor (14)
[2016.07.11-12.16.38:904][721]LogModuleManager: Shutting down and abandoning module ShaderCore (13)
[2016.07.11-12.16.38:904][721]LogModuleManager: Shutting down and abandoning module Landscape (12)
[2016.07.11-12.16.38:904][721]LogModuleManager: Shutting down and abandoning module SlateRHIRenderer (11)
[2016.07.11-12.16.38:904][721]LogModuleManager: Shutting down and abandoning module OpenGLDrv (10)
[2016.07.11-12.16.38:904][721]LogModuleManager: Shutting down and abandoning module D3D11RHI (9)
[2016.07.11-12.16.38:904][721]LogModuleManager: Shutting down and abandoning module AnimGraphRuntime (8)
[2016.07.11-12.16.38:904][721]LogModuleManager: Shutting down and abandoning module Renderer (7)
[2016.07.11-12.16.38:904][721]LogModuleManager: Shutting down and abandoning module Engine (6)
[2016.07.11-12.16.38:904][721]LogModuleManager: Shutting down and abandoning module CoreUObject (5)
[2016.07.11-12.16.38:905][721]LogModuleManager: Shutting down and abandoning module NetworkFile (4)
[2016.07.11-12.16.38:905][721]LogModuleManager: Shutting down and abandoning module StreamingFile (3)
[2016.07.11-12.16.38:905][721]LogModuleManager: Shutting down and abandoning module SandboxFile (2)
[2016.07.11-12.16.38:905][721]LogModuleManager: Shutting down and abandoning module PakFile (1)
[2016.07.11-12.16.38:905][721]LogExit: Exiting.
[2016.07.11-12.16.38:906][721]Log file closed, 07/11/16 14:16:38
