Log file open, 07/11/16 13:52:52
LogInit:Display: Running engine for game: Shooter_MP
LogPlatformFile: Not using cached read wrapper
LogInit:Display: RandInit(1078939945) SRandInit(1078939946).
LogTaskGraph: Started task graph with 4 named threads and 7 total threads with 1 sets of task threads.
LogStats: Stats thread started at 0.062817
LogInit: Version: 4.12.5-3039270+++UE4+Release-4.12
LogInit: API Version: 2992821
LogInit: Net Version: 3039270
LogDevObjectVersion: Number of dev versions registered: 13
LogDevObjectVersion:   Dev-Blueprints (B0D832E4-1F89-4F0D-ACCF-7EB736FD4AA2): 3
LogDevObjectVersion:   Dev-Build (E1C64328-A22C-4D53-A36C-8E866417BD8C): 0
LogDevObjectVersion:   Dev-Core (375EC13C-06E4-48FB-B500-84F0262A717E): 1
LogDevObjectVersion:   Dev-Editor (E4B068ED-F494-42E9-A231-DA0B2E46BB41): 2
LogDevObjectVersion:   Dev-Framework (CFFC743F-43B0-4480-9391-14DF171D2073): 6
LogDevObjectVersion:   Dev-Mobile (B02B49B5-BB20-44E9-A304-32B752E40360): 0
LogDevObjectVersion:   Dev-Networking (A4E4105C-59A1-49B5-A7C5-40C4547EDFEE): 0
LogDevObjectVersion:   Dev-Online (39C831C9-5AE6-47DC-9A44-9C173E1C8E7C): 0
LogDevObjectVersion:   Dev-Physics (78F01B33-EBEA-4F98-B9B4-84EACCB95AA2): 0
LogDevObjectVersion:   Dev-Platform (6631380F-2D4D-43E0-8009-CF276956A95A): 0
LogDevObjectVersion:   Dev-Rendering (12F88B9F-8875-4AFC-A67C-D90C383ABD29): 2
LogDevObjectVersion:   Dev-Sequencer (7B5AE74C-D270-4C10-A958-57980B212A5A): 0
LogDevObjectVersion:   Dev-VR (D7296918-1DD6-4BDD-9DE2-64A83CC13884): 0
LogInit: Compiled (64-bit): Jul  6 2016 09:09:46
LogInit: Compiled with Visual C++: 19.00.23026.00
LogInit: Build Configuration: Development
LogInit: Branch Name: ++UE4+Release-4.12
LogInit: Command line:  
LogInit: Base directory: C:/Program Files (x86)/Epic Games/4.12/Engine/Binaries/Win64/
LogInit: Installed Engine Build: 1
LogInit: Using libcurl 7.41.0
LogInit:  - built for x86_64-pc-win32
LogInit:  - supports SSL with WinSSL
LogInit:  - other features:
LogInit:      CURL_VERSION_SSL
LogInit:      CURL_VERSION_IPV6
LogInit:      CURL_VERSION_ASYNCHDNS
LogInit:      CURL_VERSION_LARGEFILE
LogInit:      CURL_VERSION_IDN
LogInit:  CurlRequestOptions (configurable via config and command line):
LogInit:  - bVerifyPeer = true  - Libcurl will verify peer certificate
LogInit:  - bUseHttpProxy = false  - Libcurl will NOT use HTTP proxy
LogInit:  - bDontReuseConnections = false  - Libcurl will reuse connections
LogInit:  - CertBundlePath = nullptr  - Libcurl will use whatever was configured at build time.
LogInit: Presizing for max 8388607 objects, including 0 objects not considered by GC, pre-allocating 0 bytes for permanent pool.
LogInit: Object subsystem initialized
[2016.07.11-11.52.52:636][  0]LogInit: Selected Device Profile: [Windows]
[2016.07.11-11.52.52:636][  0]LogInit: Applying CVar settings loaded from the selected device profile: [Windows]
[2016.07.11-11.52.52:644][  0]LogInit: Computer: ARCADE1
[2016.07.11-11.52.52:644][  0]LogInit: User: enversed
[2016.07.11-11.52.52:644][  0]LogInit: CPU Page size=65536, Cores=4
[2016.07.11-11.52.52:644][  0]LogInit: High frequency timer resolution =3.914059 MHz
[2016.07.11-11.52.52:645][  0]LogMemory: Memory total: Physical=15.9GB (16GB approx)
[2016.07.11-11.52.52:645][  0]LogMemory: Platform Memory Stats for Windows
[2016.07.11-11.52.52:645][  0]LogMemory: Process Physical Memory: 190.85 MB used, 190.85 MB peak
[2016.07.11-11.52.52:645][  0]LogMemory: Process Virtual Memory: 195.07 MB used, 195.07 MB peak
[2016.07.11-11.52.52:645][  0]LogMemory: Physical Memory: 4441.61 MB used, 16299.06 MB total
[2016.07.11-11.52.52:645][  0]LogMemory: Virtual Memory: 554.25 MB used, 134217728.00 MB total
[2016.07.11-11.52.52:665][  0]LogTextLocalizationManager: No specific translations for ('en-US') exist, so ('en') translations will be used.
[2016.07.11-11.52.52:929][  0]LogD3D11RHI: D3D11 adapters:
[2016.07.11-11.52.52:947][  0]LogD3D11RHI:    0. 'NVIDIA GeForce GTX 1080' (Feature Level 11_0)
[2016.07.11-11.52.52:947][  0]LogD3D11RHI:       8084/0/8149 MB DedicatedVideo/DedicatedSystem/SharedSystem, Outputs:1, VendorId:0x10de
[2016.07.11-11.52.52:948][  0]LogD3D11RHI:    1. 'Microsoft Basic Render Driver' (Feature Level 11_0)
[2016.07.11-11.52.52:948][  0]LogD3D11RHI:       0/0/8149 MB DedicatedVideo/DedicatedSystem/SharedSystem, Outputs:0, VendorId:0x1414
[2016.07.11-11.52.52:948][  0]LogD3D11RHI: Chosen D3D11 Adapter: 0
[2016.07.11-11.52.52:951][  0]LogD3D11RHI: Creating new Direct3DDevice
[2016.07.11-11.52.52:951][  0]LogD3D11RHI:     GPU DeviceId: 0x1b80 (for the marketing name, search the web for "GPU Device Id")
[2016.07.11-11.52.52:951][  0]LogWindows: EnumDisplayDevices:
[2016.07.11-11.52.52:951][  0]LogWindows:    0. 'NVIDIA GeForce GTX 1080' (P:1 D:1)
[2016.07.11-11.52.52:951][  0]LogWindows:    1. 'NVIDIA GeForce GTX 1080' (P:0 D:0)
[2016.07.11-11.52.52:951][  0]LogWindows:    2. 'NVIDIA GeForce GTX 1080' (P:0 D:0)
[2016.07.11-11.52.52:951][  0]LogWindows:    3. 'NVIDIA GeForce GTX 1080' (P:0 D:0)
[2016.07.11-11.52.52:951][  0]LogWindows: DebugString: FoundDriverCount:4 
[2016.07.11-11.52.52:951][  0]LogD3D11RHI:     Adapter Name: NVIDIA GeForce GTX 1080
[2016.07.11-11.52.52:951][  0]LogD3D11RHI:   Driver Version: 368.39 (internal:10.18.13.6839, unified:368.39)
[2016.07.11-11.52.52:951][  0]LogD3D11RHI:      Driver Date: 6-2-2016
[2016.07.11-11.52.52:951][  0]LogRHI: Texture pool is 1361 MB (70% of 1945 MB)
[2016.07.11-11.52.52:964][  0]LogD3D11RHI: Async texture creation enabled
[2016.07.11-11.52.52:978][  0]LogD3D11RHI: GPU Timing Frequency: 1000.000000 (Debug: 2 2)
[2016.07.11-11.52.52:978][  0]LogShaderCompilers: Guid format shader working directory is -15 characters bigger than the processId version (../../../../../../Users/enversed/Documents/GitHub/MPS/Shooter_MP/Intermediate/Shaders/WorkingDirectory/9640/).
[2016.07.11-11.52.52:979][  0]LogShaderCompilers: Cleaned the shader compiler working directory 'C:/Users/enversed/AppData/Local/Temp/UnrealShaderWorkingDir/D5C6B906451DECEBA0A5B7A1F6CFDBCD/'.
[2016.07.11-11.52.52:979][  0]LogShaderCompilers:Display: Using Local Shader Compiler.
[2016.07.11-11.52.53:617][  0]LogTemp:Display: Loaded TP AllDesktopTargetPlatform
[2016.07.11-11.52.53:623][  0]LogTemp:Display: Loaded TP WindowsClientTargetPlatform
[2016.07.11-11.52.53:631][  0]LogTemp:Display: Loaded TP WindowsNoEditorTargetPlatform
[2016.07.11-11.52.53:637][  0]LogTemp:Display: Loaded TP WindowsServerTargetPlatform
[2016.07.11-11.52.53:643][  0]LogTemp:Display: Loaded TP WindowsTargetPlatform
[2016.07.11-11.52.53:649][  0]LogTemp:Display: Loaded TP AndroidTargetPlatform
[2016.07.11-11.52.53:654][  0]LogTemp:Display: Loaded TP Android_ASTCTargetPlatform
[2016.07.11-11.52.53:659][  0]LogTemp:Display: Loaded TP Android_ATCTargetPlatform
[2016.07.11-11.52.53:665][  0]LogTemp:Display: Loaded TP Android_DXTTargetPlatform
[2016.07.11-11.52.53:670][  0]LogTemp:Display: Loaded TP Android_ETC1TargetPlatform
[2016.07.11-11.52.53:676][  0]LogTemp:Display: Loaded TP Android_ETC2TargetPlatform
[2016.07.11-11.52.53:687][  0]LogTemp:Display: Loaded TP Android_MultiTargetPlatform
[2016.07.11-11.52.53:687][  0]LogTemp:Display: Loaded TP Android_PVRTCTargetPlatform
[2016.07.11-11.52.53:687][  0]LogTemp:Display: Loaded TP HTML5TargetPlatform
[2016.07.11-11.52.53:705][  0]LogTemp:Display: Loaded TP IOSTargetPlatform
[2016.07.11-11.52.53:710][  0]LogTemp:Display: Loaded TP TVOSTargetPlatform
[2016.07.11-11.52.53:716][  0]LogTemp:Display: Loaded TP LinuxNoEditorTargetPlatform
[2016.07.11-11.52.53:721][  0]LogTemp:Display: Loaded TP LinuxServerTargetPlatform
[2016.07.11-11.52.53:726][  0]LogTemp:Display: Loaded TP LinuxTargetPlatform
[2016.07.11-11.52.53:726][  0]LogTargetPlatformManager:Display: Building Assets For Windows
[2016.07.11-11.52.53:771][  0]LogDerivedDataCache:Display: Max Cache Size: 512 MB
[2016.07.11-11.52.53:804][  0]LogDerivedDataCache: Loaded boot cache 0.03s 48MB C:/Users/enversed/AppData/Local/UnrealEngine/4.12/DerivedDataCache/Boot.ddc.
[2016.07.11-11.52.53:804][  0]LogDerivedDataCache:Display: Loaded Boot cache: C:/Users/enversed/AppData/Local/UnrealEngine/4.12/DerivedDataCache/Boot.ddc
[2016.07.11-11.52.53:805][  0]LogDerivedDataCache: FDerivedDataBackendGraph:  Pak pak cache file ../../../../../../Users/enversed/Documents/GitHub/MPS/Shooter_MP/DerivedDataCache/DDC.ddp not found, will not use a pak cache.
[2016.07.11-11.52.53:805][  0]LogDerivedDataCache: Unable to find inner node Pak for hierarchical cache Hierarchy.
[2016.07.11-11.52.53:805][  0]LogDerivedDataCache: FDerivedDataBackendGraph:  CompressedPak pak cache file ../../../../../../Users/enversed/Documents/GitHub/MPS/Shooter_MP/DerivedDataCache/Compressed.ddp not found, will not use a pak cache.
[2016.07.11-11.52.53:805][  0]LogDerivedDataCache: Unable to find inner node CompressedPak for hierarchical cache Hierarchy.
[2016.07.11-11.52.53:816][  0]LogDerivedDataCache:Display: Pak cache opened for reading ../../../Engine/DerivedDataCache/Compressed.ddp.
[2016.07.11-11.52.53:828][  0]LogDerivedDataCache: Using Local data cache path C:/Users/enversed/AppData/Local/UnrealEngine/Common/DerivedDataCache: Writable
[2016.07.11-11.52.53:949][  0]LogInit: Selected Device Profile: [Windows]
[2016.07.11-11.52.53:949][  0]LogContentStreaming: Texture pool size is 0.00 MB
[2016.07.11-11.52.54:052][  0]LogMeshUtilities: No automatic mesh reduction module available
[2016.07.11-11.52.54:052][  0]LogMeshUtilities: No automatic mesh merging module available
[2016.07.11-11.52.54:052][  0]LogMeshUtilities: No distributed automatic mesh merging module available
[2016.07.11-11.52.54:219][  0]LogAssetRegistry: FAssetRegistry took 0.0212 seconds to start up
[2016.07.11-11.52.54:240][  0]LogPackageLocalizationCache: Processed 3 localized package path(s) for 2 prioritized culture(s) in 0.018722 seconds
[2016.07.11-11.52.54:243][  0]LogUObjectArray: 28739 objects as part of root set at end of initial load.
[2016.07.11-11.52.54:243][  0]LogUObjectAllocator: 5855632 out of 0 bytes used by permanent object pool.
[2016.07.11-11.52.54:243][  0]LogUObjectArray: CloseDisregardForGC: 0/0 objects in disregard for GC pool
[2016.07.11-11.52.54:247][  0]LogInit: WinSock: version 1.1 (2.2), MaxSocks=32767, MaxUdp=65467
[2016.07.11-11.52.54:356][  0]LogSlate: SlateFontCache - WITH_FREETYPE: 1, WITH_HARFBUZZ: 1
[2016.07.11-11.52.54:356][  0]LogSlate: SlateFontCache - WITH_FREETYPE: 1, WITH_HARFBUZZ: 1
[2016.07.11-11.52.54:777][  0]LogUdpMessaging: Initializing bridge on interface 0.0.0.0:0 to multicast group 230.0.0.1:6666.
[2016.07.11-11.52.54:935][  0]SourceControl: Info Source control is disabled
[2016.07.11-11.52.54:954][  0]SourceControl: Info Source control is disabled
[2016.07.11-11.52.54:958][  0]SourceControl: Info Source control is disabled
[2016.07.11-11.52.54:963][  0]SourceControl: Info Source control is disabled
[2016.07.11-11.52.55:081][  0]LogEngine: Initializing Engine...
[2016.07.11-11.52.55:094][  0]LogHMD: SteamVR initialized.  Driver: lighthouse  Display: LHR-7C3980D9
[2016.07.11-11.52.55:106][  0]LogHMD: SteamVR initialized.  Driver: lighthouse  Display: LHR-7C3980D9
[2016.07.11-11.52.55:204][  0]LogAIModule: Creating AISystem for world NewWorld
[2016.07.11-11.52.55:213][  0]LogInit: XAudio2 using 'Speakers (3- USB Audio Device)' : 2 channels at 44.1 kHz using 16 bits per sample (channel mask 0x3)
[2016.07.11-11.52.55:219][  0]LogInit: FAudioDevice initialized.
[2016.07.11-11.52.55:237][  0]LogDerivedDataCache: Saved boot cache 0.02s 48MB C:/Users/enversed/AppData/Local/UnrealEngine/4.12/DerivedDataCache/Boot.ddc.
[2016.07.11-11.52.55:243][  0]LogInit: Texture streaming: Enabled
[2016.07.11-11.52.55:258][  0]LogInit: Transaction tracking system initialized
[2016.07.11-11.52.55:271][  0]BlueprintLog: New page: Editor Load
[2016.07.11-11.52.55:314][  0]LocalizationService: Info Localization service is disabled
[2016.07.11-11.52.55:354][  0]LogConsoleResponse:Display: 
[2016.07.11-11.52.55:421][  0]LogCook:Display: Max memory allowance for cook 8192mb
[2016.07.11-11.52.55:421][  0]LogCook:Display: Mobile HDR setting 1
[2016.07.11-11.52.55:475][  0]LogFileCache: Scanning file cache for directory 'C:/Users/enversed/Documents/GitHub/MPS/Shooter_MP/Content/' took 0.01s
[2016.07.11-11.52.55:475][  0]SourceControl: Info Source control is disabled
[2016.07.11-11.52.55:475][  0]Cmd: MAP LOAD FILE="../../../../../../Users/enversed/Documents/GitHub/MPS/Shooter_MP/Content/Levels/Menu.umap" TEMPLATE=0 SHOWPROGRESS=1 FEATURELEVEL=3
[2016.07.11-11.52.55:476][  0]LightingResults: New page: Lighting Build
[2016.07.11-11.52.55:478][  0]MapCheck: New page: Map Check
[2016.07.11-11.52.55:478][  0]LightingResults: New page: Lighting Build
[2016.07.11-11.52.55:504][  0]LogAIModule: Creating AISystem for world Menu
[2016.07.11-11.52.55:507][  0]LogEditorServer: Finished looking for orphan Actors (0.000 secs)
[2016.07.11-11.52.55:507][  0]Cmd: MAP CHECKDEP NOCLEARLOG
[2016.07.11-11.52.55:529][  0]MapCheck: Info Map check complete: 0 Error(s), 0 Warning(s), took 22.324ms to complete.
[2016.07.11-11.52.55:529][  0]LogFileHelpers: Loading map 'Menu' took 0.054
[2016.07.11-11.52.55:629][  0]LogCollectionManager: Loaded 0 collections in 0.001168 seconds
[2016.07.11-11.52.55:665][  0]LogFileCache: Scanning file cache for directory 'C:/Users/enversed/Documents/GitHub/MPS/Shooter_MP/Saved/Collections/' took 0.01s
[2016.07.11-11.52.55:665][  0]LogFileCache: Scanning file cache for directory 'C:/Users/enversed/Documents/GitHub/MPS/Shooter_MP/Content/Developers/enversed/Collections/' took 0.01s
[2016.07.11-11.52.55:665][  0]LogFileCache: Scanning file cache for directory 'C:/Users/enversed/Documents/GitHub/MPS/Shooter_MP/Content/Collections/' took 0.01s
[2016.07.11-11.52.55:665][  0]LogCollectionManager: Rebuilt the GUID cache for 0 collections in 0.000002 seconds
[2016.07.11-11.52.55:670][  0]LogContentBrowser: Native class hierarchy populated in 0.0053 seconds. Added 2047 classes and 369 folders.
[2016.07.11-11.52.55:672][  0]LogStats: UGameplayTagsManager::ConstructGameplayTagTree: Construct from data asset -  0.000 s
[2016.07.11-11.52.55:673][  0]LogStats: UGameplayTagsManager::ConstructGameplayTagTree: GameplayTagTreeChangedEvent.Broadcast -  0.000 s
[2016.07.11-11.52.55:673][  0]LogContentBrowser: Native class hierarchy updated for 'GameplayTags' in 0.0003 seconds. Added 12 classes and 0 folders.
[2016.07.11-11.52.55:676][  0]LogContentBrowser: Native class hierarchy updated for 'WidgetCarousel' in 0.0002 seconds. Added 0 classes and 0 folders.
[2016.07.11-11.52.55:678][  0]LogContentBrowser: Native class hierarchy updated for 'AddContentDialog' in 0.0003 seconds. Added 0 classes and 0 folders.
[2016.07.11-11.52.55:681][  0]LogContentBrowser: Native class hierarchy updated for 'SceneOutliner' in 0.0003 seconds. Added 1 classes and 2 folders.
[2016.07.11-11.52.55:689][  0]LogCrashTracker: Crashtracker disabled due to settings.
[2016.07.11-11.52.55:692][  0]LogUObjectGlobals:Warning: Failed to find object 'Class None.'
[2016.07.11-11.52.55:716][  0]LogContentBrowser: Native class hierarchy updated for 'HierarchicalLODOutliner' in 0.0003 seconds. Added 1 classes and 2 folders.
[2016.07.11-11.52.55:716][  0]LogLoad: Full Startup: 3.56 seconds (BP compile: 0.01 seconds)
[2016.07.11-11.52.55:716][  0]LogExternalProfiler: Found external profiler: VSPerf
[2016.07.11-11.52.55:716][  0]LogExternalProfiler: Using external profiler: VSPerf
[2016.07.11-11.52.55:725][  0]LogWindowsTextInputMethodSystem:Display: IME system now deactivated.
[2016.07.11-11.52.55:725][  0]LogOcInput: OculusInput pre-init called
[2016.07.11-11.52.55:742][  0]LogContentStreaming: Texture pool size now 1000 MB
[2016.07.11-11.52.55:850][  0]LogRenderer: Reallocating scene render targets to support 1208x576 (Frame:2).
[2016.07.11-11.52.55:891][  1]LogAssetRegistry: Asset discovery search completed in 1.6935 seconds
[2016.07.11-11.52.55:891][  1]LogCollectionManager: Rebuilt the object cache for 0 collections in 0.000000 seconds (found 0 objects)
[2016.07.11-11.52.55:891][  1]LogCollectionManager: Fixed up redirectors for 0 collections in 0.000013 seconds (updated 0 objects)
[2016.07.11-11.53.04:604][ 39]LogText:Warning: Failed to parse argument "GameModeName" as a number (using "0" as a fallback). Please check your format string for errors: "GameMode: Edit {GameModeName}".
[2016.07.11-11.53.13:101][ 23]LogContentBrowser: Native class hierarchy updated for 'BlueprintGraph' in 0.0005 seconds. Added 111 classes and 0 folders.
[2016.07.11-11.54.27:524][882]LogBlueprintUserMessages: Early PlayInEditor Detection: Level '/Game/Levels/Menu.Menu:PersistentLevel' has LevelScriptBlueprint '/Game/Levels/Menu.Menu:PersistentLevel.Menu' with GeneratedClass '/Game/Levels/Menu.Menu_C' with ClassGeneratedBy '/Game/Levels/Menu.Menu:PersistentLevel.Menu'
[2016.07.11-11.54.27:525][882]LogPlayLevel: PlayLevel: No blueprints needed recompiling
[2016.07.11-11.54.27:525][882]PIE: New page: PIE session: Menu (Jul 11, 2016, 2:54:27 PM)
[2016.07.11-11.54.27:525][882]LogPlayLevel: Creating play world package: /Game/Levels/UEDPIE_0_Menu
[2016.07.11-11.54.27:526][882]LogPlayLevel: PIE: StaticDuplicateObject took: (0.001515s)
[2016.07.11-11.54.27:527][882]LogAIModule: Creating AISystem for world Menu
[2016.07.11-11.54.27:527][882]LogPlayLevel: PIE: World Init took: (0.000386s)
[2016.07.11-11.54.27:527][882]LogPlayLevel: PIE: Created PIE world by copying editor world from /Game/Levels/Menu.Menu to /Game/Levels/UEDPIE_0_Menu.Menu (0.002082s)
[2016.07.11-11.54.27:554][882]LogInit: XAudio2 using 'Speakers (3- USB Audio Device)' : 2 channels at 44.1 kHz using 16 bits per sample (channel mask 0x3)
[2016.07.11-11.54.27:559][882]LogInit: FAudioDevice initialized.
[2016.07.11-11.54.27:618][882]LogWorld: Game class is 'GameMode'
[2016.07.11-11.54.27:619][882]LogWorld: Bringing World /Game/Levels/UEDPIE_0_Menu.Menu up for play (max tick rate 0) at 2016.07.11-13.54.27
[2016.07.11-11.54.27:620][882]LogWorld: Bringing up level for play took: 0.001257
[2016.07.11-11.54.27:622][882]LogContentBrowser: Native class hierarchy updated for 'MovieSceneCapture' in 0.0003 seconds. Added 11 classes and 0 folders.
[2016.07.11-11.54.27:623][882]PIE: Info Play in editor start time for /Game/Levels/UEDPIE_0_Menu 0.757
[2016.07.11-11.54.27:623][882]LogBlueprintUserMessages: Late PlayInEditor Detection: Level '/Game/Levels/Menu.Menu:PersistentLevel' has LevelScriptBlueprint '/Game/Levels/Menu.Menu:PersistentLevel.Menu' with GeneratedClass '/Game/Levels/Menu.Menu_C' with ClassGeneratedBy '/Game/Levels/Menu.Menu:PersistentLevel.Menu'
[2016.07.11-11.54.27:642][883]LogRenderer: Reallocating scene render targets to support 1692x804 (Frame:7580).
[2016.07.11-11.54.28:993][ 45]LogBlueprintUserMessages: Early EndPlayMap Detection: Level '/Game/Levels/Menu.Menu:PersistentLevel' has LevelScriptBlueprint '/Game/Levels/Menu.Menu:PersistentLevel.Menu' with GeneratedClass '/Game/Levels/Menu.Menu_C' with ClassGeneratedBy '/Game/Levels/Menu.Menu:PersistentLevel.Menu'
[2016.07.11-11.54.29:031][ 45]LogBlueprintUserMessages: Late EndPlayMap Detection: Level '/Game/Levels/Menu.Menu:PersistentLevel' has LevelScriptBlueprint '/Game/Levels/Menu.Menu:PersistentLevel.Menu' with GeneratedClass '/Game/Levels/Menu.Menu_C' with ClassGeneratedBy '/Game/Levels/Menu.Menu:PersistentLevel.Menu'
[2016.07.11-11.55.00:737][337]BlueprintLog: New page: Compile Menu
[2016.07.11-11.55.00:793][337]BlueprintEditorCompileResults: Info [0128.64] Compile of PersistentLevel.Menu successful! [in 55 ms] (/Game/Levels/Menu.Menu:PersistentLevel.Menu)
[2016.07.11-11.55.01:690][438]Cmd: OBJ SAVEPACKAGE PACKAGE="/Game/Levels/Menu" FILE="../../../../../../Users/enversed/Documents/GitHub/MPS/Shooter_MP/Content/Levels/Menu.umap" SILENT=true AUTOSAVING=false KEEPDIRTY=false
[2016.07.11-11.55.01:774][438]LogSavePackage: Save=68.28ms
[2016.07.11-11.55.01:774][438]LogSavePackage: Moving '../../../../../../Users/enversed/Documents/GitHub/MPS/Shooter_MP/Saved/Menu040863A94E031A665A90E39BC2276604.tmp' to '../../../../../../Users/enversed/Documents/GitHub/MPS/Shooter_MP/Content/Levels/Menu.umap'
[2016.07.11-11.55.01:776][438]LogSavePackage:Display: Finished SavePackage ../../../../../../Users/enversed/Documents/GitHub/MPS/Shooter_MP/Content/Levels/Menu.umap
[2016.07.11-11.55.01:793][438]LogFileHelpers: Saving map 'Menu' took 0.129
[2016.07.11-11.56.08:662][418]BlueprintLog: New page: Compile Menu
[2016.07.11-11.56.08:715][418]BlueprintEditorCompileResults: Info [0196.56] Compile of PersistentLevel.Menu successful! [in 53 ms] (/Game/Levels/Menu.Menu:PersistentLevel.Menu)
[2016.07.11-11.56.09:309][483]Cmd: OBJ SAVEPACKAGE PACKAGE="/Game/Levels/Menu" FILE="../../../../../../Users/enversed/Documents/GitHub/MPS/Shooter_MP/Content/Levels/Menu.umap" SILENT=true AUTOSAVING=false KEEPDIRTY=false
[2016.07.11-11.56.09:392][483]LogSavePackage: Save=69.23ms
[2016.07.11-11.56.09:392][483]LogSavePackage: Moving '../../../../../../Users/enversed/Documents/GitHub/MPS/Shooter_MP/Saved/MenuA11AA42B477D33D9D1AED1AA4CDC05A4.tmp' to '../../../../../../Users/enversed/Documents/GitHub/MPS/Shooter_MP/Content/Levels/Menu.umap'
[2016.07.11-11.56.09:394][483]LogSavePackage:Display: Finished SavePackage ../../../../../../Users/enversed/Documents/GitHub/MPS/Shooter_MP/Content/Levels/Menu.umap
[2016.07.11-11.56.09:410][483]LogFileHelpers: Saving map 'Menu' took 0.128
[2016.07.11-11.57.26:810][754]Cmd: OBJ SAVEPACKAGE PACKAGE="/Game/Levels/Menu" FILE="../../../../../../Users/enversed/Documents/GitHub/MPS/Shooter_MP/Content/Levels/Menu.umap" SILENT=true AUTOSAVING=false KEEPDIRTY=false
[2016.07.11-11.57.26:894][754]LogSavePackage: Save=68.47ms
[2016.07.11-11.57.26:894][754]LogSavePackage: Moving '../../../../../../Users/enversed/Documents/GitHub/MPS/Shooter_MP/Saved/Menu3CFAA573452C128420416A9D613FD1B5.tmp' to '../../../../../../Users/enversed/Documents/GitHub/MPS/Shooter_MP/Content/Levels/Menu.umap'
[2016.07.11-11.57.26:895][754]LogSavePackage:Display: Finished SavePackage ../../../../../../Users/enversed/Documents/GitHub/MPS/Shooter_MP/Content/Levels/Menu.umap
[2016.07.11-11.57.26:915][754]LogFileHelpers: Saving map 'Menu' took 0.132
[2016.07.11-11.57.27:571][832]BlueprintLog: New page: Compile Menu
[2016.07.11-11.57.27:626][832]BlueprintEditorCompileResults: Info [0275.47] Compile of PersistentLevel.Menu successful! [in 54 ms] (/Game/Levels/Menu.Menu:PersistentLevel.Menu)
[2016.07.11-11.57.35:189][737]BlueprintLog: New page: Compile Menu
[2016.07.11-11.57.35:242][737]BlueprintEditorCompileResults: Info [0283.09] Compile of PersistentLevel.Menu successful! [in 53 ms] (/Game/Levels/Menu.Menu:PersistentLevel.Menu)
[2016.07.11-11.57.36:927][933]Cmd: OBJ SAVEPACKAGE PACKAGE="/Game/Levels/Menu" FILE="../../../../../../Users/enversed/Documents/GitHub/MPS/Shooter_MP/Content/Levels/Menu.umap" SILENT=true AUTOSAVING=false KEEPDIRTY=false
[2016.07.11-11.57.37:005][933]LogSavePackage: Save=65.70ms
[2016.07.11-11.57.37:005][933]LogSavePackage: Moving '../../../../../../Users/enversed/Documents/GitHub/MPS/Shooter_MP/Saved/Menu7B79FD5048EB3E6745366C975196D942.tmp' to '../../../../../../Users/enversed/Documents/GitHub/MPS/Shooter_MP/Content/Levels/Menu.umap'
[2016.07.11-11.57.37:006][933]LogSavePackage:Display: Finished SavePackage ../../../../../../Users/enversed/Documents/GitHub/MPS/Shooter_MP/Content/Levels/Menu.umap
[2016.07.11-11.57.37:023][933]LogFileHelpers: Saving map 'Menu' took 0.123
[2016.07.11-11.57.54:511][ 28]LogBlueprintUserMessages: Early PlayInEditor Detection: Level '/Game/Levels/Menu.Menu:PersistentLevel' has LevelScriptBlueprint '/Game/Levels/Menu.Menu:PersistentLevel.Menu' with GeneratedClass '/Game/Levels/Menu.Menu_C' with ClassGeneratedBy '/Game/Levels/Menu.Menu:PersistentLevel.Menu'
[2016.07.11-11.57.54:511][ 28]LogPlayLevel: PlayLevel: No blueprints needed recompiling
[2016.07.11-11.57.54:511][ 28]PIE: New page: PIE session: Menu (Jul 11, 2016, 2:57:54 PM)
[2016.07.11-11.57.54:511][ 28]LogPlayLevel: Creating play world package: /Game/Levels/UEDPIE_0_Menu
[2016.07.11-11.57.54:513][ 28]LogPlayLevel: PIE: StaticDuplicateObject took: (0.001404s)
[2016.07.11-11.57.54:513][ 28]LogAIModule: Creating AISystem for world Menu
[2016.07.11-11.57.54:513][ 28]LogPlayLevel: PIE: World Init took: (0.000417s)
[2016.07.11-11.57.54:513][ 28]LogPlayLevel: PIE: Created PIE world by copying editor world from /Game/Levels/Menu.Menu to /Game/Levels/UEDPIE_0_Menu.Menu (0.001964s)
[2016.07.11-11.57.54:531][ 28]LogInit: XAudio2 using 'Speakers (3- USB Audio Device)' : 2 channels at 44.1 kHz using 16 bits per sample (channel mask 0x3)
[2016.07.11-11.57.54:536][ 28]LogInit: FAudioDevice initialized.
[2016.07.11-11.57.54:580][ 28]LogWorld: Game class is 'GameMode'
[2016.07.11-11.57.54:582][ 28]LogWorld: Bringing World /Game/Levels/UEDPIE_0_Menu.Menu up for play (max tick rate 0) at 2016.07.11-13.57.54
[2016.07.11-11.57.54:582][ 28]LogWorld: Bringing up level for play took: 0.001467
[2016.07.11-11.57.54:584][ 28]PIE: Info Play in editor start time for /Game/Levels/UEDPIE_0_Menu -0.282
[2016.07.11-11.57.54:584][ 28]LogBlueprintUserMessages: Late PlayInEditor Detection: Level '/Game/Levels/Menu.Menu:PersistentLevel' has LevelScriptBlueprint '/Game/Levels/Menu.Menu:PersistentLevel.Menu' with GeneratedClass '/Game/Levels/Menu.Menu_C' with ClassGeneratedBy '/Game/Levels/Menu.Menu:PersistentLevel.Menu'
[2016.07.11-11.57.55:492][137]Cmd: Travel Menu?Listen
[2016.07.11-11.57.55:500][138]LogNet: Browse: /Game/Levels/Menu?Listen
[2016.07.11-11.57.55:500][138]LogLoad: LoadMap: /Game/Levels/Menu?Listen
[2016.07.11-11.57.55:512][138]Cmd: MEM
[2016.07.11-11.57.55:522][138]LogMemory: Platform Memory Stats for Windows
[2016.07.11-11.57.55:522][138]LogMemory: Process Physical Memory: 939.61 MB used, 944.40 MB peak
[2016.07.11-11.57.55:522][138]LogMemory: Process Virtual Memory: 1552.02 MB used, 1607.27 MB peak
[2016.07.11-11.57.55:522][138]LogMemory: Physical Memory: 5183.15 MB used, 16299.06 MB total
[2016.07.11-11.57.55:522][138]LogMemory: Virtual Memory: 2323.37 MB used, 134217728.00 MB total
[2016.07.11-11.57.55:522][138]LogMemory: 
[2016.07.11-11.57.55:522][138]Allocator Stats for TBB: (not implemented)
[2016.07.11-11.57.55:522][138]LogPlayLevel: Creating play world package: /Game/Levels/UEDPIE_0_Menu
[2016.07.11-11.57.55:524][138]LogPlayLevel: PIE: StaticDuplicateObject took: (0.001293s)
[2016.07.11-11.57.55:524][138]LogAIModule: Creating AISystem for world Menu
[2016.07.11-11.57.55:524][138]LogPlayLevel: PIE: World Init took: (0.000395s)
[2016.07.11-11.57.55:524][138]LogPlayLevel: PIE: Created PIE world by copying editor world from /Game/Levels/Menu.Menu to /Game/Levels/UEDPIE_0_Menu.Menu (0.001809s)
[2016.07.11-11.57.55:524][138]LogWorld: Game class is 'GameMode'
[2016.07.11-11.57.55:524][138]LogInit: WinSock: Socket queue 131072 / 131072
[2016.07.11-11.57.55:525][138]LogInit: WinSock: I am arcade1 (192.168.1.140:0)
[2016.07.11-11.57.55:525][138]PacketHandlerLog: Loaded PacketHandler component: Engine.EngineHandlerComponentFactory (StatelessConnectHandlerComponent)
[2016.07.11-11.57.55:525][138]LogNet: GameNetDriver IpNetDriver_0 IpNetDriver listening on port 7777
[2016.07.11-11.57.55:527][138]LogWorld: Bringing World /Game/Levels/UEDPIE_0_Menu.Menu up for play (max tick rate 0) at 2016.07.11-13.57.55
[2016.07.11-11.57.55:527][138]LogWorld: Bringing up level for play took: 0.001381
[2016.07.11-11.57.55:528][138]LogLoad: Took 0.027749 seconds to LoadMap(/Game/Levels/UEDPIE_0_Menu)
[2016.07.11-11.57.57:207][339]Cmd: Travel Menu?Listen
[2016.07.11-11.57.57:216][340]LogNet: Browse: /Game/Levels/Menu?Listen
[2016.07.11-11.57.57:216][340]LogLoad: LoadMap: /Game/Levels/Menu?Listen
[2016.07.11-11.57.57:216][340]LogNet: World NetDriver shutdown IpNetDriver_0 [GameNetDriver]
[2016.07.11-11.57.57:216][340]LogNet: DestroyNamedNetDriver IpNetDriver_0 [GameNetDriver]
[2016.07.11-11.57.57:216][340]LogExit: GameNetDriver IpNetDriver_0 shut down
[2016.07.11-11.57.57:228][340]Cmd: MEM
[2016.07.11-11.57.57:238][340]LogMemory: Platform Memory Stats for Windows
[2016.07.11-11.57.57:238][340]LogMemory: Process Physical Memory: 933.52 MB used, 944.40 MB peak
[2016.07.11-11.57.57:238][340]LogMemory: Process Virtual Memory: 1622.22 MB used, 1626.16 MB peak
[2016.07.11-11.57.57:238][340]LogMemory: Physical Memory: 5179.10 MB used, 16299.06 MB total
[2016.07.11-11.57.57:238][340]LogMemory: Virtual Memory: 2371.59 MB used, 134217728.00 MB total
[2016.07.11-11.57.57:238][340]LogMemory: 
[2016.07.11-11.57.57:238][340]Allocator Stats for TBB: (not implemented)
[2016.07.11-11.57.57:238][340]LogPlayLevel: Creating play world package: /Game/Levels/UEDPIE_0_Menu
[2016.07.11-11.57.57:240][340]LogPlayLevel: PIE: StaticDuplicateObject took: (0.001330s)
[2016.07.11-11.57.57:240][340]LogAIModule: Creating AISystem for world Menu
[2016.07.11-11.57.57:240][340]LogPlayLevel: PIE: World Init took: (0.000358s)
[2016.07.11-11.57.57:240][340]LogPlayLevel: PIE: Created PIE world by copying editor world from /Game/Levels/Menu.Menu to /Game/Levels/UEDPIE_0_Menu.Menu (0.001814s)
[2016.07.11-11.57.57:240][340]LogWorld: Game class is 'GameMode'
[2016.07.11-11.57.57:241][340]LogInit: WinSock: Socket queue 131072 / 131072
[2016.07.11-11.57.57:241][340]PacketHandlerLog: Loaded PacketHandler component: Engine.EngineHandlerComponentFactory (StatelessConnectHandlerComponent)
[2016.07.11-11.57.57:241][340]LogNet: GameNetDriver IpNetDriver_1 IpNetDriver listening on port 7777
[2016.07.11-11.57.57:242][340]LogWorld: Bringing World /Game/Levels/UEDPIE_0_Menu.Menu up for play (max tick rate 0) at 2016.07.11-13.57.57
[2016.07.11-11.57.57:242][340]LogWorld: Bringing up level for play took: 0.001363
[2016.07.11-11.57.57:243][340]LogLoad: Took 0.027551 seconds to LoadMap(/Game/Levels/UEDPIE_0_Menu)
[2016.07.11-11.57.58:709][516]Cmd: Travel Menu?Listen
[2016.07.11-11.57.58:718][517]LogNet: Browse: /Game/Levels/Menu?Listen
[2016.07.11-11.57.58:718][517]LogLoad: LoadMap: /Game/Levels/Menu?Listen
[2016.07.11-11.57.58:718][517]LogNet: World NetDriver shutdown IpNetDriver_1 [GameNetDriver]
[2016.07.11-11.57.58:718][517]LogNet: DestroyNamedNetDriver IpNetDriver_1 [GameNetDriver]
[2016.07.11-11.57.58:718][517]LogExit: GameNetDriver IpNetDriver_1 shut down
[2016.07.11-11.57.58:729][517]Cmd: MEM
[2016.07.11-11.57.58:740][517]LogMemory: Platform Memory Stats for Windows
[2016.07.11-11.57.58:740][517]LogMemory: Process Physical Memory: 934.21 MB used, 944.40 MB peak
[2016.07.11-11.57.58:740][517]LogMemory: Process Virtual Memory: 1621.22 MB used, 1626.16 MB peak
[2016.07.11-11.57.58:740][517]LogMemory: Physical Memory: 5178.73 MB used, 16299.06 MB total
[2016.07.11-11.57.58:740][517]LogMemory: Virtual Memory: 2371.59 MB used, 134217728.00 MB total
[2016.07.11-11.57.58:740][517]LogMemory: 
[2016.07.11-11.57.58:740][517]Allocator Stats for TBB: (not implemented)
[2016.07.11-11.57.58:740][517]LogPlayLevel: Creating play world package: /Game/Levels/UEDPIE_0_Menu
[2016.07.11-11.57.58:742][517]LogPlayLevel: PIE: StaticDuplicateObject took: (0.001312s)
[2016.07.11-11.57.58:742][517]LogAIModule: Creating AISystem for world Menu
[2016.07.11-11.57.58:742][517]LogPlayLevel: PIE: World Init took: (0.000367s)
[2016.07.11-11.57.58:742][517]LogPlayLevel: PIE: Created PIE world by copying editor world from /Game/Levels/Menu.Menu to /Game/Levels/UEDPIE_0_Menu.Menu (0.001804s)
[2016.07.11-11.57.58:742][517]LogWorld: Game class is 'GameMode'
[2016.07.11-11.57.58:742][517]LogInit: WinSock: Socket queue 131072 / 131072
[2016.07.11-11.57.58:743][517]PacketHandlerLog: Loaded PacketHandler component: Engine.EngineHandlerComponentFactory (StatelessConnectHandlerComponent)
[2016.07.11-11.57.58:743][517]LogNet: GameNetDriver IpNetDriver_2 IpNetDriver listening on port 7777
[2016.07.11-11.57.58:744][517]LogWorld: Bringing World /Game/Levels/UEDPIE_0_Menu.Menu up for play (max tick rate 0) at 2016.07.11-13.57.58
[2016.07.11-11.57.58:744][517]LogWorld: Bringing up level for play took: 0.001245
[2016.07.11-11.57.58:745][517]LogLoad: Took 0.027308 seconds to LoadMap(/Game/Levels/UEDPIE_0_Menu)
[2016.07.11-11.58.00:778][761]LogBlueprintUserMessages: Early EndPlayMap Detection: Level '/Game/Levels/Menu.Menu:PersistentLevel' has LevelScriptBlueprint '/Game/Levels/Menu.Menu:PersistentLevel.Menu' with GeneratedClass '/Game/Levels/Menu.Menu_C' with ClassGeneratedBy '/Game/Levels/Menu.Menu:PersistentLevel.Menu'
[2016.07.11-11.58.00:808][761]LogBlueprintUserMessages: Late EndPlayMap Detection: Level '/Game/Levels/Menu.Menu:PersistentLevel' has LevelScriptBlueprint '/Game/Levels/Menu.Menu:PersistentLevel.Menu' with GeneratedClass '/Game/Levels/Menu.Menu_C' with ClassGeneratedBy '/Game/Levels/Menu.Menu:PersistentLevel.Menu'
[2016.07.11-11.58.00:818][761]LogExit: GameNetDriver None shut down
[2016.07.11-11.58.22:376][973]BlueprintLog: New page: Compile Menu
[2016.07.11-11.58.22:429][973]BlueprintEditorCompileResults: Info [0330.27] Compile of PersistentLevel.Menu successful! [in 53 ms] (/Game/Levels/Menu.Menu:PersistentLevel.Menu)
[2016.07.11-11.58.59:210][337]BlueprintLog: New page: Compile Menu
[2016.07.11-11.58.59:264][337]BlueprintEditorCompileResults: Info [0367.11] Compile of PersistentLevel.Menu successful! [in 54 ms] (/Game/Levels/Menu.Menu:PersistentLevel.Menu)
[2016.07.11-11.58.59:944][412]Cmd: OBJ SAVEPACKAGE PACKAGE="/Game/Levels/Menu" FILE="../../../../../../Users/enversed/Documents/GitHub/MPS/Shooter_MP/Content/Levels/Menu.umap" SILENT=true AUTOSAVING=false KEEPDIRTY=false
[2016.07.11-11.59.00:027][412]LogSavePackage: Save=70.01ms
[2016.07.11-11.59.00:027][412]LogSavePackage: Moving '../../../../../../Users/enversed/Documents/GitHub/MPS/Shooter_MP/Saved/MenuF2EE77E24C59C11460E4159DAF8AE580.tmp' to '../../../../../../Users/enversed/Documents/GitHub/MPS/Shooter_MP/Content/Levels/Menu.umap'
[2016.07.11-11.59.00:029][412]LogSavePackage:Display: Finished SavePackage ../../../../../../Users/enversed/Documents/GitHub/MPS/Shooter_MP/Content/Levels/Menu.umap
[2016.07.11-11.59.00:045][412]LogFileHelpers: Saving map 'Menu' took 0.127
[2016.07.11-11.59.13:647][ 37]BlueprintLog: New page: Compile Menu
[2016.07.11-11.59.13:701][ 37]BlueprintEditorCompileResults: Info [0381.55] Compile of PersistentLevel.Menu successful! [in 54 ms] (/Game/Levels/Menu.Menu:PersistentLevel.Menu)
[2016.07.11-11.59.14:411][115]Cmd: OBJ SAVEPACKAGE PACKAGE="/Game/Levels/Menu" FILE="../../../../../../Users/enversed/Documents/GitHub/MPS/Shooter_MP/Content/Levels/Menu.umap" SILENT=true AUTOSAVING=false KEEPDIRTY=false
[2016.07.11-11.59.14:494][115]LogSavePackage: Save=69.99ms
[2016.07.11-11.59.14:494][115]LogSavePackage: Moving '../../../../../../Users/enversed/Documents/GitHub/MPS/Shooter_MP/Saved/MenuB40C59E54022BCD8DA332EB96BE81B99.tmp' to '../../../../../../Users/enversed/Documents/GitHub/MPS/Shooter_MP/Content/Levels/Menu.umap'
[2016.07.11-11.59.14:495][115]LogSavePackage:Display: Finished SavePackage ../../../../../../Users/enversed/Documents/GitHub/MPS/Shooter_MP/Content/Levels/Menu.umap
[2016.07.11-11.59.14:512][115]LogFileHelpers: Saving map 'Menu' took 0.126
[2016.07.11-11.59.18:763][617]Cmd: OBJ SAVEPACKAGE PACKAGE="/Game/Levels/Menu" FILE="../../../../../../Users/enversed/Documents/GitHub/MPS/Shooter_MP/Content/Levels/Menu.umap" SILENT=true AUTOSAVING=false KEEPDIRTY=false
[2016.07.11-11.59.18:844][617]LogSavePackage: Save=67.64ms
[2016.07.11-11.59.18:844][617]LogSavePackage: Moving '../../../../../../Users/enversed/Documents/GitHub/MPS/Shooter_MP/Saved/MenuF63188A042300A2F1570F3B371D07B4F.tmp' to '../../../../../../Users/enversed/Documents/GitHub/MPS/Shooter_MP/Content/Levels/Menu.umap'
[2016.07.11-11.59.18:845][617]LogSavePackage:Display: Finished SavePackage ../../../../../../Users/enversed/Documents/GitHub/MPS/Shooter_MP/Content/Levels/Menu.umap
[2016.07.11-11.59.18:864][617]LogFileHelpers: Saving map 'Menu' took 0.129
[2016.07.11-11.59.19:635][708]BlueprintLog: New page: Compile Menu
[2016.07.11-11.59.19:690][708]BlueprintEditorCompileResults: Info [0387.54] Compile of PersistentLevel.Menu successful! [in 54 ms] (/Game/Levels/Menu.Menu:PersistentLevel.Menu)
[2016.07.11-11.59.23:284][129]LogWindowsTextInputMethodSystem:Display: IME system now deactivated.
[2016.07.11-11.59.23:430][130]Cmd: QUIT_EDITOR
[2016.07.11-11.59.23:889][130]LogExit: Preparing to exit.
[2016.07.11-11.59.25:000][130]LogExit: Editor shut down
[2016.07.11-11.59.25:000][130]LogExit: Transaction tracking system shut down
[2016.07.11-11.59.25:086][130]LogObj: Freed 0b from 0 cluster array pools.
[2016.07.11-11.59.25:087][130]LogExit: Object subsystem successfully closed.
[2016.07.11-11.59.25:102][130]LogD3D11RHI: Shutdown
[2016.07.11-11.59.25:102][130]LogD3D11RHI: CleanupD3DDevice
[2016.07.11-11.59.25:133][130]LogD3D11RHI: ~FD3D11DynamicRHI
[2016.07.11-11.59.25:141][130]LogModuleManager: Shutting down and abandoning module MovieSceneCapture (216)
[2016.07.11-11.59.25:141][130]LogModuleManager: Shutting down and abandoning module ExternalImagePicker (215)
[2016.07.11-11.59.25:141][130]LogModuleManager: Shutting down and abandoning module BlueprintGraph (214)
[2016.07.11-11.59.25:141][130]LogModuleManager: Shutting down and abandoning module HierarchicalLODOutliner (213)
[2016.07.11-11.59.25:141][130]LogModuleManager: Shutting down and abandoning module CrashTracker (212)
[2016.07.11-11.59.25:141][130]LogModuleManager: Shutting down and abandoning module SceneOutliner (211)
[2016.07.11-11.59.25:141][130]LogModuleManager: Shutting down and abandoning module WidgetCarousel (210)
[2016.07.11-11.59.25:141][130]LogModuleManager: Shutting down and abandoning module AddContentDialog (209)
[2016.07.11-11.59.25:141][130]LogModuleManager: Shutting down and abandoning module GameplayTags (208)
[2016.07.11-11.59.25:141][130]LogModuleManager: Shutting down and abandoning module EditorWidgets (207)
[2016.07.11-11.59.25:141][130]LogModuleManager: Shutting down and abandoning module CollectionManager (206)
[2016.07.11-11.59.25:141][130]LogModuleManager: Shutting down and abandoning module StatsViewer (205)
[2016.07.11-11.59.25:141][130]LogModuleManager: Shutting down and abandoning module FoliageEdit (204)
[2016.07.11-11.59.25:141][130]LogModuleManager: Shutting down and abandoning module LandscapeEditor (203)
[2016.07.11-11.59.25:142][130]LogModuleManager: Shutting down and abandoning module SceneDepthPickerMode (202)
[2016.07.11-11.59.25:142][130]LogModuleManager: Shutting down and abandoning module ActorPickerMode (201)
[2016.07.11-11.59.25:142][130]LogModuleManager: Shutting down and abandoning module GeometryMode (200)
[2016.07.11-11.59.25:142][130]LogModuleManager: Shutting down and abandoning module TextureAlignMode (199)
[2016.07.11-11.59.25:142][130]LogModuleManager: Shutting down and abandoning module BspMode (198)
[2016.07.11-11.59.25:142][130]LogModuleManager: Shutting down and abandoning module HardwareSurvey (197)
[2016.07.11-11.59.25:142][130]LogModuleManager: Shutting down and abandoning module SequenceRecorderSections (196)
[2016.07.11-11.59.25:142][130]LogModuleManager: Shutting down and abandoning module SequenceRecorder (195)
[2016.07.11-11.59.25:142][130]LogModuleManager: Shutting down and abandoning module AutomationWorker (194)
[2016.07.11-11.59.25:142][130]LogModuleManager: Shutting down and abandoning module MatineeToLevelSequence (193)
[2016.07.11-11.59.25:142][130]LogModuleManager: Shutting down and abandoning module PlacementMode (192)
[2016.07.11-11.59.25:142][130]LogModuleManager: Shutting down and abandoning module LevelSequenceEditor (191)
[2016.07.11-11.59.25:142][130]LogModuleManager: Shutting down and abandoning module CharacterAI (190)
[2016.07.11-11.59.25:142][130]LogModuleManager: Shutting down and abandoning module SmartSnapping (189)
[2016.07.11-11.59.25:142][130]LogModuleManager: Shutting down and abandoning module SessionServices (188)
[2016.07.11-11.59.25:142][130]LogModuleManager: Shutting down and abandoning module ViewportSnapping (187)
[2016.07.11-11.59.25:142][130]LogModuleManager: Shutting down and abandoning module LogVisualizer (186)
[2016.07.11-11.59.25:142][130]LogModuleManager: Shutting down and abandoning module GameProjectGeneration (185)
[2016.07.11-11.59.25:142][130]LogModuleManager: Shutting down and abandoning module IntroTutorials (184)
[2016.07.11-11.59.25:142][130]LogModuleManager: Shutting down and abandoning module EditorLiveStreaming (183)
[2016.07.11-11.59.25:142][130]LogModuleManager: Shutting down and abandoning module IOSPlatformEditor (182)
[2016.07.11-11.59.25:142][130]LogModuleManager: Shutting down and abandoning module HTML5PlatformEditor (181)
[2016.07.11-11.59.25:142][130]LogModuleManager: Shutting down and abandoning module AndroidDeviceDetection (180)
[2016.07.11-11.59.25:424][130]LogModuleManager: Shutting down and abandoning module AndroidPlatformEditor (179)
[2016.07.11-11.59.25:424][130]LogModuleManager: Shutting down and abandoning module IOSRuntimeSettings (178)
[2016.07.11-11.59.25:424][130]LogModuleManager: Shutting down and abandoning module AndroidRuntimeSettings (177)
[2016.07.11-11.59.25:424][130]LogModuleManager: Shutting down and abandoning module MergeActors (176)
[2016.07.11-11.59.25:424][130]LogModuleManager: Shutting down and abandoning module SizeMap (175)
[2016.07.11-11.59.25:424][130]LogModuleManager: Shutting down and abandoning module TreeMap (174)
[2016.07.11-11.59.25:424][130]LogModuleManager: Shutting down and abandoning module ReferenceViewer (173)
[2016.07.11-11.59.25:424][130]LogModuleManager: Shutting down and abandoning module LocalizationService (172)
[2016.07.11-11.59.25:424][130]LogModuleManager: Shutting down and abandoning module LocalizationDashboard (171)
[2016.07.11-11.59.25:424][130]LogModuleManager: Shutting down and abandoning module HardwareTargeting (170)
[2016.07.11-11.59.25:424][130]LogModuleManager: Shutting down and abandoning module DeviceProfileEditor (169)
[2016.07.11-11.59.25:424][130]LogModuleManager: Shutting down and abandoning module UndoHistory (168)
[2016.07.11-11.59.25:424][130]LogModuleManager: Shutting down and abandoning module UserFeedback (167)
[2016.07.11-11.59.25:424][130]LogModuleManager: Shutting down and abandoning module XmlParser (166)
[2016.07.11-11.59.25:424][130]LogModuleManager: Shutting down and abandoning module Blutility (165)
[2016.07.11-11.59.25:424][130]LogModuleManager: Shutting down and abandoning module ProjectTargetPlatformEditor (164)
[2016.07.11-11.59.25:424][130]LogModuleManager: Shutting down and abandoning module ProjectSettingsViewer (163)
[2016.07.11-11.59.25:424][130]LogModuleManager: Shutting down and abandoning module InputBindingEditor (162)
[2016.07.11-11.59.25:424][130]LogModuleManager: Shutting down and abandoning module EditorSettingsViewer (161)
[2016.07.11-11.59.25:424][130]LogModuleManager: Shutting down and abandoning module SettingsEditor (160)
[2016.07.11-11.59.25:424][130]LogModuleManager: Shutting down and abandoning module ProjectLauncher (159)
[2016.07.11-11.59.25:424][130]LogModuleManager: Shutting down and abandoning module SessionFrontend (158)
[2016.07.11-11.59.25:424][130]LogModuleManager: Shutting down and abandoning module ProfilerClient (157)
[2016.07.11-11.59.25:424][130]LogModuleManager: Shutting down and abandoning module TargetDeviceServices (156)
[2016.07.11-11.59.25:424][130]LogModuleManager: Shutting down and abandoning module DeviceManager (155)
[2016.07.11-11.59.25:465][130]LogModuleManager: Shutting down and abandoning module AutomationController (154)
[2016.07.11-11.59.25:465][130]LogModuleManager: Shutting down and abandoning module AutomationWindow (153)
[2016.07.11-11.59.25:465][130]LogModuleManager: Shutting down and abandoning module Layers (152)
[2016.07.11-11.59.25:465][130]LogModuleManager: Shutting down and abandoning module ComponentVisualizers (151)
[2016.07.11-11.59.25:465][130]LogModuleManager: Shutting down and abandoning module DetailCustomizations (150)
[2016.07.11-11.59.25:465][130]LogModuleManager: Shutting down and abandoning module PackagesDialog (149)
[2016.07.11-11.59.25:465][130]LogModuleManager: Shutting down and abandoning module Persona (148)
[2016.07.11-11.59.25:465][130]LogModuleManager: Shutting down and abandoning module Kismet (147)
[2016.07.11-11.59.25:465][130]LogModuleManager: Shutting down and abandoning module GraphEditor (146)
[2016.07.11-11.59.25:465][130]LogModuleManager: Shutting down and abandoning module ClassViewer (145)
[2016.07.11-11.59.25:466][130]LogModuleManager: Shutting down and abandoning module Toolbox (144)
[2016.07.11-11.59.25:466][130]LogModuleManager: Shutting down and abandoning module ModuleUI (143)
[2016.07.11-11.59.25:466][130]LogModuleManager: Shutting down and abandoning module MovieSceneTools (142)
[2016.07.11-11.59.25:466][130]LogModuleManager: Shutting down and abandoning module OutputLog (141)
[2016.07.11-11.59.25:466][130]LogModuleManager: Shutting down and abandoning module GammaUI (140)
[2016.07.11-11.59.25:466][130]LogModuleManager: Shutting down and abandoning module Documentation (139)
[2016.07.11-11.59.25:466][130]LogModuleManager: Shutting down and abandoning module StreamingPauseRendering (138)
[2016.07.11-11.59.25:466][130]LogModuleManager: Shutting down and abandoning module AnalyticsET (137)
[2016.07.11-11.59.25:466][130]LogModuleManager: Shutting down and abandoning module Analytics (136)
[2016.07.11-11.59.25:466][130]LogModuleManager: Shutting down and abandoning module PortalServices (135)
[2016.07.11-11.59.25:466][130]LogModuleManager: Shutting down and abandoning module PortalRpc (134)
[2016.07.11-11.59.25:466][130]LogModuleManager: Shutting down and abandoning module MessagingRpc (133)
[2016.07.11-11.59.25:466][130]LogModuleManager: Shutting down and abandoning module GameplayDebugger (132)
[2016.07.11-11.59.25:466][130]LogModuleManager: Shutting down and abandoning module AITestSuite (131)
[2016.07.11-11.59.25:466][130]LogModuleManager: Shutting down and abandoning module AIModule (130)
[2016.07.11-11.59.25:466][130]LogModuleManager: Shutting down and abandoning module ProfilerService (129)
[2016.07.11-11.59.25:599][130]LogModuleManager: Shutting down and abandoning module TaskGraph (128)
[2016.07.11-11.59.25:599][130]LogModuleManager: Shutting down and abandoning module SlateRemote (127)
[2016.07.11-11.59.25:599][130]LogModuleManager: Shutting down and abandoning module SteamVRController (126)
[2016.07.11-11.59.25:599][130]LogModuleManager: Shutting down and abandoning module SteamVR (125)
[2016.07.11-11.59.25:599][130]LogModuleManager: Shutting down and abandoning module ProceduralMeshComponent (124)
[2016.07.11-11.59.25:599][130]LogModuleManager: Shutting down and abandoning module OculusLibrary (123)
[2016.07.11-11.59.25:599][130]LogModuleManager: Shutting down and abandoning module OculusInput (122)
[2016.07.11-11.59.25:599][130]LogModuleManager: Shutting down and abandoning module CustomMeshComponent (121)
[2016.07.11-11.59.25:599][130]LogModuleManager: Shutting down and abandoning module CableComponent (120)
[2016.07.11-11.59.25:599][130]LogModuleManager: Shutting down and abandoning module ArchVisCharacter (119)
[2016.07.11-11.59.25:599][130]LogModuleManager: Shutting down and abandoning module MediaPlayerEditor (118)
[2016.07.11-11.59.25:599][130]LogModuleManager: Shutting down and abandoning module HTML5Networking (117)
[2016.07.11-11.59.25:599][130]LogModuleManager: Shutting down and abandoning module SuperSearch (116)
[2016.07.11-11.59.25:599][130]LogModuleManager: Shutting down and abandoning module SuperSearchEditor (115)
[2016.07.11-11.59.25:599][130]LogModuleManager: Shutting down and abandoning module SpeedTreeImporter (114)
[2016.07.11-11.59.25:599][130]LogModuleManager: Shutting down and abandoning module PluginBrowser (113)
[2016.07.11-11.59.25:599][130]LogModuleManager: Shutting down and abandoning module EpicSurvey (112)
[2016.07.11-11.59.25:599][130]LogModuleManager: Shutting down and abandoning module DesktopPlatform (111)
[2016.07.11-11.59.25:599][130]LogModuleManager: Shutting down and abandoning module VisualStudioSourceCodeAccess (110)
[2016.07.11-11.59.25:599][130]LogModuleManager: Shutting down and abandoning module UObjectPlugin (109)
[2016.07.11-11.59.25:599][130]LogModuleManager: Shutting down and abandoning module SubversionSourceControl (108)
[2016.07.11-11.59.25:599][130]LogModuleManager: Shutting down and abandoning module PerforceSourceControl (107)
[2016.07.11-11.59.25:599][130]LogModuleManager: Shutting down and abandoning module SourceControl (106)
[2016.07.11-11.59.25:599][130]LogModuleManager: Shutting down and abandoning module GitSourceControl (105)
[2016.07.11-11.59.25:599][130]LogModuleManager: Shutting down and abandoning module LightPropagationVolumeEditor (104)
[2016.07.11-11.59.25:599][130]LogModuleManager: Shutting down and abandoning module PaperTiledImporter (103)
[2016.07.11-11.59.25:599][130]LogModuleManager: Shutting down and abandoning module PaperSpriteSheetImporter (102)
[2016.07.11-11.59.25:599][130]LogModuleManager: Shutting down and abandoning module MeshPaint (101)
[2016.07.11-11.59.25:599][130]LogModuleManager: Shutting down and abandoning module PixelInspectorModule (100)
[2016.07.11-11.59.25:599][130]LogModuleManager: Shutting down and abandoning module HotReload (99)
[2016.07.11-11.59.25:600][130]LogModuleManager: Shutting down and abandoning module MainFrame (98)
[2016.07.11-11.59.25:600][130]LogModuleManager: Shutting down and abandoning module LevelEditor (97)
[2016.07.11-11.59.25:600][130]LogModuleManager: Shutting down and abandoning module ContentBrowser (96)
[2016.07.11-11.59.25:600][130]LogModuleManager: Shutting down and abandoning module Paper2DEditor (95)
[2016.07.11-11.59.25:600][130]LogModuleManager: Shutting down and abandoning module UdpMessaging (94)
[2016.07.11-11.59.25:701][130]LogModuleManager: Shutting down and abandoning module LightPropagationVolumeRuntime (93)
[2016.07.11-11.59.25:701][130]LogModuleManager: Shutting down and abandoning module Paper2D (92)
[2016.07.11-11.59.25:701][130]LogModuleManager: Shutting down and abandoning module WindowsMoviePlayer (91)
[2016.07.11-11.59.25:701][130]LogModuleManager: Shutting down and abandoning module Media (90)
[2016.07.11-11.59.25:701][130]LogModuleManager: Shutting down and abandoning module WmfMedia (89)
[2016.07.11-11.59.25:701][130]LogModuleManager: Shutting down and abandoning module MediaAssets (88)
[2016.07.11-11.59.25:701][130]LogModuleManager: Shutting down and abandoning module GameLiveStreaming (87)
[2016.07.11-11.59.25:701][130]LogModuleManager: Shutting down and abandoning module GameplayTagsEditor (86)
[2016.07.11-11.59.25:701][130]LogModuleManager: Shutting down and abandoning module OnlineBlueprintSupport (85)
[2016.07.11-11.59.25:701][130]LogModuleManager: Shutting down and abandoning module VREditor (84)
[2016.07.11-11.59.25:701][130]LogModuleManager: Shutting down and abandoning module GameplayTasksEditor (83)
[2016.07.11-11.59.25:701][130]LogModuleManager: Shutting down and abandoning module PropertyEditor (82)
[2016.07.11-11.59.25:701][130]LogModuleManager: Shutting down and abandoning module BehaviorTreeEditor (81)
[2016.07.11-11.59.25:701][130]LogModuleManager: Shutting down and abandoning module FunctionalTesting (80)
[2016.07.11-11.59.25:701][130]LogModuleManager: Shutting down and abandoning module CollisionAnalyzer (79)
[2016.07.11-11.59.25:701][130]LogModuleManager: Shutting down and abandoning module Sequencer (78)
[2016.07.11-11.59.25:701][130]LogModuleManager: Shutting down and abandoning module WorkspaceMenuStructure (77)
[2016.07.11-11.59.25:701][130]LogModuleManager: Shutting down and abandoning module MessageLog (76)
[2016.07.11-11.59.25:701][130]LogModuleManager: Shutting down and abandoning module AssetTools (75)
[2016.07.11-11.59.25:702][130]LogModuleManager: Shutting down and abandoning module UMGEditor (74)
[2016.07.11-11.59.25:702][130]LogModuleManager: Shutting down and abandoning module UMG (73)
[2016.07.11-11.59.25:702][130]LogModuleManager: Shutting down and abandoning module SlateReflector (72)
[2016.07.11-11.59.25:702][130]LogModuleManager: Shutting down and abandoning module Slate (71)
[2016.07.11-11.59.25:702][130]LogModuleManager: Shutting down and abandoning module EditorStyle (70)
[2016.07.11-11.59.25:703][130]LogModuleManager: Shutting down and abandoning module SourceCodeAccess (69)
[2016.07.11-11.59.25:703][130]LogModuleManager: Shutting down and abandoning module HeadMountedDisplay (68)
[2016.07.11-11.59.25:703][130]LogModuleManager: Shutting down and abandoning module XAudio2 (67)
[2016.07.11-11.59.25:703][130]LogModuleManager: Shutting down and abandoning module Networking (65)
[2016.07.11-11.59.25:703][130]LogModuleManager: Shutting down and abandoning module Core (64)
[2016.07.11-11.59.25:703][130]LogModuleManager: Shutting down and abandoning module DirectoryWatcher (63)
[2016.07.11-11.59.25:704][130]LogModuleManager: Shutting down and abandoning module AssetRegistry (62)
[2016.07.11-11.59.25:840][130]LogModuleManager: Shutting down and abandoning module KismetCompiler (61)
[2016.07.11-11.59.25:840][130]LogModuleManager: Shutting down and abandoning module PhysXFormats (60)
[2016.07.11-11.59.25:840][130]LogModuleManager: Shutting down and abandoning module MeshUtilities (59)
[2016.07.11-11.59.25:840][130]LogModuleManager: Shutting down and abandoning module DerivedDataCache (58)
[2016.07.11-11.59.25:841][130]LogDerivedDataCache: Shutdown
[2016.07.11-11.59.25:841][130]LogModuleManager: Shutting down and abandoning module VulkanShaderFormat (57)
[2016.07.11-11.59.25:841][130]LogModuleManager: Shutting down and abandoning module ShaderFormatOpenGL (56)
[2016.07.11-11.59.25:841][130]LogModuleManager: Shutting down and abandoning module ShaderFormatD3D (55)
[2016.07.11-11.59.25:841][130]LogModuleManager: Shutting down and abandoning module MetalShaderFormat (54)
[2016.07.11-11.59.25:841][130]LogModuleManager: Shutting down and abandoning module TextureFormatUncompressed (53)
[2016.07.11-11.59.25:841][130]LogModuleManager: Shutting down and abandoning module TextureFormatPVR (52)
[2016.07.11-11.59.25:841][130]LogModuleManager: Shutting down and abandoning module TextureFormatIntelISPCTexComp (51)
[2016.07.11-11.59.25:841][130]LogModuleManager: Shutting down and abandoning module TextureFormatDXT (50)
[2016.07.11-11.59.25:841][130]LogModuleManager: Shutting down and abandoning module ImageWrapper (49)
[2016.07.11-11.59.25:841][130]LogModuleManager: Shutting down and abandoning module TextureFormatASTC (48)
[2016.07.11-11.59.25:842][130]LogModuleManager: Shutting down and abandoning module TextureFormatAndroid (47)
[2016.07.11-11.59.25:842][130]LogModuleManager: Shutting down and abandoning module AudioFormatOpus (46)
[2016.07.11-11.59.25:842][130]LogModuleManager: Shutting down and abandoning module AudioFormatOgg (45)
[2016.07.11-11.59.25:842][130]LogModuleManager: Shutting down and abandoning module AudioFormatADPCM (44)
[2016.07.11-11.59.25:842][130]LogModuleManager: Shutting down and abandoning module LinuxTargetPlatform (43)
[2016.07.11-11.59.25:842][130]LogModuleManager: Shutting down and abandoning module LinuxServerTargetPlatform (42)
[2016.07.11-11.59.25:842][130]LogModuleManager: Shutting down and abandoning module LinuxNoEditorTargetPlatform (41)
[2016.07.11-11.59.25:842][130]LogModuleManager: Shutting down and abandoning module TVOSTargetPlatform (40)
[2016.07.11-11.59.25:842][130]LogModuleManager: Shutting down and abandoning module Messaging (39)
[2016.07.11-11.59.25:842][130]LogModuleManager: Shutting down and abandoning module IOSTargetPlatform (38)
[2016.07.11-11.59.25:842][130]LogModuleManager: Shutting down and abandoning module HTML5TargetPlatform (37)
[2016.07.11-11.59.25:842][130]LogModuleManager: Shutting down and abandoning module Android_PVRTCTargetPlatform (36)
[2016.07.11-11.59.25:842][130]LogModuleManager: Shutting down and abandoning module Android_MultiTargetPlatform (35)
[2016.07.11-11.59.25:842][130]LogModuleManager: Shutting down and abandoning module Android_ETC2TargetPlatform (34)
[2016.07.11-11.59.25:842][130]LogModuleManager: Shutting down and abandoning module Android_ETC1TargetPlatform (33)
[2016.07.11-11.59.25:842][130]LogModuleManager: Shutting down and abandoning module Android_DXTTargetPlatform (32)
[2016.07.11-11.59.25:842][130]LogModuleManager: Shutting down and abandoning module Android_ATCTargetPlatform (31)
[2016.07.11-11.59.25:842][130]LogModuleManager: Shutting down and abandoning module Android_ASTCTargetPlatform (30)
[2016.07.11-11.59.25:842][130]LogModuleManager: Shutting down and abandoning module AndroidTargetPlatform (29)
[2016.07.11-11.59.25:842][130]LogModuleManager: Shutting down and abandoning module WindowsTargetPlatform (28)
[2016.07.11-11.59.25:842][130]LogModuleManager: Shutting down and abandoning module WindowsServerTargetPlatform (27)
[2016.07.11-11.59.25:842][130]LogModuleManager: Shutting down and abandoning module WindowsNoEditorTargetPlatform (26)
[2016.07.11-11.59.25:842][130]LogModuleManager: Shutting down and abandoning module WindowsClientTargetPlatform (25)
[2016.07.11-11.59.25:842][130]LogModuleManager: Shutting down and abandoning module AllDesktopTargetPlatform (24)
[2016.07.11-11.59.25:842][130]LogModuleManager: Shutting down and abandoning module TargetPlatform (23)
[2016.07.11-11.59.25:842][130]LogModuleManager: Shutting down and abandoning module InputCore (22)
[2016.07.11-11.59.25:842][130]LogModuleManager: Shutting down and abandoning module Settings (21)
[2016.07.11-11.59.25:842][130]LogModuleManager: Shutting down and abandoning module OnlineSubsystem (19)
[2016.07.11-11.59.25:842][130]LogModuleManager: Shutting down and abandoning module HTTP (18)
[2016.07.11-11.59.27:343][130]LogModuleManager: Shutting down and abandoning module XMPP (17)
[2016.07.11-11.59.27:343][130]LogModuleManager: Shutting down and abandoning module OculusRift (16)
[2016.07.11-11.59.27:343][130]LogModuleManager: Shutting down and abandoning module ExampleDeviceProfileSelector (15)
[2016.07.11-11.59.27:343][130]LogModuleManager: Shutting down and abandoning module TextureCompressor (14)
[2016.07.11-11.59.27:343][130]LogModuleManager: Shutting down and abandoning module ShaderCore (13)
[2016.07.11-11.59.27:343][130]LogModuleManager: Shutting down and abandoning module Landscape (12)
[2016.07.11-11.59.27:343][130]LogModuleManager: Shutting down and abandoning module SlateRHIRenderer (11)
[2016.07.11-11.59.27:344][130]LogModuleManager: Shutting down and abandoning module OpenGLDrv (10)
[2016.07.11-11.59.27:344][130]LogModuleManager: Shutting down and abandoning module D3D11RHI (9)
[2016.07.11-11.59.27:344][130]LogModuleManager: Shutting down and abandoning module AnimGraphRuntime (8)
[2016.07.11-11.59.27:344][130]LogModuleManager: Shutting down and abandoning module Renderer (7)
[2016.07.11-11.59.27:344][130]LogModuleManager: Shutting down and abandoning module Engine (6)
[2016.07.11-11.59.27:344][130]LogModuleManager: Shutting down and abandoning module CoreUObject (5)
[2016.07.11-11.59.27:344][130]LogModuleManager: Shutting down and abandoning module NetworkFile (4)
[2016.07.11-11.59.27:344][130]LogModuleManager: Shutting down and abandoning module StreamingFile (3)
[2016.07.11-11.59.27:344][130]LogModuleManager: Shutting down and abandoning module SandboxFile (2)
[2016.07.11-11.59.27:344][130]LogModuleManager: Shutting down and abandoning module PakFile (1)
[2016.07.11-11.59.27:345][130]LogExit: Exiting.
[2016.07.11-11.59.27:346][130]Log file closed, 07/11/16 13:59:27
